 open ../../species//Si.xml
 
Info(writegeom):
 EXCITING lattice vectors and atomic positions written to geometry.xml
:INFO :  Reduction   0.0000 Expected   1.0000 Next   0.1644 All      INF
:INFO :  Bounds         0.000D+00  0.200D+00  0.608D+00  0.000D+00
:DIRM :  MEMORY 1/8 RESCALE  1.000 RED  0.000 PRED  1.000 NEXT  0.164
 DMIX IN MSEC1: 0.100000001490116119
:INFO :  Reduction   0.0000 Expected   1.0000 Next   0.1245 All      INF
:INFO :  Bounds         0.000D+00  0.200D+00  0.803D+00  0.000D+00
:DIRM :  MEMORY 2/8 RESCALE  1.000 RED  0.000 PRED  1.000 NEXT  0.125
 DMIX IN MSEC1: 0.100000001490116119
:INFO :  Reduction   0.0000 Expected   1.0000 Next   0.1406 All      INF
:INFO :  Bounds         0.000D+00  0.200D+00  0.711D+00  0.000D+00
:DIRM :  MEMORY 3/8 RESCALE  1.000 RED  0.000 PRED  1.000 NEXT  0.141
 DMIX IN MSEC1: 0.100000001490116119
:INFO :  Reduction   0.0000 Expected   1.0000 Next   0.1057 All      INF
:INFO :  Bounds         0.000D+00  0.200D+00  0.946D+00  0.000D+00
:DIRM :  MEMORY 4/8 RESCALE  1.000 RED  0.000 PRED  1.000 NEXT  0.106
 DMIX IN MSEC1: 0.100000001490116119
:INFO :  Reduction   0.0000 Expected   1.0000 Next   0.1606 All      INF
:INFO :  Bounds         0.000D+00  0.200D+00  0.623D+00  0.000D+00
:DIRM :  MEMORY 5/8 RESCALE  1.000 RED  0.000 PRED  1.000 NEXT  0.161
 DMIX IN MSEC1: 0.100000001490116119
:INFO :  Reduction   0.0000 Expected   1.0000 Next   0.1124 All      INF
:INFO :  Bounds         0.000D+00  0.200D+00  0.889D+00  0.000D+00
:DIRM :  MEMORY 6/8 RESCALE  1.000 RED  0.000 PRED  1.000 NEXT  0.112
 DMIX IN MSEC1: 0.100000001490116119
