 -0.2975681920E-03   0.000000000    
 -0.2945925101E-03   0.000000000    
 -0.2916168282E-03   0.000000000    
 -0.2886411462E-03   0.000000000    
 -0.2856654643E-03   0.000000000    
 -0.2826897824E-03   0.000000000    
 -0.2797141005E-03   0.000000000    
 -0.2767384186E-03   0.000000000    
 -0.2737627366E-03   0.000000000    
 -0.2707870547E-03   0.000000000    
 -0.2678113728E-03   0.000000000    
 -0.2648356909E-03   0.000000000    
 -0.2618600090E-03   0.000000000    
 -0.2588843270E-03   0.000000000    
 -0.2559086451E-03   0.000000000    
 -0.2529329632E-03   0.000000000    
 -0.2499572813E-03   0.000000000    
 -0.2469815994E-03   0.000000000    
 -0.2440059174E-03   0.000000000    
 -0.2410302355E-03   0.000000000    
 -0.2380545536E-03   0.000000000    
 -0.2350788717E-03   0.000000000    
 -0.2321031898E-03   0.000000000    
 -0.2291275078E-03   0.000000000    
 -0.2261518259E-03   0.000000000    
 -0.2231761440E-03   0.000000000    
 -0.2202004621E-03   0.000000000    
 -0.2172247802E-03   0.000000000    
 -0.2142490982E-03   0.000000000    
 -0.2112734163E-03   0.000000000    
 -0.2082977344E-03   0.000000000    
 -0.2053220525E-03   0.000000000    
 -0.2023463706E-03   0.000000000    
 -0.1993706886E-03   0.000000000    
 -0.1963950067E-03   0.000000000    
 -0.1934193248E-03   0.000000000    
 -0.1904436429E-03   0.000000000    
 -0.1874679610E-03   0.000000000    
 -0.1844922790E-03   0.000000000    
 -0.1815165971E-03   0.000000000    
 -0.1785409152E-03   0.000000000    
 -0.1755652333E-03   0.000000000    
 -0.1725895514E-03   0.000000000    
 -0.1696138694E-03   0.000000000    
 -0.1666381875E-03   0.000000000    
 -0.1636625056E-03   0.000000000    
 -0.1606868237E-03   0.000000000    
 -0.1577111418E-03   0.000000000    
 -0.1547354598E-03   0.000000000    
 -0.1517597779E-03   0.000000000    
 -0.1487840960E-03   0.000000000    
 -0.1458084141E-03   0.000000000    
 -0.1428327322E-03   0.000000000    
 -0.1398570502E-03   0.000000000    
 -0.1368813683E-03   0.000000000    
 -0.1339056864E-03   0.000000000    
 -0.1309300045E-03   0.000000000    
 -0.1279543226E-03   0.000000000    
 -0.1249786406E-03   0.000000000    
 -0.1220029587E-03   0.000000000    
 -0.1190272768E-03   0.000000000    
 -0.1160515949E-03   0.000000000    
 -0.1130759130E-03   0.000000000    
 -0.1101002310E-03   0.000000000    
 -0.1071245491E-03   0.000000000    
 -0.1041488672E-03   0.000000000    
 -0.1011731853E-03   0.000000000    
 -0.9819750336E-04   0.000000000    
 -0.9522182144E-04   0.000000000    
 -0.9224613952E-04   0.000000000    
 -0.8927045760E-04   0.000000000    
 -0.8629477568E-04   0.000000000    
 -0.8331909376E-04   0.000000000    
 -0.8034341184E-04   0.000000000    
 -0.7736772992E-04   0.000000000    
 -0.7439204800E-04   0.000000000    
 -0.7141636608E-04   0.000000000    
 -0.6844068416E-04   0.000000000    
 -0.6546500224E-04   0.000000000    
 -0.6248932032E-04   0.000000000    
 -0.5951363840E-04   0.000000000    
 -0.5653795648E-04   0.000000000    
 -0.5356227456E-04   0.000000000    
 -0.5058659264E-04   0.000000000    
 -0.4761091072E-04   0.000000000    
 -0.4463522880E-04   0.000000000    
 -0.4165954688E-04   0.000000000    
 -0.3868386496E-04   0.000000000    
 -0.3570818304E-04   0.000000000    
 -0.3273250112E-04   0.000000000    
 -0.2975681920E-04   0.000000000    
 -0.2678113728E-04   0.000000000    
 -0.2380545536E-04   0.000000000    
 -0.2082977344E-04   0.000000000    
 -0.1785409152E-04   0.000000000    
 -0.1487840960E-04   0.000000000    
 -0.1190272768E-04  0.2021714744E-04
 -0.8927045760E-05  0.9212377403E-05
 -0.5951363840E-05   0.000000000    
 -0.2975681920E-05   0.000000000    
   0.000000000      0.3497252188E-04
  0.2975681920E-05   0.000000000    
  0.5951363840E-05  0.5435768010E-04
  0.8927045760E-05  0.2905018041E-05
  0.1190272768E-04  0.8583846675E-04
  0.1487840960E-04  0.8660420798E-04
  0.1785409152E-04  0.3845533196E-04
  0.2082977344E-04  0.1242903913E-03
  0.2380545536E-04  0.3190378618E-03
  0.2678113728E-04  0.3644246184E-04
  0.2975681920E-04  0.5770580623E-03
  0.3273250112E-04  0.2490343872E-03
  0.3570818304E-04  0.3489939491E-03
  0.3868386496E-04  0.5040392439E-03
  0.4165954688E-04  0.8501173230E-03
  0.4463522880E-04  0.9502421528E-03
  0.4761091072E-04  0.5823661370E-03
  0.5058659264E-04  0.6301017658E-03
  0.5356227456E-04  0.1711115211E-02
  0.5653795648E-04  0.1464443153E-02
  0.5951363840E-04  0.1489785475E-02
  0.6248932032E-04  0.1645297803E-02
  0.6546500224E-04  0.1879885485E-02
  0.6844068416E-04  0.2250708225E-02
  0.7141636608E-04  0.2550232228E-02
  0.7439204800E-04  0.2667542023E-02
  0.7736772992E-04  0.2483536892E-02
  0.8034341184E-04  0.2655438239E-02
  0.8331909376E-04  0.3773290890E-02
  0.8629477568E-04  0.4142614623E-02
  0.8927045760E-04  0.4479078420E-02
  0.9224613952E-04  0.3886914399E-02
  0.9522182144E-04  0.4523632580E-02
  0.9819750336E-04  0.5463099044E-02
  0.1011731853E-03  0.5215524349E-02
  0.1041488672E-03  0.7783066482E-02
  0.1071245491E-03  0.4916287483E-02
  0.1101002310E-03  0.7028982804E-02
  0.1130759130E-03  0.6952123852E-02
  0.1160515949E-03  0.9146510640E-02
  0.1190272768E-03  0.9208205717E-02
  0.1220029587E-03  0.9780866719E-02
  0.1249786406E-03  0.8074508419E-02
  0.1279543226E-03  0.9885543075E-02
  0.1309300045E-03  0.1260805818E-01
  0.1339056864E-03  0.1277631258E-01
  0.1368813683E-03  0.1105747014E-01
  0.1398570502E-03  0.1303947729E-01
  0.1428327322E-03  0.1510723386E-01
  0.1458084141E-03  0.1681463167E-01
  0.1487840960E-03  0.1558919176E-01
  0.1517597779E-03  0.1528506948E-01
  0.1547354598E-03  0.2031037574E-01
  0.1577111418E-03  0.2126642341E-01
  0.1606868237E-03  0.2306837696E-01
  0.1636625056E-03  0.2029781374E-01
  0.1666381875E-03  0.2270202089E-01
  0.1696138694E-03  0.3516309286E-01
  0.1725895514E-03  0.2767829223E-01
  0.1755652333E-03  0.2707165834E-01
  0.1785409152E-03  0.4319939948E-01
  0.1815165971E-03  0.4088681159E-01
  0.1844922790E-03  0.4453699421E-01
  0.1874679610E-03  0.4572113344E-01
  0.1904436429E-03  0.4741482997E-01
  0.1934193248E-03  0.4815611324E-01
  0.1963950067E-03  0.5034460265E-01
  0.1993706886E-03  0.6890273174E-01
  0.2023463706E-03  0.7687146135E-01
  0.2053220525E-03  0.7261911551E-01
  0.2082977344E-03  0.8469519455E-01
  0.2112734163E-03  0.8375587200E-01
  0.2142490982E-03  0.8579592058E-01
  0.2172247802E-03  0.8783398310E-01
  0.2202004621E-03  0.8601349983E-01
  0.2231761440E-03  0.9821874006E-01
  0.2261518259E-03  0.9516156405E-01
  0.2291275078E-03  0.8292238718E-01
  0.2321031898E-03  0.9962433346E-01
  0.2350788717E-03  0.1066096921    
  0.2380545536E-03  0.1007470548    
  0.2410302355E-03  0.9613919120E-01
  0.2440059174E-03  0.1038155496    
  0.2469815994E-03  0.1024383752    
  0.2499572813E-03  0.1230980305    
  0.2529329632E-03  0.1012369595    
  0.2559086451E-03  0.1027009321    
  0.2588843270E-03  0.1205508921    
  0.2618600090E-03  0.1197826965    
  0.2648356909E-03  0.1090514793    
  0.2678113728E-03  0.1144098230    
  0.2707870547E-03  0.1208734328    
  0.2737627366E-03  0.1186955300    
  0.2767384186E-03  0.1315566631    
  0.2797141005E-03  0.1192770077    
  0.2826897824E-03  0.1123506347    
  0.2856654643E-03  0.1317502271    
  0.2886411462E-03  0.1448307051    
  0.2916168282E-03  0.1238633375    
  0.2945925101E-03  0.1329994623    
  0.2975681920E-03  0.1301925526    
  0.3005438739E-03  0.1358779359    
  0.3035195558E-03  0.1432696590    
  0.3064952378E-03  0.1427750847    
  0.3094709197E-03  0.1384422736    
  0.3124466016E-03  0.1440089704    
  0.3154222835E-03  0.1588536495    
  0.3183979654E-03  0.1398247616    
  0.3213736474E-03  0.1462257318    
  0.3243493293E-03  0.1496134190    
  0.3273250112E-03  0.1670427871    
  0.3303006931E-03  0.1473942664    
  0.3332763750E-03  0.1607159100    
  0.3362520570E-03  0.1460589639    
  0.3392277389E-03  0.1717465978    
  0.3422034208E-03  0.1751535541    
  0.3451791027E-03  0.1611906111    
  0.3481547846E-03  0.1542119020    
  0.3511304666E-03  0.1713823014    
  0.3541061485E-03  0.1922292131    
  0.3570818304E-03  0.1507999241    
  0.3600575123E-03  0.1720838176    
  0.3630331942E-03  0.1780750798    
  0.3660088762E-03  0.1994210698    
  0.3689845581E-03  0.1790435441    
  0.3719602400E-03  0.1672406904    
  0.3749359219E-03  0.1790051684    
  0.3779116038E-03  0.2022210801    
  0.3808872858E-03  0.2032305024    
  0.3838629677E-03  0.1852931149    
  0.3868386496E-03  0.1764177468    
  0.3898143315E-03  0.2004822160    
  0.3927900134E-03  0.2097315086    
  0.3957656954E-03  0.2006637416    
  0.3987413773E-03  0.2012233933    
  0.4017170592E-03  0.2155604714    
  0.4046927411E-03  0.2241698127    
  0.4076684230E-03  0.1844284067    
  0.4106441050E-03  0.2048883907    
  0.4136197869E-03  0.2510125229    
  0.4165954688E-03  0.2078735547    
  0.4195711507E-03  0.2121057756    
  0.4225468326E-03  0.2335150928    
  0.4255225146E-03  0.2328815006    
  0.4284981965E-03  0.2203836453    
  0.4314738784E-03  0.2362359500    
  0.4344495603E-03  0.2405198883    
  0.4374252422E-03  0.2359281603    
  0.4404009242E-03  0.2571314289    
  0.4433766061E-03  0.2275395148    
  0.4463522880E-03  0.2581304353    
  0.4493279699E-03  0.2591962735    
  0.4523036518E-03  0.2533732973    
  0.4552793338E-03  0.2583670003    
  0.4582550157E-03  0.2651431154    
  0.4612306976E-03  0.2595836583    
  0.4642063795E-03  0.2857746909    
  0.4671820614E-03  0.2596023599    
  0.4701577434E-03  0.2927535202    
  0.4731334253E-03  0.2813535841    
  0.4761091072E-03  0.2901208929    
  0.4790847891E-03  0.2871937517    
  0.4820604710E-03  0.2873170721    
  0.4850361530E-03  0.3115634290    
  0.4880118349E-03  0.3114161350    
  0.4909875168E-03  0.3059976263    
  0.4939631987E-03  0.3013473651    
  0.4969388806E-03  0.3240331770    
  0.4999145626E-03  0.3223452794    
  0.5028902445E-03  0.3501712933    
  0.5058659264E-03  0.3275733438    
  0.5088416083E-03  0.3448480130    
  0.5118172902E-03  0.3253760897    
  0.5147929722E-03  0.3447079630    
  0.5177686541E-03  0.3765974979    
  0.5207443360E-03  0.3646348023    
  0.5237200179E-03  0.3581759403    
  0.5266956998E-03  0.3955470419    
  0.5296713818E-03  0.3763815321    
  0.5326470637E-03  0.3811713288    
  0.5356227456E-03  0.4218590932    
  0.5385984275E-03  0.4022473704    
  0.5415741094E-03  0.4176602355    
  0.5445497914E-03  0.4103690237    
  0.5475254733E-03  0.4567098525    
  0.5505011552E-03  0.4187135308    
  0.5534768371E-03  0.4619653115    
  0.5564525190E-03  0.4631985039    
  0.5594282010E-03  0.4827985061    
  0.5624038829E-03  0.4583578044    
  0.5653795648E-03  0.5101316250    
  0.5683552467E-03  0.5209604743    
  0.5713309286E-03  0.5156200412    
  0.5743066106E-03  0.5320127272    
  0.5772822925E-03  0.5470781795    
  0.5802579744E-03  0.5752927501    
  0.5832336563E-03  0.5671380583    
  0.5862093382E-03  0.6344992624    
  0.5891850202E-03  0.6085231318    
  0.5921607021E-03  0.6424370853    
  0.5951363840E-03  0.6700090080    
  0.5981120659E-03  0.7661889477    
  0.6010877478E-03  0.8740424028    
  0.6040634298E-03  0.9173910380    
  0.6070391117E-03  0.9687689302    
  0.6100147936E-03   1.078234130    
  0.6129904755E-03   1.223033981    
  0.6159661574E-03   1.259691779    
  0.6189418394E-03   1.247974745    
  0.6219175213E-03   1.295019784    
  0.6248932032E-03   1.344649808    
  0.6278688851E-03   1.432006717    
  0.6308445670E-03   1.408515402    
  0.6338202490E-03   1.459875134    
  0.6367959309E-03   1.584921487    
  0.6397716128E-03   1.724988299    
  0.6427472947E-03   1.599189516    
  0.6457229766E-03   1.565238475    
  0.6486986586E-03   1.515500894    
  0.6516743405E-03   1.379215659    
  0.6546500224E-03   1.105647954    
  0.6576257043E-03   1.060307174    
  0.6606013862E-03  0.9774514945    
  0.6635770682E-03   1.002316172    
  0.6665527501E-03  0.9549321502    
  0.6695284320E-03  0.9597784127    
  0.6725041139E-03  0.8856766002    
  0.6754797958E-03  0.9702064622    
  0.6784554778E-03  0.9730385082    
  0.6814311597E-03  0.9434882381    
  0.6844068416E-03  0.9162206544    
  0.6873825235E-03  0.9217684974    
  0.6903582054E-03  0.8899424369    
  0.6933338874E-03  0.8634782008    
  0.6963095693E-03  0.8338128308    
  0.6992852512E-03  0.8140851125    
  0.7022609331E-03  0.8119081743    
  0.7052366150E-03  0.7955194401    
  0.7082122970E-03  0.7599652718    
  0.7111879789E-03  0.7524426296    
  0.7141636608E-03  0.7312016276    
  0.7171393427E-03  0.7387191127    
  0.7201150246E-03  0.6754073049    
  0.7230907066E-03  0.7319229925    
  0.7260663885E-03  0.7001119040    
  0.7290420704E-03  0.6695822387    
  0.7320177523E-03  0.6905611309    
  0.7349934342E-03  0.6919860671    
  0.7379691162E-03  0.6741836835    
  0.7409447981E-03  0.6003285183    
  0.7439204800E-03  0.6907623887    
  0.7468961619E-03  0.7053334683    
  0.7498718438E-03  0.6547485434    
  0.7528475258E-03  0.6818474257    
  0.7558232077E-03  0.6701635401    
  0.7587988896E-03  0.7359805956    
  0.7617745715E-03  0.7228468641    
  0.7647502534E-03  0.7160868994    
  0.7677259354E-03  0.7367972505    
  0.7707016173E-03  0.7788435762    
  0.7736772992E-03  0.7952131423    
  0.7766529811E-03  0.7902419677    
  0.7796286630E-03  0.8489734300    
  0.7826043450E-03  0.8312547018    
  0.7855800269E-03  0.9521415609    
  0.7885557088E-03  0.8867499208    
  0.7915313907E-03   1.004246974    
  0.7945070726E-03   1.061007417    
  0.7974827546E-03   1.130922369    
  0.8004584365E-03   1.235028522    
  0.8034341184E-03   1.374158732    
  0.8064098003E-03   2.079498070    
  0.8093854822E-03   1.890474728    
  0.8123611642E-03   1.903673473    
  0.8153368461E-03   1.940835622    
  0.8183125280E-03   1.980409900    
  0.8212882099E-03   1.834345101    
  0.8242638918E-03   1.964721711    
  0.8272395738E-03   1.836270096    
  0.8302152557E-03   1.988551780    
  0.8331909376E-03   1.966054176    
  0.8361666195E-03   2.072062287    
  0.8391423014E-03   2.193074416    
  0.8421179834E-03   2.313190520    
  0.8450936653E-03   2.296568449    
  0.8480693472E-03   2.707515677    
  0.8510450291E-03   2.600224342    
  0.8540207110E-03   1.658215180    
  0.8569963930E-03  0.9805076584    
  0.8599720749E-03  0.7789874135    
  0.8629477568E-03  0.6407678747    
  0.8659234387E-03  0.4968209220    
  0.8688991206E-03  0.4397940622    
  0.8718748026E-03  0.4117567225    
  0.8748504845E-03  0.3855492736    
  0.8778261664E-03  0.3527366579    
  0.8808018483E-03  0.3366858020    
  0.8837775302E-03  0.3208523856    
  0.8867532122E-03  0.2896198799    
  0.8897288941E-03  0.2879015573    
  0.8927045760E-03  0.2772374677    
  0.8956802579E-03  0.2574153448    
  0.8986559398E-03  0.2334287611    
  0.9016316218E-03  0.2327682956    
  0.9046073037E-03  0.2176330611    
  0.9075829856E-03  0.2061512408    
  0.9105586675E-03  0.2021174501    
  0.9135343494E-03  0.1784358463    
  0.9165100314E-03  0.1766704453    
  0.9194857133E-03  0.1639582687    
  0.9224613952E-03  0.1555274520    
  0.9254370771E-03  0.1413665683    
  0.9284127590E-03  0.1301434649    
  0.9313884410E-03  0.1190134375    
  0.9343641229E-03  0.1103722895    
  0.9373398048E-03  0.9641116492E-01
  0.9403154867E-03  0.7911153670E-01
  0.9432911686E-03  0.7037189542E-01
  0.9462668506E-03  0.5387963676E-01
  0.9492425325E-03  0.3547727668E-01
  0.9522182144E-03  0.8943452350E-02
  0.9551938963E-03   0.000000000    
  0.9581695782E-03   0.000000000    
  0.9611452602E-03   0.000000000    
  0.9641209421E-03   0.000000000    
  0.9670966240E-03   0.000000000    
  0.9700723059E-03   0.000000000    
  0.9730479878E-03   0.000000000    
  0.9760236698E-03   0.000000000    
  0.9789993517E-03   0.000000000    
  0.9819750336E-03   0.000000000    
  0.9849507155E-03   0.000000000    
  0.9879263974E-03   0.000000000    
  0.9909020794E-03   0.000000000    
  0.9938777613E-03   0.000000000    
  0.9968534432E-03   0.000000000    
  0.9998291251E-03   0.000000000    
  0.1002804807E-02   0.000000000    
  0.1005780489E-02   0.000000000    
  0.1008756171E-02   0.000000000    
  0.1011731853E-02   0.000000000    
  0.1014707535E-02   0.000000000    
  0.1017683217E-02   0.000000000    
  0.1020658899E-02   0.000000000    
  0.1023634580E-02   0.000000000    
  0.1026610262E-02   0.000000000    
  0.1029585944E-02   0.000000000    
  0.1032561626E-02   0.000000000    
  0.1035537308E-02   0.000000000    
  0.1038512990E-02   0.000000000    
  0.1041488672E-02   0.000000000    
  0.1044464354E-02   0.000000000    
  0.1047440036E-02   0.000000000    
  0.1050415718E-02   0.000000000    
  0.1053391400E-02   0.000000000    
  0.1056367082E-02   0.000000000    
  0.1059342764E-02   0.000000000    
  0.1062318445E-02   0.000000000    
  0.1065294127E-02   0.000000000    
  0.1068269809E-02   0.000000000    
  0.1071245491E-02   0.000000000    
  0.1074221173E-02   0.000000000    
  0.1077196855E-02   0.000000000    
  0.1080172537E-02   0.000000000    
  0.1083148219E-02   0.000000000    
  0.1086123901E-02   0.000000000    
  0.1089099583E-02   0.000000000    
  0.1092075265E-02   0.000000000    
  0.1095050947E-02   0.000000000    
  0.1098026628E-02   0.000000000    
  0.1101002310E-02   0.000000000    
  0.1103977992E-02   0.000000000    
  0.1106953674E-02   0.000000000    
  0.1109929356E-02   0.000000000    
  0.1112905038E-02   0.000000000    
  0.1115880720E-02   0.000000000    
  0.1118856402E-02   0.000000000    
  0.1121832084E-02   0.000000000    
  0.1124807766E-02   0.000000000    
  0.1127783448E-02   0.000000000    
  0.1130759130E-02   0.000000000    
  0.1133734812E-02   0.000000000    
  0.1136710493E-02   0.000000000    
  0.1139686175E-02   0.000000000    
  0.1142661857E-02   0.000000000    
  0.1145637539E-02   0.000000000    
  0.1148613221E-02   0.000000000    
  0.1151588903E-02   0.000000000    
  0.1154564585E-02   0.000000000    
  0.1157540267E-02   0.000000000    
  0.1160515949E-02   0.000000000    
  0.1163491631E-02   0.000000000    
  0.1166467313E-02   0.000000000    
  0.1169442995E-02   0.000000000    
  0.1172418676E-02   0.000000000    
  0.1175394358E-02   0.000000000    
  0.1178370040E-02   0.000000000    
  0.1181345722E-02   0.000000000    
  0.1184321404E-02   0.000000000    
  0.1187297086E-02   0.000000000    
