 
   1 : total number of atoms
    16 : number of q-points
 
     1 : q-point
   0.000000000       0.000000000       0.000000000     : q-vector (lattice coordinates)
   0.000000000       0.000000000       0.000000000     : q-vector (Cartesian coordinates)
   1   0.000000000    
   2   0.000000000    
   3   0.000000000    
 
     2 : q-point
  0.1666666667       0.000000000       0.000000000     : q-vector (lattice coordinates)
  0.1679277664      0.1679277664       0.000000000     : q-vector (Cartesian coordinates)
   1  0.2863445515E-05
   2  0.2610000358E-05
   3  0.6236588021E-05
 
     3 : q-point
  0.3333333333       0.000000000       0.000000000     : q-vector (lattice coordinates)
  0.3358555328      0.3358555328       0.000000000     : q-vector (Cartesian coordinates)
   1  0.5614748645E-05
   2  0.4104684191E-05
   3  0.1532283003E-04
 
     4 : q-point
  0.5000000000       0.000000000       0.000000000     : q-vector (lattice coordinates)
  0.5037832992      0.5037832992       0.000000000     : q-vector (Cartesian coordinates)
   1  0.5792921114E-05
   2  0.6852389718E-05
   3  0.1918662950E-04
 
     5 : q-point
  0.1666666667      0.1666666667       0.000000000     : q-vector (lattice coordinates)
  0.3358555328      0.1679277664      0.1679277664     : q-vector (Cartesian coordinates)
   1  0.9209378655E-05
   2  0.4989600327E-05
   3  0.9184966536E-05
 
     6 : q-point
  0.3333333333      0.1666666667       0.000000000     : q-vector (lattice coordinates)
  0.5037832992      0.3358555328      0.1679277664     : q-vector (Cartesian coordinates)
   1  0.1070835463E-04
   2  0.7071462144E-05
   3  0.1119254200E-04
 
     7 : q-point
  0.3333333333      0.3333333333       0.000000000     : q-vector (lattice coordinates)
  0.6717110656      0.3358555328      0.3358555328     : q-vector (Cartesian coordinates)
   1  0.9179298420E-05
   2  0.1086372952E-04
   3  0.1044406154E-04
 
     8 : q-point
  0.1666666667      0.1666666667      0.1666666667     : q-vector (lattice coordinates)
  0.3358555328      0.3358555328      0.3358555328     : q-vector (Cartesian coordinates)
   1  0.1030064531E-04
   2  0.9945956737E-05
   3  0.9021411380E-05
 
     9 : q-point
  0.3333333333      0.1666666667      0.1666666667     : q-vector (lattice coordinates)
  0.5037832992      0.5037832992      0.3358555328     : q-vector (Cartesian coordinates)
   1  0.1064108008E-04
   2  0.7519918784E-05
   3  0.1095071396E-04
 
    10 : q-point
 -0.1666666667      0.1666666667      0.1666666667     : q-vector (lattice coordinates)
 -0.8326672685E-16 -0.8326672685E-16  0.3358555328     : q-vector (Cartesian coordinates)
   1  0.5417154136E-05
   2  0.5399681142E-05
   3  0.6200996655E-05
 
    11 : q-point
 -0.3333333333      0.3333333333      0.1666666667     : q-vector (lattice coordinates)
 -0.5551115123E-16 -0.1679277664      0.5037832992     : q-vector (Cartesian coordinates)
   1  0.6825181173E-05
   2  0.9438115048E-05
   3  0.9441437583E-05
 
    12 : q-point
  0.5000000000     -0.5000000000      0.1666666667     : q-vector (lattice coordinates)
   0.000000000      0.6717110656     -0.3358555328     : q-vector (Cartesian coordinates)
   1  0.1178328755E-04
   2  0.5860530581E-05
   3  0.1386387171E-04
 
    13 : q-point
 -0.3333333333      0.5000000000      0.1666666667     : q-vector (lattice coordinates)
  0.1679277664     -0.1679277664      0.6717110656     : q-vector (Cartesian coordinates)
   1  0.1163559158E-04
   2  0.9950280922E-05
   3  0.1075627903E-04
 
    14 : q-point
 -0.3333333333      0.3333333333      0.3333333333     : q-vector (lattice coordinates)
 -0.5551115123E-16 -0.5551115123E-16  0.6717110656     : q-vector (Cartesian coordinates)
   1  0.8410817900E-05
   2  0.8381257513E-05
   3  0.1414038139E-04
 
    15 : q-point
  0.5000000000     -0.5000000000      0.3333333333     : q-vector (lattice coordinates)
   0.000000000      0.8396388319     -0.1679277664     : q-vector (Cartesian coordinates)
   1  0.1306553948E-04
   2  0.7068330014E-05
   3  0.9588634200E-05
 
    16 : q-point
  0.5000000000      0.5000000000     -0.5000000000     : q-vector (lattice coordinates)
   1.007566598       0.000000000       0.000000000     : q-vector (Cartesian coordinates)
   1  0.7733169241E-05
   2  0.7656300483E-05
   3  0.8035569992E-05
 
