   0.000000000       6.265294874    
  0.1646374095E-01   6.256952755    
  0.3292748189E-01   6.232108739    
  0.4939122284E-01   6.191304644    
  0.6585496379E-01   6.135426163    
  0.8231870473E-01   6.065676948    
  0.9878244568E-01   5.983542533    
  0.1152461866       5.890744448    
  0.1317099276       5.789185129    
  0.1481736685       5.680884685    
  0.1646374095       5.567911135    
  0.1811011504       5.452306523    
  0.1975648914       5.336012179    
  0.2140286323       5.220797286    
  0.2304923732       5.108195653    
  0.2469561142       4.999455928    
  0.2634198551       4.895510191    
  0.2798835961       4.796964823    
  0.2963473370       4.704115655    
  0.3128110780       4.616986971    
  0.3292748189       4.535391268    
  0.3457385599       4.459004234    
  0.3622023008       4.387447688    
  0.3786660418       4.320372357    
  0.3951297827       4.257532508    
  0.4115935237       4.198845298    
  0.4280572646       4.144429168    
  0.4445210056       4.094617313    
  0.4609847465       4.049944253    
  0.4774484874       4.011105650    
  0.4939122284       3.978894000    
  0.5103759693       3.954115442    
  0.5268397103       3.937495730    
  0.5433034512       3.929585658    
  0.5597671922       3.930677518    
  0.5762309331       3.940743695    
  0.5926946741       3.959406008    
  0.6091584150       3.985940249    
  0.6256221560       4.019315298    
  0.6420858969       4.058261531    
  0.6585496379       4.101359922    
  0.6750133788       4.147141797    
  0.6914771197       4.194189554    
  0.7079408607       4.241230141    
  0.7244046016       4.287215163    
  0.7408683426       4.331383364    
  0.7573320835       4.373302827    
  0.7737958245       4.412891257    
  0.7902595654       4.450413458    
  0.8067233064       4.486455662    
  0.8231870473       4.521877096    
  0.8396507883       4.557740153    
  0.8561145292       4.595222048    
  0.8725782702       4.704114713    
  0.8725782702       4.704114713    
  0.8887371270       4.678846097    
  0.9048959839       4.697202103    
  0.9210548407       4.670416623    
  0.9372136976       4.638967774    
  0.9533725544       4.602660340    
  0.9695314113       4.561405457    
  0.9856902681       4.515224293    
   1.001849125       4.464247024    
   1.018007982       4.408706939    
   1.034166839       4.348929722    
   1.050325696       4.285318138    
   1.066484552       4.218332552    
   1.082643409       4.148468001    
   1.098802266       4.076228703    
   1.114961123       4.002101217    
   1.131119980       3.926527630    
   1.147278837       3.849880346    
   1.163437694       3.772440114    
   1.179596550       3.694378874    
   1.195755407       3.615748799    
   1.211914264       3.536478533    
   1.228073121       3.456377148    
   1.244231978       3.375145736    
   1.260390835       3.292395987    
   1.276549692       3.207674539    
   1.292708548       3.120491514    
   1.308867405       3.030351397    
   1.325026262       2.936784380    
   1.341185119       2.839376394    
   1.357343976       2.737796314    
   1.373502833       2.631819135    
   1.389661690       2.521344245    
   1.405820546       2.406408285    
   1.421979403       2.287192360    
   1.438138260       2.164023586    
   1.454297117       2.037371154    
   1.470455974       1.907837184    
   1.486614831       1.776142697    
   1.502773687       1.643109068    
   1.518932544       1.509635279    
   1.535091401       1.376671259    
   1.551250258       1.245187559    
   1.567409115       1.116141533    
   1.583567972      0.9904402256    
   1.599726829      0.8689002369    
   1.615885685      0.7522050849    
   1.632044542      0.6408611061    
   1.648203399      0.5351538216    
   1.664362256      0.4351080188    
   1.680521113      0.3404564682    
   1.696679970      0.2506238113    
   1.712838827      0.1647329263    
   1.728997683      0.8163992108E-01
   1.745156540      0.2169865099E-06
   1.745156540      0.2169865099E-06
   1.761407614      0.1397203226    
   1.777658689      0.2765042396    
   1.793909763      0.4075464313    
   1.810160837      0.5303007413    
   1.826411911      0.6426024362    
   1.842662985      0.7427821755    
   1.858914059      0.8297695500    
   1.875165134      0.9031840847    
   1.891416208      0.9634108744    
   1.907667282       1.011655765    
   1.923918356       1.049970327    
   1.940169430       1.081229260    
   1.956420504       1.109033707    
   1.972671579       1.137508986    
   1.988922653       1.170976051    
   2.005173727       1.213514586    
   2.021424801       1.268497695    
   2.037675875       1.338227210    
   2.053926949       1.423784700    
   2.070178024       1.525127411    
   2.086429098       1.641357865    
   2.102680172       1.771049135    
   2.118931246       1.912528488    
   2.135182320       2.064073690    
   2.151433394       2.224020333    
   2.167684469       2.390801235    
   2.183935543       2.562944362    
   2.200186617       2.739052301    
   2.216437691       2.917780037    
   2.232688765       3.097821457    
   2.248939839       3.277909540    
   2.265190914       3.456830838    
   2.281441988       3.633451613    
   2.297693062       3.806750782    
   2.313944136       3.975853705    
   2.330195210       4.140060626    
   2.346446284       4.298864249    
   2.362697359       4.451952291    
   2.378948433       4.599192862    
   2.395199507       4.740602797    
   2.411450581       4.876301580    
   2.427701655       5.006455717    
   2.443952729       5.131220205    
   2.460203804       5.250684590    
   2.476454878       5.364830915    
   2.492705952       5.473509534    
   2.508957026       5.576436407    
   2.525208100       5.664552904    
   2.541459174       5.701730503    
   2.557710249       5.744056399    
   2.573961323       5.791235000    
   2.590212397       5.842751614    
   2.606463471       5.897774163    
   2.622714545       5.955090392    
   2.638965619       6.013097422    
   2.655216694       6.069850718    
   2.671467768       6.123168911    
   2.687718842       6.170781886    
   2.703969916       6.210503533    
   2.720220990       6.240408249    
   2.736472064       6.258991119    
   2.752723139       6.265294874    
   2.752723139       6.265294874    
   2.769291910       6.257446844    
   2.785860682       6.234036513    
   2.802429453       6.195463443    
   2.818998225       6.142387808    
   2.835566996       6.075721581    
   2.852135768       5.996615905    
   2.868704539       5.906444295    
   2.885273311       5.806781281    
   2.901842082       5.699375982    
   2.918410854       5.586120073    
   2.934979625       5.469009634    
   2.951548397       5.350100503    
   2.968117168       5.231457090    
   2.984685940       5.115095155    
   3.001254711       5.002919876    
   3.017823483       4.896661575    
   3.034392254       4.797812665    
   3.050961026       4.707570470    
   3.067529797       4.626791230    
   3.084098568       4.555960565    
   3.100667340       4.495184676    
   3.117236111       4.444204548    
   3.133804883       4.402432823    
   3.150373654       4.369010229    
   3.166942426       4.342876168    
   3.183511197       4.322846743    
   3.200079969       4.307693298    
   3.216648740       4.296215355    
   3.233217512       4.287303303    
   3.249786283       4.279987857    
   3.266355055       4.273474920    
   3.282923826       4.267165744    
   3.299492598       4.260663182    
   3.316061369       4.253765387    
   3.332630141       4.246448661    
   3.349198912       4.238841319    
   3.365767684       4.231190616    
   3.382336455       4.223824899    
   3.398905227       4.217113329    
   3.415473998       4.211425650    
   3.432042770       4.207094563    
   3.448611541       4.204383217    
   3.465180313       4.203460111    
   3.465180313       4.203460111    
   3.481973089       4.205388573    
   3.498765866       4.211028308    
   3.515558643       4.219968025    
   3.532351419       4.231602395    
   3.549144196       4.245234708    
   3.565936973       4.260189821    
   3.582729749       4.275915288    
   3.599522526       4.292051693    
   3.616315303       4.308459693    
   3.633108079       4.325199686    
   3.649900856       4.342469004    
   3.666693632       4.360509647    
   3.683486409       4.379505565    
   3.700279186       4.399491147    
   3.717071962       4.397850218    
   3.733864739       4.389557425    
   3.750657516       4.387226610    
   3.767450292       4.391425861    
   3.784243069       4.402608676    
   3.801035846       4.420948440    
   3.817828622       4.446178438    
   3.834621399       4.477475372    
   3.851414176       4.513416990    
   3.868206952       4.552029350    
   3.884999729       4.573686202    
   3.901792505       4.585072775    
   3.918585282       4.599442873    
   3.935378059       4.617935859    
   3.952170835       4.641332812    
   3.968963612       4.704114713    
   3.968963612       4.704114713    
   3.985214686       4.642174066    
   4.001465760       4.619291435    
   4.017716834       4.601036658    
   4.033967909       4.586732568    
   4.050218983       4.575375104    
   4.066470057       4.559614299    
   4.082721131       4.521982505    
   4.098972205       4.486376343    
   4.115223279       4.454691366    
   4.131474354       4.428361974    
   4.147725428       4.408300116    
   4.163976502       4.394908750    
   4.180227576       4.388162077    
   4.196478650       4.387731655    
   4.212729724       4.393129390    
   4.228980799       4.403837076    
   4.245231873       4.390348778    
   4.261482947       4.371416723    
   4.277734021       4.353420496    
   4.293985095       4.336265193    
   4.310236169       4.319753212    
   4.326487244       4.303667839    
   4.342738318       4.287859685    
   4.358989392       4.272319070    
   4.375240466       4.257220396    
   4.391491540       4.242929808    
   4.407742614       4.229973927    
   4.423993689       4.218974398    
   4.440244763       4.210559267    
   4.456495837       4.205266898    
   4.472746911       4.203460111    
   4.472746911       4.203460111    
   4.489315683       4.203822742    
   4.505884454       4.204657127    
   4.522453226       4.205226941    
   4.539021997       4.204382315    
   4.555590769       4.200664867    
   4.572159540       4.192435350    
   4.588728312       4.178009521    
   4.605297083       4.155788937    
   4.621865855       4.079482888    
   4.638434626       3.939505726    
   4.655003398       3.794198119    
   4.671572169       3.644320159    
   4.688140941       3.490175776    
   4.704709712       3.331704083    
   4.721278484       3.168629422    
   4.737847255       3.000654710    
   4.754416027       2.827678374    
   4.770984798       2.650014697    
   4.787553570       2.468599993    
   4.804122341       2.285170891    
   4.820691112       2.102402667    
   4.837259884       1.923990255    
   4.853828655       1.754635229    
   4.870397427       1.599861466    
   4.886966198       1.465526142    
   4.903534970       1.356874273    
   4.920103741       1.277136311    
   4.936672513       1.226088271    
   4.953241284       1.199404706    
   4.969810056       1.189385963    
   4.986378827       1.186704888    
   5.002947599       1.182207754    
   5.019516370       1.168097196    
   5.036085142       1.138432769    
   5.052653913       1.089191597    
   5.069222685       1.018127938    
   5.085791456      0.8809037535    
   5.102360228      0.7371684468    
   5.118928999      0.5917758468    
   5.135497771      0.4450304860    
   5.152066542      0.2972596496    
   5.168635314      0.1488018577    
   5.185204085      0.2169865099E-06
   5.185204085      0.2169865099E-06
   5.201441086      0.4056562691E-01
   5.217678086      0.8367709030E-01
   5.233915086      0.1315401694    
   5.250152087      0.1858064643    
   5.266389087      0.2475207724    
   5.282626087      0.3171817110    
   5.298863088      0.3948478652    
   5.315100088      0.4802446155    
   5.331337088      0.5728537891    
   5.347574088      0.6719840093    
   5.363811089      0.7768254325    
   5.380048089      0.8864933738    
   5.396285089       1.000064412    
   5.412522090       1.116607406    
   5.428759090       1.235210883    
   5.444996090       1.355007573    
   5.461233091       1.475196385    
   5.477470091       1.595061819    
   5.493707091       1.713990567    
   5.509944092       1.831484954    
   5.526181092       1.947172766    
   5.542418092       2.060812969    
   5.558655093       2.172296878    
   5.574892093       2.281644349    
   5.591129093       2.388994767    
   5.607366093       2.494592748    
   5.623603094       2.598768788    
   5.639840094       2.701915416    
   5.656077094       2.804459764    
   5.672314095       2.906833834    
   5.688551095       3.009444068    
   5.704788095       3.112641984    
   5.721025096       3.216697725    
   5.737262096       3.321778191    
   5.753499096       3.427931133    
   5.769736097       3.535076118    
   5.785973097       3.643002733    
   5.802210097       3.751375868    
   5.818447098       3.859747411    
   5.834684098       3.956024690    
   5.850921098       3.963349617    
   5.867158099       3.967309595    
   5.883395099       3.968487000    
   5.899632099       3.967445589    
   5.915869099       3.964742067    
   5.932106100       3.960937963    
   5.948343100       3.956609538    
   5.964580100       3.952353140    
   5.980817101       3.948783228    
   5.997054101       3.946520546    
   6.013291101       3.946169024    
   6.029528102       3.948281981    
   6.045765102       3.953321016    
   6.062002102       3.961613651    
   6.078239103       3.973317311    
   6.094476103       3.988396438    
   6.110713103       4.006616487    
   6.126950104       4.027554104    
   6.143187104       4.050618920    
   6.159424104       4.075080962    
   6.175661104       4.100099596    
   6.191898105       4.124754916    
   6.208135105       4.148088278    
   6.224372105       4.169161887    
   6.240609106       4.187143308    
   6.256846106       4.201407527    
   6.273083106       4.211631725    
   6.289320107       4.217849672    
   6.305557107       4.220444301    
   6.321794107       4.220082187    
   6.338031108       4.217613249    
   6.354268108       4.213961774    
   6.370505108       4.210026040    
   6.386742109       4.206593944    
   6.402979109       4.204276572    
   6.419216109       4.203460111    
     
   0.000000000       6.265294874    
  0.1646374095E-01   6.263697280    
  0.3292748189E-01   6.258882341    
  0.4939122284E-01   6.250785677    
  0.6585496379E-01   6.239306846    
  0.8231870473E-01   6.224319138    
  0.9878244568E-01   6.205682381    
  0.1152461866       6.183257917    
  0.1317099276       6.156924787    
  0.1481736685       6.126596112    
  0.1646374095       6.092234648    
  0.1811011504       6.053866541    
  0.1975648914       6.011592443    
  0.2140286323       5.965595260    
  0.2304923732       5.916143996    
  0.2469561142       5.863593342    
  0.2634198551       5.808378875    
  0.2798835961       5.751007952    
  0.2963473370       5.692046606    
  0.3128110780       5.632102997    
  0.3292748189       5.571808188    
  0.3457385599       5.511795223    
  0.3622023008       5.452677668    
  0.3786660418       5.395028863    
  0.3951297827       5.339363191    
  0.4115935237       5.286120574    
  0.4280572646       5.235655241    
  0.4445210056       5.188229507    
  0.4609847465       5.144012900    
  0.4774484874       5.103086552    
  0.4939122284       5.065452292    
  0.5103759693       5.031045462    
  0.5268397103       4.999750173    
  0.5433034512       4.971415515    
  0.5597671922       4.945871179    
  0.5762309331       4.922941081    
  0.5926946741       4.902453799    
  0.6091584150       4.884248969    
  0.6256221560       4.868179219    
  0.6420858969       4.854107625    
  0.6585496379       4.841901138    
  0.6750133788       4.831420782    
  0.6914771197       4.822509761    
  0.7079408607       4.814980807    
  0.7244046016       4.808604191    
  0.7408683426       4.803097790    
  0.7573320835       4.798120403    
  0.7737958245       4.793269251    
  0.7902595654       4.788082215    
  0.8067233064       4.782044969    
  0.8231870473       4.774602739    
  0.8396507883       4.765176070    
  0.8561145292       4.753179675    
  0.8725782702       4.704114713    
  0.8725782702       4.704114713    
  0.8887371270       4.719617710    
  0.9048959839       4.697202103    
  0.9210548407       4.670416623    
  0.9372136976       4.638967774    
  0.9533725544       4.602660340    
  0.9695314113       4.561405457    
  0.9856902681       4.515224293    
   1.001849125       4.464247024    
   1.018007982       4.408706939    
   1.034166839       4.348929722    
   1.050325696       4.285318138    
   1.066484552       4.218332552    
   1.082643409       4.148468001    
   1.098802266       4.076228703    
   1.114961123       4.002101217    
   1.131119980       3.926527630    
   1.147278837       3.849880346    
   1.163437694       3.772440114    
   1.179596550       3.694378874    
   1.195755407       3.615748799    
   1.211914264       3.536478533    
   1.228073121       3.456377148    
   1.244231978       3.375145736    
   1.260390835       3.292395987    
   1.276549692       3.207674539    
   1.292708548       3.120491514    
   1.308867405       3.030351397    
   1.325026262       2.936784380    
   1.341185119       2.839376394    
   1.357343976       2.737796314    
   1.373502833       2.631819135    
   1.389661690       2.521344245    
   1.405820546       2.406408285    
   1.421979403       2.287192360    
   1.438138260       2.164023586    
   1.454297117       2.037371154    
   1.470455974       1.907837184    
   1.486614831       1.776142697    
   1.502773687       1.643109068    
   1.518932544       1.509635279    
   1.535091401       1.376671259    
   1.551250258       1.245187559    
   1.567409115       1.116141533    
   1.583567972      0.9904402256    
   1.599726829      0.8689002369    
   1.615885685      0.7522050849    
   1.632044542      0.6408611061    
   1.648203399      0.5351538216    
   1.664362256      0.4351080188    
   1.680521113      0.3404564682    
   1.696679970      0.2506238113    
   1.712838827      0.1647329263    
   1.728997683      0.8163992108E-01
   1.745156540      0.2169865099E-06
   1.745156540      0.2169865099E-06
   1.761407614      0.1397203226    
   1.777658689      0.2765042396    
   1.793909763      0.4075464313    
   1.810160837      0.5303007413    
   1.826411911      0.6426024362    
   1.842662985      0.7427821755    
   1.858914059      0.8297695500    
   1.875165134      0.9031840847    
   1.891416208      0.9634108744    
   1.907667282       1.011655765    
   1.923918356       1.049970327    
   1.940169430       1.081229260    
   1.956420504       1.109033707    
   1.972671579       1.137508986    
   1.988922653       1.170976051    
   2.005173727       1.213514586    
   2.021424801       1.268497695    
   2.037675875       1.338227210    
   2.053926949       1.423784700    
   2.070178024       1.525127411    
   2.086429098       1.641357865    
   2.102680172       1.771049135    
   2.118931246       1.912528488    
   2.135182320       2.064073690    
   2.151433394       2.224020333    
   2.167684469       2.390801235    
   2.183935543       2.562944362    
   2.200186617       2.739052301    
   2.216437691       2.917780037    
   2.232688765       3.097821457    
   2.248939839       3.277909540    
   2.265190914       3.456830838    
   2.281441988       3.633451613    
   2.297693062       3.806750782    
   2.313944136       3.975853705    
   2.330195210       4.140060626    
   2.346446284       4.298864249    
   2.362697359       4.451952291    
   2.378948433       4.599192862    
   2.395199507       4.740602797    
   2.411450581       4.876301580    
   2.427701655       5.006455717    
   2.443952729       5.131220205    
   2.460203804       5.250684590    
   2.476454878       5.364830915    
   2.492705952       5.473509534    
   2.508957026       5.576436407    
   2.525208100       5.673212582    
   2.541459174       5.763363410    
   2.557710249       5.846392339    
   2.573961323       5.921842087    
   2.590212397       5.989354999    
   2.606463471       6.048724446    
   2.622714545       6.099930182    
   2.638965619       6.143152426    
   2.655216694       6.178761965    
   2.671467768       6.207286443    
   2.687718842       6.229355981    
   2.703969916       6.245634059    
   2.720220990       6.256741834    
   2.736472064       6.263185311    
   2.752723139       6.265294874    
   2.752723139       6.265294874    
   2.769291910       6.262739296    
   2.785860682       6.255095423    
   2.802429453       6.242431555    
   2.818998225       6.224860565    
   2.835566996       6.202538465    
   2.852135768       6.175662435    
   2.868704539       6.144468317    
   2.885273311       6.109227625    
   2.901842082       6.070244098    
   2.918410854       6.027849843    
   2.934979625       5.982401133    
   2.951548397       5.934273898    
   2.968117168       5.883859002    
   2.984685940       5.831557359    
   3.001254711       5.777774984    
   3.017823483       5.722918051    
   3.034392254       5.667388064    
   3.050961026       5.611577209    
   3.067529797       5.555864000    
   3.084098568       5.500609290    
   3.100667340       5.446152745    
   3.117236111       5.392809832    
   3.133804883       5.340869402    
   3.150373654       5.290591901    
   3.166942426       5.242208244    
   3.183511197       5.195919348    
   3.200079969       5.151896328    
   3.216648740       5.110281304    
   3.233217512       5.071188787    
   3.249786283       5.034707553    
   3.266355055       5.000902939    
   3.282923826       4.969819466    
   3.299492598       4.941483680    
   3.316061369       4.915907131    
   3.332630141       4.893089378    
   3.349198912       4.873020947    
   3.365767684       4.855686148    
   3.382336455       4.841065695    
   3.398905227       4.829139070    
   3.415473998       4.819886583    
   3.432042770       4.813291090    
   3.448611541       4.809339364    
   3.465180313       4.808023070    
   3.465180313       4.808023070    
   3.481973089       4.803259726    
   3.498765866       4.789270205    
   3.515558643       4.766925311    
   3.532351419       4.737577456    
   3.549144196       4.702924377    
   3.565936973       4.664842092    
   3.582729749       4.625209189    
   3.599522526       4.585747292    
   3.616315303       4.547901535    
   3.633108079       4.512778946    
   3.649900856       4.481152253    
   3.666693632       4.453523490    
   3.683486409       4.430228889    
   3.700279186       4.411557207    
   3.717071962       4.420291050    
   3.733864739       4.441505853    
   3.750657516       4.462549162    
   3.767450292       4.482731713    
   3.784243069       4.501378866    
   3.801035846       4.517961463    
   3.817828622       4.532217306    
   3.834621399       4.544241481    
   3.851414176       4.554527918    
   3.868206952       4.563951204    
   3.884999729       4.590920907    
   3.901792505       4.627484306    
   3.918585282       4.659136332    
   3.935378059       4.683563378    
   3.952170835       4.698942536    
   3.968963612       4.704114713    
   3.968963612       4.704114713    
   3.985214686       4.699272894    
   4.001465760       4.684844776    
   4.017716834       4.661849500    
   4.033967909       4.631897013    
   4.050218983       4.597044926    
   4.066470057       4.565770796    
   4.082721131       4.556693206    
   4.098972205       4.547033535    
   4.115223279       4.535923853    
   4.131474354       4.522817606    
   4.147725428       4.507519645    
   4.163976502       4.490165723    
   4.180227576       4.471158231    
   4.196478650       4.451070650    
   4.212729724       4.430537083    
   4.228980799       4.410145043    
   4.245231873       4.419397439    
   4.261482947       4.439451653    
   4.277734021       4.463720504    
   4.293985095       4.491938260    
   4.310236169       4.523757784    
   4.326487244       4.558650909    
   4.342738318       4.595828647    
   4.358989392       4.634201390    
   4.375240466       4.672390897    
   4.391491540       4.708795579    
   4.407742614       4.741700794    
   4.423993689       4.769418510    
   4.440244763       4.790436959    
   4.456495837       4.803560578    
   4.472746911       4.808023070    
   4.472746911       4.808023070    
   4.489315683       4.797330640    
   4.505884454       4.765560122    
   4.522453226       4.713609945    
   4.539021997       4.642905702    
   4.555590769       4.555296727    
   4.572159540       4.452920161    
   4.588728312       4.338042089    
   4.605297083       4.212888627    
   4.621865855       4.124376085    
   4.638434626       4.082666612    
   4.655003398       4.029914616    
   4.671572169       3.965769674    
   4.688140941       3.890286241    
   4.704709712       3.803907456    
   4.721278484       3.707426272    
   4.737847255       3.601927456    
   4.754416027       3.488714539    
   4.770984798       3.369226251    
   4.787553570       3.244947511    
   4.804122341       3.117320533    
   4.820691112       2.987661981    
   4.837259884       2.857092161    
   4.853828655       2.726481831    
   4.870397427       2.596421021    
   4.886966198       2.467212385    
   4.903534970       2.338889039    
   4.920103741       2.211254077    
   4.936672513       2.083936363    
   4.953241284       1.956455464    
   4.969810056       1.828287959    
   4.986378827       1.698927958    
   5.002947599       1.567936314    
   5.019516370       1.434975207    
   5.036085142       1.299827120    
   5.052653913       1.162399291    
   5.069222685       1.022716223    
   5.085791456      0.9245692946    
   5.102360228      0.8092060371    
   5.118928999      0.6738898176    
   5.135497771      0.5214400170    
   5.152066542      0.3554535947    
   5.168635314      0.1801144104    
   5.185204085      0.2169865099E-06
   5.185204085      0.2169865099E-06
   5.201441086      0.1228579144    
   5.217678086      0.2456963567    
   5.233915086      0.3684920365    
   5.250152087      0.4912149719    
   5.266389087      0.6138274083    
   5.282626087      0.7362851740    
   5.298863088      0.8585418255    
   5.315100088      0.9805555430    
   5.331337088       1.102298276    
   5.347574088       1.223766106    
   5.363811089       1.344989279    
   5.380048089       1.466039868    
   5.396285089       1.587034751    
   5.412522090       1.708131572    
   5.428759090       1.829515755    
   5.444996090       1.951377563    
   5.461233091       2.073879531    
   5.477470091       2.197116318    
   5.493707091       2.321070768    
   5.509944092       2.445571417    
   5.526181092       2.570257565    
   5.542418092       2.694558067    
   5.558655093       2.817689154    
   5.574892093       2.938674889    
   5.591129093       3.056391431    
   5.607366093       3.169633082    
   5.623603094       3.277194516    
   5.639840094       3.377959862    
   5.656077094       3.470986683    
   5.672314095       3.555572376    
   5.688551095       3.631293201    
   5.704788095       3.698011637    
   5.721025096       3.755854458    
   5.737262096       3.805169335    
   5.753499096       3.846470391    
   5.769736097       3.880382531    
   5.785973097       3.907591770    
   5.802210097       3.928805573    
   5.818447098       3.944724507    
   5.834684098       3.967573329    
   5.850921098       4.074234868    
   5.867158099       4.179062513    
   5.883395099       4.281361356    
   5.899632099       4.380436624    
   5.915869099       4.475618301    
   5.932106100       4.566283916    
   5.948343100       4.651878797    
   5.964580100       4.731933216    
   5.980817101       4.806076036    
   5.997054101       4.874044574    
   6.013291101       4.895931543    
   6.029528102       4.839813479    
   6.045765102       4.789782225    
   6.062002102       4.746405988    
   6.078239103       4.709962970    
   6.094476103       4.680466631    
   6.110713103       4.657702538    
   6.126950104       4.641273809    
   6.143187104       4.630653475    
   6.159424104       4.625242183    
   6.175661104       4.624427747    
   6.191898105       4.627639077    
   6.208135105       4.634382663    
   6.224372105       4.644248286    
   6.240609106       4.656875928    
   6.256846106       4.671890188    
   6.273083106       4.688826701    
   6.289320107       4.707083849    
   6.305557107       4.725921900    
   6.321794107       4.744507098    
   6.338031108       4.761979300    
   6.354268108       4.777519759    
   6.370505108       4.790405282    
   6.386742109       4.800045576    
   6.402979109       4.806006459    
   6.419216109       4.808023070    
     
   0.000000000       6.265294874    
  0.1646374095E-01   6.263697280    
  0.3292748189E-01   6.258882341    
  0.4939122284E-01   6.250785677    
  0.6585496379E-01   6.239306846    
  0.8231870473E-01   6.224319138    
  0.9878244568E-01   6.205682381    
  0.1152461866       6.183257917    
  0.1317099276       6.156924787    
  0.1481736685       6.126596112    
  0.1646374095       6.092234648    
  0.1811011504       6.053866541    
  0.1975648914       6.011592443    
  0.2140286323       5.965595260    
  0.2304923732       5.916143996    
  0.2469561142       5.863593342    
  0.2634198551       5.808378875    
  0.2798835961       5.751007952    
  0.2963473370       5.692046606    
  0.3128110780       5.632102997    
  0.3292748189       5.571808188    
  0.3457385599       5.511795223    
  0.3622023008       5.452677668    
  0.3786660418       5.395028863    
  0.3951297827       5.339363191    
  0.4115935237       5.286120574    
  0.4280572646       5.235655241    
  0.4445210056       5.188229507    
  0.4609847465       5.144012900    
  0.4774484874       5.103086552    
  0.4939122284       5.065452292    
  0.5103759693       5.031045462    
  0.5268397103       4.999750173    
  0.5433034512       4.971415515    
  0.5597671922       4.945871179    
  0.5762309331       4.922941081    
  0.5926946741       4.902453799    
  0.6091584150       4.884248969    
  0.6256221560       4.868179219    
  0.6420858969       4.854107625    
  0.6585496379       4.841901138    
  0.6750133788       4.831420782    
  0.6914771197       4.822509761    
  0.7079408607       4.814980807    
  0.7244046016       4.808604191    
  0.7408683426       4.803097790    
  0.7573320835       4.798120403    
  0.7737958245       4.793269251    
  0.7902595654       4.788082215    
  0.8067233064       4.782044969    
  0.8231870473       4.774602739    
  0.8396507883       4.765176070    
  0.8561145292       4.753179675    
  0.8725782702       4.704114713    
  0.8725782702       4.704114713    
  0.8887371270       4.719617710    
  0.9048959839       4.726783183    
  0.9210548407       4.779891077    
  0.9372136976       4.838390670    
  0.9533725544       4.902112205    
  0.9695314113       4.970479792    
  0.9856902681       5.042525498    
   1.001849125       5.116930353    
   1.018007982       5.192086998    
   1.034166839       5.266177222    
   1.050325696       5.337257245    
   1.066484552       5.403344281    
   1.082643409       5.462499070    
   1.098802266       5.512900547    
   1.114961123       5.552910139    
   1.131119980       5.581124319    
   1.147278837       5.596414831    
   1.163437694       5.597956564    
   1.179596550       5.585243319    
   1.195755407       5.558091898    
   1.211914264       5.516634976    
   1.228073121       5.461303266    
   1.244231978       5.392797535    
   1.260390835       5.312051099    
   1.276549692       5.220183637    
   1.292708548       5.118447410    
   1.308867405       5.008167361    
   1.325026262       4.890677089    
   1.341185119       4.767253209    
   1.357343976       4.639051243    
   1.373502833       4.507046622    
   1.389661690       4.371984700    
   1.405820546       4.234343563    
   1.421979403       4.094312921    
   1.438138260       3.951791333    
   1.454297117       3.806402583    
   1.470455974       3.657530336    
   1.486614831       3.504368545    
   1.502773687       3.345983661    
   1.518932544       3.181383843    
   1.535091401       3.009590042    
   1.551250258       2.829704174    
   1.567409115       2.640970327    
   1.583567972       2.442825973    
   1.599726829       2.234941284    
   1.615885685       2.017245643    
   1.632044542       1.789941318    
   1.648203399       1.553504898    
   1.664362256       1.308677529    
   1.680521113       1.056445256    
   1.696679970      0.7980108877    
   1.712838827      0.5347588814    
   1.728997683      0.2682146866    
   1.745156540      0.2169865099E-06
   1.745156540      0.2169865099E-06
   1.761407614      0.3203066486    
   1.777658689      0.6387610208    
   1.793909763      0.9535164237    
   1.810160837       1.262742970    
   1.826411911       1.564649158    
   1.842662985       1.857516841    
   1.858914059       2.139750298    
   1.875165134       2.409937567    
   1.891416208       2.666919557    
   1.907667282       2.909860098    
   1.923918356       3.138308263    
   1.940169430       3.352243199    
   1.956420504       3.552091676    
   1.972671579       3.738709823    
   1.988922653       3.913323356    
   2.005173727       4.077425128    
   2.021424801       4.232634795    
   2.037675875       4.380532216    
   2.053926949       4.522482545    
   2.070178024       4.659475250    
   2.086429098       4.791999984    
   2.102680172       4.919978516    
   2.118931246       5.042764234    
   2.135182320       5.159210760    
   2.151433394       5.267801229    
   2.167684469       5.366821944    
   2.183935543       5.454559648    
   2.200186617       5.529500611    
   2.216437691       5.590511486    
   2.232688765       5.636985248    
   2.248939839       5.668939715    
   2.265190914       5.687060463    
   2.281441988       5.692684328    
   2.297693062       5.687724182    
   2.313944136       5.674540624    
   2.330195210       5.655771537    
   2.346446284       5.634136051    
   2.362697359       5.612234241    
   2.378948433       5.592366753    
   2.395199507       5.576397721    
   2.411450581       5.565679060    
   2.427701655       5.561044393    
   2.443952729       5.562868477    
   2.460203804       5.571175773    
   2.476454878       5.585772928    
   2.492705952       5.606376539    
   2.508957026       5.632710247    
   2.525208100       5.673212582    
   2.541459174       5.763363410    
   2.557710249       5.846392339    
   2.573961323       5.921842087    
   2.590212397       5.989354999    
   2.606463471       6.048724446    
   2.622714545       6.099930182    
   2.638965619       6.143152426    
   2.655216694       6.178761965    
   2.671467768       6.207286443    
   2.687718842       6.229355981    
   2.703969916       6.245634059    
   2.720220990       6.256741834    
   2.736472064       6.263185311    
   2.752723139       6.265294874    
   2.752723139       6.265294874    
   2.769291910       6.264388009    
   2.785860682       6.261646204    
   2.802429453       6.257007223    
   2.818998225       6.250371883    
   2.835566996       6.241610632    
   2.852135768       6.230572297    
   2.868704539       6.217094558    
   2.885273311       6.201015666    
   2.901842082       6.182186828    
   2.918410854       6.160484703    
   2.934979625       6.135823430    
   2.951548397       6.108165640    
   2.968117168       6.077531959    
   2.984685940       6.044008547    
   3.001254711       6.007752285    
   3.017823483       5.968993301    
   3.034392254       5.928034599    
   3.050961026       5.885248647    
   3.067529797       5.841070859    
   3.084098568       5.795990054    
   3.100667340       5.750536058    
   3.117236111       5.705264786    
   3.133804883       5.660741285    
   3.150373654       5.617521364    
   3.166942426       5.576132611    
   3.183511197       5.537055706    
   3.200079969       5.500707027    
   3.216648740       5.467423576    
   3.233217512       5.437451181    
   3.249786283       5.410936810    
   3.266355055       5.387925570    
   3.282923826       5.368362724    
   3.299492598       5.352100669    
   3.316061369       5.338910524    
   3.332630141       5.328497662    
   3.349198912       5.320520257    
   3.365767684       5.314609788    
   3.382336455       5.310392337    
   3.398905227       5.307509571    
   3.415473998       5.305638328    
   3.432042770       5.304507909    
   3.448611541       5.303914305    
   3.465180313       5.303730764    
   3.465180313       5.303730764    
   3.481973089       5.303057920    
   3.498765866       5.301095043    
   3.515558643       5.297998587    
   3.532351419       5.293995859    
   3.549144196       5.289340206    
   3.565936973       5.284258243    
   3.582729749       5.278897503    
   3.599522526       5.273283069    
   3.616315303       5.267290605    
   3.633108079       5.260640873    
   3.649900856       5.252917584    
   3.666693632       5.243606918    
   3.683486409       5.232153845    
   3.700279186       5.218027949    
   3.717071962       5.200790226    
   3.733864739       5.180152287    
   3.750657516       5.156020440    
   3.767450292       5.128519044    
   3.784243069       5.097990001    
   3.801035846       5.064968016    
   3.817828622       5.030134149    
   3.834621399       4.994252807    
   3.851414176       4.958099635    
   3.868206952       4.922389174    
   3.884999729       4.887711618    
   3.901792505       4.854487021    
   3.918585282       4.822943081    
   3.935378059       4.793119230    
   3.952170835       4.764895798    
   3.968963612       4.704114713    
   3.968963612       4.704114713    
   3.985214686       4.764009624    
   4.001465760       4.791252079    
   4.017716834       4.819982560    
   4.033967909       4.850319776    
   4.050218983       4.882246216    
   4.066470057       4.915581139    
   4.082721131       4.949973845    
   4.098972205       4.984918677    
   4.115223279       5.019790094    
   4.131474354       5.053893461    
   4.147725428       5.086525208    
   4.163976502       5.117035046    
   4.180227576       5.144882930    
   4.196478650       5.169684401    
   4.212729724       5.191239439    
   4.228980799       5.209541968    
   4.245231873       5.224769294    
   4.261482947       5.237252967    
   4.277734021       5.247434575    
   4.293985095       5.255811743    
   4.310236169       5.262880770    
   4.326487244       5.269082848    
   4.342738318       5.274760405    
   4.358989392       5.280128822    
   4.375240466       5.285266697    
   4.391491540       5.290125194    
   4.407742614       5.294554351    
   4.423993689       5.298341842    
   4.440244763       5.301258013    
   4.456495837       5.303100348    
   4.472746911       5.303730764    
   4.472746911       5.303730764    
   4.489315683       5.303418741    
   4.505884454       5.302291943    
   4.522453226       5.299797112    
   4.539021997       5.295073093    
   4.555590769       5.287035036    
   4.572159540       5.274479209    
   4.588728312       5.256197960    
   4.605297083       5.231094350    
   4.621865855       5.198286954    
   4.638434626       5.157196927    
   4.655003398       5.107611222    
   4.671572169       5.049717471    
   4.688140941       4.984107501    
   4.704709712       4.911747717    
   4.721278484       4.833915967    
   4.737847255       4.752106200    
   4.754416027       4.667904596    
   4.770984798       4.582843896    
   4.787553570       4.498246374    
   4.804122341       4.415069460    
   4.820691112       4.333770628    
   4.837259884       4.254208476    
   4.853828655       4.175594088    
   4.870397427       4.096500823    
   4.886966198       4.014932564    
   4.903534970       3.928442258    
   4.920103741       3.834286304    
   4.936672513       3.729597267    
   4.953241284       3.611557870    
   4.969810056       3.477562178    
   4.986378827       3.325354253    
   5.002947599       3.153138844    
   5.019516370       2.959662308    
   5.036085142       2.744264453    
   5.052653913       2.506903470    
   5.069222685       2.248156847    
   5.085791456       1.969201321    
   5.102360228       1.671774850    
   5.118928999       1.358123358    
   5.135497771       1.030934794    
   5.152066542      0.6932628667    
   5.168635314      0.3484426227    
   5.185204085      0.2169865099E-06
   5.185204085      0.2169865099E-06
   5.201441086      0.2803526735    
   5.217678086      0.5591343159    
   5.233915086      0.8348110206    
   5.250152087       1.105921891    
   5.266389087       1.371112458    
   5.282626087       1.629164438    
   5.298863088       1.879020701    
   5.315100088       2.119804429    
   5.331337088       2.350831641    
   5.347574088       2.571616515    
   5.363811089       2.781869308    
   5.380048089       2.981487138    
   5.396285089       3.170538379    
   5.412522090       3.349241938    
   5.428759090       3.517943100    
   5.444996090       3.677087864    
   5.461233091       3.827197670    
   5.477470091       3.968846115    
   5.493707091       4.102638598    
   5.509944092       4.229194994    
   5.526181092       4.349134496    
   5.542418092       4.463060787    
   5.558655093       4.571545114    
   5.574892093       4.675104602    
   5.591129093       4.774173830    
   5.607366093       4.869069312    
   5.623603094       4.959949185    
   5.639840094       5.046773666    
   5.656077094       5.129274625    
   5.672314095       5.206943540    
   5.688551095       5.279045087    
   5.704788095       5.344658786    
   5.721025096       5.402745123    
   5.737262096       5.452227584    
   5.753499096       5.492079940    
   5.769736097       5.521408875    
   5.785973097       5.539524836    
   5.802210097       5.545997190    
   5.818447098       5.540692408    
   5.834684098       5.523795626    
   5.850921098       5.495816640    
   5.867158099       5.457581432    
   5.883395099       5.410210137    
   5.899632099       5.355082084    
   5.915869099       5.293788527    
   5.932106100       5.228073972    
   5.948343100       5.159767738    
   5.964580100       5.090708586    
   5.980817101       5.022666681    
   5.997054101       4.957268566    
   6.013291101       4.935690526    
   6.029528102       4.990981877    
   6.045765102       5.040000857    
   6.062002102       5.082938053    
   6.078239103       5.120082934    
   6.094476103       5.151811124    
   6.110713103       5.178568900    
   6.126950104       5.200855506    
   6.143187104       5.219203971    
   6.159424104       5.234161270    
   6.175661104       5.246268694    
   6.191898105       5.256043364    
   6.208135105       5.263961796    
   6.224372105       5.270446341    
   6.240609106       5.275855187    
   6.256846106       5.280476384    
   6.273083106       5.284526115    
   6.289320107       5.288151137    
   6.305557107       5.291435025    
   6.321794107       5.294407606    
   6.338031108       5.297056734    
   6.354268108       5.299341420    
   6.370505108       5.301205274    
   6.386742109       5.302589200    
   6.402979109       5.303442383    
   6.419216109       5.303730764    
     
