   0.000000000       51.37645239    
  0.1646374095E-01   51.43750007    
  0.3292748189E-01   51.61814184    
  0.4939122284E-01   51.91104110    
  0.6585496379E-01   52.30451575    
  0.8231870473E-01   52.78331604    
  0.9878244568E-01   53.32963546    
  0.1152461866       53.92428339    
  0.1317099276       54.54793648    
  0.1481736685       55.18238031    
  0.1646374095       55.81165359    
  0.1811011504       56.42301359    
  0.1975648914       57.00765462    
  0.2140286323       57.56112816    
  0.2304923732       58.08343472    
  0.2469561142       58.57878057    
  0.2634198551       59.05501606    
  0.2798835961       59.52279519    
  0.2963473370       59.99451578    
  0.3128110780       60.48311538    
  0.3292748189       61.00080892    
  0.3457385599       61.55785850    
  0.3622023008       62.16146418    
  0.3786660418       62.81485682    
  0.3951297827       63.51666049    
  0.4115935237       64.26057384    
  0.4280572646       65.03539804    
  0.4445210056       65.82541532    
  0.4609847465       66.61109825    
  0.4774484874       67.37010701    
  0.4939122284       68.07851224    
  0.5103759693       68.71216557    
  0.5268397103       67.04996801    
  0.5433034512       64.79696060    
  0.5597671922       62.74692344    
  0.5762309331       60.94011252    
  0.5926946741       59.40302974    
  0.6091584150       58.14797596    
  0.6256221560       57.17341524    
  0.6420858969       56.46511018    
  0.6585496379       55.99793955    
  0.6750133788       55.73826698    
  0.6914771197       55.64669491    
  0.7079408607       55.68101626    
  0.7244046016       55.79916550    
  0.7408683426       55.96197532    
  0.7573320835       56.13556087    
  0.7737958245       56.29318321    
  0.7902595654       56.41648143    
  0.8067233064       56.49600951    
  0.8231870473       56.53106343    
  0.8396507883       56.52883460    
  0.8561145292       56.50297325    
  0.8725782702       60.28005015    
  0.8725782702       60.28005015    
  0.8887371270       56.45556039    
  0.9048959839       56.47345519    
  0.9210548407       56.54272777    
  0.9372136976       56.67675211    
  0.9533725544       56.88336988    
  0.9695314113       57.16379715    
  0.9856902681       57.51206690    
   1.001849125       57.91504802    
   1.018007982       58.35303918    
   1.034166839       58.80089322    
   1.050325696       59.22958937    
   1.066484552       59.60813635    
   1.082643409       59.90566521    
   1.098802266       60.09355520    
   1.114961123       60.14743229    
   1.131119980       60.04888779    
   1.147278837       59.78678310    
   1.163437694       59.35803540    
   1.179596550       58.76781552    
   1.195755407       58.02913135    
   1.211914264       57.16181466    
   1.228073121       56.19097309    
   1.244231978       55.14500959    
   1.260390835       54.05334532    
   1.276549692       52.94400677    
   1.292708548       51.84125198    
   1.308867405       50.76341257    
   1.325026262       49.72111792    
   1.341185119       48.71604567    
   1.357343976       47.74030989    
   1.373502833       46.77655698    
   1.389661690       45.79879244    
   1.405820546       43.46547952    
   1.421979403       40.34749059    
   1.438138260       37.14046799    
   1.454297117       33.88435139    
   1.470455974       30.62045251    
   1.486614831       27.39005014    
   1.502773687       24.23300879    
   1.518932544       21.18649836    
   1.535091401       18.28388606    
   1.551250258       15.55386071    
   1.567409115       13.01983497    
   1.583567972       10.69965312    
   1.599726829       8.605612457    
   1.615885685       6.744786177    
   1.632044542       5.119616439    
   1.648203399       3.728729051    
   1.664362256       2.567907318    
   1.680521113       1.631152842    
   1.696679970      0.9117561808    
   1.712838827      0.4033005170    
   1.728997683      0.1005269254    
   1.745156540      0.2711641967E-12
   1.745156540      0.2711641967E-12
   1.761407614      0.4774123573E-01
   1.777658689      0.1982305590    
   1.793909763      0.4722699650    
   1.810160837      0.9013383036    
   1.826411911       1.523225727    
   1.842662985       2.376707277    
   1.858914059       3.495916144    
   1.875165134       4.905107144    
   1.891416208       6.614443077    
   1.907667282       8.617300311    
   1.923918356       10.88939482    
   1.940169430       13.38980315    
   1.956420504       16.06372491    
   1.972671579       18.84663363    
   1.988922653       21.66931637    
   2.005173727       24.46322440    
   2.021424801       27.16555494    
   2.037675875       29.72355170    
   2.053926949       32.09763703    
   2.070178024       34.26314932    
   2.086429098       36.21063272    
   2.102680172       37.94478818    
   2.118931246       39.48232501    
   2.135182320       40.84903797    
   2.151433394       42.07646965    
   2.167684469       43.19850486    
   2.183935543       44.24819182    
   2.200186617       45.25500849    
   2.216437691       46.24270705    
   2.232688765       47.22779082    
   2.248939839       48.21861689    
   2.265190914       49.21508035    
   2.281441988       50.20882321    
   2.297693062       51.18391646    
   2.313944136       52.11797907    
   2.330195210       52.98371156    
   2.346446284       53.75082428    
   2.362697359       54.38832468    
   2.378948433       54.86709210    
   2.395199507       55.16261614    
   2.411450581       55.25771465    
   2.427701655       55.14499250    
   2.443952729       54.82876639    
   2.460203804       54.32617716    
   2.476454878       53.66724765    
   2.492705952       52.89372441    
   2.508957026       52.05665992    
   2.525208100       51.21283727    
   2.541459174       50.42029243    
   2.557710249       49.73332957    
   2.573961323       49.19752948    
   2.590212397       48.84530201    
   2.606463471       48.69251715    
   2.622714545       48.73666304    
   2.638965619       48.95682855    
   2.655216694       49.31560916    
   2.671467768       49.76281125    
   2.687718842       50.24061017    
   2.703969916       50.68963086    
   2.720220990       51.05529193    
   2.736472064       51.29370437    
   2.752723139       51.37645239    
   2.752723139       51.37645239    
   2.769291910       51.36160879    
   2.785860682       51.31617594    
   2.802429453       51.23751660    
   2.818998225       51.12146131    
   2.835566996       50.96263422    
   2.852135768       50.75488369    
   2.868704539       50.49179368    
   2.885273311       50.16724728    
   2.901842082       49.77601039    
   2.918410854       49.31430205    
   2.934979625       48.78031792    
   2.951548397       48.17467527    
   2.968117168       47.50075146    
   2.984685940       46.76489261    
   3.001254711       45.97647560    
   3.017823483       45.14781362    
   3.034392254       44.29390324    
   3.050961026       43.43201914    
   3.067529797       42.58117024    
   3.084098568       41.76143850    
   3.100667340       40.99322787    
   3.117236111       40.29645618    
   3.133804883       39.68972614    
   3.150373654       39.18951390    
   3.166942426       38.80941341    
   3.183511197       38.55947345    
   3.200079969       38.44566040    
   3.216648740       38.46947505    
   3.233217512       38.62774492    
   3.249786283       38.91260622    
   3.266355055       39.31168093    
   3.282923826       39.80844609    
   3.299492598       40.38278314    
   3.316061369       41.01168742    
   3.332630141       41.67011006    
   3.349198912       42.33189844    
   3.365767684       42.97079643    
   3.382336455       43.56146284    
   3.398905227       42.30030190    
   3.415473998       40.49552345    
   3.432042770       39.18166043    
   3.448611541       38.38336168    
   3.465180313       38.11558991    
   3.465180313       38.11558991    
   3.481973089       38.18645341    
   3.498765866       38.38988853    
   3.515558643       38.70007183    
   3.532351419       39.07916128    
   3.549144196       39.48416276    
   3.565936973       39.87484268    
   3.582729749       40.22132799    
   3.599522526       40.51007189    
   3.616315303       40.74712118    
   3.633108079       40.95805758    
   3.649900856       41.18453160    
   3.666693632       41.47787445    
   3.683486409       41.89076910    
   3.700279186       42.46830464    
   3.717071962       43.23987086    
   3.733864739       44.21324893    
   3.750657516       45.37193178    
   3.767450292       46.67621387    
   3.784243069       48.06799989    
   3.801035846       49.47868871    
   3.817828622       50.83898622    
   3.834621399       52.08916776    
   3.851414176       53.18820382    
   3.868206952       54.12029938    
   3.884999729       54.89776126    
   3.901792505       55.55964536    
   3.918585282       56.16626724    
   3.935378059       56.79029047    
   3.952170835       57.50564270    
   3.968963612       60.28005015    
   3.968963612       60.28005015    
   3.985214686       57.53100267    
   4.001465760       56.83292755    
   4.017716834       56.22468702    
   4.033967909       55.63956628    
   4.050218983       55.01097178    
   4.066470057       54.28198405    
   4.082721131       53.41327930    
   4.098972205       52.38837225    
   4.115223279       51.21552732    
   4.131474354       49.92616385    
   4.147725428       48.57007466    
   4.163976502       47.20821761    
   4.180227576       45.90416459    
   4.196478650       44.71545753    
   4.212729724       43.68610472    
   4.228980799       42.84125762    
   4.245231873       42.18476883    
   4.261482947       41.69989662    
   4.277734021       41.35295587    
   4.293985095       41.09928716    
   4.310236169       40.89058814    
   4.326487244       40.68247120    
   4.342738318       40.44110361    
   4.358989392       40.14795027    
   4.375240466       39.80194761    
   4.391491540       39.41884300    
   4.407742614       39.02787462    
   4.423993689       38.66637438    
   4.440244763       38.37319083    
   4.456495837       38.18200151    
   4.472746911       38.11558991    
   4.472746911       38.11558991    
   4.489315683       37.92197200    
   4.505884454       37.35664535    
   4.522453226       36.46461146    
   4.539021997       35.31578348    
   4.555590769       33.99794859    
   4.572159540       32.60803496    
   4.588728312       31.24264226    
   4.605297083       29.98886098    
   4.621865855       28.91635285    
   4.638434626       28.07150043    
   4.655003398       27.47417921    
   4.671572169       27.11739315    
   4.688140941       26.96968257    
   4.704709712       26.97990233    
   4.721278484       27.08371554    
   4.737847255       27.21098177    
   4.754416027       27.29315785    
   4.770984798       27.26987665    
   4.787553570       27.09401639    
   4.804122341       26.73479734    
   4.820691112       26.17871393    
   4.837259884       25.42839187    
   4.853828655       24.49971592    
   4.870397427       23.41777217    
   4.886966198       22.21226590    
   4.903534970       20.91309973    
   4.920103741       19.54672751    
   4.936672513       18.13374970    
   4.953241284       16.68800906    
   4.969810056       15.21721108    
   4.986378827       12.45451983    
   5.002947599       9.691897557    
   5.019516370       7.128706783    
   5.036085142       4.887587057    
   5.052653913       3.053519195    
   5.069222685       1.665805774    
   5.085791456      0.7164301767    
   5.102360228      0.1548613949    
   5.118928999     -0.1015027832    
   5.135497771     -0.1528184624    
   5.152066542     -0.1003065719    
   5.168635314     -0.3014241107E-01
   5.185204085      0.2711641967E-12
   5.185204085      0.2711641967E-12
   5.201441086      0.7788384896E-01
   5.217678086      0.3151921489    
   5.233915086      0.7225770575    
   5.250152087       1.316753413    
   5.266389087       2.119014729    
   5.282626087       3.153298897    
   5.298863088       4.443935666    
   5.315100088       6.013230447    
   5.331337088       7.879051435    
   5.347574088       9.737734915    
   5.363811089       11.31497209    
   5.380048089       12.90076439    
   5.396285089       14.47743738    
   5.412522090       16.03212401    
   5.428759090       17.55704726    
   5.444996090       19.04949838    
   5.461233091       20.51151716    
   5.477470091       21.94929907    
   5.493707091       23.37237068    
   5.509944092       24.79258917    
   5.526181092       26.22303208    
   5.542418092       27.67684882    
   5.558655093       29.16614496    
   5.574892093       30.70096422    
   5.591129093       32.28842208    
   5.607366093       33.93203082    
   5.623603094       35.63124085    
   5.639840094       37.38120973    
   5.656077094       39.17279865    
   5.672314095       40.99278710    
   5.688551095       42.82428938    
   5.704788095       44.64735051    
   5.721025096       46.43969451    
   5.737262096       48.17759660    
   5.753499096       49.83685439    
   5.769736097       51.39384690    
   5.785973097       52.82669467    
   5.802210097       54.11657112    
   5.818447098       55.24924805    
   5.834684098       56.21694628    
   5.850921098       57.02042481    
   5.867158099       57.67089100    
   5.883395099       58.19078944    
   5.899632099       58.61216422    
   5.915869099       58.97160969    
   5.932106100       59.30196480    
   5.948343100       59.62229837    
   5.964580100       59.92892935    
   5.980817101       60.19170502    
   5.997054101       60.36106117    
   6.013291101       60.38742833    
   6.029528102       60.24204509    
   6.045765102       59.92292158    
   6.062002102       59.44525740    
   6.078239103       58.82916191    
   6.094476103       58.09273077    
   6.110713103       57.25017222    
   6.126950104       56.31237976    
   6.143187104       55.28823845    
   6.159424104       54.18594969    
   6.175661104       53.01415034    
   6.191898105       51.78277621    
   6.208135105       50.50366740    
   6.224372105       49.19092076    
   6.240609106       47.86099607    
   6.256846106       46.53258491    
   6.273083106       45.22625958    
   6.289320107       43.96393348    
   6.305557107       42.76819054    
   6.321794107       41.66158987    
   6.338031108       40.66613599    
   6.354268108       39.80321194    
   6.370505108       39.09424805    
   6.386742109       38.56179114    
   6.402979109       38.22910018    
   6.419216109       38.11558991    
     
   0.000000000       51.37645239    
  0.1646374095E-01   51.43750007    
  0.3292748189E-01   51.61814184    
  0.4939122284E-01   51.91104110    
  0.6585496379E-01   52.30451575    
  0.8231870473E-01   52.78331604    
  0.9878244568E-01   53.32963546    
  0.1152461866       53.92428339    
  0.1317099276       54.54793648    
  0.1481736685       55.18238031    
  0.1646374095       55.81165359    
  0.1811011504       56.42301359    
  0.1975648914       57.00765462    
  0.2140286323       57.56112816    
  0.2304923732       58.08343472    
  0.2469561142       58.57878057    
  0.2634198551       59.05501606    
  0.2798835961       59.52279519    
  0.2963473370       59.99451578    
  0.3128110780       60.48311538    
  0.3292748189       61.00080892    
  0.3457385599       61.55785850    
  0.3622023008       62.16146418    
  0.3786660418       62.81485682    
  0.3951297827       63.51666049    
  0.4115935237       64.26057384    
  0.4280572646       65.03539804    
  0.4445210056       65.82541532    
  0.4609847465       66.61109825    
  0.4774484874       67.37010701    
  0.4939122284       68.07851224    
  0.5103759693       68.71216557    
  0.5268397103       69.24812937    
  0.5433034512       69.66607325    
  0.5597671922       69.94954658    
  0.5762309331       70.08704451    
  0.5926946741       70.07279843    
  0.6091584150       69.90724005    
  0.6256221560       69.59710978    
  0.6420858969       69.15520313    
  0.6585496379       68.59977283    
  0.6750133788       67.95362579    
  0.6914771197       67.24297396    
  0.7079408607       66.49611255    
  0.7244046016       65.74200935    
  0.7408683426       65.00889273    
  0.7573320835       64.32292409    
  0.7737958245       63.70703282    
  0.7902595654       63.17997894    
  0.8067233064       62.75569145    
  0.8231870473       62.44291078    
  0.8396507883       62.24514164    
  0.8561145292       62.16090184    
  0.8725782702       60.28005015    
  0.8725782702       60.28005015    
  0.8887371270       62.30235509    
  0.9048959839       62.50284599    
  0.9210548407       62.77197228    
  0.9372136976       63.09502803    
  0.9533725544       63.45712768    
  0.9695314113       63.84388248    
  0.9856902681       64.24191543    
   1.001849125       64.63918465    
   1.018007982       65.02510125    
   1.034166839       65.39044449    
   1.050325696       65.72709393    
   1.066484552       66.02761273    
   1.082643409       66.28472877    
   1.098802266       66.49076878    
   1.114961123       66.63710498    
   1.131119980       66.71367380    
   1.147278837       66.70862126    
   1.163437694       66.60812097    
   1.179596550       66.39639786    
   1.195755407       66.05597576    
   1.211914264       65.56814972    
   1.228073121       64.91366681    
   1.244231978       64.07358247    
   1.260390835       63.03024469    
   1.276549692       61.76834719    
   1.292708548       60.27598451    
   1.308867405       58.54563948    
   1.325026262       56.57503458    
   1.341185119       54.36778558    
   1.357343976       51.93380641    
   1.373502833       49.28942877    
   1.389661690       46.45721724    
   1.405820546       43.46547952    
   1.421979403       40.34749059    
   1.438138260       37.14046799    
   1.454297117       33.88435139    
   1.470455974       30.62045251    
   1.486614831       27.39005014    
   1.502773687       24.23300879    
   1.518932544       21.18649836    
   1.535091401       18.28388606    
   1.551250258       15.55386071    
   1.567409115       13.01983497    
   1.583567972       10.69965312    
   1.599726829       8.605612457    
   1.615885685       6.744786177    
   1.632044542       5.119616439    
   1.648203399       3.728729051    
   1.664362256       2.567907318    
   1.680521113       1.631152842    
   1.696679970      0.9117561808    
   1.712838827      0.4033005170    
   1.728997683      0.1005269254    
   1.745156540      0.2711641967E-12
   1.745156540      0.2711641967E-12
   1.761407614      0.4774123573E-01
   1.777658689      0.1982305590    
   1.793909763      0.4722699650    
   1.810160837      0.9013383036    
   1.826411911       1.523225727    
   1.842662985       2.376707277    
   1.858914059       3.495916144    
   1.875165134       4.905107144    
   1.891416208       6.614443077    
   1.907667282       8.617300311    
   1.923918356       10.88939482    
   1.940169430       13.38980315    
   1.956420504       16.06372491    
   1.972671579       18.84663363    
   1.988922653       21.66931637    
   2.005173727       24.46322440    
   2.021424801       27.16555494    
   2.037675875       29.72355170    
   2.053926949       32.09763703    
   2.070178024       34.26314932    
   2.086429098       36.21063272    
   2.102680172       37.94478818    
   2.118931246       39.48232501    
   2.135182320       40.84903797    
   2.151433394       42.07646965    
   2.167684469       43.19850486    
   2.183935543       44.24819182    
   2.200186617       45.25500849    
   2.216437691       46.24270705    
   2.232688765       47.22779082    
   2.248939839       48.21861689    
   2.265190914       49.21508035    
   2.281441988       50.20882321    
   2.297693062       51.18391646    
   2.313944136       52.11797907    
   2.330195210       52.98371156    
   2.346446284       53.75082428    
   2.362697359       54.38832468    
   2.378948433       54.86709210    
   2.395199507       55.16261614    
   2.411450581       55.25771465    
   2.427701655       55.14499250    
   2.443952729       54.82876639    
   2.460203804       54.32617716    
   2.476454878       53.66724765    
   2.492705952       52.89372441    
   2.508957026       52.05665992    
   2.525208100       51.21283727    
   2.541459174       50.42029243    
   2.557710249       49.73332957    
   2.573961323       49.19752948    
   2.590212397       48.84530201    
   2.606463471       48.69251715    
   2.622714545       48.73666304    
   2.638965619       48.95682855    
   2.655216694       49.31560916    
   2.671467768       49.76281125    
   2.687718842       50.24061017    
   2.703969916       50.68963086    
   2.720220990       51.05529193    
   2.736472064       51.29370437    
   2.752723139       51.37645239    
   2.752723139       51.37645239    
   2.769291910       51.45943265    
   2.785860682       51.70609961    
   2.802429453       52.10976667    
   2.818998225       52.65973165    
   2.835566996       53.34191471    
   2.852135768       54.13970211    
   2.868704539       55.03494960    
   2.885273311       56.00908985    
   2.901842082       57.04428257    
   2.918410854       58.12454224    
   2.934979625       59.23677920    
   2.951548397       60.37169289    
   2.968117168       61.52446312    
   2.984685940       62.69519474    
   3.001254711       63.88908298    
   3.017823483       65.11628090    
   3.034392254       66.39146509    
   3.050961026       67.73311148    
   3.067529797       69.16250807    
   3.084098568       70.70254563    
   3.100667340       72.37633942    
   3.117236111       74.20574531    
   3.133804883       76.20984005    
   3.150373654       78.40343969    
   3.166942426       80.79572999    
   3.183511197       83.38907928    
   3.200079969       83.14514164    
   3.216648740       79.86530519    
   3.233217512       76.32569558    
   3.249786283       72.59452011    
   3.266355055       68.74362769    
   3.282923826       64.84704551    
   3.299492598       60.97950224    
   3.316061369       57.21496623    
   3.332630141       53.62522478    
   3.349198912       50.27852877    
   3.365767684       47.23832432    
   3.382336455       44.56209082    
   3.398905227       44.08046474    
   3.415473998       44.50720374    
   3.432042770       44.82473528    
   3.448611541       45.02044578    
   3.465180313       45.08655845    
   3.465180313       45.08655845    
   3.481973089       45.47906135    
   3.498765866       46.62926909    
   3.515558643       48.45810146    
   3.532351419       50.84278348    
   3.549144196       53.62909999    
   3.565936973       56.64619285    
   3.582729749       59.72198928    
   3.599522526       62.69735896    
   3.616315303       65.43739053    
   3.633108079       67.83869867    
   3.649900856       69.83233071    
   3.666693632       71.38252335    
   3.683486409       72.48215287    
   3.700279186       73.14613228    
   3.717071962       73.40417568    
   3.733864739       73.29425864    
   3.750657516       72.85778353    
   3.767450292       72.13698086    
   3.784243069       71.17453731    
   3.801035846       70.01494350    
   3.817828622       68.70669294    
   3.834621399       67.30430376    
   3.851414176       65.86920367    
   3.868206952       64.46879729    
   3.884999729       63.17346535    
   3.901792505       62.05173958    
   3.918585282       61.16435401    
   3.935378059       60.55819892    
   3.952170835       60.26132689    
   3.968963612       60.28005015    
   3.968963612       60.28005015    
   3.985214686       60.25703206    
   4.001465760       60.52952908    
   4.017716834       61.09279827    
   4.033967909       61.92291757    
   4.050218983       62.97908299    
   4.066470057       64.20769911    
   4.082721131       65.54745496    
   4.098972205       66.93446908    
   4.115223279       68.30665462    
   4.131474354       69.60667998    
   4.147725428       70.78323670    
   4.163976502       71.79070824    
   4.180227576       72.58768781    
   4.196478650       73.13505293    
   4.212729724       73.39441859    
   4.228980799       73.32773494    
   4.245231873       72.89857750    
   4.261482947       72.07533267    
   4.277734021       70.83606994    
   4.293985095       69.17448852    
   4.310236169       67.10600302    
   4.326487244       64.67285530    
   4.342738318       61.94714437    
   4.358989392       59.03086527    
   4.375240466       56.05241599    
   4.391491540       53.15951762    
   4.407742614       50.50902291    
   4.423993689       48.25457961    
   4.440244763       46.53348786    
   4.456495837       45.45428372    
   4.472746911       45.08655845    
   4.472746911       45.08655845    
   4.489315683       45.26539907    
   4.505884454       45.77232372    
   4.522453226       46.52237770    
   4.539021997       47.38626388    
   4.555590769       48.20711346    
   4.572159540       48.82084720    
   4.588728312       49.07750065    
   4.605297083       48.86076524    
   4.621865855       48.10323150    
   4.638434626       46.79537989    
   4.655003398       44.98717474    
   4.671572169       42.78207369    
   4.688140941       40.32424256    
   4.704709712       37.78063798    
   4.721278484       35.32027439    
   4.737847255       33.09334388    
   4.754416027       31.21286267    
   4.770984798       29.74117764    
   4.787553570       28.68302597    
   4.804122341       27.98598591    
   4.820691112       27.54819853    
   4.837259884       27.23230536    
   4.853828655       26.88375530    
   4.870397427       26.35108956    
   4.886966198       25.50558348    
   4.903534970       24.25773788    
   4.920103741       22.56855087    
   4.936672513       20.45420525    
   4.953241284       17.98368108    
   4.969810056       15.26973139    
   4.986378827       13.72486489    
   5.002947599       12.21314894    
   5.019516370       10.68617662    
   5.036085142       9.153087064    
   5.052653913       7.630421123    
   5.069222685       6.143354588    
   5.085791456       4.725534197    
   5.102360228       3.417470457    
   5.118928999       2.263655550    
   5.135497771       1.308763931    
   5.152066542      0.5934311287    
   5.168635314      0.1501736125    
   5.185204085      0.2711641967E-12
   5.185204085      0.2711641967E-12
   5.201441086      0.1198305562    
   5.217678086      0.4761385986    
   5.233915086       1.059531116    
   5.250152087       1.854870566    
   5.266389087       2.842020992    
   5.282626087       3.996834105    
   5.298863088       5.292320854    
   5.315100088       6.699943816    
   5.331337088       8.190959224    
   5.347574088       10.05258847    
   5.363811089       12.53644260    
   5.380048089       15.32318516    
   5.396285089       18.39449613    
   5.412522090       21.72095456    
   5.428759090       25.26251256    
   5.444996090       28.96964005    
   5.461233091       32.78508370    
   5.477470091       36.64614355    
   5.493707091       40.48733576    
   5.509944092       44.24328406    
   5.526181092       47.85166572    
   5.542418092       51.25603253    
   5.558655093       54.40833339    
   5.574892093       57.27098235    
   5.591129093       59.81834324    
   5.607366093       61.43314088    
   5.623603094       62.89374693    
   5.639840094       64.30123709    
   5.656077094       65.64087012    
   5.672314095       66.89274927    
   5.688551095       68.03388419    
   5.704788095       69.04061884    
   5.721025096       69.70106325    
   5.737262096       70.08405947    
   5.753499096       70.40676688    
   5.769736097       70.69877906    
   5.785973097       70.98125440    
   5.802210097       71.26594708    
   5.818447098       71.30875168    
   5.834684098       71.04699371    
   5.850921098       70.72256931    
   5.867158099       70.37139652    
   5.883395099       70.02474134    
   5.899632099       69.70727820    
   5.915869099       69.43820836    
   5.932106100       69.23553657    
   5.948343100       69.12222630    
   5.964580100       69.13175339    
   5.980817101       69.30907831    
   5.997054101       69.70171873    
   6.013291101       69.87219410    
   6.029528102       69.20276513    
   6.045765102       68.60211207    
   6.062002102       68.14226442    
   6.078239103       67.89983408    
   6.094476103       67.95204083    
   6.110713103       68.37236995    
   6.126950104       69.22610098    
   6.143187104       70.56596311    
   6.159424104       72.42817451    
   6.175661104       74.82911004    
   6.191898105       75.63545741    
   6.208135105       74.08576117    
   6.224372105       72.09073464    
   6.240609106       69.70017411    
   6.256846106       66.98548414    
   6.273083106       64.03690979    
   6.289320107       60.95975109    
   6.305557107       57.86970943    
   6.321794107       54.88752685    
   6.338031108       52.13303912    
   6.354268108       49.71868483    
   6.370505108       47.74254508    
   6.386742109       46.28158550    
   6.402979109       45.38728074    
   6.419216109       45.08655845    
     
   0.000000000       51.37645239    
  0.1646374095E-01   51.53894110    
  0.3292748189E-01   52.02482866    
  0.4939122284E-01   52.82924695    
  0.6585496379E-01   53.94365738    
  0.8231870473E-01   55.35526880    
  0.9878244568E-01   57.04632880    
  0.1152461866       58.99338351    
  0.1317099276       61.16661384    
  0.1481736685       63.52935881    
  0.1646374095       66.03793018    
  0.1811011504       68.64180599    
  0.1975648914       71.28426565    
  0.2140286323       73.90349783    
  0.2304923732       76.43417570    
  0.2469561142       78.80945660    
  0.2634198551       80.96332629    
  0.2798835961       82.83317488    
  0.2963473370       84.36246602    
  0.3128110780       85.50334315    
  0.3292748189       86.21901020    
  0.3457385599       86.48572878    
  0.3622023008       86.29428962    
  0.3786660418       85.65084294    
  0.3951297827       84.57700786    
  0.4115935237       83.10922328    
  0.4280572646       81.29734932    
  0.4445210056       79.20257534    
  0.4609847465       76.89473543    
  0.4774484874       74.44917162    
  0.4939122284       71.94331587    
  0.5103759693       69.45318213    
  0.5268397103       69.24812937    
  0.5433034512       69.66607325    
  0.5597671922       69.94954658    
  0.5762309331       70.08704451    
  0.5926946741       70.07279843    
  0.6091584150       69.90724005    
  0.6256221560       69.59710978    
  0.6420858969       69.15520313    
  0.6585496379       68.59977283    
  0.6750133788       67.95362579    
  0.6914771197       67.24297396    
  0.7079408607       66.49611255    
  0.7244046016       65.74200935    
  0.7408683426       65.00889273    
  0.7573320835       64.32292409    
  0.7737958245       63.70703282    
  0.7902595654       63.17997894    
  0.8067233064       62.75569145    
  0.8231870473       62.44291078    
  0.8396507883       62.24514164    
  0.8561145292       62.16090184    
  0.8725782702       60.28005015    
  0.8725782702       60.28005015    
  0.8887371270       62.30235509    
  0.9048959839       62.50284599    
  0.9210548407       62.77197228    
  0.9372136976       63.09502803    
  0.9533725544       63.45712768    
  0.9695314113       63.84388248    
  0.9856902681       64.24191543    
   1.001849125       64.63918465    
   1.018007982       65.02510125    
   1.034166839       65.39044449    
   1.050325696       65.72709393    
   1.066484552       66.02761273    
   1.082643409       66.28472877    
   1.098802266       66.49076878    
   1.114961123       66.63710498    
   1.131119980       66.71367380    
   1.147278837       66.70862126    
   1.163437694       66.60812097    
   1.179596550       66.39639786    
   1.195755407       66.05597576    
   1.211914264       65.56814972    
   1.228073121       64.91366681    
   1.244231978       64.07358247    
   1.260390835       63.03024469    
   1.276549692       61.76834719    
   1.292708548       60.27598451    
   1.308867405       58.54563948    
   1.325026262       56.57503458    
   1.341185119       54.36778558    
   1.357343976       51.93380641    
   1.373502833       49.28942877    
   1.389661690       46.45721724    
   1.405820546       44.77391174    
   1.421979403       43.66385954    
   1.438138260       42.42829601    
   1.454297117       41.02761107    
   1.470455974       39.42609868    
   1.486614831       37.59508661    
   1.502773687       35.51581370    
   1.518932544       33.18185635    
   1.535091401       30.60092922    
   1.551250258       27.79592011    
   1.567409115       24.80506352    
   1.583567972       21.68120923    
   1.599726829       18.49019785    
   1.615885685       15.30841055    
   1.632044542       12.21961313    
   1.648203399       9.311259831    
   1.664362256       6.670458418    
   1.680521113       4.379822004    
   1.696679970       2.513443184    
   1.712838827       1.133221811    
   1.728997683      0.2857592260    
   1.745156540      0.2711641967E-12
   1.745156540      0.2711641967E-12
   1.761407614      0.4026558454    
   1.777658689       1.583552306    
   1.793909763       3.464349683    
   1.810160837       5.923690123    
   1.826411911       8.809767773    
   1.842662985       11.95562559    
   1.858914059       15.19527643    
   1.875165134       18.37870428    
   1.891416208       21.38402771    
   1.907667282       24.12556296    
   1.923918356       26.55713617    
   1.940169430       28.67066762    
   1.956420504       30.49068663    
   1.972671579       32.06593849    
   1.988922653       33.45954806    
   2.005173727       34.73926961    
   2.021424801       35.96918269    
   2.037675875       37.20382683    
   2.053926949       38.48527185    
   2.070178024       39.84308254    
   2.086429098       41.29664505    
   2.102680172       42.85895743    
   2.118931246       44.54080233    
   2.135182320       46.35424028    
   2.151433394       48.31457375    
   2.167684469       50.44029235    
   2.183935543       52.75094800    
   2.200186617       55.26334653    
   2.216437691       57.98679906    
   2.232688765       60.91838927    
   2.248939839       64.03924450    
   2.265190914       67.31264342    
   2.281441988       70.68447949    
   2.297693062       74.08618320    
   2.313944136       77.43976188    
   2.330195210       80.66422367    
   2.346446284       83.68238399    
   2.362697359       86.42695897    
   2.378948433       88.84495261    
   2.395199507       90.89962841    
   2.411450581       92.56977803    
   2.427701655       93.84648720    
   2.443952729       94.72806943    
   2.460203804       95.21420688    
   2.476454878       95.30053689    
   2.492705952       94.97490940    
   2.508957026       94.21630861    
   2.525208100       92.99701025    
   2.541459174       91.28799709    
   2.557710249       89.06706553    
   2.573961323       86.32852198    
   2.590212397       83.09297899    
   2.606463471       79.41559010    
   2.622714545       75.39114565    
   2.638965619       71.15478936    
   2.655216694       66.87766636    
   2.671467768       62.75750058    
   2.687718842       59.00482515    
   2.703969916       55.82624397    
   2.720220990       53.40658755    
   2.736472064       51.89206350    
   2.752723139       51.37645239    
   2.752723139       51.37645239    
   2.769291910       51.63444605    
   2.785860682       52.40223783    
   2.802429453       53.66141192    
   2.818998225       55.38177736    
   2.835566996       57.52210679    
   2.852135768       60.03114257    
   2.868704539       62.84884333    
   2.885273311       65.90783738    
   2.901842082       69.13504468    
   2.918410854       72.45342468    
   2.934979625       75.78380462    
   2.951548397       79.04674161    
   2.968117168       82.16437162    
   2.984685940       85.06219985    
   3.001254711       87.67078953    
   3.017823483       89.92730976    
   3.034392254       91.77690782    
   3.050961026       93.17387672    
   3.067529797       94.08259501    
   3.084098568       94.47822209    
   3.100667340       94.34713929    
   3.117236111       93.68713324    
   3.133804883       92.50732475    
   3.150373654       90.82785224    
   3.166942426       88.67932415    
   3.183511197       86.10205981    
   3.200079969       86.17809770    
   3.216648740       89.14899642    
   3.233217512       92.27928810    
   3.249786283       95.53785470    
   3.266355055       98.88539288    
   3.282923826       102.2752298    
   3.299492598       105.6544856    
   3.316061369       108.9655420    
   3.332630141       112.1477638    
   3.349198912       115.1394054    
   3.365767684       117.8796269    
   3.382336455       120.3105385    
   3.398905227       122.3791888    
   3.415473998       124.0394140    
   3.432042770       125.2534708    
   3.448611541       125.9933851    
   3.465180313       126.2419576    
   3.465180313       126.2419576    
   3.481973089       125.5279538    
   3.498765866       123.4376340    
   3.515558643       120.1206708    
   3.532351419       115.8091845    
   3.549144196       110.7940128    
   3.565936973       105.3957038    
   3.582729749       99.93374250    
   3.599522526       94.69762564    
   3.616315303       89.92303372    
   3.633108079       85.77555510    
   3.649900856       82.34333770    
   3.666693632       79.63882882    
   3.683486409       77.60859508    
   3.700279186       76.14925273    
   3.717071962       75.12690916    
   3.733864739       74.39729149    
   3.750657516       73.82392264    
   3.767450292       73.29224724    
   3.784243069       72.71840244    
   3.801035846       72.05223656    
   3.817828622       71.27505500    
   3.834621399       70.39328712    
   3.851414176       69.42972374    
   3.868206952       68.41412229    
   3.884999729       67.37482134    
   3.901792505       66.33260126    
   3.918585282       65.29746275    
   3.935378059       64.26838279    
   3.952170835       63.23555597    
   3.968963612       60.28005015    
   3.968963612       60.28005015    
   3.985214686       63.20201646    
   4.001465760       64.20200347    
   4.017716834       65.19770997    
   4.033967909       66.19855477    
   4.050218983       67.20651888    
   4.066470057       68.21403698    
   4.082721131       69.20385631    
   4.098972205       70.15131100    
   4.115223279       71.02904984    
   4.131474354       71.81378472    
   4.147725428       72.49417505    
   4.163976502       73.07861090    
   4.180227576       73.60147535    
   4.196478650       74.12650238    
   4.212729724       74.74611565    
   4.228980799       75.57611458    
   4.245231873       76.74570868    
   4.261482947       78.38360504    
   4.277734021       80.60152258    
   4.293985095       83.47703729    
   4.310236169       87.03796483    
   4.326487244       91.25049960    
   4.342738318       96.01303211    
   4.358989392       101.1569812    
   4.375240466       106.4551720    
   4.391491540       111.6373654    
   4.407742614       116.4116198    
   4.423993689       120.4893736    
   4.440244763       123.6115824    
   4.456495837       125.5730167    
   4.472746911       126.2419576    
   4.472746911       126.2419576    
   4.489315683       125.7738514    
   4.505884454       124.4132493    
   4.522453226       122.2860179    
   4.539021997       119.5849814    
   4.555590769       116.5467025    
   4.572159540       113.4231095    
   4.588728312       110.4514701    
   4.605297083       107.8263975    
   4.621865855       105.6773001    
   4.638434626       104.0539812    
   4.655003398       102.9220620    
   4.671572169       102.1686644    
   4.688140941       101.6175125    
   4.704709712       101.0514510    
   4.721278484       100.2394905    
   4.737847255       98.96497215    
   4.754416027       97.05136719    
   4.770984798       94.38259112    
   4.787553570       90.91546827    
   4.804122341       86.68302306    
   4.820691112       81.78846669    
   4.837259884       76.39093272    
   4.853828655       70.68504130    
   4.870397427       64.87710767    
   4.886966198       59.16116618    
   4.903534970       53.69791591    
   4.920103741       48.59922388    
   4.936672513       43.92001504    
   4.953241284       39.65834702    
   4.969810056       35.76335234    
   4.986378827       32.14968005    
   5.002947599       28.71622285    
   5.019516370       25.36638325    
   5.036085142       22.02698144    
   5.052653913       18.66315224    
   5.069222685       15.28718116    
   5.085791456       11.96010411    
   5.102360228       8.785919589    
   5.118928999       5.899295470    
   5.135497771       3.448554060    
   5.152066542       1.576365534    
   5.168635314      0.4008858908    
   5.185204085      0.2711641967E-12
   5.185204085      0.2711641967E-12
   5.201441086      0.2947630820    
   5.217678086       1.170084261    
   5.233915086       2.599499506    
   5.250152087       4.540343734    
   5.266389087       6.935825227    
   5.282626087       9.717759343    
   5.298863088       12.80980374    
   5.315100088       16.13100948    
   5.331337088       19.59948591    
   5.347574088       23.13597334    
   5.363811089       26.66712583    
   5.380048089       30.12832723    
   5.396285089       33.46589454    
   5.412522090       36.63856249    
   5.428759090       39.61818872    
   5.444996090       42.38966752    
   5.461233091       44.95008846    
   5.477470091       47.30722116    
   5.493707091       49.47744662    
   5.509944092       51.48328664    
   5.526181092       53.35070413    
   5.542418092       55.10635872    
   5.558655093       56.77500250    
   5.574892093       58.37719145    
   5.591129093       59.92746809    
   5.607366093       62.03753802    
   5.623603094       63.92852827    
   5.639840094       65.50346494    
   5.656077094       66.78534798    
   5.672314095       67.80608226    
   5.688551095       68.60405469    
   5.704788095       69.22138997    
   5.721025096       69.89123371    
   5.737262096       70.56851047    
   5.753499096       71.06203645    
   5.769736097       71.37002336    
   5.785973097       71.50041467    
   5.802210097       71.47105990    
   5.818447098       71.55498052    
   5.834684098       71.84138604    
   5.850921098       72.11037904    
   5.867158099       72.34129516    
   5.883395099       72.51006341    
   5.899632099       72.59205455    
   5.915869099       72.56511393    
   5.932106100       72.41257055    
   5.948343100       72.12600926    
   5.964580100       71.70760202    
   5.980817101       71.17181592    
   5.997054101       70.54634964    
   6.013291101       70.33951387    
   6.029528102       71.21411358    
   6.045765102       72.27447411    
   6.062002102       73.43901003    
   6.078239103       74.61143759    
   6.094476103       75.69207394    
   6.110713103       76.58466269    
   6.126950104       77.20105066    
   6.143187104       77.46512527    
   6.159424104       77.31641551    
   6.175661104       76.71327968    
   6.191898105       77.76281375    
   6.208135105       81.19953207    
   6.224372105       85.08539123    
   6.240609106       89.34328272    
   6.256846106       93.87495504    
   6.273083106       98.56424405    
   6.289320107       103.2813104    
   6.305557107       107.8876949    
   6.321794107       112.2419542    
   6.338031108       116.2056060    
   6.354268108       119.6490871    
   6.370505108       122.4574287    
   6.386742109       124.5353593    
   6.402979109       125.8115750    
   6.419216109       126.2419576    
     
