 open ../../species//Hf.xml
 open ../../species//Si.xml
 open ../../species//O.xml
 
Info(writegeom):
 EXCITING lattice vectors and atomic positions written to geometry.xml
 
Warning(occupy): not enough empty states for k-point      3
 
Warning(occupy): not enough empty states for k-point      4
 
Warning(occupy): valence eigenvalues below evalmin for s.c. loop    19
 
Warning(occupy): valence eigenvalues below evalmin for s.c. loop    20
 
Warning(occupy): valence eigenvalues below evalmin for s.c. loop    21
 
Warning(occupy): valence eigenvalues below evalmin for s.c. loop    22
 
Warning(occupy): valence eigenvalues below evalmin for s.c. loop    33
 
Warning(occupy): not enough empty states for k-point      1
 
Warning(occupy): not enough empty states for k-point      2
 
Warning(occupy): not enough empty states for k-point      3
 
Warning(occupy): not enough empty states for k-point      4
 
Warning(charge): total charge density incorrect for s.c. loop    33
 Calculated :    219.6700583    
 Required   :    236.0000000    
 
Warning(occupy): valence eigenvalues below evalmin for s.c. loop    34
 
Warning(occupy): not enough empty states for k-point      1
 
Warning(occupy): not enough empty states for k-point      2
 
Warning(occupy): not enough empty states for k-point      3
 
Warning(occupy): not enough empty states for k-point      4
 
Warning(charge): total charge density incorrect for s.c. loop    34
 Calculated :    219.0144748    
 Required   :    236.0000000    
 
Warning(occupy): valence eigenvalues below evalmin for s.c. loop    35
 
Warning(occupy): not enough empty states for k-point      1
 
Warning(occupy): not enough empty states for k-point      2
 
Warning(occupy): not enough empty states for k-point      3
 
Warning(occupy): not enough empty states for k-point      4
 
Warning(charge): total charge density incorrect for s.c. loop    35
 Calculated :    228.0102416    
 Required   :    236.0000000    
 
Warning(occupy): valence eigenvalues below evalmin for s.c. loop    36
 
Warning(occupy): not enough empty states for k-point      1
 
Warning(occupy): not enough empty states for k-point      2
 
Warning(occupy): not enough empty states for k-point      3
 
Warning(occupy): not enough empty states for k-point      4
 
Warning(charge): total charge density incorrect for s.c. loop    36
 Calculated :    230.8401575    
 Required   :    236.0000000    
 
Warning(occupy): valence eigenvalues below evalmin for s.c. loop    37
 
Warning(occupy): not enough empty states for k-point      1
 
Warning(occupy): not enough empty states for k-point      2
 
Warning(occupy): not enough empty states for k-point      3
 
Warning(occupy): not enough empty states for k-point      4
 
Warning(charge): total charge density incorrect for s.c. loop    37
 Calculated :    229.5269660    
 Required   :    236.0000000    
 
Warning(occupy): valence eigenvalues below evalmin for s.c. loop    38
 
Warning(occupy): not enough empty states for k-point      1
 
Warning(occupy): not enough empty states for k-point      2
 
Warning(occupy): not enough empty states for k-point      3
 
Warning(occupy): not enough empty states for k-point      4
 
Warning(charge): total charge density incorrect for s.c. loop    38
 Calculated :    230.9843796    
 Required   :    236.0000000    
 
Warning(occupy): valence eigenvalues below evalmin for s.c. loop    39
 
Warning(occupy): not enough empty states for k-point      1
 
Warning(occupy): not enough empty states for k-point      2
 
Warning(occupy): not enough empty states for k-point      3
 
Warning(occupy): not enough empty states for k-point      4
 
Warning(charge): total charge density incorrect for s.c. loop    39
 Calculated :    235.1369143    
 Required   :    236.0000000    
 
Warning(occupy): valence eigenvalues below evalmin for s.c. loop    40
 
Warning(occupy): valence eigenvalues below evalmin for s.c. loop   104
 
Warning(occupy): valence eigenvalues below evalmin for s.c. loop   126
 
Warning(occupy): valence eigenvalues below evalmin for s.c. loop   127
 
Warning(occupy): valence eigenvalues below evalmin for s.c. loop   128
 
Warning(occupy): valence eigenvalues below evalmin for s.c. loop   140
 
Warning(occupy): not enough empty states for k-point      1
 
Warning(occupy): not enough empty states for k-point      2
 
Warning(occupy): not enough empty states for k-point      3
 
Warning(occupy): not enough empty states for k-point      4
 
Warning(charge): total charge density incorrect for s.c. loop   140
 Calculated :    223.4707525    
 Required   :    236.0000000    
 
Warning(occupy): valence eigenvalues below evalmin for s.c. loop   141
 
Warning(occupy): not enough empty states for k-point      1
 
Warning(occupy): not enough empty states for k-point      2
 
Warning(occupy): not enough empty states for k-point      3
 
Warning(occupy): not enough empty states for k-point      4
 
Warning(charge): total charge density incorrect for s.c. loop   141
 Calculated :    234.0545601    
 Required   :    236.0000000    
 
Warning(occupy): valence eigenvalues below evalmin for s.c. loop   142
 
Warning(occupy): not enough empty states for k-point      1
 
Warning(occupy): not enough empty states for k-point      2
 
Warning(occupy): not enough empty states for k-point      3
 
Warning(occupy): not enough empty states for k-point      4
 
Warning(charge): total charge density incorrect for s.c. loop   142
 Calculated :    230.2278296    
 Required   :    236.0000000    
 
Warning(occupy): valence eigenvalues below evalmin for s.c. loop   143
 
Warning(occupy): not enough empty states for k-point      1
 
Warning(occupy): not enough empty states for k-point      2
 
Warning(occupy): not enough empty states for k-point      3
 
Warning(occupy): not enough empty states for k-point      4
 
Warning(charge): total charge density incorrect for s.c. loop   143
 Calculated :    230.2336836    
 Required   :    236.0000000    
 
Warning(occupy): valence eigenvalues below evalmin for s.c. loop   144
 
Warning(occupy): not enough empty states for k-point      1
 
Warning(occupy): not enough empty states for k-point      2
 
Warning(occupy): not enough empty states for k-point      3
 
Warning(occupy): not enough empty states for k-point      4
 
Warning(charge): total charge density incorrect for s.c. loop   144
 Calculated :    233.5962027    
 Required   :    236.0000000    
 
Warning(occupy): valence eigenvalues below evalmin for s.c. loop   145
 
Warning(occupy): not enough empty states for k-point      1
 
Warning(occupy): not enough empty states for k-point      2
 
Warning(occupy): not enough empty states for k-point      3
 
Warning(occupy): not enough empty states for k-point      4
 
Warning(charge): total charge density incorrect for s.c. loop   145
 Calculated :    234.0967551    
 Required   :    236.0000000    
 
Warning(occupy): valence eigenvalues below evalmin for s.c. loop   146
 
Warning(occupy): not enough empty states for k-point      1
 
Warning(occupy): not enough empty states for k-point      2
 
Warning(occupy): not enough empty states for k-point      3
 
Warning(occupy): not enough empty states for k-point      4
 
Warning(charge): total charge density incorrect for s.c. loop   146
 Calculated :    230.1783013    
 Required   :    236.0000000    
 
Warning(occupy): valence eigenvalues below evalmin for s.c. loop   147
 
Warning(occupy): not enough empty states for k-point      1
 
Warning(occupy): not enough empty states for k-point      2
 
Warning(occupy): not enough empty states for k-point      3
 
Warning(occupy): not enough empty states for k-point      4
 
Warning(charge): total charge density incorrect for s.c. loop   147
 Calculated :    233.9857820    
 Required   :    236.0000000    
 
Warning(occupy): valence eigenvalues below evalmin for s.c. loop   148
 
Warning(occupy): not enough empty states for k-point      1
 
Warning(occupy): not enough empty states for k-point      2
 
Warning(occupy): not enough empty states for k-point      3
 
Warning(occupy): not enough empty states for k-point      4
 
Warning(charge): total charge density incorrect for s.c. loop   148
 Calculated :    231.2004496    
 Required   :    236.0000000    
 
Warning(occupy): valence eigenvalues below evalmin for s.c. loop   149
 
Warning(occupy): not enough empty states for k-point      1
 
Warning(occupy): not enough empty states for k-point      2
 
Warning(occupy): not enough empty states for k-point      3
 
Warning(occupy): not enough empty states for k-point      4
 
Warning(charge): total charge density incorrect for s.c. loop   149
 Calculated :    232.2211965    
 Required   :    236.0000000    
 
Warning(occupy): valence eigenvalues below evalmin for s.c. loop   150
 
Warning(occupy): not enough empty states for k-point      1
 
Warning(occupy): not enough empty states for k-point      2
 
Warning(occupy): not enough empty states for k-point      3
 
Warning(occupy): not enough empty states for k-point      4
 
Warning(charge): total charge density incorrect for s.c. loop   150
 Calculated :    231.2008258    
 Required   :    236.0000000    
 
Warning(occupy): valence eigenvalues below evalmin for s.c. loop   151
 
Warning(occupy): not enough empty states for k-point      1
 
Warning(occupy): not enough empty states for k-point      2
 
Warning(occupy): not enough empty states for k-point      3
 
Warning(occupy): not enough empty states for k-point      4
 
Warning(charge): total charge density incorrect for s.c. loop   151
 Calculated :    232.2203806    
 Required   :    236.0000000    
 
Warning(occupy): valence eigenvalues below evalmin for s.c. loop   152
 
Warning(occupy): not enough empty states for k-point      1
 
Warning(occupy): not enough empty states for k-point      2
 
Warning(occupy): not enough empty states for k-point      3
 
Warning(occupy): not enough empty states for k-point      4
 
Warning(charge): total charge density incorrect for s.c. loop   152
 Calculated :    232.2191704    
 Required   :    236.0000000    
 
Warning(occupy): valence eigenvalues below evalmin for s.c. loop   153
 
Warning(occupy): not enough empty states for k-point      1
 
Warning(occupy): not enough empty states for k-point      2
 
Warning(occupy): not enough empty states for k-point      3
 
Warning(occupy): not enough empty states for k-point      4
 
Warning(charge): total charge density incorrect for s.c. loop   153
 Calculated :    232.2172292    
 Required   :    236.0000000    
 
Warning(occupy): valence eigenvalues below evalmin for s.c. loop   154
 
Warning(occupy): not enough empty states for k-point      1
 
Warning(occupy): not enough empty states for k-point      2
 
Warning(occupy): not enough empty states for k-point      3
 
Warning(occupy): not enough empty states for k-point      4
 
Warning(charge): total charge density incorrect for s.c. loop   154
 Calculated :    232.2143914    
 Required   :    236.0000000    
 
Warning(occupy): valence eigenvalues below evalmin for s.c. loop   155
 
Warning(occupy): not enough empty states for k-point      1
 
Warning(occupy): not enough empty states for k-point      2
 
Warning(occupy): not enough empty states for k-point      3
 
Warning(occupy): not enough empty states for k-point      4
 
Warning(charge): total charge density incorrect for s.c. loop   155
 Calculated :    232.2105143    
 Required   :    236.0000000    
 
Warning(occupy): valence eigenvalues below evalmin for s.c. loop   156
 
Warning(occupy): not enough empty states for k-point      1
 
Warning(occupy): not enough empty states for k-point      2
 
Warning(occupy): not enough empty states for k-point      3
 
Warning(occupy): not enough empty states for k-point      4
 
Warning(charge): total charge density incorrect for s.c. loop   156
 Calculated :    232.2148128    
 Required   :    236.0000000    
 
Warning(occupy): valence eigenvalues below evalmin for s.c. loop   157
 
Warning(occupy): not enough empty states for k-point      1
 
Warning(occupy): not enough empty states for k-point      2
 
Warning(occupy): not enough empty states for k-point      3
 
Warning(occupy): not enough empty states for k-point      4
 
Warning(charge): total charge density incorrect for s.c. loop   157
 Calculated :    232.2386121    
 Required   :    236.0000000    
 
Warning(occupy): valence eigenvalues below evalmin for s.c. loop   158
 
Warning(occupy): not enough empty states for k-point      1
 
Warning(occupy): not enough empty states for k-point      2
 
Warning(occupy): not enough empty states for k-point      3
 
Warning(occupy): not enough empty states for k-point      4
 
Warning(charge): total charge density incorrect for s.c. loop   158
 Calculated :    232.2637504    
 Required   :    236.0000000    
 
Warning(occupy): valence eigenvalues below evalmin for s.c. loop   159
 
Warning(occupy): not enough empty states for k-point      1
 
Warning(occupy): not enough empty states for k-point      2
 
Warning(occupy): not enough empty states for k-point      3
 
Warning(occupy): not enough empty states for k-point      4
 
Warning(charge): total charge density incorrect for s.c. loop   159
 Calculated :    232.2902513    
 Required   :    236.0000000    
 
Warning(occupy): valence eigenvalues below evalmin for s.c. loop   160
 
Warning(occupy): not enough empty states for k-point      1
 
Warning(occupy): not enough empty states for k-point      2
 
Warning(occupy): not enough empty states for k-point      3
 
Warning(occupy): not enough empty states for k-point      4
 
Warning(charge): total charge density incorrect for s.c. loop   160
 Calculated :    232.3181052    
 Required   :    236.0000000    
 
Warning(occupy): valence eigenvalues below evalmin for s.c. loop   161
 
Warning(occupy): not enough empty states for k-point      1
 
Warning(occupy): not enough empty states for k-point      2
 
Warning(occupy): not enough empty states for k-point      3
 
Warning(occupy): not enough empty states for k-point      4
 
Warning(charge): total charge density incorrect for s.c. loop   161
 Calculated :    232.3473308    
 Required   :    236.0000000    
 
Warning(occupy): valence eigenvalues below evalmin for s.c. loop   162
 
Warning(occupy): not enough empty states for k-point      1
 
Warning(occupy): not enough empty states for k-point      2
 
Warning(occupy): not enough empty states for k-point      3
 
Warning(occupy): not enough empty states for k-point      4
 
Warning(charge): total charge density incorrect for s.c. loop   162
 Calculated :    232.3779490    
 Required   :    236.0000000    
 
Warning(occupy): valence eigenvalues below evalmin for s.c. loop   163
 
Warning(occupy): not enough empty states for k-point      1
 
Warning(occupy): not enough empty states for k-point      2
 
Warning(occupy): not enough empty states for k-point      3
 
Warning(occupy): not enough empty states for k-point      4
 
Warning(charge): total charge density incorrect for s.c. loop   163
 Calculated :    233.6872279    
 Required   :    236.0000000    
 
Warning(occupy): valence eigenvalues below evalmin for s.c. loop   164
 
Warning(occupy): not enough empty states for k-point      1
 
Warning(occupy): not enough empty states for k-point      2
 
Warning(occupy): not enough empty states for k-point      3
 
Warning(occupy): not enough empty states for k-point      4
 
Warning(charge): total charge density incorrect for s.c. loop   164
 Calculated :    233.7561074    
 Required   :    236.0000000    
 
Warning(occupy): valence eigenvalues below evalmin for s.c. loop   165
 
Warning(occupy): not enough empty states for k-point      1
 
Warning(occupy): not enough empty states for k-point      2
 
Warning(occupy): not enough empty states for k-point      3
 
Warning(occupy): not enough empty states for k-point      4
 
Warning(charge): total charge density incorrect for s.c. loop   165
 Calculated :    233.8265148    
 Required   :    236.0000000    
 
Warning(occupy): valence eigenvalues below evalmin for s.c. loop   166
 
Warning(occupy): not enough empty states for k-point      1
 
Warning(occupy): not enough empty states for k-point      2
 
Warning(occupy): not enough empty states for k-point      3
 
Warning(occupy): not enough empty states for k-point      4
 
Warning(charge): total charge density incorrect for s.c. loop   166
 Calculated :    234.1547450    
 Required   :    236.0000000    
 
Warning(occupy): valence eigenvalues below evalmin for s.c. loop   167
 
Warning(occupy): not enough empty states for k-point      1
 
Warning(occupy): not enough empty states for k-point      2
 
Warning(occupy): not enough empty states for k-point      3
 
Warning(occupy): not enough empty states for k-point      4
 
Warning(charge): total charge density incorrect for s.c. loop   167
 Calculated :    234.4937960    
 Required   :    236.0000000    
 
Warning(occupy): valence eigenvalues below evalmin for s.c. loop   168
 
Warning(occupy): not enough empty states for k-point      1
 
Warning(occupy): not enough empty states for k-point      2
 
Warning(occupy): not enough empty states for k-point      3
 
Warning(occupy): not enough empty states for k-point      4
 
Warning(charge): total charge density incorrect for s.c. loop   168
 Calculated :    234.5906247    
 Required   :    236.0000000    
 
Warning(occupy): valence eigenvalues below evalmin for s.c. loop   169
 
Warning(occupy): not enough empty states for k-point      1
 
Warning(occupy): not enough empty states for k-point      2
 
Warning(occupy): not enough empty states for k-point      3
 
Warning(occupy): not enough empty states for k-point      4
 
Warning(charge): total charge density incorrect for s.c. loop   169
 Calculated :    234.6942855    
 Required   :    236.0000000    
 
Warning(occupy): valence eigenvalues below evalmin for s.c. loop   170
 
Warning(occupy): not enough empty states for k-point      1
 
Warning(occupy): not enough empty states for k-point      2
 
Warning(occupy): not enough empty states for k-point      3
 
Warning(occupy): not enough empty states for k-point      4
 
Warning(charge): total charge density incorrect for s.c. loop   170
 Calculated :    234.8142351    
 Required   :    236.0000000    
 
Warning(occupy): valence eigenvalues below evalmin for s.c. loop   171
 
Warning(occupy): not enough empty states for k-point      1
 
Warning(occupy): not enough empty states for k-point      2
 
Warning(occupy): not enough empty states for k-point      3
 
Warning(occupy): not enough empty states for k-point      4
 
Warning(charge): total charge density incorrect for s.c. loop   171
 Calculated :    234.9460510    
 Required   :    236.0000000    
 
Warning(occupy): valence eigenvalues below evalmin for s.c. loop   172
 
Warning(occupy): not enough empty states for k-point      1
 
Warning(occupy): not enough empty states for k-point      2
 
Warning(occupy): not enough empty states for k-point      3
 
Warning(occupy): not enough empty states for k-point      4
 
Warning(charge): total charge density incorrect for s.c. loop   172
 Calculated :    235.0754225    
 Required   :    236.0000000    
 
Warning(occupy): valence eigenvalues below evalmin for s.c. loop   173
 
Warning(occupy): not enough empty states for k-point      1
 
Warning(occupy): not enough empty states for k-point      2
 
Warning(occupy): not enough empty states for k-point      3
 
Warning(occupy): not enough empty states for k-point      4
 
Warning(charge): total charge density incorrect for s.c. loop   173
 Calculated :    235.1989084    
 Required   :    236.0000000    
 
Warning(occupy): valence eigenvalues below evalmin for s.c. loop   174
 
Warning(occupy): not enough empty states for k-point      1
 
Warning(occupy): not enough empty states for k-point      2
 
Warning(occupy): not enough empty states for k-point      3
 
Warning(occupy): not enough empty states for k-point      4
 
Warning(charge): total charge density incorrect for s.c. loop   174
 Calculated :    235.3068630    
 Required   :    236.0000000    
 
Warning(occupy): valence eigenvalues below evalmin for s.c. loop   175
 
Warning(occupy): not enough empty states for k-point      1
 
Warning(occupy): not enough empty states for k-point      2
 
Warning(occupy): not enough empty states for k-point      3
 
Warning(occupy): not enough empty states for k-point      4
 
Warning(charge): total charge density incorrect for s.c. loop   175
 Calculated :    235.3826528    
 Required   :    236.0000000    
 
Warning(occupy): valence eigenvalues below evalmin for s.c. loop   176
 
Warning(occupy): not enough empty states for k-point      1
 
Warning(occupy): not enough empty states for k-point      2
 
Warning(occupy): not enough empty states for k-point      3
 
Warning(occupy): not enough empty states for k-point      4
 
Warning(charge): total charge density incorrect for s.c. loop   176
 Calculated :    235.6526022    
 Required   :    236.0000000    
 
Warning(occupy): valence eigenvalues below evalmin for s.c. loop   177
 
Warning(occupy): not enough empty states for k-point      1
 
Warning(occupy): not enough empty states for k-point      2
 
Warning(occupy): not enough empty states for k-point      3
 
Warning(occupy): not enough empty states for k-point      4
 
Warning(charge): total charge density incorrect for s.c. loop   177
 Calculated :    235.1713603    
 Required   :    236.0000000    
 
Warning(occupy): valence eigenvalues below evalmin for s.c. loop   178
 
Warning(occupy): not enough empty states for k-point      1
 
Warning(occupy): not enough empty states for k-point      2
 
Warning(occupy): not enough empty states for k-point      3
 
Warning(occupy): not enough empty states for k-point      4
 
Warning(charge): total charge density incorrect for s.c. loop   178
 Calculated :    235.6489964    
 Required   :    236.0000000    
 
Warning(occupy): valence eigenvalues below evalmin for s.c. loop   179
 
Warning(occupy): not enough empty states for k-point      1
 
Warning(occupy): not enough empty states for k-point      2
 
Warning(occupy): not enough empty states for k-point      3
 
Warning(occupy): not enough empty states for k-point      4
 
Warning(charge): total charge density incorrect for s.c. loop   179
 Calculated :    231.3516965    
 Required   :    236.0000000    
 
Warning(occupy): valence eigenvalues below evalmin for s.c. loop   180
 
Warning(occupy): not enough empty states for k-point      1
 
Warning(occupy): not enough empty states for k-point      2
 
Warning(occupy): not enough empty states for k-point      3
 
Warning(occupy): not enough empty states for k-point      4
 
Warning(charge): total charge density incorrect for s.c. loop   180
 Calculated :    233.8336296    
 Required   :    236.0000000    
 
Warning(occupy): valence eigenvalues below evalmin for s.c. loop   181
 
Warning(occupy): not enough empty states for k-point      1
 
Warning(occupy): not enough empty states for k-point      2
 
Warning(occupy): not enough empty states for k-point      3
 
Warning(occupy): not enough empty states for k-point      4
 
Warning(charge): total charge density incorrect for s.c. loop   181
 Calculated :    233.5714981    
 Required   :    236.0000000    
 
Warning(occupy): valence eigenvalues below evalmin for s.c. loop   182
 
Warning(occupy): not enough empty states for k-point      1
 
Warning(occupy): not enough empty states for k-point      2
 
Warning(occupy): not enough empty states for k-point      3
 
Warning(occupy): not enough empty states for k-point      4
 
Warning(charge): total charge density incorrect for s.c. loop   182
 Calculated :    233.0484096    
 Required   :    236.0000000    
 
Warning(occupy): valence eigenvalues below evalmin for s.c. loop   183
 
Warning(occupy): not enough empty states for k-point      1
 
Warning(occupy): not enough empty states for k-point      2
 
Warning(occupy): not enough empty states for k-point      3
 
Warning(occupy): not enough empty states for k-point      4
 
Warning(charge): total charge density incorrect for s.c. loop   183
 Calculated :    231.5061675    
 Required   :    236.0000000    
 
Warning(occupy): valence eigenvalues below evalmin for s.c. loop   184
 
Warning(occupy): not enough empty states for k-point      1
 
Warning(occupy): not enough empty states for k-point      2
 
Warning(occupy): not enough empty states for k-point      3
 
Warning(occupy): not enough empty states for k-point      4
 
Warning(charge): total charge density incorrect for s.c. loop   184
 Calculated :    231.4768782    
 Required   :    236.0000000    
 
Warning(occupy): valence eigenvalues below evalmin for s.c. loop   185
 
Warning(occupy): not enough empty states for k-point      1
 
Warning(occupy): not enough empty states for k-point      2
 
Warning(occupy): not enough empty states for k-point      3
 
Warning(occupy): not enough empty states for k-point      4
 
Warning(charge): total charge density incorrect for s.c. loop   185
 Calculated :    231.4424927    
 Required   :    236.0000000    
 
Warning(occupy): valence eigenvalues below evalmin for s.c. loop   186
 
Warning(occupy): not enough empty states for k-point      1
 
Warning(occupy): not enough empty states for k-point      2
 
Warning(occupy): not enough empty states for k-point      3
 
Warning(occupy): not enough empty states for k-point      4
 
Warning(charge): total charge density incorrect for s.c. loop   186
 Calculated :    231.3932671    
 Required   :    236.0000000    
 
Warning(occupy): valence eigenvalues below evalmin for s.c. loop   187
 
Warning(occupy): not enough empty states for k-point      1
 
Warning(occupy): not enough empty states for k-point      2
 
Warning(occupy): not enough empty states for k-point      3
 
Warning(occupy): not enough empty states for k-point      4
 
Warning(charge): total charge density incorrect for s.c. loop   187
 Calculated :    231.3320933    
 Required   :    236.0000000    
 
Warning(occupy): valence eigenvalues below evalmin for s.c. loop   188
 
Warning(occupy): not enough empty states for k-point      1
 
Warning(occupy): not enough empty states for k-point      2
 
Warning(occupy): not enough empty states for k-point      3
 
Warning(occupy): not enough empty states for k-point      4
 
Warning(charge): total charge density incorrect for s.c. loop   188
 Calculated :    231.2565135    
 Required   :    236.0000000    
 
Warning(occupy): valence eigenvalues below evalmin for s.c. loop   189
 
Warning(occupy): not enough empty states for k-point      1
 
Warning(occupy): not enough empty states for k-point      2
 
Warning(occupy): not enough empty states for k-point      3
 
Warning(occupy): not enough empty states for k-point      4
 
Warning(charge): total charge density incorrect for s.c. loop   189
 Calculated :    231.1647234    
 Required   :    236.0000000    
 
Warning(occupy): valence eigenvalues below evalmin for s.c. loop   190
 
Warning(occupy): not enough empty states for k-point      1
 
Warning(occupy): not enough empty states for k-point      2
 
Warning(occupy): not enough empty states for k-point      3
 
Warning(occupy): not enough empty states for k-point      4
 
Warning(charge): total charge density incorrect for s.c. loop   190
 Calculated :    231.0718732    
 Required   :    236.0000000    
 
Warning(occupy): valence eigenvalues below evalmin for s.c. loop   191
 
Warning(occupy): not enough empty states for k-point      1
 
Warning(occupy): not enough empty states for k-point      2
 
Warning(occupy): not enough empty states for k-point      3
 
Warning(occupy): not enough empty states for k-point      4
 
Warning(charge): total charge density incorrect for s.c. loop   191
 Calculated :    230.9799421    
 Required   :    236.0000000    
 
Warning(occupy): valence eigenvalues below evalmin for s.c. loop   192
 
Warning(occupy): not enough empty states for k-point      1
 
Warning(occupy): not enough empty states for k-point      2
 
Warning(occupy): not enough empty states for k-point      3
 
Warning(occupy): not enough empty states for k-point      4
 
Warning(charge): total charge density incorrect for s.c. loop   192
 Calculated :    230.8831319    
 Required   :    236.0000000    
 
Warning(occupy): valence eigenvalues below evalmin for s.c. loop   193
 
Warning(occupy): not enough empty states for k-point      1
 
Warning(occupy): not enough empty states for k-point      2
 
Warning(occupy): not enough empty states for k-point      3
 
Warning(occupy): not enough empty states for k-point      4
 
Warning(charge): total charge density incorrect for s.c. loop   193
 Calculated :    232.3109717    
 Required   :    236.0000000    
 
Warning(occupy): valence eigenvalues below evalmin for s.c. loop   194
 
Warning(occupy): not enough empty states for k-point      1
 
Warning(occupy): not enough empty states for k-point      2
 
Warning(occupy): not enough empty states for k-point      3
 
Warning(occupy): not enough empty states for k-point      4
 
Warning(charge): total charge density incorrect for s.c. loop   194
 Calculated :    234.8482954    
 Required   :    236.0000000    
 
Warning(occupy): valence eigenvalues below evalmin for s.c. loop   195
 
Warning(occupy): not enough empty states for k-point      1
 
Warning(occupy): not enough empty states for k-point      2
 
Warning(occupy): not enough empty states for k-point      3
 
Warning(occupy): not enough empty states for k-point      4
 
Warning(charge): total charge density incorrect for s.c. loop   195
 Calculated :    234.9103680    
 Required   :    236.0000000    
 
Warning(occupy): valence eigenvalues below evalmin for s.c. loop   196
 
Warning(occupy): not enough empty states for k-point      1
 
Warning(occupy): not enough empty states for k-point      2
 
Warning(occupy): not enough empty states for k-point      3
 
Warning(occupy): not enough empty states for k-point      4
 
Warning(charge): total charge density incorrect for s.c. loop   196
 Calculated :    234.9733661    
 Required   :    236.0000000    
 
Warning(occupy): valence eigenvalues below evalmin for s.c. loop   197
 
Warning(occupy): not enough empty states for k-point      1
 
Warning(occupy): not enough empty states for k-point      2
 
Warning(occupy): not enough empty states for k-point      3
 
Warning(occupy): not enough empty states for k-point      4
 
Warning(charge): total charge density incorrect for s.c. loop   197
 Calculated :    235.0453942    
 Required   :    236.0000000    
 
Warning(occupy): valence eigenvalues below evalmin for s.c. loop   198
 
Warning(occupy): not enough empty states for k-point      1
 
Warning(occupy): not enough empty states for k-point      2
 
Warning(occupy): not enough empty states for k-point      3
 
Warning(occupy): not enough empty states for k-point      4
 
Warning(charge): total charge density incorrect for s.c. loop   198
 Calculated :    235.1049589    
 Required   :    236.0000000    
 
Warning(occupy): valence eigenvalues below evalmin for s.c. loop   199
 
Warning(occupy): not enough empty states for k-point      1
 
Warning(occupy): not enough empty states for k-point      2
 
Warning(occupy): not enough empty states for k-point      3
 
Warning(occupy): not enough empty states for k-point      4
 
Warning(charge): total charge density incorrect for s.c. loop   199
 Calculated :    235.1204291    
 Required   :    236.0000000    
 
Warning(occupy): valence eigenvalues below evalmin for s.c. loop   200
 
Warning(occupy): not enough empty states for k-point      1
 
Warning(occupy): not enough empty states for k-point      2
 
Warning(occupy): not enough empty states for k-point      3
 
Warning(occupy): not enough empty states for k-point      4
 
Warning(charge): total charge density incorrect for s.c. loop   200
 Calculated :    235.0054840    
 Required   :    236.0000000    
