   0.000000000     -0.8241530510E-10
  0.1665498177E-01  0.2842451735E-04
  0.3330996355E-01  0.5681441417E-04
  0.4996494532E-01  0.8513450673E-04
  0.6661992710E-01  0.1133485039E-03
  0.8327490887E-01  0.1414185009E-03
  0.9992989065E-01  0.1693045270E-03
  0.1165848724      0.1969641652E-03
  0.1332398542      0.2243522538E-03
  0.1498948360      0.2514206848E-03
  0.1665498177      0.2781183038E-03
  0.1832047995      0.3043909192E-03
  0.1998597813      0.3301814223E-03
  0.2165147631      0.3554300191E-03
  0.2331697448      0.3800745701E-03
  0.2498247266      0.4040510350E-03
  0.2664797084      0.4272940143E-03
  0.2831346902      0.4497373805E-03
  0.2997896719      0.4713149889E-03
  0.3164446537      0.4919614574E-03
  0.3330996355      0.5116130050E-03
  0.3497546173      0.5302083359E-03
  0.3664095990      0.5476895588E-03
  0.3830645808      0.5640031281E-03
  0.3997195626      0.5791007969E-03
  0.4163745444      0.5929405681E-03
  0.4330295261      0.6054876338E-03
  0.4496845079      0.6167152899E-03
  0.4663394897      0.6266058160E-03
  0.4829944715      0.6351513075E-03
  0.4996494532      0.6423544482E-03
  0.5163044350      0.6482292098E-03
  0.5329594168      0.6528014639E-03
  0.5496143986      0.6561094897E-03
  0.5662693803      0.6582043583E-03
  0.5829243621      0.6591501699E-03
  0.5995793439      0.6590241191E-03
  0.6162343257      0.6579163541E-03
  0.6328893074      0.6559295966E-03
  0.6495442892      0.6531784778E-03
  0.6661992710      0.6497885492E-03
  0.6828542528      0.6458949181E-03
  0.6995092345      0.6416404676E-03
  0.7161642163      0.6371736232E-03
  0.7328191981      0.6326456473E-03
  0.7494741799      0.6282074692E-03
  0.7661291616      0.6240060928E-03
  0.7827841434      0.6201806708E-03
  0.7994391252      0.6168583885E-03
  0.8160941069      0.6141503469E-03
  0.8327490887      0.6121476828E-03
  0.8494040705      0.6109181824E-03
  0.8660590523      0.6105036409E-03
  0.8660590523      0.6105036409E-03
  0.8830700586      0.6116656057E-03
  0.9000810650      0.6149939082E-03
  0.9170920713      0.6200437295E-03
  0.9341030777      0.6261591142E-03
  0.9511140840      0.6325774599E-03
  0.9681250904      0.6385389322E-03
  0.9851360968      0.6433811057E-03
   1.002147103      0.6466064641E-03
   1.019158109      0.6479175804E-03
   1.036169116      0.6472201815E-03
   1.053180122      0.6445978862E-03
   1.070191129      0.6402647929E-03
   1.087202135      0.6345037923E-03
   1.104213141      0.6275996744E-03
   1.121224148      0.6197766539E-03
   1.138235154      0.6111494591E-03
   1.155246160      0.6016951745E-03
   1.172257167      0.5912494961E-03
   1.189268173      0.5795264954E-03
   1.206279179      0.5661565781E-03
   1.223290186      0.5507343699E-03
   1.240301192      0.5328675438E-03
   1.257312198      0.5122190281E-03
   1.274323205      0.4885377776E-03
   1.291334211      0.4616763281E-03
   1.308345217      0.4315958532E-03
   1.325356224      0.3983610305E-03
   1.342367230      0.3621277121E-03
   1.359378237      0.3231264081E-03
   1.376389243      0.2816442236E-03
   1.393400249      0.2380073629E-03
   1.410411256      0.1925657580E-03
   1.427422262      0.1456808532E-03
   1.444433268      0.9771707390E-04
   1.461444275      0.4903702466E-04
   1.478455281     -0.6780846948E-10
   1.478455281     -0.6780846948E-10
   1.495028740      0.3319938278E-04
   1.511602199      0.6619340945E-04
   1.528175658      0.9877928618E-04
   1.544749117      0.1307593124E-03
   1.561322577      0.1619433499E-03
   1.577896036      0.1921512000E-03
   1.594469495      0.2212148608E-03
   1.611042954      0.2489806370E-03
   1.627616413      0.2753110795E-03
   1.644189872      0.3000867318E-03
   1.660763331      0.3232076642E-03
   1.677336790      0.3445947798E-03
   1.693910249      0.3641908760E-03
   1.710483708      0.3819614460E-03
   1.727057168      0.3978952056E-03
   1.743630627      0.4120043221E-03
   1.760204086      0.4243243223E-03
   1.776777545      0.4349136432E-03
   1.793351004      0.4438527818E-03
   1.809924463      0.4512429930E-03
   1.826497922      0.4572044731E-03
   1.843071381      0.4618739666E-03
   1.859644840      0.4654017397E-03
   1.876218300      0.4679478791E-03
   1.892791759      0.4696779113E-03
   1.909365218      0.4707577842E-03
   1.925938677      0.4713483245E-03
   1.942512136      0.4715993604E-03
   1.959085595      0.4716437864E-03
   1.975659054      0.4715919171E-03
   1.992232513      0.4715265209E-03
   2.008805972      0.4714989240E-03
   2.008805972      0.4714989240E-03
   2.025914059      0.4731072636E-03
   2.043022146      0.4778463011E-03
   2.060130233      0.4854685235E-03
   2.077238320      0.4955933457E-03
   2.094346406      0.5077464530E-03
   2.111454493      0.5214016811E-03
   2.128562580      0.5360187803E-03
   2.145670667      0.5510734353E-03
   2.162778754      0.5660787169E-03
   2.179886840      0.5805989263E-03
   2.196994927      0.5942575404E-03
   2.214103014      0.6067410034E-03
   2.231211101      0.6177998070E-03
   2.248319188      0.6272479145E-03
   2.265427275      0.6349612254E-03
   2.282535361      0.6408755023E-03
   2.299643448      0.6449839756E-03
   2.316751535      0.6473346897E-03
   2.333859622      0.6480275361E-03
   2.350967709      0.6472108229E-03
   2.368075795      0.6450771486E-03
   2.385183882      0.6418582874E-03
   2.402291969      0.6378187577E-03
   2.419400056      0.6332477651E-03
   2.436508143      0.6284492848E-03
   2.453616230      0.6237302229E-03
   2.470724316      0.6193868581E-03
   2.487832403      0.6156901183E-03
   2.504940490      0.6128706337E-03
   2.522048577      0.6111048472E-03
   2.539156664      0.6105036409E-03
   2.539156664      0.6105036409E-03
   2.556167670      0.6124217579E-03
   2.573178676      0.6181637944E-03
   2.590189683      0.6276853469E-03
   2.607200689      0.6408896411E-03
   2.624211695      0.6576000773E-03
   2.641222702      0.6775331023E-03
   2.658233708      0.7002785205E-03
   2.675244714      0.7252920098E-03
   2.692255721      0.7519012566E-03
   2.709266727      0.7793239894E-03
   2.726277734      0.8066942522E-03
   2.743288740      0.8330929834E-03
   2.760299746      0.8575803356E-03
   2.777310753      0.8792297397E-03
   2.794321759      0.8971665009E-03
   2.811332765      0.9106148767E-03
   2.828343772      0.9189547954E-03
   2.845354778      0.9217817721E-03
   2.845354778      0.9217817721E-03
   2.862675959      0.9043903079E-03
   2.879997140      0.8861388395E-03
   2.897318321      0.8672708024E-03
   2.914639502      0.8479416147E-03
   2.931960683      0.8282387920E-03
   2.949281864      0.8082007662E-03
   2.966603045      0.7878340637E-03
   2.983924226      0.7671287957E-03
   3.001245407      0.7460725030E-03
   3.018566588      0.7246624243E-03
   3.035887770      0.7029162700E-03
   3.053208951      0.6808815920E-03
   3.070530132      0.6586438305E-03
   3.087851313      0.6363330857E-03
   3.105172494      0.6141295621E-03
   3.122493675      0.5922674719E-03
   3.139814856      0.5710369158E-03
   3.157136037      0.5507829075E-03
   3.174457218      0.5319002902E-03
   3.191778399      0.5148229500E-03
   3.209099580      0.5000056930E-03
   3.226420761      0.4878977874E-03
   3.243741942      0.4789088314E-03
   3.261063123      0.4733702813E-03
   3.278384304      0.4714989240E-03
     
   0.000000000     -0.7697504056E-10
  0.1665498177E-01  0.4158751181E-04
  0.3330996355E-01  0.8304631719E-04
  0.4996494532E-01  0.1242504284E-03
  0.6661992710E-01  0.1650792420E-03
  0.8327490887E-01  0.2054200971E-03
  0.9992989065E-01  0.2451706692E-03
  0.1165848724      0.2842411381E-03
  0.1332398542      0.3225560647E-03
  0.1498948360      0.3600559064E-03
  0.1665498177      0.3966980967E-03
  0.1832047995      0.4324576110E-03
  0.1998597813      0.4673269405E-03
  0.2165147631      0.5013153984E-03
  0.2331697448      0.5344476860E-03
  0.2498247266      0.5667616597E-03
  0.2664797084      0.5983052503E-03
  0.2831346902      0.6291325054E-03
  0.2997896719      0.6592987436E-03
  0.3164446537      0.6888548267E-03
  0.3330996355      0.7178405717E-03
  0.3497546173      0.7462773270E-03
  0.3664095990      0.7741597408E-03
  0.3830645808      0.8014467350E-03
  0.3997195626      0.8280517047E-03
  0.4163745444      0.8538319931E-03
  0.4330295261      0.8785778307E-03
  0.4496845079      0.9020012571E-03
  0.4663394897      0.9237262492E-03
  0.4829944715      0.9432825437E-03
  0.4996494532      0.9601075947E-03
  0.5163044350      0.9735634437E-03
  0.5329594168      0.9829766481E-03
  0.5496143986      0.9877069780E-03
  0.5662693803      0.9872410996E-03
  0.5829243621      0.9812915378E-03
  0.5995793439      0.9698681429E-03
  0.6162343257      0.9532931819E-03
  0.6328893074      0.9321552370E-03
  0.6495442892      0.9072247707E-03
  0.6661992710      0.8793650550E-03
  0.6828542528      0.8494630613E-03
  0.6995092345      0.8183884209E-03
  0.7161642163      0.7869765122E-03
  0.7328191981      0.7560270592E-03
  0.7494741799      0.7263097184E-03
  0.7661291616      0.6985698242E-03
  0.7827841434      0.6735291192E-03
  0.7994391252      0.6518776481E-03
  0.8160941069      0.6342545401E-03
  0.8327490887      0.6212177922E-03
  0.8494040705      0.6132066121E-03
  0.8660590523      0.6105036409E-03
  0.8660590523      0.6105036409E-03
  0.8830700586      0.6116656057E-03
  0.9000810650      0.6149939082E-03
  0.9170920713      0.6200437295E-03
  0.9341030777      0.6261591142E-03
  0.9511140840      0.6325774599E-03
  0.9681250904      0.6385389322E-03
  0.9851360968      0.6433811057E-03
   1.002147103      0.6466064641E-03
   1.019158109      0.6479175804E-03
   1.036169116      0.6472201815E-03
   1.053180122      0.6445978862E-03
   1.070191129      0.6402647929E-03
   1.087202135      0.6345037923E-03
   1.104213141      0.6275996744E-03
   1.121224148      0.6197766539E-03
   1.138235154      0.6111494591E-03
   1.155246160      0.6016951745E-03
   1.172257167      0.5912494961E-03
   1.189268173      0.5795264954E-03
   1.206279179      0.5661565781E-03
   1.223290186      0.5507343699E-03
   1.240301192      0.5328675438E-03
   1.257312198      0.5122190281E-03
   1.274323205      0.4885377776E-03
   1.291334211      0.4616763281E-03
   1.308345217      0.4315958532E-03
   1.325356224      0.3983610305E-03
   1.342367230      0.3621277121E-03
   1.359378237      0.3231264081E-03
   1.376389243      0.2816442236E-03
   1.393400249      0.2380073629E-03
   1.410411256      0.1925657580E-03
   1.427422262      0.1456808532E-03
   1.444433268      0.9771707390E-04
   1.461444275      0.4903702466E-04
   1.478455281     -0.6355906234E-10
   1.478455281     -0.6355906234E-10
   1.495028740      0.3319938278E-04
   1.511602199      0.6619340945E-04
   1.528175658      0.9877928618E-04
   1.544749117      0.1307593124E-03
   1.561322577      0.1619433499E-03
   1.577896036      0.1921512000E-03
   1.594469495      0.2212148608E-03
   1.611042954      0.2489806370E-03
   1.627616413      0.2753110795E-03
   1.644189872      0.3000867318E-03
   1.660763331      0.3232076642E-03
   1.677336790      0.3445947798E-03
   1.693910249      0.3641908760E-03
   1.710483708      0.3819614460E-03
   1.727057168      0.3978952056E-03
   1.743630627      0.4120043221E-03
   1.760204086      0.4243243223E-03
   1.776777545      0.4349136432E-03
   1.793351004      0.4438527818E-03
   1.809924463      0.4512429930E-03
   1.826497922      0.4572044731E-03
   1.843071381      0.4618739666E-03
   1.859644840      0.4654017397E-03
   1.876218300      0.4679478791E-03
   1.892791759      0.4696779113E-03
   1.909365218      0.4707577842E-03
   1.925938677      0.4713483245E-03
   1.942512136      0.4715993604E-03
   1.959085595      0.4716437864E-03
   1.975659054      0.4715919171E-03
   1.992232513      0.4715265209E-03
   2.008805972      0.4714989240E-03
   2.008805972      0.4714989240E-03
   2.025914059      0.4759135631E-03
   2.043022146      0.4888731548E-03
   2.060130233      0.5095923478E-03
   2.077238320      0.5369494042E-03
   2.094346406      0.5696667902E-03
   2.111454493      0.6064436376E-03
   2.128562580      0.6460189395E-03
   2.145670667      0.6871746590E-03
   2.162778754      0.7286966609E-03
   2.179886840      0.7693086314E-03
   2.196994927      0.8075922598E-03
   2.214103014      0.8419163237E-03
   2.231211101      0.8704269667E-03
   2.248319188      0.8911951849E-03
   2.265427275      0.9026110157E-03
   2.282535361      0.9039374621E-03
   2.299643448      0.8956581469E-03
   2.316751535      0.8793009440E-03
   2.333859622      0.8568920511E-03
   2.350967709      0.8304536142E-03
   2.368075795      0.8017494184E-03
   2.385183882      0.7722311843E-03
   2.402291969      0.7430764116E-03
   2.419400056      0.7152474680E-03
   2.436508143      0.6895431038E-03
   2.453616230      0.6666349513E-03
   2.470724316      0.6470894204E-03
   2.487832403      0.6313775406E-03
   2.504940490      0.6198757706E-03
   2.522048577      0.6128610546E-03
   2.539156664      0.6105036409E-03
   2.539156664      0.6105036409E-03
   2.556167670      0.6124217579E-03
   2.573178676      0.6181637944E-03
   2.590189683      0.6276853469E-03
   2.607200689      0.6408896411E-03
   2.624211695      0.6576000773E-03
   2.641222702      0.6775331023E-03
   2.658233708      0.7002785205E-03
   2.675244714      0.7252920098E-03
   2.692255721      0.7519012566E-03
   2.709266727      0.7793239894E-03
   2.726277734      0.8066942522E-03
   2.743288740      0.8330929834E-03
   2.760299746      0.8575803356E-03
   2.777310753      0.8792297397E-03
   2.794321759      0.8971665009E-03
   2.811332765      0.9106148767E-03
   2.828343772      0.9189547954E-03
   2.845354778      0.9217817721E-03
   2.845354778      0.9217817721E-03
   2.862675959      0.9379614747E-03
   2.879997140      0.9524516458E-03
   2.897318321      0.9646393559E-03
   2.914639502      0.9737863985E-03
   2.931960683      0.9790726275E-03
   2.949281864      0.9796846534E-03
   2.966603045      0.9749449594E-03
   2.983924226      0.9644464548E-03
   3.001245407      0.9481366906E-03
   3.018566588      0.9263134531E-03
   3.035887770      0.8995431004E-03
   3.053208951      0.8685504788E-03
   3.070530132      0.8341268157E-03
   3.087851313      0.7970757376E-03
   3.105172494      0.7581951655E-03
   3.122493675      0.7182841749E-03
   3.139814856      0.6781643574E-03
   3.157136037      0.6387081327E-03
   3.174457218      0.6008680742E-03
   3.191778399      0.5657002193E-03
   3.209099580      0.5343703092E-03
   3.226420761      0.5081261964E-03
   3.243741942      0.4882169456E-03
   3.261063123      0.4757488287E-03
   3.278384304      0.4714989240E-03
     
   0.000000000     -0.6816697173E-10
  0.1665498177E-01  0.6308836449E-04
  0.3330996355E-01  0.1260006698E-03
  0.4996494532E-01  0.1885623464E-03
  0.6661992710E-01  0.2506018183E-03
  0.8327490887E-01  0.3119520363E-03
  0.9992989065E-01  0.3724520505E-03
  0.1165848724      0.4319486307E-03
  0.1332398542      0.4902979366E-03
  0.1498948360      0.5473672323E-03
  0.1665498177      0.6030366308E-03
  0.1832047995      0.6572008419E-03
  0.1998597813      0.7097708809E-03
  0.2165147631      0.7606756836E-03
  0.2331697448      0.8098635517E-03
  0.2498247266      0.8573033409E-03
  0.2664797084      0.9029852892E-03
  0.2831346902      0.9469213797E-03
  0.2997896719      0.9891451347E-03
  0.3164446537      0.1029710754E-02
  0.3330996355      0.1068691539E-02
  0.3497546173      0.1106177591E-02
  0.3664095990      0.1142272814E-02
  0.3830645808      0.1177091322E-02
  0.3997195626      0.1210753391E-02
  0.4163745444      0.1243381149E-02
  0.4330295261      0.1275094219E-02
  0.4496845079      0.1306005538E-02
  0.4663394897      0.1336217564E-02
  0.4829944715      0.1365819036E-02
  0.4996494532      0.1394882422E-02
  0.5163044350      0.1423462113E-02
  0.5329594168      0.1451593387E-02
  0.5496143986      0.1479292086E-02
  0.5662693803      0.1506554933E-02
  0.5829243621      0.1533360344E-02
  0.5995793439      0.1559669605E-02
  0.6162343257      0.1585428234E-02
  0.6328893074      0.1610567349E-02
  0.6495442892      0.1635004874E-02
  0.6661992710      0.1658646378E-02
  0.6828542528      0.1681385393E-02
  0.6995092345      0.1703103024E-02
  0.7161642163      0.1723666747E-02
  0.7328191981      0.1742928357E-02
  0.7494741799      0.1760721253E-02
  0.7661291616      0.1776857617E-02
  0.7827841434      0.1791126708E-02
  0.7994391252      0.1803296418E-02
  0.8160941069      0.1813121145E-02
  0.8327490887      0.1820359073E-02
  0.8494040705      0.1824799730E-02
  0.8660590523      0.1826297406E-02
  0.8660590523      0.1826297406E-02
  0.8830700586      0.1798150505E-02
  0.9000810650      0.1767528234E-02
  0.9170920713      0.1734213177E-02
  0.9341030777      0.1698138121E-02
  0.9511140840      0.1659398728E-02
  0.9681250904      0.1618250388E-02
  0.9851360968      0.1575088804E-02
   1.002147103      0.1530415173E-02
   1.019158109      0.1484788212E-02
   1.036169116      0.1438766877E-02
   1.053180122      0.1392849281E-02
   1.070191129      0.1347414735E-02
   1.087202135      0.1302676619E-02
   1.104213141      0.1258653306E-02
   1.121224148      0.1215162397E-02
   1.138235154      0.1171840125E-02
   1.155246160      0.1128183624E-02
   1.172257167      0.1083610022E-02
   1.189268173      0.1037523813E-02
   1.206279179      0.9893834195E-03
   1.223290186      0.9387589083E-03
   1.240301192      0.8853751173E-03
   1.257312198      0.8291369542E-03
   1.274323205      0.7701359955E-03
   1.291334211      0.7086392867E-03
   1.308345217      0.6450624689E-03
   1.325356224      0.5799301353E-03
   1.342367230      0.5138268549E-03
   1.359378237      0.4473427642E-03
   1.376389243      0.3810181246E-03
   1.393400249      0.3152918059E-03
   1.410411256      0.2504591342E-03
   1.427422262      0.1866446736E-03
   1.444433268      0.1237948479E-03
   1.461444275      0.6169346096E-04
   1.478455281     -0.5621410540E-10
   1.478455281     -0.5621410540E-10
   1.495028740      0.6927367032E-04
   1.511602199      0.1384528265E-03
   1.528175658      0.2074422579E-03
   1.544749117      0.2761454356E-03
   1.561322577      0.3444640344E-03
   1.577896036      0.4122976552E-03
   1.594469495      0.4795437899E-03
   1.611042954      0.5460980515E-03
   1.627616413      0.6118546758E-03
   1.644189872      0.6767072816E-03
   1.660763331      0.7405498615E-03
   1.677336790      0.8032779648E-03
   1.693910249      0.8647900205E-03
   1.710483708      0.9249887442E-03
   1.727057168      0.9837825627E-03
   1.743630627      0.1041086985E-02
   1.760204086      0.1096825834E-02
   1.776777545      0.1150932240E-02
   1.793351004      0.1203349267E-02
   1.809924463      0.1254029990E-02
   1.826497922      0.1302936768E-02
   1.843071381      0.1350039301E-02
   1.859644840      0.1395310781E-02
   1.876218300      0.1438720917E-02
   1.892791759      0.1480223479E-02
   1.909365218      0.1519733599E-02
   1.925938677      0.1557084476E-02
   1.942512136      0.1591939828E-02
   1.959085595      0.1623606855E-02
   1.975659054      0.1650633644E-02
   1.992232513      0.1670099294E-02
   2.008805972      0.1677490302E-02
   2.008805972      0.1677490302E-02
   2.025914059      0.1675357553E-02
   2.043022146      0.1669039258E-02
   2.060130233      0.1658755138E-02
   2.077238320      0.1644820970E-02
   2.094346406      0.1627612532E-02
   2.111454493      0.1607554885E-02
   2.128562580      0.1585136634E-02
   2.145670667      0.1560942211E-02
   2.162778754      0.1535697130E-02
   2.179886840      0.1510324071E-02
   2.196994927      0.1486005710E-02
   2.214103014      0.1464236961E-02
   2.231211101      0.1446817017E-02
   2.248319188      0.1435686322E-02
   2.265427275      0.1432519356E-02
   2.282535361      0.1438160173E-02
   2.299643448      0.1452266541E-02
   2.316751535      0.1473480167E-02
   2.333859622      0.1499968266E-02
   2.350967709      0.1529923023E-02
   2.368075795      0.1561814046E-02
   2.385183882      0.1594440765E-02
   2.402291969      0.1626893235E-02
   2.419400056      0.1658490850E-02
   2.436508143      0.1688726904E-02
   2.453616230      0.1717225521E-02
   2.470724316      0.1743709833E-02
   2.487832403      0.1767978718E-02
   2.504940490      0.1789889873E-02
   2.522048577      0.1809347962E-02
   2.539156664      0.1826297406E-02
   2.539156664      0.1826297406E-02
   2.556167670      0.1824700190E-02
   2.573178676      0.1819942445E-02
   2.590189683      0.1812126951E-02
   2.607200689      0.1801427704E-02
   2.624211695      0.1788091547E-02
   2.641222702      0.1772437260E-02
   2.658233708      0.1754851482E-02
   2.675244714      0.1735782115E-02
   2.692255721      0.1715730570E-02
   2.709266727      0.1695244203E-02
   2.726277734      0.1674909569E-02
   2.743288740      0.1655346052E-02
   2.760299746      0.1637197914E-02
   2.777310753      0.1621121106E-02
   2.794321759      0.1607759827E-02
   2.811332765      0.1597708300E-02
   2.828343772      0.1591457524E-02
   2.845354778      0.1589335372E-02
   2.845354778      0.1589335372E-02
   2.862675959      0.1572701981E-02
   2.879997140      0.1556498461E-02
   2.897318321      0.1541260954E-02
   2.914639502      0.1527648134E-02
   2.931960683      0.1516399273E-02
   2.949281864      0.1508247345E-02
   2.966603045      0.1503792429E-02
   2.983924226      0.1503370660E-02
   3.001245407      0.1506974662E-02
   3.018566588      0.1514263862E-02
   3.035887770      0.1524653377E-02
   3.053208951      0.1537432742E-02
   3.070530132      0.1551868242E-02
   3.087851313      0.1567268914E-02
   3.105172494      0.1583018795E-02
   3.122493675      0.1598586617E-02
   3.139814856      0.1613523495E-02
   3.157136037      0.1627455558E-02
   3.174457218      0.1640075250E-02
   3.191778399      0.1651132999E-02
   3.209099580      0.1660429887E-02
   3.226420761      0.1667811482E-02
   3.243741942      0.1673162835E-02
   3.261063123      0.1676404607E-02
   3.278384304      0.1677490302E-02
     
   0.000000000      0.2257175107E-02
  0.1665498177E-01  0.2256797606E-02
  0.3330996355E-01  0.2255658716E-02
  0.4996494532E-01  0.2253739460E-02
  0.6661992710E-01  0.2251008818E-02
  0.8327490887E-01  0.2247424629E-02
  0.9992989065E-01  0.2242934811E-02
  0.1165848724      0.2237478889E-02
  0.1332398542      0.2230989774E-02
  0.1498948360      0.2223395777E-02
  0.1665498177      0.2214622808E-02
  0.1832047995      0.2204596719E-02
  0.1998597813      0.2193245783E-02
  0.2165147631      0.2180503254E-02
  0.2331697448      0.2166310016E-02
  0.2498247266      0.2150617304E-02
  0.2664797084      0.2133389506E-02
  0.2831346902      0.2114607072E-02
  0.2997896719      0.2094269573E-02
  0.3164446537      0.2072398968E-02
  0.3330996355      0.2049043176E-02
  0.3497546173      0.2024280072E-02
  0.3664095990      0.1998222051E-02
  0.3830645808      0.1971021345E-02
  0.3997195626      0.1942876251E-02
  0.4163745444      0.1914038428E-02
  0.4330295261      0.1884821205E-02
  0.4496845079      0.1855608523E-02
  0.4663394897      0.1826863361E-02
  0.4829944715      0.1799133200E-02
  0.4996494532      0.1773048087E-02
  0.5163044350      0.1749304495E-02
  0.5329594168      0.1728626791E-02
  0.5496143986      0.1711700543E-02
  0.5662693803      0.1699081414E-02
  0.5829243621      0.1691099289E-02
  0.5995793439      0.1687790422E-02
  0.6162343257      0.1688886449E-02
  0.6328893074      0.1693865122E-02
  0.6495442892      0.1702039898E-02
  0.6661992710      0.1712654679E-02
  0.6828542528      0.1724959033E-02
  0.6995092345      0.1738255588E-02
  0.7161642163      0.1751923114E-02
  0.7328191981      0.1765423212E-02
  0.7494741799      0.1778297907E-02
  0.7661291616      0.1790163293E-02
  0.7827841434      0.1800702177E-02
  0.7994391252      0.1809657213E-02
  0.8160941069      0.1816825130E-02
  0.8327490887      0.1822052189E-02
  0.8494040705      0.1825230833E-02
  0.8660590523      0.1826297406E-02
  0.8660590523      0.1826297406E-02
  0.8830700586      0.1852309689E-02
  0.9000810650      0.1876613204E-02
  0.9170920713      0.1899673204E-02
  0.9341030777      0.1921945973E-02
  0.9511140840      0.1943833073E-02
  0.9681250904      0.1965643316E-02
  0.9851360968      0.1987566707E-02
   1.002147103      0.2009662986E-02
   1.019158109      0.2031865395E-02
   1.036169116      0.2053998163E-02
   1.053180122      0.2075804485E-02
   1.070191129      0.2096980677E-02
   1.087202135      0.2102643890E-02
   1.104213141      0.2109025115E-02
   1.121224148      0.2116388387E-02
   1.138235154      0.2124746280E-02
   1.155246160      0.2134076404E-02
   1.172257167      0.2144308317E-02
   1.189268173      0.2155313040E-02
   1.206279179      0.2166898055E-02
   1.223290186      0.2178810047E-02
   1.240301192      0.2190746403E-02
   1.257312198      0.2202375003E-02
   1.274323205      0.2213360312E-02
   1.291334211      0.2223392610E-02
   1.308345217      0.2232216526E-02
   1.325356224      0.2239655031E-02
   1.342367230      0.2245625626E-02
   1.359378237      0.2250146427E-02
   1.376389243      0.2253147018E-02
   1.393400249      0.2254392909E-02
   1.410411256      0.2255400760E-02
   1.427422262      0.2256179287E-02
   1.444433268      0.2256733137E-02
   1.461444275      0.2257064699E-02
   1.478455281      0.2257175107E-02
   1.478455281      0.2257175107E-02
   1.495028740      0.2256950454E-02
   1.511602199      0.2256266429E-02
   1.528175658      0.2255093300E-02
   1.544749117      0.2253383013E-02
   1.561322577      0.2251071371E-02
   1.577896036      0.2248080895E-02
   1.594469495      0.2244324241E-02
   1.611042954      0.2239707985E-02
   1.627616413      0.2234136603E-02
   1.644189872      0.2227516447E-02
   1.660763331      0.2219759572E-02
   1.677336790      0.2210787241E-02
   1.693910249      0.2200532992E-02
   1.710483708      0.2188945165E-02
   1.727057168      0.2175988819E-02
   1.743630627      0.2161647003E-02
   1.760204086      0.2145921368E-02
   1.776777545      0.2128832164E-02
   1.793351004      0.2110417715E-02
   1.809924463      0.2090733517E-02
   1.826497922      0.2069851239E-02
   1.843071381      0.2047858061E-02
   1.859644840      0.2024857111E-02
   1.876218300      0.2000970309E-02
   1.892791759      0.1976346098E-02
   1.909365218      0.1951177002E-02
   1.925938677      0.1925737549E-02
   1.942512136      0.1900466442E-02
   1.959085595      0.1876148467E-02
   1.975659054      0.1854312450E-02
   1.992232513      0.1837937226E-02
   2.008805972      0.1831572290E-02
   2.008805972      0.1831572290E-02
   2.025914059      0.1831816584E-02
   2.043022146      0.1832504211E-02
   2.060130233      0.1833521146E-02
   2.077238320      0.1834733131E-02
   2.094346406      0.1836029874E-02
   2.111454493      0.1837347633E-02
   2.128562580      0.1838671491E-02
   2.145670667      0.1840026024E-02
   2.162778754      0.1841461880E-02
   2.179886840      0.1843042376E-02
   2.196994927      0.1844831762E-02
   2.214103014      0.1846885561E-02
   2.231211101      0.1849242870E-02
   2.248319188      0.1851920423E-02
   2.265427275      0.1854908147E-02
   2.282535361      0.1858166035E-02
   2.299643448      0.1861622127E-02
   2.316751535      0.1865171449E-02
   2.333859622      0.1868675799E-02
   2.350967709      0.1871964353E-02
   2.368075795      0.1874835219E-02
   2.385183882      0.1877058273E-02
   2.402291969      0.1878379865E-02
   2.419400056      0.1878530105E-02
   2.436508143      0.1877233304E-02
   2.453616230      0.1874221422E-02
   2.470724316      0.1869249137E-02
   2.487832403      0.1862107822E-02
   2.504940490      0.1852635342E-02
   2.522048577      0.1840719760E-02
   2.539156664      0.1826297406E-02
   2.539156664      0.1826297406E-02
   2.556167670      0.1824700190E-02
   2.573178676      0.1819942445E-02
   2.590189683      0.1812126951E-02
   2.607200689      0.1801427704E-02
   2.624211695      0.1788091547E-02
   2.641222702      0.1772437260E-02
   2.658233708      0.1754851482E-02
   2.675244714      0.1735782115E-02
   2.692255721      0.1715730570E-02
   2.709266727      0.1695244203E-02
   2.726277734      0.1674909569E-02
   2.743288740      0.1655346052E-02
   2.760299746      0.1637197914E-02
   2.777310753      0.1621121106E-02
   2.794321759      0.1607759827E-02
   2.811332765      0.1597708300E-02
   2.828343772      0.1591457524E-02
   2.845354778      0.1589335372E-02
   2.845354778      0.1589335372E-02
   2.862675959      0.1605993551E-02
   2.879997140      0.1622391810E-02
   2.897318321      0.1638346347E-02
   2.914639502      0.1653752160E-02
   2.931960683      0.1668561513E-02
   2.949281864      0.1682764632E-02
   2.966603045      0.1696373444E-02
   2.983924226      0.1709408728E-02
   3.001245407      0.1721890685E-02
   3.018566588      0.1733832680E-02
   3.035887770      0.1745237732E-02
   3.053208951      0.1756097199E-02
   3.070530132      0.1766391098E-02
   3.087851313      0.1776089544E-02
   3.105172494      0.1785154841E-02
   3.122493675      0.1793543876E-02
   3.139814856      0.1801210546E-02
   3.157136037      0.1808108045E-02
   3.174457218      0.1814190898E-02
   3.191778399      0.1819416680E-02
   3.209099580      0.1823747436E-02
   3.226420761      0.1827150787E-02
   3.243741942      0.1829600770E-02
   3.261063123      0.1831078444E-02
   3.278384304      0.1831572290E-02
     
   0.000000000      0.2257175107E-02
  0.1665498177E-01  0.2256948253E-02
  0.3330996355E-01  0.2256271322E-02
  0.4996494532E-01  0.2255155157E-02
  0.6661992710E-01  0.2253617675E-02
  0.8327490887E-01  0.2251683615E-02
  0.9992989065E-01  0.2249384172E-02
  0.1165848724      0.2246756490E-02
  0.1332398542      0.2243842996E-02
  0.1498948360      0.2240564073E-02
  0.1665498177      0.2236650593E-02
  0.1832047995      0.2232331208E-02
  0.1998597813      0.2227615393E-02
  0.2165147631      0.2222516535E-02
  0.2331697448      0.2217052383E-02
  0.2498247266      0.2211245403E-02
  0.2664797084      0.2205123019E-02
  0.2831346902      0.2198717720E-02
  0.2997896719      0.2192067020E-02
  0.3164446537      0.2185213266E-02
  0.3330996355      0.2178203277E-02
  0.3497546173      0.2171087828E-02
  0.3664095990      0.2163920970E-02
  0.3830645808      0.2156759212E-02
  0.3997195626      0.2149660555E-02
  0.4163745444      0.2142683437E-02
  0.4330295261      0.2135885577E-02
  0.4496845079      0.2129322777E-02
  0.4663394897      0.2123047709E-02
  0.4829944715      0.2117108718E-02
  0.4996494532      0.2111548698E-02
  0.5163044350      0.2106404067E-02
  0.5329594168      0.2101703886E-02
  0.5496143986      0.2097469157E-02
  0.5662693803      0.2093712332E-02
  0.5829243621      0.2090437050E-02
  0.5995793439      0.2087638122E-02
  0.6162343257      0.2085301768E-02
  0.6328893074      0.2083406106E-02
  0.6495442892      0.2081921875E-02
  0.6661992710      0.2080813367E-02
  0.6828542528      0.2080039558E-02
  0.6995092345      0.2079555373E-02
  0.7161642163      0.2079313069E-02
  0.7328191981      0.2079263688E-02
  0.7494741799      0.2079358518E-02
  0.7661291616      0.2079550552E-02
  0.7827841434      0.2079795867E-02
  0.7994391252      0.2080054910E-02
  0.8160941069      0.2080293647E-02
  0.8327490887      0.2080484540E-02
  0.8494040705      0.2080607340E-02
  0.8660590523      0.2080649663E-02
  0.8660590523      0.2080649663E-02
  0.8830700586      0.2080619376E-02
  0.9000810650      0.2080547675E-02
  0.9170920713      0.2080489863E-02
  0.9341030777      0.2080531223E-02
  0.9511140840      0.2080777780E-02
  0.9681250904      0.2081345544E-02
  0.9851360968      0.2082350089E-02
   1.002147103      0.2083898374E-02
   1.019158109      0.2086084129E-02
   1.036169116      0.2088987160E-02
   1.053180122      0.2092675696E-02
   1.070191129      0.2097209855E-02
   1.087202135      0.2102643890E-02
   1.104213141      0.2109025115E-02
   1.121224148      0.2116388387E-02
   1.138235154      0.2124746280E-02
   1.155246160      0.2134076404E-02
   1.172257167      0.2144308317E-02
   1.189268173      0.2155313040E-02
   1.206279179      0.2166898055E-02
   1.223290186      0.2178810047E-02
   1.240301192      0.2190746403E-02
   1.257312198      0.2202375003E-02
   1.274323205      0.2213360312E-02
   1.291334211      0.2223392610E-02
   1.308345217      0.2232216526E-02
   1.325356224      0.2239655031E-02
   1.342367230      0.2245625626E-02
   1.359378237      0.2250146427E-02
   1.376389243      0.2253331082E-02
   1.393400249      0.2255372804E-02
   1.410411256      0.2256519105E-02
   1.427422262      0.2257040002E-02
   1.444433268      0.2257193393E-02
   1.461444275      0.2257191852E-02
   1.478455281      0.2257175107E-02
   1.478455281      0.2257175107E-02
   1.495028740      0.2257012556E-02
   1.511602199      0.2256528232E-02
   1.528175658      0.2255732020E-02
   1.544749117      0.2254640055E-02
   1.561322577      0.2253274239E-02
   1.577896036      0.2251661570E-02
   1.594469495      0.2249833342E-02
   1.611042954      0.2247824222E-02
   1.627616413      0.2245671250E-02
   1.644189872      0.2243412793E-02
   1.660763331      0.2241087498E-02
   1.677336790      0.2238733276E-02
   1.693910249      0.2236386342E-02
   1.710483708      0.2234080370E-02
   1.727057168      0.2231845753E-02
   1.743630627      0.2229709011E-02
   1.760204086      0.2227692364E-02
   1.776777545      0.2225813460E-02
   1.793351004      0.2224085275E-02
   1.809924463      0.2222516182E-02
   1.826497922      0.2221110177E-02
   1.843071381      0.2219867255E-02
   1.859644840      0.2218783909E-02
   1.876218300      0.2217853743E-02
   1.892791759      0.2217068173E-02
   1.909365218      0.2216417171E-02
   1.925938677      0.2215890039E-02
   1.942512136      0.2215476175E-02
   1.959085595      0.2215165785E-02
   1.975659054      0.2214950524E-02
   1.992232513      0.2214824028E-02
   2.008805972      0.2214782315E-02
   2.008805972      0.2214782315E-02
   2.025914059      0.2214174232E-02
   2.043022146      0.2212363826E-02
   2.060130233      0.2209392220E-02
   2.077238320      0.2205326599E-02
   2.094346406      0.2200258219E-02
   2.111454493      0.2194299686E-02
   2.128562580      0.2187581582E-02
   2.145670667      0.2180248535E-02
   2.162778754      0.2172454853E-02
   2.179886840      0.2164359850E-02
   2.196994927      0.2156123055E-02
   2.214103014      0.2147899446E-02
   2.231211101      0.2139834914E-02
   2.248319188      0.2132062119E-02
   2.265427275      0.2124696920E-02
   2.282535361      0.2117835511E-02
   2.299643448      0.2111552386E-02
   2.316751535      0.2105899211E-02
   2.333859622      0.2100904641E-02
   2.350967709      0.2096575096E-02
   2.368075795      0.2092896434E-02
   2.385183882      0.2089836461E-02
   2.402291969      0.2087348142E-02
   2.419400056      0.2085373372E-02
   2.436508143      0.2083847120E-02
   2.453616230      0.2082701740E-02
   2.470724316      0.2081871256E-02
   2.487832403      0.2081295397E-02
   2.504940490      0.2080923200E-02
   2.522048577      0.2080715997E-02
   2.539156664      0.2080649663E-02
   2.539156664      0.2080649663E-02
   2.556167670      0.2080676096E-02
   2.573178676      0.2080759006E-02
   2.590189683      0.2080907443E-02
   2.607200689      0.2081131501E-02
   2.624211695      0.2081437507E-02
   2.641222702      0.2081824895E-02
   2.658233708      0.2082285668E-02
   2.675244714      0.2082806014E-02
   2.692255721      0.2083368832E-02
   2.709266727      0.2083955888E-02
   2.726277734      0.2084548860E-02
   2.743288740      0.2085129176E-02
   2.760299746      0.2085677193E-02
   2.777310753      0.2086171543E-02
   2.794321759      0.2086589442E-02
   2.811332765      0.2086908334E-02
   2.828343772      0.2087108669E-02
   2.845354778      0.2087177040E-02
   2.845354778      0.2087177040E-02
   2.862675959      0.2086018312E-02
   2.879997140      0.2086049359E-02
   2.897318321      0.2087275567E-02
   2.914639502      0.2089672190E-02
   2.931960683      0.2093186904E-02
   2.949281864      0.2097743387E-02
   2.966603045      0.2103245398E-02
   2.983924226      0.2109580870E-02
   3.001245407      0.2116625703E-02
   3.018566588      0.2124247073E-02
   3.035887770      0.2132306195E-02
   3.053208951      0.2140660580E-02
   3.070530132      0.2149165881E-02
   3.087851313      0.2157677457E-02
   3.105172494      0.2166051801E-02
   3.122493675      0.2174147952E-02
   3.139814856      0.2181829029E-02
   3.157136037      0.2188963944E-02
   3.174457218      0.2195429342E-02
   3.191778399      0.2201111745E-02
   3.209099580      0.2205909830E-02
   3.226420761      0.2209736730E-02
   3.243741942      0.2212522221E-02
   3.261063123      0.2214214628E-02
   3.278384304      0.2214782315E-02
     
   0.000000000      0.2257175107E-02
  0.1665498177E-01  0.2256971904E-02
  0.3330996355E-01  0.2256361868E-02
  0.4996494532E-01  0.2255343788E-02
  0.6661992710E-01  0.2253915832E-02
  0.8327490887E-01  0.2252075838E-02
  0.9992989065E-01  0.2249821691E-02
  0.1165848724      0.2247151786E-02
  0.1332398542      0.2244065561E-02
  0.1498948360      0.2240690563E-02
  0.1665498177      0.2237349480E-02
  0.1832047995      0.2233872223E-02
  0.1998597813      0.2230312049E-02
  0.2165147631      0.2226721409E-02
  0.2331697448      0.2223150257E-02
  0.2498247266      0.2219644281E-02
  0.2664797084      0.2216243175E-02
  0.2831346902      0.2212979019E-02
  0.2997896719      0.2209874896E-02
  0.3164446537      0.2206943841E-02
  0.3330996355      0.2204188223E-02
  0.3497546173      0.2201599620E-02
  0.3664095990      0.2199159229E-02
  0.3830645808      0.2196838785E-02
  0.3997195626      0.2194601954E-02
  0.4163745444      0.2192406088E-02
  0.4330295261      0.2190204226E-02
  0.4496845079      0.2187947212E-02
  0.4663394897      0.2185585783E-02
  0.4829944715      0.2183072510E-02
  0.4996494532      0.2180363505E-02
  0.5163044350      0.2177419821E-02
  0.5329594168      0.2174208531E-02
  0.5496143986      0.2170703478E-02
  0.5662693803      0.2166885758E-02
  0.5829243621      0.2162743974E-02
  0.5995793439      0.2158274363E-02
  0.6162343257      0.2153480892E-02
  0.6328893074      0.2148375440E-02
  0.6495442892      0.2142978185E-02
  0.6661992710      0.2137318352E-02
  0.6828542528      0.2131435443E-02
  0.6995092345      0.2125381097E-02
  0.7161642163      0.2119221677E-02
  0.7328191981      0.2113041603E-02
  0.7494741799      0.2106947233E-02
  0.7661291616      0.2101070736E-02
  0.7827841434      0.2095572729E-02
  0.7994391252      0.2090641526E-02
  0.8160941069      0.2086485959E-02
  0.8327490887      0.2083318659E-02
  0.8494040705      0.2081328930E-02
  0.8660590523      0.2080649663E-02
  0.8660590523      0.2080649663E-02
  0.8830700586      0.2080619376E-02
  0.9000810650      0.2080547675E-02
  0.9170920713      0.2080489863E-02
  0.9341030777      0.2080531223E-02
  0.9511140840      0.2080777780E-02
  0.9681250904      0.2081345544E-02
  0.9851360968      0.2082350089E-02
   1.002147103      0.2083898374E-02
   1.019158109      0.2086084129E-02
   1.036169116      0.2088987160E-02
   1.053180122      0.2092675696E-02
   1.070191129      0.2097209855E-02
   1.087202135      0.2117211869E-02
   1.104213141      0.2136205022E-02
   1.121224148      0.2153715968E-02
   1.138235154      0.2169568338E-02
   1.155246160      0.2183663490E-02
   1.172257167      0.2195981652E-02
   1.189268173      0.2206575400E-02
   1.206279179      0.2215557231E-02
   1.223290186      0.2223083378E-02
   1.240301192      0.2229336092E-02
   1.257312198      0.2234506494E-02
   1.274323205      0.2238779696E-02
   1.291334211      0.2242323417E-02
   1.308345217      0.2245280652E-02
   1.325356224      0.2247766399E-02
   1.342367230      0.2249867894E-02
   1.359378237      0.2251647477E-02
   1.376389243      0.2253331082E-02
   1.393400249      0.2255372804E-02
   1.410411256      0.2256519105E-02
   1.427422262      0.2257040002E-02
   1.444433268      0.2257193393E-02
   1.461444275      0.2257191852E-02
   1.478455281      0.2257175107E-02
   1.478455281      0.2257175107E-02
   1.495028740      0.2257012556E-02
   1.511602199      0.2256528232E-02
   1.528175658      0.2255732020E-02
   1.544749117      0.2254640055E-02
   1.561322577      0.2253274239E-02
   1.577896036      0.2251661570E-02
   1.594469495      0.2249833342E-02
   1.611042954      0.2247824222E-02
   1.627616413      0.2245671250E-02
   1.644189872      0.2243412793E-02
   1.660763331      0.2241087498E-02
   1.677336790      0.2238733276E-02
   1.693910249      0.2236386342E-02
   1.710483708      0.2234080370E-02
   1.727057168      0.2231845753E-02
   1.743630627      0.2229709011E-02
   1.760204086      0.2227692364E-02
   1.776777545      0.2225813460E-02
   1.793351004      0.2224085275E-02
   1.809924463      0.2222516182E-02
   1.826497922      0.2221110177E-02
   1.843071381      0.2219867255E-02
   1.859644840      0.2218783909E-02
   1.876218300      0.2217853743E-02
   1.892791759      0.2217068173E-02
   1.909365218      0.2216417171E-02
   1.925938677      0.2215890039E-02
   1.942512136      0.2215476175E-02
   1.959085595      0.2215165785E-02
   1.975659054      0.2214950524E-02
   1.992232513      0.2214824028E-02
   2.008805972      0.2214782315E-02
   2.008805972      0.2214782315E-02
   2.025914059      0.2214366363E-02
   2.043022146      0.2213130286E-02
   2.060130233      0.2211108312E-02
   2.077238320      0.2208353985E-02
   2.094346406      0.2204935522E-02
   2.111454493      0.2200930375E-02
   2.128562580      0.2196419772E-02
   2.145670667      0.2191483918E-02
   2.162778754      0.2186198289E-02
   2.179886840      0.2180631237E-02
   2.196994927      0.2174842866E-02
   2.214103014      0.2168884999E-02
   2.231211101      0.2162801967E-02
   2.248319188      0.2156631974E-02
   2.265427275      0.2150408818E-02
   2.282535361      0.2144163838E-02
   2.299643448      0.2137928001E-02
   2.316751535      0.2131734109E-02
   2.333859622      0.2125619074E-02
   2.350967709      0.2119626192E-02
   2.368075795      0.2113807190E-02
   2.385183882      0.2108223666E-02
   2.402291969      0.2102947315E-02
   2.419400056      0.2098058212E-02
   2.436508143      0.2093640593E-02
   2.453616230      0.2089776233E-02
   2.470724316      0.2086536690E-02
   2.487832403      0.2083976799E-02
   2.504940490      0.2082132004E-02
   2.522048577      0.2081020628E-02
   2.539156664      0.2080649663E-02
   2.539156664      0.2080649663E-02
   2.556167670      0.2080676096E-02
   2.573178676      0.2080759006E-02
   2.590189683      0.2080907443E-02
   2.607200689      0.2081131501E-02
   2.624211695      0.2081437507E-02
   2.641222702      0.2081824895E-02
   2.658233708      0.2082285668E-02
   2.675244714      0.2082806014E-02
   2.692255721      0.2083368832E-02
   2.709266727      0.2083955888E-02
   2.726277734      0.2084548860E-02
   2.743288740      0.2085129176E-02
   2.760299746      0.2085677193E-02
   2.777310753      0.2086171543E-02
   2.794321759      0.2086589442E-02
   2.811332765      0.2086908334E-02
   2.828343772      0.2087108669E-02
   2.845354778      0.2087177040E-02
   2.845354778      0.2087177040E-02
   2.862675959      0.2089489075E-02
   2.879997140      0.2092887871E-02
   2.897318321      0.2097279912E-02
   2.914639502      0.2102549654E-02
   2.931960683      0.2108565748E-02
   2.949281864      0.2115187772E-02
   2.966603045      0.2122272679E-02
   2.983924226      0.2129680327E-02
   3.001245407      0.2137277690E-02
   3.018566588      0.2144941636E-02
   3.035887770      0.2152560365E-02
   3.053208951      0.2160033757E-02
   3.070530132      0.2167272930E-02
   3.087851313      0.2174199332E-02
   3.105172494      0.2180743615E-02
   3.122493675      0.2186844509E-02
   3.139814856      0.2192447824E-02
   3.157136037      0.2197505672E-02
   3.174457218      0.2201975925E-02
   3.191778399      0.2205821907E-02
   3.209099580      0.2209012284E-02
   3.226420761      0.2211521103E-02
   3.243741942      0.2213327920E-02
   3.261063123      0.2214417969E-02
   3.278384304      0.2214782315E-02
     
