 open ../../species//Ti.xml
 open ../../species//O.xml
 
Info(writegeom):
 EXCITING lattice vectors and atomic positions written to geometry.xml
:INFO :  Reduction   0.0000 Expected   1.0000 Next   0.0750 All      INF
:INFO :  Bounds         0.000D+00  0.238D-01  0.133D+01  0.000D+00
:DIRM :  MEMORY 1/8 RESCALE  1.000 RED  0.000 PRED  1.000 NEXT  0.075
 DMIX IN MSEC1: 0.100000001490116119
:INFO :  Reduction   0.0000 Expected   1.0000 Next   0.0165 All      INF
:INFO :  Bounds         0.000D+00  0.704D-01  0.607D+01  0.000D+00
:DIRM :  MEMORY 2/8 RESCALE  1.000 RED  0.000 PRED  1.000 NEXT  0.016
 DMIX IN MSEC1: 0.100000001490116119
:INFO :  Reduction   0.0000 Expected   1.0000 Next   0.0183 All      INF
:INFO :  Bounds         0.000D+00  0.101D+00  0.545D+01  0.000D+00
:DIRM :  MEMORY 3/8 RESCALE  1.000 RED  0.000 PRED  1.000 NEXT  0.018
 DMIX IN MSEC1: 0.100000001490116119
:INFO :  Reduction   0.0000 Expected   1.0000 Next   0.0036 All      INF
:INFO :  Bounds         0.000D+00  0.140D+00  0.281D+02  0.000D+00
:DIRM :  MEMORY 4/8 RESCALE  1.000 RED  0.000 PRED  1.000 NEXT  0.004
 DMIX IN MSEC1: 0.100000001490116119
:INFO :  Reduction   0.0000 Expected   1.0000 Next   0.0263 All      INF
:INFO :  Bounds         0.000D+00  0.140D+00  0.380D+01  0.000D+00
:DIRM :  MEMORY 5/8 RESCALE  1.000 RED  0.000 PRED  1.000 NEXT  0.026
 DMIX IN MSEC1: 0.100000001490116119
:INFO :  Reduction   0.0000 Expected   1.0000 Next   0.0125 All      INF
:INFO :  Bounds         0.000D+00  0.199D+00  0.799D+01  0.000D+00
:DIRM :  MEMORY 6/8 RESCALE  1.000 RED  0.000 PRED  1.000 NEXT  0.013
 DMIX IN MSEC1: 0.100000001490116119
:INFO :  Reduction   0.0000 Expected   1.0000 Next   0.0135 All      INF
:INFO :  Bounds         0.000D+00  0.200D+00  0.739D+01  0.000D+00
:DIRM :  MEMORY 7/8 RESCALE  1.000 RED  0.000 PRED  1.000 NEXT  0.014
 DMIX IN MSEC1: 0.100000001490116119
:INFO :  Reduction   1.0000 Expected   1.0000 Next   0.0194 All   1.0000
:INFO :  Bounds         0.000D+00  0.200D+00  0.516D+01  0.000D+00
:DIRM :  MEMORY 8/8 RESCALE  1.000 RED  1.000 PRED  1.000 NEXT  0.019
 DMIX IN MSEC1: 0.100000001490116119
:INFO :  Reduction   1.0000 Expected   1.0000 Next   0.0872 All   1.0000
:INFO :  Bounds         0.000D+00  0.200D+00  0.115D+01  0.000D+00
:DIRM :  MEMORY 8/8 RESCALE  1.000 RED  1.000 PRED  1.000 NEXT  0.087
 DMIX IN MSEC1: 0.100000001490116119
:INFO :  Reduction   1.0000 Expected   1.0000 Next   0.0058 All   1.0000
:INFO :  Bounds         0.000D+00  0.200D+00  0.174D+02  0.000D+00
:DIRM :  MEMORY 8/8 RESCALE  1.000 RED  1.000 PRED  1.000 NEXT  0.006
 DMIX IN MSEC1: 0.100000001490116119
:INFO :  Reduction   1.0000 Expected   1.0000 Next   0.0155 All   1.0000
:INFO :  Bounds         0.000D+00  0.200D+00  0.647D+01  0.000D+00
:DIRM :  MEMORY 8/8 RESCALE  1.000 RED  1.000 PRED  1.000 NEXT  0.015
 DMIX IN MSEC1: 0.100000001490116119
:INFO :  Reduction   1.0000 Expected   1.0000 Next   0.0826 All   1.0000
:INFO :  Bounds         0.000D+00  0.200D+00  0.121D+01  0.000D+00
:DIRM :  MEMORY 8/8 RESCALE  1.000 RED  1.000 PRED  1.000 NEXT  0.083
 DMIX IN MSEC1: 0.100000001490116119
:INFO :  Reduction   1.0000 Expected   1.0000 Next   0.0206 All   1.0000
:INFO :  Bounds         0.000D+00  0.200D+00  0.485D+01  0.000D+00
:DIRM :  MEMORY 8/8 RESCALE  1.000 RED  1.000 PRED  1.000 NEXT  0.021
 DMIX IN MSEC1: 0.100000001490116119
