 open ../../species//Pb.xml
 
Info(writegeom):
 EXCITING lattice vectors and atomic positions written to geometry.xml
Info(bandstr):      1 of    200 k-points
Info(bandstr):      2 of    200 k-points
Info(bandstr):      3 of    200 k-points
Info(bandstr):      4 of    200 k-points
Info(bandstr):      5 of    200 k-points
Info(bandstr):      6 of    200 k-points
Info(bandstr):      7 of    200 k-points
Info(bandstr):      8 of    200 k-points
Info(bandstr):      9 of    200 k-points
Info(bandstr):     10 of    200 k-points
Info(bandstr):     11 of    200 k-points
Info(bandstr):     12 of    200 k-points
Info(bandstr):     13 of    200 k-points
Info(bandstr):     14 of    200 k-points
Info(bandstr):     15 of    200 k-points
Info(bandstr):     16 of    200 k-points
Info(bandstr):     17 of    200 k-points
Info(bandstr):     18 of    200 k-points
Info(bandstr):     19 of    200 k-points
Info(bandstr):     20 of    200 k-points
Info(bandstr):     21 of    200 k-points
Info(bandstr):     22 of    200 k-points
Info(bandstr):     23 of    200 k-points
Info(bandstr):     24 of    200 k-points
Info(bandstr):     25 of    200 k-points
Info(bandstr):     26 of    200 k-points
Info(bandstr):     27 of    200 k-points
Info(bandstr):     28 of    200 k-points
Info(bandstr):     29 of    200 k-points
Info(bandstr):     30 of    200 k-points
Info(bandstr):     31 of    200 k-points
Info(bandstr):     32 of    200 k-points
Info(bandstr):     33 of    200 k-points
Info(bandstr):     34 of    200 k-points
Info(bandstr):     35 of    200 k-points
Info(bandstr):     36 of    200 k-points
Info(bandstr):     37 of    200 k-points
Info(bandstr):     38 of    200 k-points
Info(bandstr):     39 of    200 k-points
Info(bandstr):     40 of    200 k-points
Info(bandstr):     41 of    200 k-points
Info(bandstr):     42 of    200 k-points
Info(bandstr):     43 of    200 k-points
Info(bandstr):     44 of    200 k-points
Info(bandstr):     45 of    200 k-points
Info(bandstr):     46 of    200 k-points
Info(bandstr):     47 of    200 k-points
Info(bandstr):     48 of    200 k-points
Info(bandstr):     49 of    200 k-points
Info(bandstr):     50 of    200 k-points
Info(bandstr):     51 of    200 k-points
Info(bandstr):     52 of    200 k-points
Info(bandstr):     53 of    200 k-points
Info(bandstr):     54 of    200 k-points
Info(bandstr):     55 of    200 k-points
Info(bandstr):     56 of    200 k-points
Info(bandstr):     57 of    200 k-points
Info(bandstr):     58 of    200 k-points
Info(bandstr):     59 of    200 k-points
Info(bandstr):     60 of    200 k-points
Info(bandstr):     61 of    200 k-points
Info(bandstr):     62 of    200 k-points
Info(bandstr):     63 of    200 k-points
Info(bandstr):     64 of    200 k-points
Info(bandstr):     65 of    200 k-points
Info(bandstr):     66 of    200 k-points
Info(bandstr):     67 of    200 k-points
Info(bandstr):     68 of    200 k-points
Info(bandstr):     69 of    200 k-points
Info(bandstr):     70 of    200 k-points
Info(bandstr):     71 of    200 k-points
Info(bandstr):     72 of    200 k-points
Info(bandstr):     73 of    200 k-points
Info(bandstr):     74 of    200 k-points
Info(bandstr):     75 of    200 k-points
Info(bandstr):     76 of    200 k-points
Info(bandstr):     77 of    200 k-points
Info(bandstr):     78 of    200 k-points
Info(bandstr):     79 of    200 k-points
Info(bandstr):     80 of    200 k-points
Info(bandstr):     81 of    200 k-points
Info(bandstr):     82 of    200 k-points
Info(bandstr):     83 of    200 k-points
Info(bandstr):     84 of    200 k-points
Info(bandstr):     85 of    200 k-points
Info(bandstr):     86 of    200 k-points
Info(bandstr):     87 of    200 k-points
Info(bandstr):     88 of    200 k-points
Info(bandstr):     89 of    200 k-points
Info(bandstr):     90 of    200 k-points
Info(bandstr):     91 of    200 k-points
Info(bandstr):     92 of    200 k-points
Info(bandstr):     93 of    200 k-points
Info(bandstr):     94 of    200 k-points
Info(bandstr):     95 of    200 k-points
Info(bandstr):     96 of    200 k-points
Info(bandstr):     97 of    200 k-points
Info(bandstr):     98 of    200 k-points
Info(bandstr):     99 of    200 k-points
Info(bandstr):    100 of    200 k-points
Info(bandstr):    101 of    200 k-points
Info(bandstr):    102 of    200 k-points
Info(bandstr):    103 of    200 k-points
Info(bandstr):    104 of    200 k-points
Info(bandstr):    105 of    200 k-points
Info(bandstr):    106 of    200 k-points
Info(bandstr):    107 of    200 k-points
Info(bandstr):    108 of    200 k-points
Info(bandstr):    109 of    200 k-points
Info(bandstr):    110 of    200 k-points
Info(bandstr):    111 of    200 k-points
Info(bandstr):    112 of    200 k-points
Info(bandstr):    113 of    200 k-points
Info(bandstr):    114 of    200 k-points
Info(bandstr):    115 of    200 k-points
Info(bandstr):    116 of    200 k-points
Info(bandstr):    117 of    200 k-points
Info(bandstr):    118 of    200 k-points
Info(bandstr):    119 of    200 k-points
Info(bandstr):    120 of    200 k-points
Info(bandstr):    121 of    200 k-points
Info(bandstr):    122 of    200 k-points
Info(bandstr):    123 of    200 k-points
Info(bandstr):    124 of    200 k-points
Info(bandstr):    125 of    200 k-points
Info(bandstr):    126 of    200 k-points
Info(bandstr):    127 of    200 k-points
Info(bandstr):    128 of    200 k-points
Info(bandstr):    129 of    200 k-points
Info(bandstr):    130 of    200 k-points
Info(bandstr):    131 of    200 k-points
Info(bandstr):    132 of    200 k-points
Info(bandstr):    133 of    200 k-points
Info(bandstr):    134 of    200 k-points
Info(bandstr):    135 of    200 k-points
Info(bandstr):    136 of    200 k-points
Info(bandstr):    137 of    200 k-points
Info(bandstr):    138 of    200 k-points
Info(bandstr):    139 of    200 k-points
Info(bandstr):    140 of    200 k-points
Info(bandstr):    141 of    200 k-points
Info(bandstr):    142 of    200 k-points
Info(bandstr):    143 of    200 k-points
Info(bandstr):    144 of    200 k-points
Info(bandstr):    145 of    200 k-points
Info(bandstr):    146 of    200 k-points
Info(bandstr):    147 of    200 k-points
Info(bandstr):    148 of    200 k-points
Info(bandstr):    149 of    200 k-points
Info(bandstr):    150 of    200 k-points
Info(bandstr):    151 of    200 k-points
Info(bandstr):    152 of    200 k-points
Info(bandstr):    153 of    200 k-points
Info(bandstr):    154 of    200 k-points
Info(bandstr):    155 of    200 k-points
Info(bandstr):    156 of    200 k-points
Info(bandstr):    157 of    200 k-points
Info(bandstr):    158 of    200 k-points
Info(bandstr):    159 of    200 k-points
Info(bandstr):    160 of    200 k-points
Info(bandstr):    161 of    200 k-points
Info(bandstr):    162 of    200 k-points
Info(bandstr):    163 of    200 k-points
Info(bandstr):    164 of    200 k-points
Info(bandstr):    165 of    200 k-points
Info(bandstr):    166 of    200 k-points
Info(bandstr):    167 of    200 k-points
Info(bandstr):    168 of    200 k-points
Info(bandstr):    169 of    200 k-points
Info(bandstr):    170 of    200 k-points
Info(bandstr):    171 of    200 k-points
Info(bandstr):    172 of    200 k-points
Info(bandstr):    173 of    200 k-points
Info(bandstr):    174 of    200 k-points
Info(bandstr):    175 of    200 k-points
Info(bandstr):    176 of    200 k-points
Info(bandstr):    177 of    200 k-points
Info(bandstr):    178 of    200 k-points
Info(bandstr):    179 of    200 k-points
Info(bandstr):    180 of    200 k-points
Info(bandstr):    181 of    200 k-points
Info(bandstr):    182 of    200 k-points
Info(bandstr):    183 of    200 k-points
Info(bandstr):    184 of    200 k-points
Info(bandstr):    185 of    200 k-points
Info(bandstr):    186 of    200 k-points
Info(bandstr):    187 of    200 k-points
Info(bandstr):    188 of    200 k-points
Info(bandstr):    189 of    200 k-points
Info(bandstr):    190 of    200 k-points
Info(bandstr):    191 of    200 k-points
Info(bandstr):    192 of    200 k-points
Info(bandstr):    193 of    200 k-points
Info(bandstr):    194 of    200 k-points
Info(bandstr):    195 of    200 k-points
Info(bandstr):    196 of    200 k-points
Info(bandstr):    197 of    200 k-points
Info(bandstr):    198 of    200 k-points
Info(bandstr):    199 of    200 k-points
Info(bandstr):    200 of    200 k-points
 
Info(bandstr):
 band structure plot written to BAND.OUT
 
 Fermi energy is at zero in plot
 
 vertex location lines written to BANDLINES.OUT
 
