   0.000000000       18.67264167       1.027892926       38.90622556    
  0.4535233333E-01   18.91906050       1.057783149       38.28944645    
  0.9070466667E-01   19.17264067       1.089027829       37.89238520    
  0.1360570000       19.43370541       1.121711619       37.72344357    
  0.1814093333       19.70259798       1.155925995       37.59567011    
  0.2267616667       19.97968326       1.191769931       37.52745930    
  0.2721140000       20.26534956       1.229350657       37.49649927    
  0.3174663333       20.56001046       1.268784509       37.49788715    
  0.3628186667       20.86410698       1.310197889       37.52670360    
  0.4081710000       21.17810994       1.353728338       37.58044473    
  0.4535233333       21.50252245       1.399525751       37.65731868    
  0.4988756667       21.83788287       1.447753752       37.75620918    
  0.5442280000       22.18476793       1.498591247       37.87640286    
  0.5895803333       22.54379620       1.552234196       38.01749852    
  0.6349326667       22.91563211       1.608897626       38.17932970    
  0.6802850000       23.30099020       1.668817930       38.36192105    
  0.7256373333       23.70064007       1.732255504       38.56545856    
  0.7709896667       24.11541178       1.799497770       38.79027085    
  0.8163420000       24.54620201       1.870862660       39.03681773    
  0.8616943333       24.99398090       1.946702639       39.30568393    
  0.9070466667       25.45979981       2.027409375       39.59757693    
  0.9523990000       25.94480009       2.113419156       39.91332797    
  0.9977513333       26.45022296       2.205219226       40.25389575    
   1.043103667       26.97742076       2.303355193       40.62037277    
   1.088456000       27.52786978       2.408439749       41.01399390    
   1.133808333       28.10318483       2.521162956       41.43614744    
   1.179160667       28.70513600       2.642304442       41.88838873    
   1.224513000       29.33566778       2.772747930       42.37245640    
   1.269865333       29.99692118       2.913498604       42.89029176    
   1.315217667       30.69125920       3.065704003       43.44406150    
   1.360570000       31.42129633       3.230679259       44.03618445    
   1.405922333       32.18993278       3.409937771       44.66936273    
   1.451274667       33.00039439       3.605228687       45.34661828    
   1.496627000       33.85627927       3.818582995       46.07133543    
   1.541979333       34.76161231       4.052370573       46.84731083    
   1.587331667       35.72090937       4.309371270       47.67881164    
   1.632684000       36.73925271       4.592864139       48.57064377    
   1.678036333       37.82238004       4.906740310       49.52823149    
   1.723388667       38.97678955       5.255646951       50.55771041    
   1.768741000       40.20986397       5.645172477       51.66603550    
   1.814093333       41.53001658       6.082087034       52.86110585    
   1.859445667       42.94686246       6.574657846       54.15190699    
   1.904798000       44.47141719       7.133066998       55.54867021    
   1.950150333       46.11632366       7.769971012       57.06304454    
   1.995502667       47.89610278       8.501258893       58.70827064    
   2.040855000       49.82741439       9.347091120       60.49933254    
   2.086207333       51.92929470       10.33334061       62.45303850    
   2.131559667       54.22329697       11.49361406       64.58793505    
   2.176912000       56.73338294       12.87211635       66.92386914    
   2.222264333       59.48525525       14.52773902       69.48084430    
   2.267616667       62.50450846       16.53990361       72.27649735    
   2.312969000       65.81236054       19.01682349       75.32093017    
   2.358321333       69.41654500       22.10677296       78.60657772    
   2.403673667       73.29282328       26.01208032       82.08910226    
   2.449026000       77.34931908       31.00239733       85.65317244    
   2.494378333       81.36248909       37.41524402       89.05606649    
   2.539730667       84.87502164       45.61204266       91.84856460    
   2.585083000       87.07474626       55.81810676       93.30775151    
   2.630435333       86.80415720       67.75593381       92.51381095    
   2.675787667       83.05273273       80.24737433       88.75461430    
   2.721140000       75.84403634       91.56065322       82.05517084    
   2.766492333       66.21382699       100.5689354       73.13851235    
   2.811844667       55.18847039       106.9544074       62.88475107    
   2.857197000       43.63487308       110.6539382       52.08406086    
   2.902549333       32.29226828       111.9460637       41.37335581    
   2.947901667       21.49324168       111.1183701       31.18528082    
   2.993254000       11.73062907       108.1355195       22.03462570    
   3.038606333       4.002857161       103.4650061       14.59454386    
   3.083958667      -1.311594320       98.53555857       9.073346337    
   3.129311000      -5.162093691       94.43891226       4.880169101    
   3.174663333      -8.604653276       90.92478976       1.324598242    
   3.220015667      -11.59107750       87.37908187      -1.696706915    
   3.265368000      -13.71890734       84.07917961      -4.069438103    
   3.310720333      -15.42703038       81.57209231      -6.086067281    
   3.356072667      -17.45594140       79.52287499      -8.175167114    
   3.401425000      -19.65880449       77.11884160      -10.24823970    
   3.446777333      -21.15467047       74.33841458      -11.80109477    
   3.492129667      -21.61828119       72.17043168      -12.69293181    
   3.537482000      -21.93957213       71.46937299      -13.55524225    
   3.582834333      -23.45502929       71.89592392      -15.29829741    
   3.628186667      -26.65387413       72.12183445      -18.27163576    
   3.673539000      -30.81031386       71.12171881      -22.04656369    
   3.718891333      -35.09034481       68.89863334      -26.03438309    
   3.764243667      -39.32167449       65.58549230      -29.92130456    
   3.809596000      -43.18151936       60.82407125      -33.31412308    
   3.854948333      -45.68656152       54.61635945      -35.50597574    
   3.900300667      -46.06163254       47.88558718      -35.94937529    
   3.945653000      -44.42853727       41.76749270      -34.68360720    
   3.991005333      -41.43230345       36.89979907      -32.17045464    
   4.036357667      -37.70026061       33.45455906      -28.93540812    
   4.081710000      -33.69695316       31.40793836      -25.41125584    
   4.127062333      -29.78287156       30.68157361      -21.94879499    
   4.172414667      -26.28913081       31.15988970      -18.86051367    
   4.217767000      -23.53207378       32.63482969      -16.42289657    
   4.263119333      -21.72143115       34.78218642      -14.82118585    
   4.308471667      -20.89676669       37.29438028      -14.12749299    
   4.353824000      -21.08093161       39.96626021      -14.37688287    
   4.399176333      -22.33853753       42.52822754      -15.59263191    
   4.444528667      -24.61034517       44.63631412      -17.71687112    
   4.489881000      -27.73048416       45.97319753      -20.58382221    
   4.535233333      -31.37175841       46.22092432      -23.88713936    
   4.580585667      -34.97672656       45.30753274      -27.20167718    
   4.625938000      -38.13326884       43.58623580      -30.21722771    
   4.671290333      -40.91561413       41.43978831      -32.91695177    
   4.716642667      -43.54261946       38.77969552      -35.36046567    
   4.761995000      -45.76071271       35.30965148      -37.34892099    
   4.807347333      -47.01199566       31.19799657      -38.51631219    
   4.852699667      -47.08234412       27.03744196      -38.69888295    
   4.898052000      -46.20354225       23.31816482      -38.03843707    
   4.943404333      -44.72049041       20.23047119      -36.79948882    
   4.988756667      -42.89327437       17.80491490      -35.21833041    
   5.034109000      -40.91813904       16.03837048      -33.48661564    
   5.079461333      -38.97851826       14.90958463      -31.77999496    
   5.124813667      -37.26388035       14.36629001      -30.27510124    
   5.170166000      -35.98266670       14.29511218      -29.15145388    
   5.215518333      -35.33097954       14.45373737      -28.55277315    
   5.260870667      -35.35075703       14.44245587      -28.48416896    
   5.306223000      -35.77067265       13.87443636      -28.72743986    
   5.351575333      -36.10657961       12.67116264      -28.92560988    
   5.396927667      -36.00775288       11.10854439      -28.80647158    
   5.442280000      -35.43952568       9.542452310      -28.31273797    
   5.487632333      -34.55612230       8.179060622      -27.54063238    
   5.532984667      -33.52336528       7.067922395      -26.61871092    
   5.578337000      -32.45133462       6.182390741      -25.64398113    
   5.623689333      -31.39864935       5.476511852      -24.67385296    
   5.669041667      -30.39200036       4.907884924      -23.73750139    
   5.714394000      -29.44110895       4.443180443      -22.84755873    
   5.759746333      -28.54740051       4.057625400      -22.00785805    
   5.805098667      -27.70853605       3.733107342      -21.21785378    
   5.850451000      -26.92066682       3.456369917      -20.47498533    
   5.895803333      -26.17951903       3.217622038      -19.77589596    
   5.941155667      -25.48089368       3.009539637      -19.11704207    
   5.986508000      -24.82087841       2.826566957      -18.49498449    
   6.031860333      -24.19591957       2.664430026      -17.90651579    
   6.077212667      -23.60282842       2.519796455      -17.34870430    
   6.122565000      -23.03875822       2.390035425      -16.81889711    
   6.167917333      -22.50117007       2.273046489      -16.31470385    
   6.213269667      -21.98779633       2.167136053      -15.83397242    
   6.258622000      -21.49660545       2.070927248      -15.37476273    
   6.303974333      -21.02576991       1.983293532      -14.93532084    
   6.349326667      -20.57363762       1.903309406      -14.51405492    
   6.394679000      -20.13870671       1.830213697      -14.10951349    
   6.440031333      -19.71960334       1.763382300      -13.72036578    
   6.485383667      -19.31506214       1.702308232      -13.34538423    
   6.530736000      -18.92390880       1.646587595      -12.98342875    
   6.576088333      -18.54504436       1.595910576      -12.63343254    
   6.621440667      -18.17743100       1.550057106      -12.29438936    
   6.666793000      -17.82007894       1.508897201      -11.96534191    
   6.712145333      -17.47203442       1.472396524      -11.64537170    
   6.757497667      -17.13236889       1.440628277      -11.33359043    
   6.802850000      -16.80016999       1.413793346      -11.02913411    
   6.848202333      -16.47453588       1.392251733      -10.73116161    
   6.893554667      -16.15457598       1.376569952      -10.43886149    
   6.938907000      -15.83942487       1.367591258      -10.15147465    
   6.984259333      -15.52828255       1.366538372      -9.868346809    
   7.029611667      -15.22050797       1.375160524      -9.589038170    
   7.074964000      -14.91581923       1.395934018      -9.313540959    
   7.120316333      -14.61470469       1.432303680      -9.042695756    
   7.165668667      -14.31923429       1.488869253      -8.778950573    
   7.211021000      -14.03455452       1.571165811      -8.527616839    
   7.256373333      -13.77122752       1.684047549      -8.298493768    
   7.301725667      -13.54734118       1.826626381      -8.106478969    
   7.347078000      -13.38522969       1.982223052      -7.967045315    
   7.392430333      -13.29342075       2.111034008      -7.882316416    
   7.437782667      -13.24072509       2.169501285      -7.826914628    
   7.483135000      -13.16649353       2.154622921      -7.757714885    
   7.528487333      -13.03192142       2.109690917      -7.644765070    
   7.573839667      -12.83937062       2.082646444      -7.486225881    
   7.619192000      -12.61036564       2.104047365      -7.298547020    
   7.664544333      -12.37204784       2.193340703      -7.106586196    
   7.709896667      -12.16056981       2.362608386      -6.943450023    
   7.755249000      -12.02628559       2.607986915      -6.851713663    
   7.800601333      -12.02776474       2.888999235      -6.874228085    
   7.845953667      -12.19400218       3.110595177      -7.023904173    
   7.891306000      -12.46361169       3.160993326      -7.249266938    
   7.936658333      -12.69748697       3.013699886      -7.450845435    
   7.982010667      -12.79507698       2.753978286      -7.551651164    
   8.027363000      -12.75153476       2.485258187      -7.537760153    
   8.072715333      -12.60890624       2.266243510      -7.436418320    
   8.118067667      -12.41168239       2.120199679      -7.284473930    
   8.163420000      -12.19924752       2.053020918      -7.117101284    
   8.208772333      -12.00768803       2.058160195      -6.966393979    
   8.254124667      -11.86853556       2.115505273      -6.859188347    
   8.299477000      -11.80177694       2.190116921      -6.811114082    
   8.344829333      -11.80406951       2.239539792      -6.819301363    
   8.390181667      -11.84828707       2.234663460      -6.863857068    
   8.435534000      -11.90486242       2.167412799      -6.919561426    
   8.480886333      -11.94663147       2.035795834      -6.960612141    
   8.526238667      -11.93936850       1.851862381      -6.960642305    
   8.571591000      -11.86262961       1.652142259      -6.904487696    
   8.616943333      -11.72580415       1.473920772      -6.797288191    
   8.662295667      -11.55273375       1.335522344      -6.656557747    
   8.707648000      -11.36480478       1.239609516      -6.500283154    
   8.753000333      -11.17658934       1.182433297      -6.342103597    
   8.798352667      -10.99785157       1.159344975      -6.191952744    
   8.843705000      -10.83716426       1.166607273      -6.058616570    
   8.889057333      -10.70568436       1.199393919      -5.952066294    
   8.934409667      -10.61734662       1.245182741      -5.882458188    
   8.979762000      -10.57920546       1.277463252      -5.852520395    
   9.025114333      -10.57440400       1.264728083      -5.847848741    
   9.070466667      -10.56420550       1.198427618      -5.840698860    
   9.115819000      -10.52026505       1.101792684      -5.809609471    
   9.161171333      -10.44247730       1.003103425      -5.751431379    
   9.206523667      -10.34421008      0.9150324092      -5.674157145    
   9.251876000      -10.23518023      0.8380518211      -5.585476567    
   9.297228333      -10.11884118      0.7711514887      -5.489441621    
   9.342580667      -9.997730350      0.7153320751      -5.388918925    
   9.387933000      -9.875812614      0.6710225570      -5.287282012    
   9.433285333      -9.756971115      0.6364184829      -5.187713552    
   9.478637667      -9.643254600      0.6081019856      -5.091990757    
   9.523990000      -9.534341732      0.5827171103      -5.000080560    
   9.569342333      -9.428402049      0.5583131748      -4.910692805    
   9.614694667      -9.323319033      0.5346651208      -4.822242797    
   9.660047000      -9.217806160      0.5128950455      -4.733719345    
   9.705399333      -9.111890810      0.4943229807      -4.645024799    
   9.750751667      -9.006265865      0.4796066122      -4.556619656    
   9.796104000      -8.901544102      0.4688373839      -4.469005599    
   9.841456333      -8.798042623      0.4619541025      -4.382506327    
   9.886808667      -8.695876582      0.4590178028      -4.297302405    
   9.932161000      -8.595122433      0.4603330104      -4.213558846    
   9.977513333      -8.495986396      0.4664909834      -4.131576936    
   10.02286567      -8.398989067      0.4783699638      -4.051966341    
   10.06821800      -8.305185861      0.4971005298      -3.975858329    
   10.11357033      -8.216513547      0.5240277431      -3.905248844    
   10.15892267      -8.136618939      0.5604379603      -3.843617936    
   10.20427500      -8.072058460      0.6058454203      -3.796411800    
   10.24962733      -8.031412283      0.6538547850      -3.769558876    
   10.29497967      -8.018375515      0.6889286533      -3.764146465    
   10.34033200      -8.021514580      0.6933643125      -3.770691763    
   10.38568433      -8.017329077      0.6644121165      -3.772403383    
   10.43103667      -7.990101365      0.6176853192      -3.757243575    
   10.47638900      -7.941095548      0.5706249971      -3.724421625    
   10.52174133      -7.879458961      0.5309305274      -3.679749015    
   10.56709367      -7.812196250      0.4982195297      -3.628653334    
   10.61244600      -7.741445691      0.4703582662      -3.573572603    
   10.65779833      -7.667349294      0.4471696083      -3.515308652    
   10.70315067      -7.590890865      0.4295408766      -3.454834375    
   10.74850300      -7.513698898      0.4176755061      -3.393476740    
   10.79385533      -7.436930956      0.4111568508      -3.332348089    
   10.83920767      -7.361333101      0.4098039319      -3.272327817    
   10.88456000      -7.288008973      0.4135774911      -3.214431668    
   10.92991233      -7.218283020      0.4217760726      -3.159712378    
   10.97526467      -7.152747277      0.4331866033      -3.108786600    
   11.02061700      -7.091460089      0.4472911944      -3.062037775    
   11.06596933      -7.035598411      0.4638969730      -3.020373138    
   11.11132167      -6.986921994      0.4806629921      -2.984619563    
   11.15667400      -6.944058572      0.4934285329      -2.953503132    
   11.20202633      -6.901981102      0.5012298271      -2.923741455    
   11.24737867      -6.857655922      0.5081838499      -2.893335931    
   11.29273100      -6.813282835      0.5184888733      -2.863612401    
   11.33808333      -6.773128740      0.5325469066      -2.837625169    
   11.38343567      -6.740399462      0.5480003935      -2.817998382    
   11.42878800      -6.717051060      0.5605439864      -2.805894984    
   11.47414033      -6.701415768      0.5635940234      -2.799365631    
   11.51949267      -6.685700548      0.5533179916      -2.792705570    
   11.56484500      -6.661841324      0.5337722180      -2.780115618    
   11.61019733      -6.628070858      0.5123751537      -2.759675924    
   11.65554967      -6.586920779      0.4941207615      -2.732939867    
   11.70090200      -6.542035146      0.4814296835      -2.702857910    
   11.74625433      -6.497270948      0.4743738339      -2.672498271    
   11.79160667      -6.455011113      0.4711829086      -2.644006398    
   11.83695900      -6.416209453      0.4704199025      -2.618617114    
   11.88231133      -6.382375716      0.4706965613      -2.597458856    
   11.92766367      -6.354592412      0.4685030811      -2.580872431    
   11.97301600      -6.330401144      0.4595105090      -2.566826404    
   12.01836833      -6.304606049      0.4427239760      -2.551545749    
   12.06372067      -6.273487057      0.4205733242      -2.531875071    
   12.10907300      -6.235348866      0.3959915857      -2.506118415    
   12.15442533      -6.189456672      0.3722765105      -2.473757267    
   12.19977767      -6.136819704      0.3529396622      -2.435641213    
   12.24513000      -6.079966271      0.3402917515      -2.393791144    
   12.29048233      -6.021680235      0.3351361307      -2.350600258    
   12.33583467      -5.964403421      0.3373457427      -2.308302724    
   12.38118700      -5.910250496      0.3462325443      -2.268857328    
   12.42653933      -5.861008028      0.3606005903      -2.233900520    
   12.47189167      -5.817966760      0.3788590277      -2.204652172    
   12.51724400      -5.781959608      0.3993122666      -2.181937906    
   12.56259633      -5.753579135      0.4200735175      -2.166252098    
   12.60794867      -5.732963937      0.4389723544      -2.157690861    
   12.65330100      -5.719876284      0.4534913797      -2.155791487    
   12.69865333      -5.712686970      0.4602795569      -2.158844524    
   12.74400567      -5.707253550      0.4573023524      -2.163626049    
   12.78935800      -5.699504858      0.4452791487      -2.166656112    
   12.83471033      -5.686159799      0.4256691816      -2.164844745    
   12.88006267      -5.663579203      0.4017472995      -2.155576519    
   12.92541500      -5.630690964      0.3795994923      -2.138292712    
   12.97076733      -5.590722434      0.3646850282      -2.115497931    
   13.01611967      -5.549053916      0.3594420626      -2.091631527    
   13.06147200      -5.511405817      0.3633934697      -2.071591040    
   13.10682433      -5.482948887      0.3730962005      -2.059619287    
   13.15217667      -5.466532340      0.3819544831      -2.057781689    
   13.19752900      -5.460011173      0.3818037166      -2.064166066    
   13.24288133      -5.455205301      0.3676279463      -2.072796280    
   13.28823367      -5.442658882      0.3423117789      -2.077073073    
   13.33358600      -5.418898783      0.3139977455      -2.074701708    
   13.37893833      -5.386854324      0.2889791000      -2.067509201    
   13.42429067      -5.351191602      0.2689215460      -2.062878563    
   13.46964300      -5.314851048      0.2523825986      -2.054568884    
   13.51499533      -5.278209193      0.2374925060      -2.090729724    
   13.56034767      -5.240432727      0.2237757055      -2.098918080    
 
## Date (YYYY-MM-DD): 2009-07-16
## Time (hh:mm:ss)  : 10:18:27
# version           : 0.9.224
# version (xs)      : 0.091
# efermi (H,eV)     :    0.202574    5.512329
# vgqlmt            :    0.000000    0.000000    0.000000
# ivgmt             :       0       0       0
# vql               :    0.000000    0.000000    0.000000
# fxctype           :       0
# alphalrc          :    0.000000
# alphalrcdyn       :    0.000000
# betalrcdyn        :    0.000000
# intraband         :       F
# aresdf            :       F
# aresfxc           :       T
# torddf            :       F
# tordfxc           :       F
# acont             :       F
# nwacont           :     300
# broad (H,eV)      :    0.007000    0.190480
# scissor (H,eV)    :    0.000000    0.000000
# nwdos             :     300
# ngq               :     113
# gqmax             :    3.000000
# gmaxvr            :   12.000000
# rgkmax            :    6.000000
# gkmax             :    3.000000
# ngridk            :       2       2       2
# vkloff            :    0.033333    0.100000    0.166667
# reducek           :       F
# nmatmax           :     145
# ngkmax            :     125
# nlotot            :      20
# nlomax            :       4
# nst1              :       4
# nst2              :       6
# nstlbse           :       0       0
# nstsv             :      10
# evlmincut (H,eV)  :   -0.098372   -2.676840
# evlmaxcut (H,eV)  :    0.478363   13.016938
# evlmin (H,eV)     :   -0.244188   -6.644710
# evlmax (H,eV)     :    0.620580   16.886852
# evlhpo (H,eV)     :    4    0.188956    5.141752
# evllpu (H,eV)     :    5    0.213085    5.798351
# ksgap             :       T
# lmaxapw           :      10
# lmaxapwwf         :       2
# lmaxmat           :       5
# lmaxvr            :       7
# lmaxinr           :       2
# lolmax            :       2
# lmaxemat          :       2
# lmaxalda          :       3
# lradstp           :       4
# tevout            :       T
# fastpmat          :       T
# fastemat          :       T
# nosym             :       T
# dfoffdiag         :       F
 
