   0.000000000       12.97663604      0.6376683622       26.56722179    
  0.4535233333E-01   13.12950275      0.6546914650       26.18460312    
  0.9070466667E-01   13.28645054      0.6724251699       25.93701412    
  0.1360570000       13.44764927      0.6909105260       25.83013461    
  0.1814093333       13.61327857      0.7101916478       25.74812900    
  0.2267616667       13.78352853      0.7303159978       25.70229489    
  0.2721140000       13.95860050      0.7513347013       25.67882221    
  0.3174663333       14.13870794      0.7733028965       25.67464207    
  0.3628186667       14.32407739      0.7962801240       25.68668525    
  0.4081710000       14.51494946      0.8203307630       25.71336740    
  0.4535233333       14.71157998      0.8455245182       25.75354087    
  0.4988756667       14.91424124      0.8719369666       25.80646919    
  0.5442280000       15.12322335      0.8996501708       25.87165852    
  0.5895803333       15.33883575      0.9287533701       25.94880060    
  0.6349326667       15.56140889      0.9593437600       26.03772432    
  0.6802850000       15.79129604      0.9915273733       26.13836792    
  0.7256373333       16.02887535       1.025420079       26.25075966    
  0.7709896667       16.27455208       1.061148716       26.37500532    
  0.8163420000       16.52876119       1.098852389       26.51127986    
  0.8616943333       16.79197005       1.138683939       26.65982233    
  0.9070466667       17.06468164       1.180811639       26.82093288    
  0.9523990000       17.34743804       1.225421132       26.99497163    
  0.9977513333       17.64082434       1.272717667       27.18235898    
   1.043103667       17.94547309       1.322928684       27.38357703    
   1.088456000       18.26206925       1.376306809       27.59917222    
   1.133808333       18.59135582       1.433133334       27.82975893    
   1.179160667       18.93414021       1.493722287       28.07602415    
   1.224513000       19.29130147       1.558425190       28.33873326    
   1.269865333       19.66379848       1.627636668       28.61873688    
   1.315217667       20.05267934       1.701801061       28.91697906    
   1.360570000       20.45909214       1.781420271       29.23450682    
   1.405922333       20.88429723       1.867063113       29.57248129    
   1.451274667       21.32968140       1.959376501       29.93219070    
   1.496627000       21.79677425       2.059098913       30.31506545    
   1.541979333       22.28726717       2.167076666       30.72269557    
   1.587331667       22.80303527       2.284283715       31.15685115    
   1.632684000       23.34616306       2.411845858       31.61950597    
   1.678036333       23.91897439       2.551070537       32.11286512    
   1.723388667       24.52406752       2.703483748       32.63939719    
   1.768741000       25.16435632       2.870876081       33.20187187    
   1.814093333       25.84311883       3.055360580       33.80340388    
   1.859445667       26.56405443       3.259446004       34.44750416    
   1.904798000       27.33135143       3.486130387       35.13813971    
   1.950150333       28.14976675       3.739021549       35.87980291    
   1.995502667       29.02471972       4.022493782       36.67759149    
   2.040855000       29.96240193       4.341893578       37.53729958    
   2.086207333       30.96990447       4.703812569       38.46551913    
   2.131559667       32.05536256       5.116453575       39.46974873    
   2.176912000       33.22811427       5.590127055       40.55850191    
   2.222264333       34.49886319       6.137932108       41.74139838    
   2.267616667       35.87982103       6.776700935       43.02920433    
   2.312969000       37.38477847       7.528321628       44.43375638    
   2.358321333       39.02900000       8.421604313       45.96764601    
   2.403673667       40.82873997       9.494921688       47.64343775    
   2.449026000       42.80000248       10.79993874       49.47201208    
   2.494378333       44.95584422       12.40686979       51.45928085    
   2.539730667       47.30077213       14.41187393       53.59978705    
   2.585083000       49.81895647       16.94687368       55.86426956    
   2.630435333       52.45019064       20.18933788       58.17660737    
   2.675787667       55.04596898       24.36282855       60.37542769    
   2.721140000       57.30049925       29.70581623       62.16130229    
   2.766492333       58.67454291       36.36201065       63.05540093    
   2.811844667       58.41183716       44.14789736       62.45235371    
   2.857197000       55.84289288       52.31412182       59.87104032    
   2.902549333       50.93144839       59.74177425       55.28708033    
   2.947901667       44.29216383       65.69150176       49.10182776    
   2.993254000       36.38962201       69.95195731       41.72941848    
   3.038606333       27.44203012       72.00944391       33.57701855    
   3.083958667       18.42596456       71.07238457       25.52144027    
   3.129311000       11.07556678       67.38265610       18.80877420    
   3.174663333       6.367407187       62.47606227       14.18322976    
   3.220015667       3.878754193       57.79369433       11.47134020    
   3.265368000       2.743155364       53.75359129       10.12051606    
   3.310720333       2.650984941       50.21018460       9.838972872    
   3.356072667       3.740505912       47.35628279       10.58629364    
   3.401425000       5.868713589       45.81443279       12.15715216    
   3.446777333       8.368639621       46.13675231       13.97416185    
   3.492129667       10.22062067       48.46490984       15.18234505    
   3.537482000       10.28817581       52.30888754       14.88517747    
   3.582834333       7.801546507       56.37672351       12.55729576    
   3.628186667       3.110830764       58.96773070       8.515344107    
   3.673539000      -2.242568270       59.18425419       3.855994343    
   3.718891333      -6.834662673       57.58983783     -0.3674330373    
   3.764243667      -10.38902142       55.14918186      -3.769889649    
   3.809596000      -13.07627276       52.19165714      -6.331822325    
   3.854948333      -14.72416648       48.87774080      -7.961321028    
   3.900300667      -15.21751601       45.71187934      -8.621050185    
   3.945653000      -14.84414096       43.17552832      -8.521735753    
   3.991005333      -14.04618493       41.44935119      -8.013241203    
   4.036357667      -13.20763089       40.48359518      -7.424325357    
   4.081710000      -12.60257739       40.08468922      -6.987434919    
   4.127062333      -12.31454379       39.95903209      -6.776107091    
   4.172414667      -12.17383344       39.94094853      -6.711855659    
   4.217767000      -12.06517137       40.17054191      -6.747660110    
   4.263119333      -12.15994022       40.79220764      -6.999297637    
   4.308471667      -12.70248963       41.75483578      -7.663215518    
   4.353824000      -13.93593135       42.88716115      -8.933784585    
   4.399176333      -16.05764957       43.76721785      -10.90851710    
   4.444528667      -18.87295933       43.77554189      -13.39205207    
   4.489881000      -21.69285555       42.54996545      -15.85102524    
   4.535233333      -23.69676031       40.34878157      -17.67963211    
   4.580585667      -24.49508619       37.96314634      -18.58533775    
   4.625938000      -24.36585559       36.17581079      -18.75449365    
   4.671290333      -23.96574512       35.32116074      -18.67543929    
   4.716642667      -23.90498947       35.24848719      -18.83336042    
   4.761995000      -24.51092135       35.55416409      -19.51672790    
   4.807347333      -25.83090236       35.80106186      -20.78277894    
   4.852699667      -27.68401438       35.65330915      -22.50731833    
   4.898052000      -29.82083626       35.00003345      -24.50916152    
   4.943404333      -32.13930963       33.81033461      -26.65962029    
   4.988756667      -34.52227121       31.88226439      -28.78899527    
   5.034109000      -36.51884004       29.05341750      -30.54169788    
   5.079461333      -37.56909505       25.65088075      -31.53502997    
   5.124813667      -37.57073199       22.35048974      -31.68673256    
   5.170166000      -36.91712655       19.61755946      -31.26181567    
   5.215518333      -36.10296842       17.48045061      -30.62557799    
   5.260870667      -35.40244109       15.66928934      -29.99899093    
   5.306223000      -34.77295371       13.90363815      -29.38271162    
   5.351575333      -34.02355994       12.12021459      -28.66352300    
   5.396927667      -33.05567090       10.43460375      -27.77121792    
   5.442280000      -31.91353065       8.965086955      -26.73033485    
   5.487632333      -30.69455729       7.749661154      -25.61298545    
   5.532984667      -29.47790622       6.766392355      -24.48609036    
   5.578337000      -28.30860632       5.972685444      -23.39252831    
   5.623689333      -27.20639379       5.326933139      -22.35390284    
   5.669041667      -26.17670452       4.795280522      -21.37830110    
   5.714394000      -25.21795825       4.351943789      -20.46647021    
   5.759746333      -24.32554505       3.977696247      -19.61558936    
   5.805098667      -23.49382382       3.658218531      -18.82133058    
   5.850451000      -22.71706566       3.382763399      -18.07891643    
   5.895803333      -21.98986667       3.143171179      -17.38363383    
   5.941155667      -21.30730201       2.933167260      -16.73106412    
   5.986508000      -20.66495753       2.747864970      -16.11716870    
   6.031860333      -20.05890636       2.583412753      -15.53830327    
   6.077212667      -19.48566357       2.436741716      -14.99119854    
   6.122565000      -18.94213440       2.305383100      -14.47292680    
   6.167917333      -18.42556358       2.187334878      -13.98086417    
   6.213269667      -17.93348869       2.080963277      -13.51265311    
   6.258622000      -17.46369837       1.984929479      -13.06616743    
   6.303974333      -17.01419557       1.898134786      -12.63948046    
   6.349326667      -16.58316525       1.819679597      -12.23083653    
   6.394679000      -16.16894593       1.748832996      -11.83862548    
   6.440031333      -15.77000450       1.685010760      -11.46135983    
   6.485383667      -15.38491364       1.627760381      -11.09765424    
   6.530736000      -15.01233118       1.576752308      -10.74620682    
   6.576088333      -14.65098116       1.531777154      -10.40578206    
   6.621440667      -14.29963595       1.492749169      -10.07519508    
   6.666793000      -13.95709947       1.459716904      -9.753297317    
   6.712145333      -13.62219130       1.432882797      -9.438963964    
   6.757497667      -13.29373258       1.412634505      -9.131084154    
   6.802850000      -12.97053497       1.399592437      -8.828556099    
   6.848202333      -12.65139629       1.394680232      -8.530291517    
   6.893554667      -12.33511007       1.399228352      -8.235237838    
   6.938907000      -12.02050337       1.415125689      -7.942434494    
   6.984259333      -11.70653246       1.445039875      -7.651134564    
   7.029611667      -11.39249513       1.492731546      -7.361051211    
   7.074964000      -11.07847687       1.563481468      -7.072840104    
   7.120316333      -10.76625883       1.664600761      -6.789016356    
   7.165668667      -10.46110202       1.805810117      -6.515619927    
   7.211021000      -10.17502586       1.998711391      -6.264962852    
   7.256373333      -9.931922319       2.253165873      -6.059163179    
   7.301725667      -9.772116249       2.566067358      -5.931398555    
   7.347078000      -9.744953845       2.899134386      -5.915766050    
   7.392430333      -9.868667598       3.162795838      -6.016313179    
   7.437782667      -10.07277047       3.259345880      -6.175561869    
   7.483135000      -10.22063221       3.181955002      -6.296274965    
   7.528487333      -10.22463047       3.028856896      -6.311315308    
   7.573839667      -10.09294463       2.909665389      -6.218980686    
   7.619192000      -9.881191999       2.889466862      -6.060524643    
   7.664544333      -9.653765520       2.998339124      -5.892415679    
   7.709896667      -9.482495830       3.245213319      -5.779604841    
   7.755249000      -9.454847613       3.607952933      -5.795313514    
   7.800601333      -9.659726770       4.001443842      -6.002972591    
   7.845953667      -10.12111226       4.261601553      -6.406991525    
   7.891306000      -10.71767510       4.222785537      -6.909463568    
   7.936658333      -11.22744798       3.864360885      -7.349272091    
   7.982010667      -11.50094098       3.330032022      -7.610349909    
   8.027363000      -11.53927416       2.785637735      -7.678359105    
   8.072715333      -11.42037483       2.319307923      -7.604054497    
   8.118067667      -11.21946132       1.950044874      -7.447113332    
   8.163420000      -10.98488689       1.666212888      -7.250904306    
   8.208772333      -10.74266599       1.449206089      -7.041154104    
   8.254124667      -10.50541400       1.282181676      -6.831513336    
   8.299477000      -10.27855977       1.151868041      -6.628527749    
   8.344829333      -10.06363629       1.048298022      -6.434704297    
   8.390181667      -9.860046053      0.9644468866      -6.250330879    
   8.435534000      -9.666465623      0.8957980974      -6.074753401    
   8.480886333      -9.481723484      0.8394404787      -5.907157401    
   8.526238667      -9.304869239      0.7932803790      -5.746785677    
   8.571591000      -9.135004755      0.7557678994      -5.592902992    
   8.616943333      -8.971264528      0.7258472392      -5.444792404    
   8.662295667      -8.812865932      0.7028856944      -5.301793415    
   8.707648000      -8.659113521      0.6866154526      -5.163327288    
   8.753000333      -8.509414046      0.6771539410      -5.028932292    
   8.798352667      -8.363357942      0.6750509522      -4.898345513    
   8.843705000      -8.220852294      0.6813493488      -4.771647447    
   8.889057333      -8.082393905      0.6976705631      -4.649525799    
   8.934409667      -7.949582104      0.7261337357      -4.533686610    
   8.979762000      -7.825669070      0.7688694308      -4.427273454    
   9.025114333      -7.715855251      0.8273112619      -4.335172049    
   9.070466667      -7.627889581      0.9015488974      -4.264511278    
   9.115819000      -7.573802862      0.9877096197      -4.225068050    
   9.161171333      -7.567809805       1.070027233      -4.225781948    
   9.206523667      -7.610726952       1.116207478      -4.263661009    
   9.251876000      -7.672220288       1.097052855      -4.315115421    
   9.297228333      -7.706906028       1.018247377      -4.347745639    
   9.342580667      -7.692887499      0.9147805952      -4.343606699    
   9.387933000      -7.638562774      0.8173399836      -4.305868383    
   9.433285333      -7.562528690      0.7376738257      -4.247469440    
   9.478637667      -7.478860980      0.6742778934      -4.179819308    
   9.523990000      -7.393818606      0.6214849347      -4.108964001    
   9.569342333      -7.308399746      0.5748558973      -4.036659197    
   9.614694667      -7.221595652      0.5325676676      -3.962722312    
   9.660047000      -7.132682191      0.4949508285      -3.886904740    
   9.705399333      -7.042263292      0.4629351117      -3.809740464    
   9.750751667      -6.951700137      0.4368029876      -3.732325734    
   9.796104000      -6.862245328      0.4161345702      -3.655755163    
   9.841456333      -6.774755605      0.4002262342      -3.580852292    
   9.886808667      -6.689802892      0.3883507166      -3.508192301    
   9.932161000      -6.607815084      0.3797470299      -3.438172747    
   9.977513333      -6.529004516      0.3735161920      -3.370963452    
   10.02286567      -6.453143091      0.3687616849      -3.306399564    
   10.06821800      -6.379643763      0.3649823785      -3.244061812    
   10.11357033      -6.307972206      0.3621582618      -3.183538664    
   10.15892267      -6.237864309      0.3605616400      -3.124638772    
   10.20427500      -6.169512809      0.3605725824      -3.067527439    
   10.24962733      -6.103621884      0.3621371325      -3.012659270    
   10.29497967      -6.040654399      0.3642861625      -2.960239793    
   10.34033200      -5.979779749      0.3659060349      -2.909671786    
   10.38568433      -5.919432784      0.3674177427      -2.860027373    
   10.43103667      -5.859483236      0.3707274340      -2.811349751    
   10.47638900      -5.802036170      0.3770018745      -2.765137125    
   10.52174133      -5.749871106      0.3848246197      -2.723238151    
   10.56709367      -5.703802716      0.3903131796      -2.685973784    
   10.61244600      -5.660928424      0.3897459607      -2.651087741    
   10.65779833      -5.616176425      0.3828720807      -2.614882640    
   10.70315067      -5.566136659      0.3731182884      -2.574709616    
   10.74850300      -5.510780834      0.3644722810      -2.530211625    
   10.79385533      -5.451776445      0.3592825220      -2.482519456    
   10.83920767      -5.390895384      0.3587000635      -2.433173335    
   10.88456000      -5.330024137      0.3632217125      -2.383814501    
   10.92991233      -5.270990461      0.3723394051      -2.335914274    
   10.97526467      -5.214570206      0.3847759780      -2.290205207    
   11.02061700      -5.160321285      0.4000378801      -2.246749253    
   11.06596933      -5.108534023      0.4191452804      -2.206105380    
   11.11132167      -5.061644011      0.4424168074      -2.169978527    
   11.15667400      -5.022004323      0.4670669784      -2.139722296    
   11.20202633      -4.988093914      0.4889229772      -2.114169462    
   11.24737867      -4.954971761      0.5077148472      -2.090288739    
   11.29273100      -4.920430263      0.5286290184      -2.066992618    
   11.33808333      -4.888929469      0.5569424960      -2.047712700    
   11.38343567      -4.869417320      0.5922366019      -2.038944753    
   11.42878800      -4.869643218      0.6252288307      -2.045492872    
   11.47414033      -4.887084961      0.6402031321      -2.064372120    
   11.51949267      -4.905302844      0.6280214812      -2.083674453    
   11.56484500      -4.906838357      0.5961748627      -2.090740563    
   11.61019733      -4.886612525      0.5601425414      -2.080666850    
   11.65554967      -4.849271074      0.5315153847      -2.056178027    
   11.70090200      -4.802461066      0.5164485903      -2.023498937    
   11.74625433      -4.754854930      0.5170304453      -1.990014887    
   11.79160667      -4.715104779      0.5309009578      -1.962847245    
   11.83695900      -4.689150577      0.5510977144      -1.946709995    
   11.88231133      -4.677185382      0.5689017312      -1.942058484    
   11.92766367      -4.674674580      0.5788052175      -1.945886799    
   11.97301600      -4.677199326      0.5795895039      -1.954687449    
   12.01836833      -4.682634530      0.5706717161      -1.965895347    
   12.06372067      -4.688119331      0.5495537479      -1.976245289    
   12.10907300      -4.686716355      0.5151955584      -1.980271116    
   12.15442533      -4.670974002      0.4730258521      -1.972688581    
   12.19977767      -4.639496222      0.4326005184      -1.952328847    
   12.24513000      -4.597138550      0.4011304304      -1.922626516    
   12.29048233      -4.550789927      0.3809717532      -1.889006019    
   12.33583467      -4.506385120      0.3705776102      -1.856393177    
   12.38118700      -4.467471797      0.3659157904      -1.827788364    
   12.42653933      -4.434331234      0.3622140394      -1.803587809    
   12.47189167      -4.404216213      0.3561813675      -1.781862258    
   12.51724400      -4.373202219      0.3478216193      -1.759868079    
   12.56259633      -4.339248433      0.3401563361      -1.736153099    
   12.60794867      -4.303584199      0.3364001592      -1.711556085    
   12.65330100      -4.269347869      0.3377222915      -1.688434477    
   12.69865333      -4.239639390      0.3428706189      -1.669215060    
   12.74400567      -4.216207329      0.3489436709      -1.655291468    
   12.78935800      -4.198872915      0.3522196769      -1.646352116    
   12.83471033      -4.184622484      0.3494604745      -1.640003591    
   12.88006267      -4.168644044      0.3408920353      -1.632875760    
   12.92541500      -4.148554588      0.3301515885      -1.623092640    
   12.97076733      -4.125338140      0.3202878003      -1.611039832    
   13.01611967      -4.100748492      0.3125041085      -1.598114004    
   13.06147200      -4.076634896      0.3071153685      -1.585934205    
   13.10682433      -4.054901971      0.3031371075      -1.575980031    
   13.15217667      -4.036275985      0.2983362549      -1.568845053    
   13.19752900      -4.019650106      0.2904230140      -1.563742392    
   13.24288133      -4.002318393      0.2785152657      -1.558868104    
   13.28823367      -3.981789766      0.2642701719      -1.552695576    
   13.33358600      -3.957975975      0.2504177933      -1.545592078    
   13.37893833      -3.932614681      0.2383130538      -1.538887721    
   13.42429067      -3.907402942      0.2274833179      -1.537226132    
   13.46964300      -3.882770211      0.2163803449      -1.533432004    
   13.51499533      -3.857431965      0.2039191505      -1.567297134    
   13.56034767      -3.829764490      0.1908047045      -1.575854690    
 
## Date (YYYY-MM-DD): 2009-07-16
## Time (hh:mm:ss)  : 10:18:27
# version           : 0.9.224
# version (xs)      : 0.091
# efermi (H,eV)     :    0.202574    5.512329
# vgqlmt            :    0.000000    0.000000    0.000000
# ivgmt             :       0       0       0
# vql               :    0.000000    0.000000    0.000000
# fxctype           :       0
# alphalrc          :    0.000000
# alphalrcdyn       :    0.000000
# betalrcdyn        :    0.000000
# intraband         :       F
# aresdf            :       F
# aresfxc           :       T
# torddf            :       F
# tordfxc           :       F
# acont             :       F
# nwacont           :     300
# broad (H,eV)      :    0.007000    0.190480
# scissor (H,eV)    :    0.000000    0.000000
# nwdos             :     300
# ngq               :     113
# gqmax             :    3.000000
# gmaxvr            :   12.000000
# rgkmax            :    6.000000
# gkmax             :    3.000000
# ngridk            :       2       2       2
# vkloff            :    0.033333    0.100000    0.166667
# reducek           :       F
# nmatmax           :     145
# ngkmax            :     125
# nlotot            :      20
# nlomax            :       4
# nst1              :       4
# nst2              :       6
# nstlbse           :       0       0
# nstsv             :      10
# evlmincut (H,eV)  :   -0.098372   -2.676840
# evlmaxcut (H,eV)  :    0.478363   13.016938
# evlmin (H,eV)     :   -0.244188   -6.644710
# evlmax (H,eV)     :    0.620580   16.886852
# evlhpo (H,eV)     :    4    0.188956    5.141752
# evllpu (H,eV)     :    5    0.213085    5.798351
# ksgap             :       T
# lmaxapw           :      10
# lmaxapwwf         :       2
# lmaxmat           :       5
# lmaxvr            :       7
# lmaxinr           :       2
# lolmax            :       2
# lmaxemat          :       2
# lmaxalda          :       3
# lradstp           :       4
# tevout            :       T
# fastpmat          :       T
# fastemat          :       T
# nosym             :       T
# dfoffdiag         :       F
 
