   0.000000000       18.38270382       1.003260300       38.26769532    
  0.4535233333E-01   18.62321194       1.032269407       37.66569766    
  0.9070466667E-01   18.87066990       1.062590331       37.27801286    
  0.1360570000       19.12539069       1.094305291       37.11289112    
  0.1814093333       19.38770672       1.127503182       36.98787663    
  0.2267616667       19.65797143       1.162280256       36.92091140    
  0.2721140000       19.93656097       1.198740874       36.89022258    
  0.3174663333       20.22387610       1.236998356       36.89102330    
  0.3628186667       20.52034428       1.277175940       36.91851206    
  0.4081710000       20.82642194       1.319407864       36.97024393    
  0.4535233333       21.14259705       1.363840586       37.04446891    
  0.4988756667       21.46939190       1.410634175       37.14009613    
  0.5442280000       21.80736628       1.459963889       37.25642783    
  0.5895803333       22.15712092       1.512021976       37.39307080    
  0.6349326667       22.51930135       1.567019733       37.54986096    
  0.6802850000       22.89460230       1.625189870       37.72682082    
  0.7256373333       23.28377251       1.686789228       37.92413046    
  0.7709896667       23.68762015       1.752101915       38.14210949    
  0.8163420000       24.10701901       1.821442944       38.38120594    
  0.8616943333       24.54291537       1.895162450       38.64199041    
  0.9070466667       24.99633580       1.973650626       38.92515407    
  0.9523990000       25.46839602       2.057343482       39.23150997    
  0.9977513333       25.96031095       2.146729639       39.56199704    
   1.043103667       26.47340615       2.242358331       39.91768657    
   1.088456000       27.00913094       2.344848916       40.29979120    
   1.133808333       27.56907335       2.454902197       40.70967629    
   1.179160667       28.15497738       2.573313991       41.14887398    
   1.224513000       28.76876285       2.700991477       41.61910003    
   1.269865333       29.41254836       2.838972983       42.12227388    
   1.315217667       30.08867794       2.988452103       42.66054226    
   1.360570000       30.79975198       3.150807279       43.23630699    
   1.405922333       31.54866339       3.327638304       43.85225748    
   1.451274667       32.33863982       3.520811727       44.51140878    
   1.496627000       33.17329315       3.732517746       45.21714603    
   1.541979333       34.05667757       3.965342069       45.97327624    
   1.587331667       34.99335789       4.222357500       46.78408854    
   1.632684000       35.98848955       4.507241712       47.65442383    
   1.678036333       37.04791250       4.824430219       48.58975472    
   1.723388667       38.17826019       5.179317118       49.59627591    
   1.768741000       39.38708498       5.578521457       50.68100409    
   1.814093333       40.68299917       6.030244764       51.85188337    
   1.859445667       42.07582725       6.544756767       53.11788770    
   1.904798000       43.57675751       7.135063434       54.48910122    
   1.950150333       45.19846543       7.817837118       55.97673915    
   1.995502667       46.95515070       8.614726835       57.59303579    
   2.040855000       48.86236801       9.554222521       59.35085851    
   2.086207333       50.93640927       10.67432429       61.26277660    
   2.131559667       53.19274898       12.02636015       63.33906711    
   2.176912000       55.64257324       13.68035802       65.58367446    
   2.222264333       58.28544715       15.73223493       67.98629869    
   2.267616667       61.09437347       18.31215164       70.50740943    
   2.312969000       63.98660934       21.59005229       73.05135029    
   2.358321333       66.77114771       25.76458251       75.42335788    
   2.403673667       69.07170732       30.99841937       77.27937309    
   2.449026000       70.27709174       37.23206225       78.12645097    
   2.494378333       69.71677921       43.86146934       77.51662507    
   2.539730667       67.31665761       49.63948118       75.51024813    
   2.585083000       64.24009759       53.53337882       72.97071323    
   2.630435333       62.12036586       55.97072146       71.00910829    
   2.675787667       61.46556123       58.47060002       70.02395367    
   2.721140000       61.46785525       62.16068041       69.49928769    
   2.766492333       60.96068943       67.10313020       68.60405794    
   2.811844667       59.32626966       72.54944376       66.86720246    
   2.857197000       56.85982393       77.82732434       64.39340034    
   2.902549333       54.04749454       83.08540175       61.42196195    
   2.947901667       50.69575292       88.78794602       57.82056673    
   2.993254000       46.21302268       94.90456200       53.18748299    
   3.038606333       40.24624982       101.0352636       47.19553531    
   3.083958667       32.51818655       106.8378978       39.56861631    
   3.129311000       22.50009587       111.5453446       30.06385368    
   3.174663333       10.42623395       113.4610260       19.08920971    
   3.220015667      -1.727203845       111.4704095       8.068836296    
   3.265368000      -11.93948572       106.5729327      -1.563340897    
   3.310720333      -20.01253467       100.4073547      -9.418133433    
   3.356072667      -26.56866440       93.37669909      -15.68527237    
   3.401425000      -31.36160775       85.18330247      -20.15972843    
   3.446777333      -33.45467166       76.31506334      -22.27458616    
   3.492129667      -32.51319400       68.18598103      -21.85085125    
   3.537482000      -29.25693334       62.13873168      -19.44212936    
   3.582834333      -24.91126910       58.82352717      -16.04745588    
   3.628186667      -20.70221892       58.30464636      -12.74953090    
   3.673539000      -17.79516860       60.25462733      -10.58636139    
   3.718891333      -17.30746075       63.82477340      -10.45817209    
   3.764243667      -19.87221683       67.40831697      -12.76822770    
   3.809596000      -24.82637579       69.12913231      -16.96843579    
   3.854948333      -30.35136570       68.21160376      -21.76214760    
   3.900300667      -35.01651312       65.37089135      -26.03323079    
   3.945653000      -38.50763596       61.54428415      -29.34501781    
   3.991005333      -40.83007535       57.22365125      -31.62038745    
   4.036357667      -42.00595695       52.89576139      -32.91623983    
   4.081710000      -42.40375064       48.93908957      -33.47785479    
   4.127062333      -42.38520971       45.22656471      -33.52616771    
   4.172414667      -41.79339063       41.54748264      -33.00244418    
   4.217767000      -40.32630883       38.19079623      -31.76707619    
   4.263119333      -38.11076294       35.69930825      -29.93817487    
   4.308471667      -35.64410555       34.40659717      -27.91527086    
   4.353824000      -33.55790295       34.32431715      -26.22283038    
   4.399176333      -32.48024376       35.07243735      -25.34231097    
   4.444528667      -32.70205024       35.81082652      -25.44413984    
   4.489881000      -33.72417936       35.64783793      -26.14570662    
   4.535233333      -34.49325275       34.46533681      -26.72204650    
   4.580585667      -34.36719361       33.02030933      -26.70461818    
   4.625938000      -33.54257667       32.16799377      -26.20058443    
   4.671290333      -32.69777084       32.29468297      -25.71068092    
   4.716642667      -32.55020208       33.25285291      -25.79923613    
   4.761995000      -33.58942331       34.48757171      -26.84839060    
   4.807347333      -35.88544341       35.19548860      -28.88379836    
   4.852699667      -38.91821935       34.64933241      -31.49204656    
   4.898052000      -41.79444018       32.70731863      -34.01512070    
   4.943404333      -43.90525776       29.83705829      -35.95805007    
   4.988756667      -45.15018129       26.55198245      -37.15886519    
   5.034109000      -45.58862490       23.13681067      -37.62312559    
   5.079461333      -45.24816285       19.82971087      -37.39428353    
   5.124813667      -44.25714708       16.90240397      -36.59199380    
   5.170166000      -42.87931688       14.51674780      -35.42641190    
   5.215518333      -41.38669644       12.66327794      -34.12091171    
   5.260870667      -39.96562222       11.21581908      -32.83626859    
   5.306223000      -38.68258284       10.00670295      -31.63846111    
   5.351575333      -37.49460329       8.910848636      -30.51046275    
   5.396927667      -36.32671565       7.899169584      -29.40631585    
   5.442280000      -35.15100349       7.000146842      -28.30428698    
   5.487632333      -33.98560912       6.233783404      -27.21431066    
   5.532984667      -32.85756418       5.594142157      -26.15668763    
   5.578337000      -31.78416877       5.061930924      -25.14670073    
   5.623689333      -30.77220959       4.616165761      -24.19162461    
   5.669041667      -29.82193520       4.238882001      -23.29289854    
   5.714394000      -28.93036898       3.915954753      -22.44870191    
   5.759746333      -28.09324393       3.636588373      -21.65569681    
   5.805098667      -27.30598412       3.392564450      -20.91000828    
   5.850451000      -26.56415847       3.177584259      -20.20772422    
   5.895803333      -25.86366691       2.986766231      -19.54512884    
   5.941155667      -25.20079726       2.816279265      -18.91879699    
   5.986508000      -24.57222264       2.663078718      -18.32561882    
   6.031860333      -23.97497355       2.524716084      -17.76279132    
   6.077212667      -23.40640115       2.399200716      -17.22779521    
   6.122565000      -22.86413952       2.284898282      -16.71836680    
   6.167917333      -22.34607004       2.180455311      -16.23246934    
   6.213269667      -21.85028940       2.084742469      -15.76826591    
   6.258622000      -21.37508131       1.996811481      -15.32409489    
   6.303974333      -20.91889183       1.915862076      -14.89844788    
   6.349326667      -20.48030787       1.841216470      -14.48995032    
   6.394679000      -20.05803851       1.772299547      -14.09734432    
   6.440031333      -19.65089860       1.708623481      -13.71947354    
   6.485383667      -19.25779444       1.649775857      -13.35526979    
   6.530736000      -18.87771090       1.595410658      -13.00374104    
   6.576088333      -18.50970005       1.545241674      -12.66396071    
   6.621440667      -18.15287064       1.499038061      -12.33505783    
   6.666793000      -17.80637851       1.456621958      -12.01620807    
   6.712145333      -17.46941754       1.417868172      -11.70662540    
   6.757497667      -17.14121099       1.382706183      -11.40555423    
   6.802850000      -16.82100324       1.351124873      -11.11226211    
   6.848202333      -16.50805182       1.323180712      -10.82603298    
   6.893554667      -16.20161988       1.299010529      -10.54616142    
   6.938907000      -15.90096976       1.278850606      -10.27194856    
   6.984259333      -15.60535880       1.263064682      -10.00270132    
   7.029611667      -15.31403995       1.252184730      -9.737737884    
   7.074964000      -15.02627267       1.246970066      -9.476405599    
   7.120316333      -14.74135471       1.248492292      -9.218122408    
   7.165668667      -14.45869615       1.258254677      -8.962463215    
   7.211021000      -14.17797723       1.278350657      -8.709329612    
   7.256373333      -13.89946589       1.311645573      -8.459267415    
   7.301725667      -13.62461829       1.361900923      -8.214022948    
   7.347078000      -13.35711508       1.433604934      -7.977420782    
   7.392430333      -13.10441453       1.530965270      -7.756509659    
   7.437782667      -12.87946458       1.654896179      -7.562343629    
   7.483135000      -12.70002065       1.796142148      -7.407913081    
   7.528487333      -12.57790968       1.926898448      -7.298787970    
   7.573839667      -12.49604899       2.008618966      -7.219204753    
   7.619192000      -12.40416794       2.028516228      -7.133111710    
   7.664544333      -12.25888133       2.020504039      -7.009266243    
   7.709896667      -12.05618923       2.035686750      -6.842714682    
   7.755249000      -11.82069827       2.111099144      -6.651971185    
   7.800601333      -11.58714172       2.266604605      -6.467351645    
   7.845953667      -11.39668385       2.510252597      -6.326443237    
   7.891306000      -11.30176475       2.835207776      -6.274961500    
   7.936658333      -11.36656073       3.201233165      -6.361632838    
   7.982010667      -11.63619596       3.506086855      -6.609752202    
   8.027363000      -12.05985490       3.605061582      -6.969931224    
   8.072715333      -12.46779833       3.431742521      -7.318668330    
   8.118067667      -12.70282263       3.076684515      -7.540549831    
   8.163420000      -12.73601023       2.689268970      -7.602426655    
   8.208772333      -12.62791059       2.363985532      -7.540947098    
   8.254124667      -12.45139426       2.128023330      -7.412084460    
   8.299477000      -12.25947617       1.970793457      -7.261047281    
   8.344829333      -12.08083565       1.866392011      -7.114135879    
   8.390181667      -11.92204252       1.788102399      -6.979576622    
   8.435534000      -11.77420856       1.719214932      -6.852924564    
   8.480886333      -11.62406489       1.659195764      -6.726281010    
   8.526238667      -11.46826276       1.620605885      -6.598538741    
   8.571591000      -11.31984836       1.614745030      -6.479851178    
   8.616943333      -11.20107120       1.638272310      -6.386503520    
   8.662295667      -11.12781671       1.668788846      -6.329107875    
   8.707648000      -11.09297923       1.677319196      -6.302606453    
   8.753000333      -11.07253421       1.653537782      -6.291133320    
   8.798352667      -11.05320804       1.605255778      -6.283046228    
   8.843705000      -11.03329956       1.533155453      -6.272415204    
   8.889057333      -11.00037450       1.432714530      -6.249083483    
   8.934409667      -10.93657315       1.315965509      -6.201525018    
   8.979762000      -10.84106955       1.206254054      -6.128897136    
   9.025114333      -10.72970334       1.117191372      -6.041908170    
   9.070466667      -10.61940290       1.045981590      -5.952903877    
   9.115819000      -10.51648287      0.9804556096      -5.867112139    
   9.161171333      -10.41508810      0.9115141545      -5.781429444    
   9.206523667      -10.30665811      0.8403388407      -5.690303965    
   9.251876000      -10.18866124      0.7735716865      -5.591609337    
   9.297228333      -10.06402049      0.7163444228      -5.487246981    
   9.342580667      -9.937357667      0.6703875614      -5.380835340    
   9.387933000      -9.812796290      0.6348355024      -5.275850938    
   9.433285333      -9.693168594      0.6072304754      -5.174742083    
   9.478637667      -9.579564405      0.5843250737      -5.078503192    
   9.523990000      -9.471194423      0.5631967047      -4.986638374    
   9.569342333      -9.366096702      0.5422139759      -4.897667441    
   9.614694667      -9.262124019      0.5212953362      -4.809928244    
   9.660047000      -9.157935935      0.5016066818      -4.722340430    
   9.705399333      -9.053468875      0.4845104940      -4.634726070    
   9.750751667      -8.949352946      0.4707413887      -4.547489299    
   9.796104000      -8.846212585      0.4604576278      -4.461130431    
   9.841456333      -8.744449025      0.4535946875      -4.376025441    
   9.886808667      -8.644308728      0.4500714950      -4.292427390    
   9.932161000      -8.545955911      0.4498134195      -4.210498665    
   9.977513333      -8.449395344      0.4527612980      -4.130273767    
   10.02286567      -8.354369482      0.4591431326      -4.051665520    
   10.06821800      -8.260704494      0.4699269734      -3.974774725    
   10.11357033      -8.169143883      0.4867897410      -3.900484925    
   10.15892267      -8.082049479      0.5113752922      -3.830976819    
   10.20427500      -8.003695419      0.5439820578      -3.769801194    
   10.24962733      -7.939460316      0.5814130467      -3.720835736    
   10.29497967      -7.891955557      0.6154012562      -3.685282967    
   10.34033200      -7.855438833      0.6368053817      -3.658663780    
   10.38568433      -7.818284954      0.6453995928      -3.633216181    
   10.43103667      -7.775215394      0.6508101251      -3.605265336    
   10.47638900      -7.732346677      0.6609259334      -3.578464156    
   10.52174133      -7.699258662      0.6731055123      -3.558793307    
   10.56709367      -7.677758946      0.6766274302      -3.547082304    
   10.61244600      -7.658676863      0.6644457425      -3.537244879    
   10.65779833      -7.632085801      0.6406852191      -3.522425834    
   10.70315067      -7.596880525      0.6134877670      -3.500893908    
   10.74850300      -7.557067209      0.5853344725      -3.474371160    
   10.79385533      -7.513035193      0.5541421606      -3.443042107    
   10.83920767      -7.461283831      0.5208447480      -3.405068792    
   10.88456000      -7.400895556      0.4902718591      -3.359976742    
   10.92991233      -7.334883735      0.4659763230      -3.309792180    
   10.97526467      -7.266611266      0.4485028100      -3.257183123    
   11.02061700      -7.198150005      0.4374352080      -3.204221888    
   11.06596933      -7.131396399      0.4323707869      -3.152679275    
   11.11132167      -7.068270710      0.4318706722      -3.104020504    
   11.15667400      -7.009109761      0.4335755686      -3.058599662    
   11.20202633      -6.952499132      0.4364494860      -3.015733995    
   11.24737867      -6.897734428      0.4415497782      -2.975137303    
   11.29273100      -6.846145640      0.4500128999      -2.937830474    
   11.33808333      -6.800126201      0.4615917124      -2.905725741    
   11.38343567      -6.762420374      0.4744044138      -2.880925947    
   11.42878800      -6.735222540      0.4836907337      -2.864476222    
   11.47414033      -6.716180856      0.4819944154      -2.853873074    
   11.51949267      -6.696324750      0.4654479180      -2.842525662    
   11.56484500      -6.666800598      0.4386620713      -2.823935755    
   11.61019733      -6.625483145      0.4097801981      -2.795849531    
   11.65554967      -6.575025295      0.3843087343      -2.759763221    
   11.70090200      -6.518927727      0.3646031578      -2.718406174    
   11.74625433      -6.460153166      0.3511826801      -2.674315930    
   11.79160667      -6.400745437      0.3436674254      -2.629399950    
   11.83695900      -6.341989306      0.3416280519      -2.585015565    
   11.88231133      -6.285018785      0.3448591650      -2.542343875    
   11.92766367      -6.231161725      0.3531876551      -2.502701899    
   11.97301600      -6.182234025      0.3662927254      -2.467793443    
   12.01836833      -6.140979501      0.3828702541      -2.439780864    
   12.06372067      -6.110092730      0.3988049102      -2.420236473    
   12.10907300      -6.088501004      0.4071086037      -2.407707523    
   12.15442533      -6.068809305      0.4030135084      -2.396667875    
   12.19977767      -6.042167492      0.3895749133      -2.380836401    
   12.24513000      -6.005790741      0.3748822119      -2.357823443    
   12.29048233      -5.963214900      0.3649385122      -2.329765988    
   12.33583467      -5.919678140      0.3608804513      -2.300435871    
   12.38118700      -5.878412734      0.3603020708      -2.272374005    
   12.42653933      -5.839294496      0.3602514475      -2.245796275    
   12.47189167      -5.800192797      0.3598649505      -2.219440278    
   12.51724400      -5.759484429      0.3608307238      -2.192363507    
   12.56259633      -5.717939359      0.3660097823      -2.165362495    
   12.60794867      -5.679075613      0.3770137683      -2.141171988    
   12.65330100      -5.647540863      0.3919538405      -2.123088631    
   12.69865333      -5.625463544      0.4047801617      -2.112220510    
   12.74400567      -5.608554317      0.4090756371      -2.105332554    
   12.78935800      -5.588459888      0.4049262003      -2.096768998    
   12.83471033      -5.560882209      0.3991506462      -2.083415285    
   12.88006267      -5.528474609      0.3984041729      -2.066895909    
   12.92541500      -5.497005413      0.4047125117      -2.051420582    
   12.97076733      -5.471017082      0.4161167934      -2.040778824    
   13.01611967      -5.452842026      0.4297427568      -2.037410238    
   13.06147200      -5.444711545      0.4422757049      -2.043029230    
   13.10682433      -5.447586987      0.4472299682      -2.057552132    
   13.15217667      -5.456239331      0.4369775200      -2.076616490    
   13.19752900      -5.460026519      0.4099714193      -2.092518635    
   13.24288133      -5.450682645      0.3729351976      -2.099196824    
   13.28823367      -5.427346327      0.3350022314      -2.095640880    
   13.33358600      -5.394155112      0.3017660110      -2.085155623    
   13.37893833      -5.355630192      0.2746163523      -2.071493245    
   13.42429067      -5.314703822      0.2529342148      -2.061134557    
   13.46964300      -5.272935771      0.2356509957      -2.047672931    
   13.51499533      -5.230987785      0.2218331335      -2.076528351    
   13.56034767      -5.189099933      0.2109764143      -2.080668562    
 
## Date (YYYY-MM-DD): 2009-07-16
## Time (hh:mm:ss)  : 10:18:27
# version           : 0.9.224
# version (xs)      : 0.091
# efermi (H,eV)     :    0.202574    5.512329
# vgqlmt            :    0.000000    0.000000    0.000000
# ivgmt             :       0       0       0
# vql               :    0.000000    0.000000    0.000000
# fxctype           :       0
# alphalrc          :    0.000000
# alphalrcdyn       :    0.000000
# betalrcdyn        :    0.000000
# intraband         :       F
# aresdf            :       F
# aresfxc           :       T
# torddf            :       F
# tordfxc           :       F
# acont             :       F
# nwacont           :     300
# broad (H,eV)      :    0.007000    0.190480
# scissor (H,eV)    :    0.000000    0.000000
# nwdos             :     300
# ngq               :     113
# gqmax             :    3.000000
# gmaxvr            :   12.000000
# rgkmax            :    6.000000
# gkmax             :    3.000000
# ngridk            :       2       2       2
# vkloff            :    0.033333    0.100000    0.166667
# reducek           :       F
# nmatmax           :     145
# ngkmax            :     125
# nlotot            :      20
# nlomax            :       4
# nst1              :       4
# nst2              :       6
# nstlbse           :       0       0
# nstsv             :      10
# evlmincut (H,eV)  :   -0.098372   -2.676840
# evlmaxcut (H,eV)  :    0.478363   13.016938
# evlmin (H,eV)     :   -0.244188   -6.644710
# evlmax (H,eV)     :    0.620580   16.886852
# evlhpo (H,eV)     :    4    0.188956    5.141752
# evllpu (H,eV)     :    5    0.213085    5.798351
# ksgap             :       T
# lmaxapw           :      10
# lmaxapwwf         :       2
# lmaxmat           :       5
# lmaxvr            :       7
# lmaxinr           :       2
# lolmax            :       2
# lmaxemat          :       2
# lmaxalda          :       3
# lradstp           :       4
# tevout            :       T
# fastpmat          :       T
# fastemat          :       T
# nosym             :       T
# dfoffdiag         :       F
 
