   0.000000000       16.78871486      0.8399507273       34.61396935    
  0.4535233333E-01   16.99006724      0.8625018542       34.10997446    
  0.9070466667E-01   17.19682505      0.8860053050       33.78394874    
  0.1360570000       17.40921580      0.9105171040       33.64333294    
  0.1814093333       17.62748031      0.9360975682       33.53553384    
  0.2267616667       17.85187368      0.9628117177       33.47544317    
  0.2721140000       18.08266643      0.9907297333       33.44486842    
  0.3174663333       18.32014565       1.019927468       33.43977125    
  0.3628186667       18.56461639       1.050487021       33.45611249    
  0.4081710000       18.81640306       1.082497380       33.49181060    
  0.4535233333       19.07585106       1.116055145       33.54536029    
  0.4988756667       19.34332851       1.151265347       33.61579921    
  0.5442280000       19.61922828       1.188242366       33.70248594    
  0.5895803333       19.90397004       1.227110980       33.80502507    
  0.6349326667       20.19800275       1.268007551       33.92320350    
  0.6802850000       20.50180724       1.311081376       34.05695403    
  0.7256373333       20.81589923       1.356496237       34.20633020    
  0.7709896667       21.14083259       1.404432164       34.37149002    
  0.8163420000       21.47720305       1.455087474       34.55268545    
  0.8616943333       21.82565232       1.508681117       34.75025594    
  0.9070466667       22.18687275       1.565455384       34.96462512    
  0.9523990000       22.56161255       1.625679061       35.19629980    
  0.9977513333       22.95068167       1.689651100       35.44587103    
   1.043103667       23.35495851       1.757704909       35.71401681    
   1.088456000       23.77539746       1.830213399       36.00150644    
   1.133808333       24.21303753       1.907594934       36.30920643    
   1.179160667       24.66901221       1.990320384       36.63808795    
   1.224513000       25.14456066       2.078921524       36.98923598    
   1.269865333       25.64104067       2.174001093       37.36386028    
   1.315217667       26.15994349       2.276244890       37.76330833    
   1.360570000       26.70291105       2.386436426       38.18908064    
   1.405922333       27.27175574       2.505474761       38.64284861    
   1.451274667       27.86848362       2.634396369       39.12647541    
   1.496627000       28.49532123       2.774402112       39.64204042    
   1.541979333       29.15474707       2.926890782       40.19186764    
   1.587331667       29.84952840       3.093501101       40.77855885    
   1.632684000       30.58276437       3.276164770       41.40503226    
   1.678036333       31.35793673       3.477174053       42.07456730    
   1.723388667       32.17896924       3.699268665       42.79085641    
   1.768741000       33.05029724       3.945748605       43.55806452    
   1.814093333       33.97694860       4.220622190       44.38089622    
   1.859445667       34.96463680       4.528802445       45.26467007    
   1.904798000       36.01986573       4.876370633       46.21539744    
   1.950150333       37.15004346       5.270934202       47.23985935    
   1.995502667       38.36359617       5.722118946       48.34566828    
   2.040855000       39.67006345       6.242254154       49.54128786    
   2.086207333       41.08013336       6.847337735       50.83595840    
   2.131559667       42.60553323       7.558409848       52.23942769    
   2.176912000       44.25860514       8.403521970       53.76129440    
   2.222264333       46.05122246       9.420561263       55.40959592    
   2.267616667       47.99235819       10.66125099       57.18794062    
   2.312969000       50.08293241       12.19658705       59.08987737    
   2.358321333       52.30527219       14.12342467       61.08817043    
   2.403673667       54.60234420       16.56982038       63.11529658    
   2.449026000       56.83955887       19.69027213       65.03125269    
   2.494378333       58.74523040       23.62588333       66.58204030    
   2.539730667       59.85742603       28.37848613       67.38392970    
   2.585083000       59.60732719       33.56394797       67.03569040    
   2.630435333       57.76447772       38.24712069       65.45551782    
   2.675787667       55.03594755       41.44592768       63.19423180    
   2.721140000       52.71998386       43.18280331       61.13696164    
   2.766492333       51.40208960       44.46047557       59.73583166    
   2.811844667       50.61839889       46.00787210       58.78616492    
   2.857197000       49.84343029       47.64796848       57.99978346    
   2.902549333       49.31218856       48.96788387       57.51076193    
   2.947901667       49.63091318       50.21590207       57.67571477    
   2.993254000       50.95482150       52.16572359       58.58544146    
   3.038606333       52.91239934       55.56054956       59.91455569    
   3.083958667       54.75665937       60.99217295       60.96859898    
   3.129311000       55.24170384       68.73189958       60.67730290    
   3.174663333       52.71878596       78.15768859       57.78835114    
   3.220015667       46.03201991       87.22846337       51.59100232    
   3.265368000       36.02409923       93.23532430       42.80198713    
   3.310720333       25.42656692       95.17834239       33.29873474    
   3.356072667       16.16399571       94.45877810       24.53648713    
   3.401425000       8.097138519       92.53477011       16.72661015    
   3.446777333      0.5955925080       89.47645300       9.635333450    
   3.492129667      -6.079972722       84.69371161       3.530094321    
   3.537482000      -10.75482136       78.17624875     -0.7617231644    
   3.582834333      -12.38943391       71.14679020      -2.554569570    
   3.628186667      -11.16037414       65.34477695      -1.979580349    
   3.673539000      -8.235994883       61.87094747      0.8745259461E-01
   3.718891333      -4.936290080       60.95911626       2.552855283    
   3.764243667      -2.358017676       62.31361167       4.445175178    
   3.809596000      -1.363359157       65.27318919       5.024728593    
   3.854948333      -2.410716166       68.79026107       3.941010823    
   3.900300667      -5.170253907       71.74778500       1.427186124    
   3.945653000      -8.674925671       73.80064555      -1.911162192    
   3.991005333      -12.49663864       75.61697143      -5.829183132    
   4.036357667      -17.47001571       77.58185207      -10.80081732    
   4.081710000      -24.50964081       78.56134031      -17.26150077    
   4.127062333      -32.89775006       76.73612103      -24.60703417    
   4.172414667      -40.57276051       71.55413115      -31.35129103    
   4.217767000      -45.84450687       64.04516041      -36.16236724    
   4.263119333      -48.14236751       55.82652517      -38.51201389    
   4.308471667      -47.88691442       48.29083995      -38.65599322    
   4.353824000      -45.98606451       42.15946907      -37.27510023    
   4.399176333      -43.29851671       37.54442445      -35.07935742    
   4.444528667      -40.41406515       34.23615414      -32.59810675    
   4.489881000      -37.65703978       31.93689360      -30.15256563    
   4.535233333      -35.18459206       30.37679380      -27.91365447    
   4.580585667      -33.07467463       29.31902953      -25.96202792    
   4.625938000      -31.32978034       28.50579386      -24.28805521    
   4.671290333      -29.76581179       27.70424288      -22.74938423    
   4.716642667      -28.06700029       26.93757589      -21.13640820    
   4.761995000      -26.09920440       26.48969854      -19.35522787    
   4.807347333      -23.99733800       26.61256519      -17.49318484    
   4.852699667      -21.96789315       27.39663074      -15.71669029    
   4.898052000      -20.17366726       28.88213670      -14.19502142    
   4.943404333      -18.81355350       31.15806852      -13.14327903    
   4.988756667      -18.27014827       34.31280968      -12.91806647    
   5.034109000      -19.20633408       38.19443869      -14.04253050    
   5.079461333      -22.33940880       41.99448819      -16.96942073    
   5.124813667      -27.62970166       44.18061961      -21.52975115    
   5.170166000      -33.63264860       43.55850075      -26.64351494    
   5.215518333      -38.47892281       40.54348473      -30.97845716    
   5.260870667      -41.46987317       36.60393157      -33.91956769    
   5.306223000      -43.09010001       32.80789472      -35.68610889    
   5.351575333      -44.04097958       29.37435548      -36.75297584    
   5.396927667      -44.65004883       26.07530450      -37.39026455    
   5.442280000      -44.84512457       22.72329169      -37.59600577    
   5.487632333      -44.45269835       19.41598653      -37.28420955    
   5.532984667      -43.48914527       16.39950448      -36.47316724    
   5.578337000      -42.13401752       13.82900778      -35.29694787    
   5.623689333      -40.58139938       11.72839095      -33.91632159    
   5.669041667      -38.97569122       10.04759923      -32.46078579    
   5.714394000      -37.40529609       8.710035130      -31.01553102    
   5.759746333      -35.91485061       7.640147551      -29.62799976    
   5.805098667      -34.52145379       6.775132362      -28.31989169    
   5.850451000      -33.22743434       6.066699527      -27.09783752    
   5.895803333      -32.02815796       5.478865463      -25.96060156    
   5.941155667      -30.91620374       4.985016783      -24.90327916    
   5.986508000      -29.88342765       4.565385178      -23.91954734    
   6.031860333      -28.92191359       4.205142018      -23.00280358    
   6.077212667      -28.02436723       3.893028884      -22.14670673    
   6.122565000      -27.18424010       3.620388779      -21.34540712    
   6.167917333      -26.39572826       3.380481399      -20.59361947    
   6.213269667      -25.65371730       3.167996081      -19.88661930    
   6.258622000      -24.95370823       2.978701986      -19.22020467    
   6.303974333      -24.29174095       2.809194012      -18.59064461    
   6.349326667      -23.66432232       2.656706113      -17.99462498    
   6.394679000      -23.06836177       2.518972574      -17.42919671    
   6.440031333      -22.50111493       2.394123834      -16.89172869    
   6.485383667      -21.96013493       2.280607499      -16.37986580    
   6.530736000      -21.44323062       2.177127949      -15.89149209    
   6.576088333      -20.94843061       2.082599884      -15.42469865    
   6.621440667      -20.47395243       1.996112471      -14.97775567    
   6.666793000      -20.01817588       1.916901684      -14.54908804    
   6.712145333      -19.57961985       1.844329174      -14.13725406    
   6.757497667      -19.15692210       1.777866458      -13.74092667    
   6.802850000      -18.74882127       1.717083693      -13.35887690    
   6.848202333      -18.35414094       1.661642607      -12.98995917    
   6.893554667      -17.97177525       1.611293546      -12.63309826    
   6.938907000      -17.60067598       1.565876939      -12.28727785    
   6.984259333      -17.23984114       1.525329961      -11.95153105    
   7.029611667      -16.88830561       1.489699794      -11.62493335    
   7.074964000      -16.54513501       1.459165739      -11.30659987    
   7.120316333      -16.20942556       1.434073602      -10.99568982    
   7.165668667      -15.88031569       1.414987325      -10.69142465    
   7.211021000      -15.55702100       1.402764340      -10.39313170    
   7.256373333      -15.23891567       1.398661079      -10.10033600    
   7.301725667      -14.92570530       1.404468154      -9.812940461    
   7.347078000      -14.61777323       1.422645416      -9.531560653    
   7.392430333      -14.31682748       1.456337756      -9.258096362    
   7.437782667      -14.02696707       1.508935705      -8.996561797    
   7.483135000      -13.75601167       1.582457856      -8.753876203    
   7.528487333      -13.51591326       1.673698289      -8.539422392    
   7.573839667      -13.31867717       1.768232262      -8.360790126    
   7.619192000      -13.16334053       1.838959491      -8.214411126    
   7.664544333      -13.02285077       1.862863738      -8.079171844    
   7.709896667      -12.85734061       1.847050590      -7.926542845    
   7.755249000      -12.64651318       1.825563032      -7.740522476    
   7.800601333      -12.39750822       1.831705254      -7.524646914    
   7.845953667      -12.12952835       1.884858679      -7.293903816    
   7.891306000      -11.86283364       1.994673671      -7.066664934    
   7.936658333      -11.61846577       2.167752574      -6.863673312    
   7.982010667      -11.42515908       2.409230198      -6.712419905    
   8.027363000      -11.32852558       2.712396108      -6.651177929    
   8.072715333      -11.38576954       3.031360179      -6.719504236    
   8.118067667      -11.61895070       3.260013740      -6.922667955    
   8.163420000      -11.94746578       3.281647281      -7.194674526    
   8.208772333      -12.21369863       3.082732298      -7.422775964    
   8.254124667      -12.31503064       2.769792342      -7.527775806    
   8.299477000      -12.25984057       2.460374926      -7.505025651    
   8.344829333      -12.10932420       2.211264953      -7.394967505    
   8.390181667      -11.91792573       2.026434648      -7.240199754    
   8.435534000      -11.71292754       1.888703795      -7.065950777    
   8.480886333      -11.50081834       1.784277715      -6.881774451    
   8.526238667      -11.28293780       1.708364464      -6.690949328    
   8.571591000      -11.06098399       1.659123322      -6.495584926    
   8.616943333      -10.83557343       1.637106088      -6.297514881    
   8.662295667      -10.60958260       1.646511830      -6.100327146    
   8.707648000      -10.39094609       1.690897308      -5.910880630    
   8.753000333      -10.18955665       1.769272770      -5.737615257    
   8.798352667      -10.01379487       1.877587917      -5.588406713    
   8.843705000      -9.871301909       2.010259405      -5.470183915    
   8.889057333      -9.767940177       2.159377287      -5.388452941    
   8.934409667      -9.708052960       2.318654840      -5.348545886    
   8.979762000      -9.703477437       2.479464766      -5.358559099    
   9.025114333      -9.764523524       2.611737255      -5.420645642    
   9.070466667      -9.865315239       2.674987493      -5.513328290    
   9.115819000      -9.949568125       2.669333128      -5.598901423    
   9.161171333      -9.990471845       2.642828659      -5.658525873    
   9.206523667      -10.01556170       2.636569344      -5.708592462    
   9.251876000      -10.07065471       2.643869556      -5.778535350    
   9.297228333      -10.17087617       2.619156039      -5.877182357    
   9.342580667      -10.28184535       2.523751239      -5.980527936    
   9.387933000      -10.35169608       2.364755913      -6.052146135    
   9.433285333      -10.35571052       2.182722127      -6.072010350    
   9.478637667      -10.30274936       2.017201971      -6.045027103    
   9.523990000      -10.22114982       1.889465113      -5.992328418    
   9.569342333      -10.14235454       1.796461587      -5.937787027    
   9.614694667      -10.08397126       1.716737711      -5.895412626    
   9.660047000      -10.04294703       1.625773966      -5.863650688    
   9.705399333      -10.00009831       1.510655970      -5.828945355    
   9.750751667      -9.935051261       1.378143973      -5.776678247    
   9.796104000      -9.841681009       1.244932695      -5.700962725    
   9.841456333      -9.724779198       1.122636201      -5.604172170    
   9.886808667      -9.590710722       1.017134936      -5.491589515    
   9.932161000      -9.446385400      0.9317482448      -5.369291300    
   9.977513333      -9.299200985      0.8664591967      -5.243466006    
   10.02286567      -9.154735776      0.8177832444      -5.118816206    
   10.06821800      -9.014802701      0.7808401586      -4.997216384    
   10.11357033      -8.877776889      0.7526146855      -4.878071533    
   10.15892267      -8.741654557      0.7335297997      -4.760328818    
   10.20427500      -8.606470111      0.7258054430      -4.644225888    
   10.24962733      -8.474233653      0.7315751410      -4.531603010    
   10.29497967      -8.348348547      0.7522600893      -4.425596683    
   10.34033200      -8.233500178      0.7882562875      -4.330491428    
   10.38568433      -8.135879586      0.8381678308      -4.251658033    
   10.43103667      -8.062718615      0.8966501380      -4.194603189    
   10.47638900      -8.018188795      0.9525474417      -4.161915944    
   10.52174133      -7.998311203      0.9932795638      -4.150465922    
   10.56709367      -7.993651880       1.011380665      -4.152666465    
   10.61244600      -7.993636742       1.004054084      -4.159225995    
   10.65779833      -7.987121933      0.9736954432      -4.161050199    
   10.70315067      -7.967048557      0.9280514109      -4.151984961    
   10.74850300      -7.931857914      0.8745516100      -4.129710653    
   10.79385533      -7.881391621      0.8189195839      -4.094019572    
   10.83920767      -7.817378042      0.7674113704      -4.046636712    
   10.88456000      -7.745108089      0.7239404567      -3.991426447    
   10.92991233      -7.669445361      0.6878340869      -3.932161672    
   10.97526467      -7.592132666      0.6571760788      -3.870765301    
   11.02061700      -7.513586686      0.6308921119      -3.807836320    
   11.06596933      -7.433482807      0.6082932386      -3.743254299    
   11.11132167      -7.350837016      0.5900109317      -3.676617826    
   11.15667400      -7.265768425      0.5781804425      -3.608306660    
   11.20202633      -7.180403230      0.5746807763      -3.540039949    
   11.24737867      -7.097643795      0.5794978928      -3.474059850    
   11.29273100      -7.019029696      0.5913250398      -3.411879661    
   11.33808333      -6.944827236      0.6100563991      -3.354436264    
   11.38343567      -6.876785593      0.6373077257      -3.303728195    
   11.42878800      -6.819756160      0.6740122505      -3.263943225    
   11.47414033      -6.781303729      0.7175658577      -3.240994333    
   11.51949267      -6.769135303      0.7580084414      -3.239618324    
   11.56484500      -6.782113110      0.7768182557      -3.257028425    
   11.61019733      -6.801648232      0.7591610378      -3.279034439    
   11.65554967      -6.802762187      0.7105601440      -3.287763195    
   11.70090200      -6.774964895      0.6515011369      -3.274360282    
   11.74625433      -6.724094459      0.5987469068      -3.241553996    
   11.79160667      -6.660673842      0.5586794755      -3.196997123    
   11.83695900      -6.593021890      0.5312993921      -3.147747844    
   11.88231133      -6.526674185      0.5138466141      -3.098696970    
   11.92766367      -6.464249368      0.5019829683      -3.052190515    
   11.97301600      -6.404850831      0.4918029156      -3.007940184    
   12.01836833      -6.345716627      0.4823640705      -2.964317291    
   12.06372067      -6.285559387      0.4755440949      -2.920540463    
   12.10907300      -6.225847270      0.4730899003      -2.877583257    
   12.15442533      -6.168986563      0.4745944357      -2.837152306    
   12.19977767      -6.116330891      0.4778537759      -2.800207123    
   12.24513000      -6.067037959      0.4800514452      -2.766008268    
   12.29048233      -6.017703770      0.4801221122      -2.732233683    
   12.33583467      -5.965197085      0.4810968580      -2.697027387    
   12.38118700      -5.910675754      0.4880224980      -2.661465421    
   12.42653933      -5.859518526      0.5035397838      -2.629684304    
   12.47189167      -5.818505153      0.5254915826      -2.606764870    
   12.51724400      -5.791966918      0.5460954753      -2.595397547    
   12.56259633      -5.776236365      0.5550576253      -2.592486406    
   12.60794867      -5.759818455      0.5491857201      -2.590233187    
   12.65330100      -5.734725301      0.5361432604      -2.583042382    
   12.69865333      -5.703639693      0.5244127891      -2.571949184    
   12.74400567      -5.673489214      0.5140406801      -2.560964053    
   12.78935800      -5.645459551      0.4986270187      -2.550694132    
   12.83471033      -5.613046626      0.4748843595      -2.537069389    
   12.88006267      -5.570109208      0.4472372540      -2.515970280    
   12.92541500      -5.516516536      0.4222245394      -2.486937938    
   12.97076733      -5.455352455      0.4033079872      -2.452123006    
   13.01611967      -5.389187769      0.3914616701      -2.413906064    
   13.06147200      -5.319618130      0.3871935450      -2.374183558    
   13.10682433      -5.248003431      0.3911093334      -2.334705548    
   13.15217667      -5.175760403      0.4038357314      -2.297392054    
   13.19752900      -5.104538279      0.4260203217      -2.264565337    
   13.24288133      -5.036533050      0.4581137213      -2.239258138    
   13.28823367      -4.974458211      0.4996686766      -2.225133118    
   13.33358600      -4.920513161      0.5488858865      -2.226640309    
   13.37893833      -4.875255522      0.6036390265      -2.247085471    
   13.42429067      -4.837865469      0.6631527198      -2.299878515    
   13.46964300      -4.807661654      0.7297408021      -2.365776918    
   13.51499533      -4.788993702      0.8091626776      -2.624349999    
   13.56034767      -4.796242740      0.9031116492      -2.815000415    
 
## Date (YYYY-MM-DD): 2009-07-16
## Time (hh:mm:ss)  : 10:18:27
# version           : 0.9.224
# version (xs)      : 0.091
# efermi (H,eV)     :    0.202574    5.512329
# vgqlmt            :    0.000000    0.000000    0.000000
# ivgmt             :       0       0       0
# vql               :    0.000000    0.000000    0.000000
# fxctype           :       0
# alphalrc          :    0.000000
# alphalrcdyn       :    0.000000
# betalrcdyn        :    0.000000
# intraband         :       F
# aresdf            :       F
# aresfxc           :       T
# torddf            :       F
# tordfxc           :       F
# acont             :       F
# nwacont           :     300
# broad (H,eV)      :    0.007000    0.190480
# scissor (H,eV)    :    0.000000    0.000000
# nwdos             :     300
# ngq               :     113
# gqmax             :    3.000000
# gmaxvr            :   12.000000
# rgkmax            :    6.000000
# gkmax             :    3.000000
# ngridk            :       2       2       2
# vkloff            :    0.033333    0.100000    0.166667
# reducek           :       F
# nmatmax           :     145
# ngkmax            :     125
# nlotot            :      20
# nlomax            :       4
# nst1              :       4
# nst2              :       6
# nstlbse           :       0       0
# nstsv             :      10
# evlmincut (H,eV)  :   -0.098372   -2.676840
# evlmaxcut (H,eV)  :    0.478363   13.016938
# evlmin (H,eV)     :   -0.244188   -6.644710
# evlmax (H,eV)     :    0.620580   16.886852
# evlhpo (H,eV)     :    4    0.188956    5.141752
# evllpu (H,eV)     :    5    0.213085    5.798351
# ksgap             :       T
# lmaxapw           :      10
# lmaxapwwf         :       2
# lmaxmat           :       5
# lmaxvr            :       7
# lmaxinr           :       2
# lolmax            :       2
# lmaxemat          :       2
# lmaxalda          :       3
# lradstp           :       4
# tevout            :       T
# fastpmat          :       T
# fastemat          :       T
# nosym             :       T
# dfoffdiag         :       F
 
