       1   3.959379856       1.403441903       4.049040593    
       2   3.701848062       1.145910109       3.974428246    
       3   3.082862560      0.5269246073       3.756812626    
       4   3.238717405      0.6827794523       3.665722225    
       5   2.761639936      0.2057019832       3.209713682    
       6   2.867137670      0.3111997166       3.190584160    
       7   3.488326559      0.9323886059       3.123937322    
       8   5.520628937       2.964690984       3.111133754    
       9   4.506348859       1.950410906       2.965736591    
      10   3.835710634       1.279772681       2.811562256    
      11   3.271728377      0.7157904236       2.627989036    
      12   3.012823434      0.4568854809       2.582977865    
      13   4.942664816       2.386726863       2.514668666    
      14   2.960780420      0.4048424670       2.432269469    
      15   3.421426614      0.8654886605       2.390217716    
      16   4.909093933       2.353155980       2.168124948    
      17   3.765527510       1.209589557       2.126909793    
      18   5.134480050       2.578542097       2.034261082    
      19   4.860838406       2.304900453       1.748082964    
      20   4.710428994       2.154491041       1.625264448    
      21   3.902751591       1.346813638       1.605954237    
      22   4.541688388       1.985750435       1.374974391    
      23   5.210454026       2.654516073       1.308524270    
      24   3.981242099       1.425304146       1.242461876    
      25   3.145658937      0.5897209843       1.023272570    
      26   7.954997836       5.399059883      0.9787527419    
      27   4.427577849       1.871639896      0.9713612861    
      28   4.096523929       1.540585976      0.9548058428    
      29   4.521753195       1.965815242      0.8252516896    
      30   9.567674406       7.011736453      0.7801217403    
      31   3.108932357      0.5529944042      0.7710887770    
      32   3.475414984      0.9194770305      0.7610327254    
      33   4.843708953       2.287771000      0.7298444672    
      34   7.515719510       4.959781557      0.6813959682    
      35   4.193647568       1.637709615      0.6756415965    
      36   3.508329745      0.9523917924      0.6325596438    
      37   8.415161790       5.859223837      0.6044743450    
      38   4.311706118       1.755768165      0.5931407569    
      39   15.22583819       12.66990024      0.5926618319    
      40   15.20804818       12.65211023      0.5895495759    
      41   8.754523038       6.198585085      0.5857196205    
      42   4.636092035       2.080154082      0.5706014346    
      43   13.62645357       11.07051562      0.5676191089    
      44   18.37724393       15.82130598      0.5522328677    
      45   9.266072094       6.710134141      0.5374036347    
      46   9.224641469       6.668703516      0.5350404273    
      47   9.316189531       6.760251578      0.4975361226    
      48   8.615704700       6.059766747      0.4875194235    
      49   10.39247856       7.836540611      0.4853782495    
      50   16.71965894       14.16372098      0.4430628240    
      51   8.155046192       5.599108239      0.4386543189    
      52   4.789772199       2.233834246      0.4344782378    
      53   20.45711407       17.90117612      0.4001001317    
      54   11.59911309       9.043175141      0.3959950900    
      55   8.552425975       5.996488022      0.3825938220    
      56   12.79846816       10.24253021      0.3743598930    
      57   3.865995388       1.310057435      0.3587080511    
      58   20.00219764       17.44625969      0.3469033567    
      59   9.675208011       7.119270058      0.3407853159    
      60   4.136719136       1.580781183      0.3181864785    
      61   17.44744979       14.89151183      0.3177743891    
      62   14.16281117       11.60687322      0.3069972506    
      63   8.987882321       6.431944368      0.3033268976    
      64   18.57012499       16.01418703      0.2962820216    
      65   13.33401249       10.77807454      0.2666120875    
      66   19.31629335       16.76035539      0.2665430462    
      67   12.09779600       9.541858043      0.2660345907    
      68   5.031337201       2.475399248      0.2631306746    
      69   11.27201735       8.716079399      0.2627557063    
      70   16.36527738       13.80933943      0.2617131206    
      71   2.655776363      0.9983840980E-01  0.2573611587    
      72   9.599699231       7.043761278      0.2449598519    
      73   17.59421930       15.03828135      0.2317704355    
      74   16.07572475       13.51978680      0.2247660874    
      75   13.80234827       11.24641031      0.2244456683    
      76   3.374515569      0.8185776162      0.2238224535    
      77   17.54832389       14.99238593      0.2234343305    
      78   12.21323175       9.657293796      0.2185024788    
      79   11.72209304       9.166155092      0.2169091072    
      80   11.54746030       8.991522346      0.2094684795    
      81   3.689241004       1.133303051      0.2058913955    
      82   10.68629980       8.130361850      0.2030605177    
      83   13.52416864       10.96823069      0.2012658058    
      84   17.98675261       15.43081466      0.1922865846    
      85   20.28947726       17.73353930      0.1914107160    
      86   12.97922162       10.42328367      0.1899555214    
      87   11.77277777       9.216839818      0.1891540311    
      88   18.46500241       15.90906446      0.1863005157    
      89   19.03431616       16.47837821      0.1821902708    
      90   4.649575337       2.093637384      0.1785461785    
      91   14.00602647       11.45008852      0.1769623994    
      92   11.65115058       9.095212627      0.1763494129    
      93   14.46619465       11.91025669      0.1707568645    
      94   16.55191639       13.99597843      0.1682551358    
      95   18.28181573       15.72587777      0.1678028140    
      96   11.94276715       9.386829192      0.1653448311    
      97   7.895911834       5.339973881      0.1615197682    
      98   7.641831080       5.085893127      0.1569280336    
      99   14.96599123       12.41005328      0.1545541741    
     100   13.73259810       11.17666015      0.1537566893    
     101   18.61861045       16.06267249      0.1531675856    
     102   8.957568548       6.401630595      0.1492703678    
     103   17.01386232       14.45792437      0.1492126166    
     104   9.146744853       6.590806900      0.1431483799    
     105   11.31412547       8.758187519      0.1415621908    
     106   12.14928444       9.593346485      0.1407480811    
     107   14.66272635       12.10678839      0.1400995901    
     108   13.53103870       10.97510074      0.1351391688    
     109   11.43242473       8.876486778      0.1339253704    
     110   9.809532213       7.253594260      0.1332134460    
     111   19.28386034       16.72792239      0.1323830073    
     112   7.597558218       5.041620265      0.1323039639    
     113   15.97717087       13.42123291      0.1322534636    
     114   10.18444585       7.628507896      0.1321564105    
     115   16.08578023       13.52984227      0.1295069195    
     116   11.91239931       9.356461360      0.1280188611    
     117   10.15937232       7.603434370      0.1258048094    
     118   18.00239267       15.44645472      0.1254226041    
     119   5.405720936       2.849782983      0.1250136242    
     120   8.455328299       5.899390346      0.1239898567    
     121   11.10646695       8.550528994      0.1212826121    
     122   19.65800732       17.10206936      0.1177306951    
     123   14.72359884       12.16766089      0.1177053104    
     124   10.66135165       8.105413697      0.1118737452    
     125   14.63614406       12.08020611      0.1081223916    
     126   14.68784210       12.13190414      0.1075799330    
     127   12.55287453       9.996936575      0.1074250881    
     128   11.03047901       8.474541058      0.1073627744    
     129   11.57954168       9.023603729      0.1058572524    
     130   13.43705931       10.88112135      0.1054493874    
     131   18.99968019       16.44374223      0.1036239799    
     132   10.34979458       7.793856628      0.1022025193    
     133   17.06786879       14.51193084      0.1017755223    
     134   14.82773054       12.27179258      0.1014890353    
     135   12.25822348       9.702285525      0.1012613238    
     136   4.073920287       1.517982334      0.9966330200E-01
     137   3.181293694      0.6253557409      0.9698692510E-01
     138   17.65555059       15.09961264      0.9309722639E-01
     139   5.319059627       2.763121674      0.9067032389E-01
     140   11.97086498       9.414927032      0.8714450499E-01
     141   18.70358250       16.14764455      0.8314109819E-01
     142   12.42189603       9.865958077      0.8224929566E-01
     143   8.893140375       6.337202422      0.8221685015E-01
     144   12.77714547       10.22120751      0.8153105115E-01
     145   9.047222571       6.491284618      0.8064031751E-01
     146   19.74839452       17.19245657      0.7876186677E-01
     147   17.12881841       14.57288045      0.7333017335E-01
     148   8.846484182       6.290546229      0.6988857490E-01
     149   10.59387251       8.037934560      0.6889676435E-01
     150   17.22297685       14.66703890      0.6854664260E-01
     151   12.56562400       10.00968604      0.6534473877E-01
     152   13.65305010       11.09711215      0.6386881365E-01
     153   20.74549251       18.18955456      0.6256425355E-01
     154   13.59282238       11.03688443      0.5605250469E-01
     155   19.45367897       16.89774101      0.5541712967E-01
     156   8.902658323       6.346720370      0.5439064942E-01
     157   18.81379466       16.25785671      0.5124836863E-01
     158   3.255725317      0.6997873637      0.4927879788E-01
     159   16.19471720       13.63877925      0.4660014111E-01
     160   9.086396078       6.530458125      0.4374549524E-01
     161   9.415203164       6.859265211      0.4350406791E-01
     162   19.83029467       17.27435671      0.4164615098E-01
     163   17.35256786       14.79662990      0.4155557654E-01
     164   17.40722380       14.85128585      0.4035780960E-01
     165   17.49573529       14.93979734      0.3995313586E-01
     166   13.41586122       10.85992327      0.3858853258E-01
     167   11.98637834       9.430440386      0.3793532652E-01
     168   14.51934764       11.96340969      0.3788792071E-01
     169   13.16444496       10.60850700      0.3304105949E-01
     170   12.95930791       10.40336996      0.2894242339E-01
     171   10.74845336       8.192515404      0.2662336142E-01
     172   8.138019216       5.582081263      0.2643378042E-01
     173   16.55960049       14.00366253      0.2583650039E-01
     174   10.90896896       8.353031002      0.2437120891E-01
     175   8.384743160       5.828805207      0.2288194012E-01
     176   18.92917822       16.37324027      0.2070803449E-01
     177   14.33793135       11.78199340      0.2014018791E-01
     178   10.09337098       7.537433031      0.1747073440E-01
     179   11.38323353       8.827295576      0.1660473258E-01
     180   16.66900988       14.11307193      0.1627322248E-01
     181   10.57026731       8.014329356      0.1270114358E-01
     182   19.97682208       17.42088412      0.1077333811E-01
     183   10.06180026       7.505862311      0.1037846553E-01
     184   18.17021769       15.61427974      0.9124978048E-02
     185   10.48575402       7.929816063      0.8740907515E-02
     186   19.09165393       16.53571598      0.4839734452E-02
     187   13.19552343       10.63958548      0.3487144128E-02
     188   10.34740865       7.791470699      0.3301216041E-02
     189   14.39617945       11.84024150      0.2582110464E-02
     190   9.114865739       6.558927786      0.1978752466E-02
     191   17.79655341       15.24061546      0.1227795324E-02
     192   16.96048618       14.40454822      0.1028023501E-03
#    Nr.   E                 E - E_gap        |Osc.Str.|
# E_gap :    2.555937953    
# energies are in electron volts
