       1   5.210454026       2.654516073       3.713469170    
       2   3.701848062       1.145910109       2.959203363    
       3   4.506348859       1.950410906       2.842844737    
       4   3.959379856       1.403441903       2.817719418    
       5   3.145658937      0.5897209843       2.717655195    
       6   5.520628937       2.964690984       2.518397414    
       7   2.960780420      0.4048424670       2.381035261    
       8   3.238717405      0.6827794523       2.340856210    
       9   3.689241004       1.133303051       2.272176602    
      10   3.865995388       1.310057435       2.227291793    
      11   4.193647568       1.637709615       2.208140061    
      12   4.541688388       1.985750435       2.193127080    
      13   3.981242099       1.425304146       2.192992253    
      14   5.134480050       2.578542097       2.147780786    
      15   5.319059627       2.763121674       2.014307949    
      16   3.255725317      0.6997873637       1.878661303    
      17   4.427577849       1.871639896       1.782423432    
      18   4.636092035       2.080154082       1.774432792    
      19   3.271728377      0.7157904236       1.736814646    
      20   3.374515569      0.8185776162       1.713798284    
      21   3.108932357      0.5529944042       1.692508363    
      22   3.765527510       1.209589557       1.510982406    
      23   3.181293694      0.6253557409       1.463740288    
      24   4.096523929       1.540585976       1.350969338    
      25   8.155046192       5.599108239       1.309631227    
      26   4.521753195       1.965815242       1.298946223    
      27   5.405720936       2.849782983       1.259721968    
      28   3.902751591       1.346813638       1.214352367    
      29   3.082862560      0.5269246073       1.114850207    
      30   3.012823434      0.4568854809       1.101839798    
      31   8.138019216       5.582081263       1.085265852    
      32   9.599699231       7.043761278       1.019414192    
      33   7.515719510       4.959781557       1.012062155    
      34   5.031337201       2.475399248      0.8217994906    
      35   14.82773054       12.27179258      0.7961058116    
      36   4.909093933       2.353155980      0.7684665378    
      37   19.03431616       16.47837821      0.7370151386    
      38   4.942664816       2.386726863      0.7226846739    
      39   3.508329745      0.9523917924      0.6470260041    
      40   13.33401249       10.77807454      0.5304392538    
      41   4.789772199       2.233834246      0.4821437808    
      42   4.710428994       2.154491041      0.4679017231    
      43   3.488326559      0.9323886059      0.4483259566    
      44   11.65115058       9.095212627      0.4256970407    
      45   9.415203164       6.859265211      0.3894511654    
      46   9.567674406       7.011736453      0.3662212800    
      47   12.25822348       9.702285525      0.3613260292    
      48   17.22297685       14.66703890      0.3554135043    
      49   3.835710634       1.279772681      0.3513444477    
      50   11.77277777       9.216839818      0.3496270439    
      51   13.59282238       11.03688443      0.3402261345    
      52   12.14928444       9.593346485      0.3325868828    
      53   17.01386232       14.45792437      0.3164951198    
      54   4.073920287       1.517982334      0.3064762250    
      55   16.66900988       14.11307193      0.3026856717    
      56   19.31629335       16.76035539      0.2938399697    
      57   9.266072094       6.710134141      0.2873090381    
      58   13.43705931       10.88112135      0.2674494776    
      59   12.79846816       10.24253021      0.2656986600    
      60   7.895911834       5.339973881      0.2585362301    
      61   11.94276715       9.386829192      0.2506600874    
      62   19.09165393       16.53571598      0.2497596757    
      63   4.649575337       2.093637384      0.2480197396    
      64   14.66272635       12.10678839      0.2387748254    
      65   16.71965894       14.16372098      0.2374521109    
      66   13.62645357       11.07051562      0.2317735742    
      67   12.42189603       9.865958077      0.2310456837    
      68   7.641831080       5.085893127      0.2199124811    
      69   12.21323175       9.657293796      0.2183817844    
      70   19.65800732       17.10206936      0.2085975918    
      71   13.73259810       11.17666015      0.2047384409    
      72   14.63614406       12.08020611      0.2041831548    
      73   10.15937232       7.603434370      0.2030737240    
      74   17.12881841       14.57288045      0.1977269001    
      75   4.136719136       1.580781183      0.1976081123    
      76   3.475414984      0.9194770305      0.1918154677    
      77   19.83029467       17.27435671      0.1906950734    
      78   19.74839452       17.19245657      0.1886704517    
      79   8.384743160       5.828805207      0.1875759573    
      80   10.09337098       7.537433031      0.1873704178    
      81   10.18444585       7.628507896      0.1807552435    
      82   17.44744979       14.89151183      0.1798954769    
      83   9.224641469       6.668703516      0.1782319164    
      84   18.61861045       16.06267249      0.1761223921    
      85   18.81379466       16.25785671      0.1726948965    
      86   11.31412547       8.758187519      0.1723171909    
      87   2.761639936      0.2057019832      0.1667242458    
      88   11.98637834       9.430440386      0.1664568330    
      89   12.56562400       10.00968604      0.1611863238    
      90   9.809532213       7.253594260      0.1586634225    
      91   11.10646695       8.550528994      0.1560758840    
      92   12.09779600       9.541858043      0.1539078933    
      93   20.00219764       17.44625969      0.1513927045    
      94   11.97086498       9.414927032      0.1511162277    
      95   16.55191639       13.99597843      0.1492244205    
      96   7.597558218       5.041620265      0.1445207838    
      97   13.65305010       11.09711215      0.1432264954    
      98   4.843708953       2.287771000      0.1431103594    
      99   10.74845336       8.192515404      0.1384153792    
     100   8.455328299       5.899390346      0.1361208625    
     101   10.57026731       8.014329356      0.1349601735    
     102   12.97922162       10.42328367      0.1307437335    
     103   18.46500241       15.90906446      0.1286676440    
     104   19.45367897       16.89774101      0.1241327238    
     105   16.55960049       14.00366253      0.1225890983    
     106   9.316189531       6.760251578      0.1225777401    
     107   14.96599123       12.41005328      0.1216077512    
     108   14.72359884       12.16766089      0.1210794882    
     109   14.39617945       11.84024150      0.1209389915    
     110   18.92917822       16.37324027      0.1163383987    
     111   9.114865739       6.558927786      0.1156496683    
     112   8.615704700       6.059766747      0.1139160168    
     113   16.96048618       14.40454822      0.1138438279    
     114   14.68784210       12.13190414      0.1102453103    
     115   8.754523038       6.198585085      0.1100595761    
     116   13.80234827       11.24641031      0.1095070728    
     117   10.66135165       8.105413697      0.9939982509E-01
     118   11.57954168       9.023603729      0.9694874677E-01
     119   15.97717087       13.42123291      0.9574858610E-01
     120   9.675208011       7.119270058      0.9518247908E-01
     121   16.36527738       13.80933943      0.9202560300E-01
     122   13.53103870       10.97510074      0.9016021897E-01
     123   10.34740865       7.791470699      0.8955635046E-01
     124   19.97682208       17.42088412      0.8877426799E-01
     125   7.954997836       5.399059883      0.8734549896E-01
     126   18.00239267       15.44645472      0.8704246607E-01
     127   17.35256786       14.79662990      0.8637849378E-01
     128   13.52416864       10.96823069      0.8558111600E-01
     129   11.72209304       9.166155092      0.8519727237E-01
     130   18.37724393       15.82130598      0.8394093852E-01
     131   15.22583819       12.66990024      0.7704278042E-01
     132   10.39247856       7.836540611      0.7608468916E-01
     133   11.38323353       8.827295576      0.7573000519E-01
     134   12.55287453       9.996936575      0.7305016960E-01
     135   16.08578023       13.52984227      0.7038685023E-01
     136   9.086396078       6.530458125      0.6936509758E-01
     137   17.65555059       15.09961264      0.6881240956E-01
     138   10.48575402       7.929816063      0.6848512760E-01
     139   15.20804818       12.65211023      0.6578834164E-01
     140   10.06180026       7.505862311      0.6505174077E-01
     141   19.28386034       16.72792239      0.6274931196E-01
     142   17.54832389       14.99238593      0.6213361784E-01
     143   13.19552343       10.63958548      0.6144789350E-01
     144   11.03047901       8.474541058      0.6035881927E-01
     145   11.27201735       8.716079399      0.5974826139E-01
     146   16.07572475       13.51978680      0.5771284145E-01
     147   3.421426614      0.8654886605      0.5302588288E-01
     148   18.28181573       15.72587777      0.5029049404E-01
     149   11.54746030       8.991522346      0.4936318028E-01
     150   18.17021769       15.61427974      0.4852456012E-01
     151   17.49573529       14.93979734      0.4537647305E-01
     152   10.59387251       8.037934560      0.4379063668E-01
     153   14.51934764       11.96340969      0.4314273390E-01
     154   17.06786879       14.51193084      0.4185265926E-01
     155   9.047222571       6.491284618      0.4001676811E-01
     156   12.77714547       10.22120751      0.3988347637E-01
     157   8.552425975       5.996488022      0.3970228275E-01
     158   16.19471720       13.63877925      0.3927630910E-01
     159   20.45711407       17.90117612      0.3815635540E-01
     160   14.33793135       11.78199340      0.3708197205E-01
     161   11.59911309       9.043175141      0.3624833313E-01
     162   8.987882321       6.431944368      0.3578976712E-01
     163   2.867137670      0.3111997166      0.3538174825E-01
     164   17.40722380       14.85128585      0.3487905893E-01
     165   13.16444496       10.60850700      0.3357974899E-01
     166   8.415161790       5.859223837      0.3073014436E-01
     167   10.34979458       7.793856628      0.2663087655E-01
     168   10.90896896       8.353031002      0.2348920534E-01
     169   18.57012499       16.01418703      0.2222144637E-01
     170   17.59421930       15.03828135      0.2208001911E-01
     171   4.311706118       1.755768165      0.1983223923E-01
     172   8.957568548       6.401630595      0.1878676531E-01
     173   9.146744853       6.590806900      0.1808012079E-01
     174   4.860838406       2.304900453      0.1701338874E-01
     175   8.902658323       6.346720370      0.1609881998E-01
     176   20.28947726       17.73353930      0.1560890899E-01
     177   17.98675261       15.43081466      0.1222163743E-01
     178   10.68629980       8.130361850      0.1190319610E-01
     179   18.99968019       16.44374223      0.1053316406E-01
     180   14.16281117       11.60687322      0.8563916868E-02
     181   14.00602647       11.45008852      0.6148931345E-02
     182   2.655776363      0.9983840980E-01  0.5233232965E-02
     183   18.70358250       16.14764455      0.4830945461E-02
     184   12.95930791       10.40336996      0.4444433017E-02
     185   8.846484182       6.290546229      0.4290531098E-02
     186   14.46619465       11.91025669      0.4128367179E-02
     187   11.43242473       8.876486778      0.3095304658E-02
     188   13.41586122       10.85992327      0.3050169141E-02
     189   20.74549251       18.18955456      0.1652110805E-02
     190   8.893140375       6.337202422      0.1271985419E-02
     191   17.79655341       15.24061546      0.3693923180E-03
     192   11.91239931       9.356461360      0.1069845851E-03
#    Nr.   E                 E - E_gap        |Osc.Str.|
# E_gap :    2.555937953    
# energies are in electron volts
