       1   2.655776363      0.9983840980E-01   3.618077495    
       2   2.761639936      0.2057019832      0.3564066103    
       3   2.867137670      0.3111997166       3.073459175    
       4   2.960780420      0.4048424670      0.9080445718    
       5   3.012823434      0.4568854809       1.569150432    
       6   3.082862560      0.5269246073      0.2302747647    
       7   3.108932357      0.5529944042      0.4853089278    
       8   3.145658937      0.5897209843      0.7274485669    
       9   3.181293694      0.6253557409      0.1029717934    
      10   3.238717405      0.6827794523       1.471694671    
      11   3.255725317      0.6997873637       5.429915375    
      12   3.271728377      0.7157904236      0.2961532436    
      13   3.374515569      0.8185776162       2.264877054    
      14   3.421426614      0.8654886605       2.899885159    
      15   3.475414984      0.9194770305       1.656848331    
      16   3.488326559      0.9323886059       1.565050470    
      17   3.508329745      0.9523917924       3.521045943    
      18   3.689241004       1.133303051      0.8607490407    
      19   3.701848062       1.145910109      0.6630792242    
      20   3.765527510       1.209589557       1.209015074    
      21   3.835710634       1.279772681       1.785171064    
      22   3.865995388       1.310057435       1.184308750    
      23   3.902751591       1.346813638       3.563448881    
      24   3.959379856       1.403441903       1.045914449    
      25   3.981242099       1.425304146      0.1863246591    
      26   4.073920287       1.517982334      0.5631419431E-01
      27   4.096523929       1.540585976       4.659969690    
      28   4.136719136       1.580781183       1.228295769    
      29   4.193647568       1.637709615       3.095138933    
      30   4.311706118       1.755768165       1.036322811    
      31   4.427577849       1.871639896       1.084394193    
      32   4.506348859       1.950410906      0.5407226298    
      33   4.521753195       1.965815242       1.002151984    
      34   4.541688388       1.985750435      0.5543890044    
      35   4.636092035       2.080154082      0.3209462801    
      36   4.649575337       2.093637384       1.923057728    
      37   4.710428994       2.154491041      0.3972735178    
      38   4.789772199       2.233834246      0.5438742876    
      39   4.843708953       2.287771000       1.028879439    
      40   4.860838406       2.304900453      0.4121205515    
      41   4.909093933       2.353155980      0.5048822423    
      42   4.942664816       2.386726863       1.086204004    
      43   5.031337201       2.475399248      0.7701202684    
      44   5.134480050       2.578542097       4.239452456    
      45   5.210454026       2.654516073       1.170505245    
      46   5.319059627       2.763121674       1.536850749    
      47   5.405720936       2.849782983       1.973550460    
      48   5.520628937       2.964690984      0.5752451129    
      49   7.515719510       4.959781557      0.8207834021E-01
      50   7.597558218       5.041620265      0.2033234019    
      51   7.641831080       5.085893127      0.5603249970    
      52   7.895911834       5.339973881      0.1228956261    
      53   7.954997836       5.399059883      0.1776039102    
      54   8.138019216       5.582081263      0.8870247554    
      55   8.155046192       5.599108239      0.7758362422    
      56   8.384743160       5.828805207      0.7290112269E-01
      57   8.415161790       5.859223837      0.3324098389    
      58   8.455328299       5.899390346      0.7759860330E-01
      59   8.552425975       5.996488022      0.2548873402    
      60   8.615704700       6.059766747      0.1261419896    
      61   8.754523038       6.198585085      0.2675807961    
      62   8.846484182       6.290546229      0.2161740286    
      63   8.893140375       6.337202422      0.4127216181    
      64   8.902658323       6.346720370      0.1301310088    
      65   8.957568548       6.401630595      0.3705772659E-01
      66   8.987882321       6.431944368      0.3857184312E-01
      67   9.047222571       6.491284618      0.7802441460    
      68   9.086396078       6.530458125      0.2887120865    
      69   9.114865739       6.558927786      0.1518259072    
      70   9.146744853       6.590806900      0.1665080800    
      71   9.224641469       6.668703516      0.2291240171    
      72   9.266072094       6.710134141      0.4127684207    
      73   9.316189531       6.760251578      0.7111607886    
      74   9.415203164       6.859265211      0.4003871900    
      75   9.567674406       7.011736453      0.2654342285    
      76   9.599699231       7.043761278      0.2839670475    
      77   9.675208011       7.119270058      0.4901765986    
      78   9.809532213       7.253594260      0.2462870824    
      79   10.06180026       7.505862311      0.1642967242    
      80   10.09337098       7.537433031      0.1884926569E-02
      81   10.15937232       7.603434370      0.4025894485E-01
      82   10.18444585       7.628507896      0.1805416492E-01
      83   10.34740865       7.791470699      0.4691200984E-01
      84   10.34979458       7.793856628      0.1017946786    
      85   10.39247856       7.836540611      0.2625673012E-01
      86   10.48575402       7.929816063      0.3685365302    
      87   10.57026731       8.014329356      0.5643130226E-01
      88   10.59387251       8.037934560      0.3813986819    
      89   10.66135165       8.105413697      0.2180829573    
      90   10.68629980       8.130361850      0.4836809342E-01
      91   10.74845336       8.192515404      0.2887353771    
      92   10.90896896       8.353031002      0.2067958570    
      93   11.03047901       8.474541058      0.1779401281    
      94   11.10646695       8.550528994      0.1124800472    
      95   11.27201735       8.716079399      0.1606964088    
      96   11.31412547       8.758187519      0.8032616279E-01
      97   11.38323353       8.827295576      0.8857843092E-01
      98   11.43242473       8.876486778      0.1438797666    
      99   11.54746030       8.991522346      0.1830126342    
     100   11.57954168       9.023603729      0.4271979217    
     101   11.59911309       9.043175141      0.1598744904    
     102   11.65115058       9.095212627      0.3008063661E-01
     103   11.72209304       9.166155092      0.1173506082E-01
     104   11.77277777       9.216839818      0.1102182023    
     105   11.91239931       9.356461360      0.1412118639    
     106   11.94276715       9.386829192      0.4517737980E-01
     107   11.97086498       9.414927032      0.1371660848    
     108   11.98637834       9.430440386      0.9832011748E-01
     109   12.09779600       9.541858043      0.8273247992E-01
     110   12.14928444       9.593346485      0.1182933902    
     111   12.21323175       9.657293796      0.8590705862E-01
     112   12.25822348       9.702285525      0.2122926495    
     113   12.42189603       9.865958077      0.9218129922E-01
     114   12.55287453       9.996936575      0.3397802149    
     115   12.56562400       10.00968604      0.8786595359E-01
     116   12.77714547       10.22120751      0.2729437182    
     117   12.79846816       10.24253021      0.1202756534    
     118   12.95930791       10.40336996      0.9109658931E-01
     119   12.97922162       10.42328367      0.7161198597E-02
     120   13.16444496       10.60850700      0.1167970818E-01
     121   13.19552343       10.63958548      0.3344249013E-01
     122   13.33401249       10.77807454      0.1760431918    
     123   13.41586122       10.85992327      0.7376248591E-01
     124   13.43705931       10.88112135      0.2452810994    
     125   13.52416864       10.96823069      0.3523290273E-01
     126   13.53103870       10.97510074      0.4343652297E-02
     127   13.59282238       11.03688443      0.3628442215E-01
     128   13.62645357       11.07051562      0.3145954794E-01
     129   13.65305010       11.09711215      0.5785260888    
     130   13.73259810       11.17666015      0.3258135740    
     131   13.80234827       11.24641031      0.2809303765    
     132   14.00602647       11.45008852      0.2400641211    
     133   14.16281117       11.60687322      0.1672050561E-01
     134   14.33793135       11.78199340      0.2135173245    
     135   14.39617945       11.84024150      0.6697399771E-01
     136   14.46619465       11.91025669      0.1720113238E-01
     137   14.51934764       11.96340969      0.4198643967E-01
     138   14.63614406       12.08020611      0.8172795188E-01
     139   14.66272635       12.10678839      0.5612006955E-01
     140   14.68784210       12.13190414      0.2505912997    
     141   14.72359884       12.16766089      0.5684910392E-01
     142   14.82773054       12.27179258      0.3535335466E-03
     143   14.96599123       12.41005328      0.4251589929    
     144   15.20804818       12.65211023      0.4119897161    
     145   15.22583819       12.66990024      0.5041320765    
     146   15.97717087       13.42123291      0.2554899634E-01
     147   16.07572475       13.51978680      0.4124869951    
     148   16.08578023       13.52984227      0.3311685591    
     149   16.19471720       13.63877925      0.2344381472E-01
     150   16.36527738       13.80933943      0.2229308440    
     151   16.55191639       13.99597843      0.8682285628E-02
     152   16.55960049       14.00366253      0.3439193856E-01
     153   16.66900988       14.11307193      0.3001171671E-01
     154   16.71965894       14.16372098      0.3917288125E-01
     155   16.96048618       14.40454822      0.2470637319    
     156   17.01386232       14.45792437      0.8988756164E-01
     157   17.06786879       14.51193084      0.1406113150    
     158   17.12881841       14.57288045      0.2043164692E-01
     159   17.22297685       14.66703890      0.1282237753    
     160   17.35256786       14.79662990      0.3018307991    
     161   17.40722380       14.85128585      0.1495476271    
     162   17.44744979       14.89151183      0.6512288063E-01
     163   17.49573529       14.93979734      0.9038330562E-01
     164   17.54832389       14.99238593      0.1133982007E-01
     165   17.59421930       15.03828135      0.4686288724E-01
     166   17.65555059       15.09961264      0.8394542569E-01
     167   17.79655341       15.24061546      0.1032904448    
     168   17.98675261       15.43081466      0.1078125205    
     169   18.00239267       15.44645472      0.4736135921E-01
     170   18.17021769       15.61427974      0.4056281127    
     171   18.28181573       15.72587777      0.1930407725    
     172   18.37724393       15.82130598      0.4707245813E-01
     173   18.46500241       15.90906446      0.7425878290E-02
     174   18.57012499       16.01418703      0.1929451786    
     175   18.61861045       16.06267249      0.9653312770E-01
     176   18.70358250       16.14764455      0.5538993341    
     177   18.81379466       16.25785671      0.3816104457E-01
     178   18.92917822       16.37324027      0.1470132970    
     179   18.99968019       16.44374223      0.4289832790    
     180   19.03431616       16.47837821      0.7124757296E-01
     181   19.09165393       16.53571598      0.1487211403    
     182   19.28386034       16.72792239      0.6213587135E-01
     183   19.31629335       16.76035539      0.6613483433E-01
     184   19.45367897       16.89774101      0.6772202490E-01
     185   19.65800732       17.10206936      0.1561679511    
     186   19.74839452       17.19245657      0.4097298806    
     187   19.83029467       17.27435671      0.6542131842E-01
     188   19.97682208       17.42088412      0.3033931567    
     189   20.00219764       17.44625969      0.5275569304E-01
     190   20.28947726       17.73353930      0.5187084940E-01
     191   20.45711407       17.90117612      0.2789289611E-01
     192   20.74549251       18.18955456      0.1482041330    
# Nr.  E                 E - E_gap        |Osc.Str.|
# E_gap :    2.555937953    
# energies are in electron volts
