   0.000000000      0.2952588926E-02   0.000000000    
  0.4535233333E-01  0.2959988719E-02   0.000000000    
  0.9070466667E-01  0.2967513358E-02   0.000000000    
  0.1360570000      0.2975168712E-02   0.000000000    
  0.1814093333      0.2982961045E-02   0.000000000    
  0.2267616667      0.2990897052E-02   0.000000000    
  0.2721140000      0.2998983895E-02   0.000000000    
  0.3174663333      0.3007229246E-02   0.000000000    
  0.3628186667      0.3015641330E-02   0.000000000    
  0.4081710000      0.3024228979E-02   0.000000000    
  0.4535233333      0.3033001690E-02   0.000000000    
  0.4988756667      0.3041969685E-02   0.000000000    
  0.5442280000      0.3051143983E-02   0.000000000    
  0.5895803333      0.3060536483E-02   0.000000000    
  0.6349326667      0.3070160046E-02   0.000000000    
  0.6802850000      0.3080028605E-02   0.000000000    
  0.7256373333      0.3090157267E-02   0.000000000    
  0.7709896667      0.3100562450E-02   0.000000000    
  0.8163420000      0.3111262022E-02   0.000000000    
  0.8616943333      0.3122275469E-02   0.000000000    
  0.9070466667      0.3133624078E-02   0.000000000    
  0.9523990000      0.3145331157E-02   0.000000000    
  0.9977513333      0.3157422273E-02   0.000000000    
   1.043103667      0.3169925540E-02   0.000000000    
   1.088456000      0.3182871941E-02   0.000000000    
   1.133808333      0.3196295705E-02   0.000000000    
   1.179160667      0.3210234745E-02   0.000000000    
   1.224513000      0.3224731170E-02   0.000000000    
   1.269865333      0.3239831877E-02   0.000000000    
   1.315217667      0.3255589262E-02   0.000000000    
   1.360570000      0.3272062044E-02   0.000000000    
   1.405922333      0.3289316256E-02   0.000000000    
   1.451274667      0.3307426422E-02   0.000000000    
   1.496627000      0.3326476967E-02   0.000000000    
   1.541979333      0.3346563926E-02   0.000000000    
   1.587331667      0.3367797013E-02   0.000000000    
   1.632684000      0.3390302147E-02   0.000000000    
   1.678036333      0.3414224566E-02   0.000000000    
   1.723388667      0.3439732684E-02   0.000000000    
   1.768741000      0.3467022903E-02   0.000000000    
   1.814093333      0.3496325675E-02   0.000000000    
   1.859445667      0.3527913203E-02   0.000000000    
   1.904798000      0.3562109308E-02   0.000000000    
   1.950150333      0.3599302218E-02   0.000000000    
   1.995502667      0.3639961287E-02   0.000000000    
   2.040855000      0.3684659129E-02   0.000000000    
   2.086207333      0.3734101249E-02   0.000000000    
   2.131559667      0.3789166197E-02   0.000000000    
   2.176912000      0.3850960653E-02   0.000000000    
   2.222264333      0.3920895918E-02   0.000000000    
   2.267616667      0.4000795308E-02   0.000000000    
   2.312969000      0.4093046199E-02   0.000000000    
   2.358321333      0.4200815914E-02   0.000000000    
   2.403673667      0.4328355756E-02   0.000000000    
   2.449026000      0.4481415678E-02   0.000000000    
   2.494378333      0.4667762642E-02   0.000000000    
   2.539730667      0.4897682241E-02   0.000000000    
   2.585083000      0.5184020489E-02   0.000000000    
   2.630435333      0.5540582868E-02   0.000000000    
   2.675787667      0.5976468991E-02   0.000000000    
   2.721140000      0.6484107169E-02   0.000000000    
   2.766492333      0.7028542718E-02   0.000000000    
   2.811844667      0.7561407262E-02   0.000000000    
   2.857197000      0.8052808257E-02   0.000000000    
   2.902549333      0.8493619591E-02   0.000000000    
   2.947901667      0.8891238987E-02   0.000000000    
   2.993254000      0.9276774291E-02   0.000000000    
   3.038606333      0.9684853578E-02   0.000000000    
   3.083958667      0.1012509711E-01   0.000000000    
   3.129311000      0.1056455305E-01   0.000000000    
   3.174663333      0.1096184120E-01   0.000000000    
   3.220015667      0.1135067762E-01   0.000000000    
   3.265368000      0.1181708236E-01   0.000000000    
   3.310720333      0.1236225780E-01   0.000000000    
   3.356072667      0.1285879993E-01   0.000000000    
   3.401425000      0.1319494615E-01   0.000000000    
   3.446777333      0.1341370530E-01   0.000000000    
   3.492129667      0.1362101357E-01   0.000000000    
   3.537482000      0.1380201213E-01   0.000000000    
   3.582834333      0.1378803700E-01   0.000000000    
   3.628186667      0.1346938833E-01   0.000000000    
   3.673539000      0.1297937967E-01   0.000000000    
   3.718891333      0.1253551507E-01   0.000000000    
   3.764243667      0.1221911946E-01   0.000000000    
   3.809596000      0.1197764755E-01   0.000000000    
   3.854948333      0.1173447259E-01   0.000000000    
   3.900300667      0.1145352968E-01   0.000000000    
   3.945653000      0.1116492038E-01   0.000000000    
   3.991005333      0.1096769533E-01   0.000000000    
   4.036357667      0.1097512784E-01   0.000000000    
   4.081710000      0.1126191202E-01   0.000000000    
   4.127062333      0.1186999490E-01   0.000000000    
   4.172414667      0.1283691415E-01   0.000000000    
   4.217767000      0.1419483448E-01   0.000000000    
   4.263119333      0.1591728470E-01   0.000000000    
   4.308471667      0.1780891365E-01   0.000000000    
   4.353824000      0.1941909162E-01   0.000000000    
   4.399176333      0.2020153775E-01   0.000000000    
   4.444528667      0.1998243359E-01   0.000000000    
   4.489881000      0.1917657196E-01   0.000000000    
   4.535233333      0.1840293010E-01   0.000000000    
   4.580585667      0.1805411879E-01   0.000000000    
   4.625938000      0.1818593950E-01   0.000000000    
   4.671290333      0.1860113849E-01   0.000000000    
   4.716642667      0.1900672090E-01   0.000000000    
   4.761995000      0.1912903452E-01   0.000000000    
   4.807347333      0.1874149887E-01   0.000000000    
   4.852699667      0.1780724694E-01   0.000000000    
   4.898052000      0.1657716306E-01   0.000000000    
   4.943404333      0.1539753828E-01   0.000000000    
   4.988756667      0.1450408114E-01   0.000000000    
   5.034109000      0.1395434085E-01   0.000000000    
   5.079461333      0.1363870158E-01   0.000000000    
   5.124813667      0.1338484169E-01   0.000000000    
   5.170166000      0.1312771176E-01   0.000000000    
   5.215518333      0.1295764532E-01   0.000000000    
   5.260870667      0.1302021109E-01   0.000000000    
   5.306223000      0.1341186965E-01   0.000000000    
   5.351575333      0.1407918343E-01   0.000000000    
   5.396927667      0.1471995043E-01   0.000000000    
   5.442280000      0.1483693368E-01   0.000000000    
   5.487632333      0.1411718665E-01   0.000000000    
   5.532984667      0.1276038258E-01   0.000000000    
   5.578337000      0.1123118240E-01   0.000000000    
   5.623689333      0.9856123349E-02   0.000000000    
   5.669041667      0.8743210641E-02   0.000000000    
   5.714394000      0.7880588451E-02   0.000000000    
   5.759746333      0.7219923765E-02   0.000000000    
   5.805098667      0.6712488344E-02   0.000000000    
   5.850451000      0.6319161676E-02   0.000000000    
   5.895803333      0.6010879409E-02   0.000000000    
   5.941155667      0.5766613972E-02   0.000000000    
   5.986508000      0.5571226197E-02   0.000000000    
   6.031860333      0.5413762011E-02   0.000000000    
   6.077212667      0.5286221794E-02   0.000000000    
   6.122565000      0.5182701159E-02   0.000000000    
   6.167917333      0.5098797193E-02   0.000000000    
   6.213269667      0.5031197928E-02   0.000000000    
   6.258622000      0.4977396951E-02   0.000000000    
   6.303974333      0.4935493679E-02   0.000000000    
   6.349326667      0.4904052814E-02   0.000000000    
   6.394679000      0.4882005337E-02   0.000000000    
   6.440031333      0.4868579263E-02   0.000000000    
   6.485383667      0.4863252386E-02   0.000000000    
   6.530736000      0.4865721987E-02   0.000000000    
   6.576088333      0.4875888440E-02   0.000000000    
   6.621440667      0.4893851147E-02   0.000000000    
   6.666793000      0.4919916569E-02   0.000000000    
   6.712145333      0.4954619355E-02   0.000000000    
   6.757497667      0.4998759033E-02   0.000000000    
   6.802850000      0.5053456588E-02   0.000000000    
   6.848202333      0.5120237782E-02   0.000000000    
   6.893554667      0.5201153770E-02   0.000000000    
   6.938907000      0.5298954954E-02   0.000000000    
   6.984259333      0.5417341825E-02   0.000000000    
   7.029611667      0.5561327383E-02   0.000000000    
   7.074964000      0.5737758859E-02   0.000000000    
   7.120316333      0.5956055973E-02   0.000000000    
   7.165668667      0.6229205757E-02   0.000000000    
   7.211021000      0.6574934180E-02   0.000000000    
   7.256373333      0.7016530554E-02   0.000000000    
   7.301725667      0.7581466361E-02   0.000000000    
   7.347078000      0.8292698039E-02   0.000000000    
   7.392430333      0.9142627068E-02   0.000000000    
   7.437782667      0.1004452039E-01   0.000000000    
   7.483135000      0.1080604204E-01   0.000000000    
   7.528487333      0.1123878764E-01   0.000000000    
   7.573839667      0.1136219268E-01   0.000000000    
   7.619192000      0.1140236606E-01   0.000000000    
   7.664544333      0.1159981247E-01   0.000000000    
   7.709896667      0.1211436717E-01   0.000000000    
   7.755249000      0.1303287025E-01   0.000000000    
   7.800601333      0.1435502871E-01   0.000000000    
   7.845953667      0.1591022246E-01   0.000000000    
   7.891306000      0.1726397459E-01   0.000000000    
   7.936658333      0.1785767377E-01   0.000000000    
   7.982010667      0.1749461786E-01   0.000000000    
   8.027363000      0.1656340956E-01   0.000000000    
   8.072715333      0.1560248608E-01   0.000000000    
   8.118067667      0.1488162753E-01   0.000000000    
   8.163420000      0.1442104305E-01   0.000000000    
   8.208772333      0.1421029057E-01   0.000000000    
   8.254124667      0.1431043805E-01   0.000000000    
   8.299477000      0.1476542478E-01   0.000000000    
   8.344829333      0.1548353997E-01   0.000000000    
   8.390181667      0.1622102333E-01   0.000000000    
   8.435534000      0.1674996682E-01   0.000000000    
   8.480886333      0.1706497014E-01   0.000000000    
   8.526238667      0.1728653464E-01   0.000000000    
   8.571591000      0.1743490435E-01   0.000000000    
   8.616943333      0.1745355414E-01   0.000000000    
   8.662295667      0.1734278334E-01   0.000000000    
   8.707648000      0.1712769680E-01   0.000000000    
   8.753000333      0.1676843035E-01   0.000000000    
   8.798352667      0.1627873194E-01   0.000000000    
   8.843705000      0.1584114133E-01   0.000000000    
   8.889057333      0.1566385966E-01   0.000000000    
   8.934409667      0.1583009511E-01   0.000000000    
   8.979762000      0.1632093352E-01   0.000000000    
   9.025114333      0.1713207174E-01   0.000000000    
   9.070466667      0.1832535509E-01   0.000000000    
   9.115819000      0.1990766051E-01   0.000000000    
   9.161171333      0.2164046556E-01   0.000000000    
   9.206523667      0.2300289460E-01   0.000000000    
   9.251876000      0.2349826764E-01   0.000000000    
   9.297228333      0.2309080259E-01   0.000000000    
   9.342580667      0.2223052224E-01   0.000000000    
   9.387933000      0.2149537943E-01   0.000000000    
   9.433285333      0.2123938914E-01   0.000000000    
   9.478637667      0.2139541278E-01   0.000000000    
   9.523990000      0.2146807366E-01   0.000000000    
   9.569342333      0.2086251388E-01   0.000000000    
   9.614694667      0.1943431478E-01   0.000000000    
   9.660047000      0.1754828116E-01   0.000000000    
   9.705399333      0.1563075914E-01   0.000000000    
   9.750751667      0.1392967493E-01   0.000000000    
   9.796104000      0.1253829030E-01   0.000000000    
   9.841456333      0.1145725324E-01   0.000000000    
   9.886808667      0.1065384399E-01   0.000000000    
   9.932161000      0.1009600220E-01   0.000000000    
   9.977513333      0.9758086579E-02   0.000000000    
   10.02286567      0.9620192524E-02   0.000000000    
   10.06821800      0.9665673798E-02   0.000000000    
   10.11357033      0.9874592294E-02   0.000000000    
   10.15892267      0.1022237278E-01   0.000000000    
   10.20427500      0.1069675538E-01   0.000000000    
   10.24962733      0.1130281736E-01   0.000000000    
   10.29497967      0.1199632155E-01   0.000000000    
   10.34033200      0.1258660979E-01   0.000000000    
   10.38568433      0.1277938067E-01   0.000000000    
   10.43103667      0.1244157519E-01   0.000000000    
   10.47638900      0.1176481498E-01   0.000000000    
   10.52174133      0.1105739892E-01   0.000000000    
   10.56709367      0.1050022536E-01   0.000000000    
   10.61244600      0.1011172047E-01   0.000000000    
   10.65779833      0.9814831365E-02   0.000000000    
   10.70315067      0.9524123921E-02   0.000000000    
   10.74850300      0.9223794840E-02   0.000000000    
   10.79385533      0.8966851159E-02   0.000000000    
   10.83920767      0.8811519795E-02   0.000000000    
   10.88456000      0.8787102634E-02   0.000000000    
   10.92991233      0.8899364898E-02   0.000000000    
   10.97526467      0.9140412990E-02   0.000000000    
   11.02061700      0.9492727920E-02   0.000000000    
   11.06596933      0.9938921132E-02   0.000000000    
   11.11132167      0.1047741713E-01   0.000000000    
   11.15667400      0.1112098744E-01   0.000000000    
   11.20202633      0.1185867594E-01   0.000000000    
   11.24737867      0.1260965381E-01   0.000000000    
   11.29273100      0.1327183401E-01   0.000000000    
   11.33808333      0.1386159426E-01   0.000000000    
   11.38343567      0.1453299268E-01   0.000000000    
   11.42878800      0.1543211941E-01   0.000000000    
   11.47414033      0.1657176772E-01   0.000000000    
   11.51949267      0.1776896109E-01   0.000000000    
   11.56484500      0.1865327693E-01   0.000000000    
   11.61019733      0.1889080239E-01   0.000000000    
   11.65554967      0.1848076480E-01   0.000000000    
   11.70090200      0.1770134220E-01   0.000000000    
   11.74625433      0.1682060476E-01   0.000000000    
   11.79160667      0.1600572959E-01   0.000000000    
   11.83695900      0.1537947728E-01   0.000000000    
   11.88231133      0.1500473859E-01   0.000000000    
   11.92766367      0.1484865830E-01   0.000000000    
   11.97301600      0.1484099519E-01   0.000000000    
   12.01836833      0.1493713143E-01   0.000000000    
   12.06372067      0.1506242886E-01   0.000000000    
   12.10907300      0.1506798479E-01   0.000000000    
   12.15442533      0.1483595689E-01   0.000000000    
   12.19977767      0.1436298727E-01   0.000000000    
   12.24513000      0.1372563922E-01   0.000000000    
   12.29048233      0.1305525799E-01   0.000000000    
   12.33583467      0.1249901198E-01   0.000000000    
   12.38118700      0.1215128568E-01   0.000000000    
   12.42653933      0.1203689929E-01   0.000000000    
   12.47189167      0.1214649105E-01   0.000000000    
   12.51724400      0.1246596132E-01   0.000000000    
   12.56259633      0.1298762953E-01   0.000000000    
   12.60794867      0.1373127388E-01   0.000000000    
   12.65330100      0.1473184656E-01   0.000000000    
   12.69865333      0.1593808221E-01   0.000000000    
   12.74400567      0.1709056429E-01   0.000000000    
   12.78935800      0.1777134290E-01   0.000000000    
   12.83471033      0.1775629694E-01   0.000000000    
   12.88006267      0.1726401642E-01   0.000000000    
   12.92541500      0.1667401247E-01   0.000000000    
   12.97076733      0.1618510534E-01   0.000000000    
   13.01611967      0.1584650464E-01   0.000000000    
   13.06147200      0.1573036667E-01   0.000000000    
   13.10682433      0.1595455847E-01   0.000000000    
   13.15217667      0.1661624609E-01   0.000000000    
   13.19752900      0.1776319127E-01   0.000000000    
   13.24288133      0.1937418515E-01   0.000000000    
   13.28823367      0.2132042068E-01   0.000000000    
   13.33358600      0.2340996439E-01   0.000000000    
   13.37893833      0.2559369649E-01   0.000000000    
   13.42429067      0.2804213894E-01   0.000000000    
   13.46964300      0.3085081085E-01   0.000000000    
   13.51499533      0.3370259192E-01   0.000000000    
   13.56034767      0.3581265249E-01   0.000000000    
 
## Date (YYYY-MM-DD): 2009-07-16
## Time (hh:mm:ss)  : 10:18:27
# version           : 0.9.224
# version (xs)      : 0.091
# efermi (H,eV)     :    0.202574    5.512329
# vgqlmt            :    0.000000    0.000000    0.000000
# ivgmt             :       0       0       0
# vql               :    0.000000    0.000000    0.000000
# fxctype           :       0
# alphalrc          :    0.000000
# alphalrcdyn       :    0.000000
# betalrcdyn        :    0.000000
# intraband         :       F
# aresdf            :       F
# aresfxc           :       T
# torddf            :       F
# tordfxc           :       F
# acont             :       F
# nwacont           :     300
# broad (H,eV)      :    0.007000    0.190480
# scissor (H,eV)    :    0.000000    0.000000
# nwdos             :     300
# ngq               :     113
# gqmax             :    3.000000
# gmaxvr            :   12.000000
# rgkmax            :    6.000000
# gkmax             :    3.000000
# ngridk            :       2       2       2
# vkloff            :    0.033333    0.100000    0.166667
# reducek           :       F
# nmatmax           :     145
# ngkmax            :     125
# nlotot            :      20
# nlomax            :       4
# nst1              :       4
# nst2              :       6
# nstlbse           :       0       0
# nstsv             :      10
# evlmincut (H,eV)  :   -0.098372   -2.676840
# evlmaxcut (H,eV)  :    0.478363   13.016938
# evlmin (H,eV)     :   -0.244188   -6.644710
# evlmax (H,eV)     :    0.620580   16.886852
# evlhpo (H,eV)     :    4    0.188956    5.141752
# evllpu (H,eV)     :    5    0.213085    5.798351
# ksgap             :       T
# lmaxapw           :      10
# lmaxapwwf         :       2
# lmaxmat           :       5
# lmaxvr            :       7
# lmaxinr           :       2
# lolmax            :       2
# lmaxemat          :       2
# lmaxalda          :       3
# lradstp           :       4
# tevout            :       T
# fastpmat          :       T
# fastemat          :       T
# nosym             :       T
# dfoffdiag         :       F
 
