   0.000000000      0.2972577551E-02   0.000000000    
  0.4535233333E-01  0.2980245666E-02   0.000000000    
  0.9070466667E-01  0.2988054309E-02   0.000000000    
  0.1360570000      0.2996010645E-02   0.000000000    
  0.1814093333      0.3004122364E-02   0.000000000    
  0.2267616667      0.3012397727E-02   0.000000000    
  0.2721140000      0.3020845623E-02   0.000000000    
  0.3174663333      0.3029475631E-02   0.000000000    
  0.3628186667      0.3038298087E-02   0.000000000    
  0.4081710000      0.3047324159E-02   0.000000000    
  0.4535233333      0.3056565935E-02   0.000000000    
  0.4988756667      0.3066036519E-02   0.000000000    
  0.5442280000      0.3075750141E-02   0.000000000    
  0.5895803333      0.3085722277E-02   0.000000000    
  0.6349326667      0.3095969796E-02   0.000000000    
  0.6802850000      0.3106511113E-02   0.000000000    
  0.7256373333      0.3117366375E-02   0.000000000    
  0.7709896667      0.3128557669E-02   0.000000000    
  0.8163420000      0.3140109260E-02   0.000000000    
  0.8616943333      0.3152047866E-02   0.000000000    
  0.9070466667      0.3164402979E-02   0.000000000    
  0.9523990000      0.3177207232E-02   0.000000000    
  0.9977513333      0.3190496829E-02   0.000000000    
   1.043103667      0.3204312047E-02   0.000000000    
   1.088456000      0.3218697824E-02   0.000000000    
   1.133808333      0.3233704453E-02   0.000000000    
   1.179160667      0.3249388402E-02   0.000000000    
   1.224513000      0.3265813285E-02   0.000000000    
   1.269865333      0.3283051034E-02   0.000000000    
   1.315217667      0.3301183289E-02   0.000000000    
   1.360570000      0.3320303089E-02   0.000000000    
   1.405922333      0.3340516921E-02   0.000000000    
   1.451274667      0.3361947219E-02   0.000000000    
   1.496627000      0.3384735445E-02   0.000000000    
   1.541979333      0.3409045894E-02   0.000000000    
   1.587331667      0.3435070440E-02   0.000000000    
   1.632684000      0.3463034502E-02   0.000000000    
   1.678036333      0.3493204595E-02   0.000000000    
   1.723388667      0.3525897971E-02   0.000000000    
   1.768741000      0.3561495058E-02   0.000000000    
   1.814093333      0.3600455632E-02   0.000000000    
   1.859445667      0.3643340088E-02   0.000000000    
   1.904798000      0.3690837697E-02   0.000000000    
   1.950150333      0.3743804581E-02   0.000000000    
   1.995502667      0.3803315336E-02   0.000000000    
   2.040855000      0.3870734075E-02   0.000000000    
   2.086207333      0.3947813354E-02   0.000000000    
   2.131559667      0.4036833582E-02   0.000000000    
   2.176912000      0.4140801533E-02   0.000000000    
   2.222264333      0.4263735238E-02   0.000000000    
   2.267616667      0.4411073821E-02   0.000000000    
   2.312969000      0.4590261977E-02   0.000000000    
   2.358321333      0.4811557228E-02   0.000000000    
   2.403673667      0.5089050341E-02   0.000000000    
   2.449026000      0.5441643301E-02   0.000000000    
   2.494378333      0.5892939968E-02   0.000000000    
   2.539730667      0.6466925678E-02   0.000000000    
   2.585083000      0.7172439606E-02   0.000000000    
   2.630435333      0.7968852187E-02   0.000000000    
   2.675787667      0.8731486963E-02   0.000000000    
   2.721140000      0.9298319855E-02   0.000000000    
   2.766492333      0.9625753275E-02   0.000000000    
   2.811844667      0.9832955153E-02   0.000000000    
   2.857197000      0.1002124301E-01   0.000000000    
   2.902549333      0.1013923214E-01   0.000000000    
   2.947901667      0.1007367471E-01   0.000000000    
   2.993254000      0.9809908383E-02   0.000000000    
   3.038606333      0.9438323846E-02   0.000000000    
   3.083958667      0.9078462988E-02   0.000000000    
   3.129311000      0.8839297298E-02   0.000000000    
   3.174663333      0.8793723532E-02   0.000000000    
   3.220015667      0.8966970606E-02   0.000000000    
   3.265368000      0.9332340832E-02   0.000000000    
   3.310720333      0.9806713375E-02   0.000000000    
   3.356072667      0.1028544190E-01   0.000000000    
   3.401425000      0.1072463115E-01   0.000000000    
   3.446777333      0.1117562957E-01   0.000000000    
   3.492129667      0.1174671554E-01   0.000000000    
   3.537482000      0.1255401281E-01   0.000000000    
   3.582834333      0.1364176931E-01   0.000000000    
   3.628186667      0.1486969365E-01   0.000000000    
   3.673539000      0.1588126209E-01   0.000000000    
   3.718891333      0.1629756949E-01   0.000000000    
   3.764243667      0.1602491124E-01   0.000000000    
   3.809596000      0.1531354507E-01   0.000000000    
   3.854948333      0.1451911038E-01   0.000000000    
   3.900300667      0.1386570979E-01   0.000000000    
   3.945653000      0.1336534903E-01   0.000000000    
   3.991005333      0.1287296266E-01   0.000000000    
   4.036357667      0.1226756334E-01   0.000000000    
   4.081710000      0.1159986752E-01   0.000000000    
   4.127062333      0.1100839005E-01   0.000000000    
   4.172414667      0.1057532121E-01   0.000000000    
   4.217767000      0.1032403420E-01   0.000000000    
   4.263119333      0.1027301468E-01   0.000000000    
   4.308471667      0.1044089744E-01   0.000000000    
   4.353824000      0.1083195371E-01   0.000000000    
   4.399176333      0.1143132660E-01   0.000000000    
   4.444528667      0.1220361481E-01   0.000000000    
   4.489881000      0.1309953248E-01   0.000000000    
   4.535233333      0.1405874106E-01   0.000000000    
   4.580585667      0.1500815730E-01   0.000000000    
   4.625938000      0.1588831788E-01   0.000000000    
   4.671290333      0.1675461946E-01   0.000000000    
   4.716642667      0.1779949966E-01   0.000000000    
   4.761995000      0.1915555963E-01   0.000000000    
   4.807347333      0.2072466897E-01   0.000000000    
   4.852699667      0.2221653996E-01   0.000000000    
   4.898052000      0.2327037667E-01   0.000000000    
   4.943404333      0.2351951677E-01   0.000000000    
   4.988756667      0.2270616322E-01   0.000000000    
   5.034109000      0.2089756076E-01   0.000000000    
   5.079461333      0.1856039241E-01   0.000000000    
   5.124813667      0.1627082501E-01   0.000000000    
   5.170166000      0.1438287236E-01   0.000000000    
   5.215518333      0.1297639971E-01   0.000000000    
   5.260870667      0.1196364010E-01   0.000000000    
   5.306223000      0.1118534335E-01   0.000000000    
   5.351575333      0.1048162998E-01   0.000000000    
   5.396927667      0.9753070053E-02   0.000000000    
   5.442280000      0.8990659713E-02   0.000000000    
   5.487632333      0.8251507599E-02   0.000000000    
   5.532984667      0.7591486286E-02   0.000000000    
   5.578337000      0.7032234434E-02   0.000000000    
   5.623689333      0.6572717571E-02   0.000000000    
   5.669041667      0.6201996804E-02   0.000000000    
   5.714394000      0.5905024943E-02   0.000000000    
   5.759746333      0.5666721237E-02   0.000000000    
   5.805098667      0.5474265246E-02   0.000000000    
   5.850451000      0.5317620959E-02   0.000000000    
   5.895803333      0.5189199820E-02   0.000000000    
   5.941155667      0.5083317747E-02   0.000000000    
   5.986508000      0.4995705289E-02   0.000000000    
   6.031860333      0.4923129761E-02   0.000000000    
   6.077212667      0.4863120015E-02   0.000000000    
   6.122565000      0.4813769866E-02   0.000000000    
   6.167917333      0.4773598134E-02   0.000000000    
   6.213269667      0.4741448593E-02   0.000000000    
   6.258622000      0.4716417996E-02   0.000000000    
   6.303974333      0.4697804009E-02   0.000000000    
   6.349326667      0.4685067481E-02   0.000000000    
   6.394679000      0.4677805246E-02   0.000000000    
   6.440031333      0.4675730864E-02   0.000000000    
   6.485383667      0.4678661600E-02   0.000000000    
   6.530736000      0.4686510507E-02   0.000000000    
   6.576088333      0.4699282985E-02   0.000000000    
   6.621440667      0.4717077559E-02   0.000000000    
   6.666793000      0.4740090961E-02   0.000000000    
   6.712145333      0.4768627998E-02   0.000000000    
   6.757497667      0.4803117089E-02   0.000000000    
   6.802850000      0.4844132924E-02   0.000000000    
   6.848202333      0.4892428447E-02   0.000000000    
   6.893554667      0.4948979459E-02   0.000000000    
   6.938907000      0.5015046681E-02   0.000000000    
   6.984259333      0.5092262489E-02   0.000000000    
   7.029611667      0.5182752984E-02   0.000000000    
   7.074964000      0.5289311134E-02   0.000000000    
   7.120316333      0.5415644003E-02   0.000000000    
   7.165668667      0.5566726329E-02   0.000000000    
   7.211021000      0.5749301610E-02   0.000000000    
   7.256373333      0.5972569307E-02   0.000000000    
   7.301725667      0.6249046027E-02   0.000000000    
   7.347078000      0.6595383483E-02   0.000000000    
   7.392430333      0.7032306702E-02   0.000000000    
   7.437782667      0.7581345998E-02   0.000000000    
   7.483135000      0.8253487206E-02   0.000000000    
   7.528487333      0.9023547909E-02   0.000000000    
   7.573839667      0.9795551338E-02   0.000000000    
   7.619192000      0.1040987408E-01   0.000000000    
   7.664544333      0.1076396022E-01   0.000000000    
   7.709896667      0.1094724929E-01   0.000000000    
   7.755249000      0.1118145921E-01   0.000000000    
   7.800601333      0.1166294895E-01   0.000000000    
   7.845953667      0.1250917055E-01   0.000000000    
   7.891306000      0.1378436237E-01   0.000000000    
   7.936658333      0.1551854245E-01   0.000000000    
   7.982010667      0.1767092599E-01   0.000000000    
   8.027363000      0.1998927295E-01   0.000000000    
   8.072715333      0.2183585467E-01   0.000000000    
   8.118067667      0.2238594462E-01   0.000000000    
   8.163420000      0.2137725721E-01   0.000000000    
   8.208772333      0.1942763747E-01   0.000000000    
   8.254124667      0.1738380894E-01   0.000000000    
   8.299477000      0.1573561012E-01   0.000000000    
   8.344829333      0.1459335915E-01   0.000000000    
   8.390181667      0.1386607107E-01   0.000000000    
   8.435534000      0.1341791341E-01   0.000000000    
   8.480886333      0.1317272193E-01   0.000000000    
   8.526238667      0.1311874179E-01   0.000000000    
   8.571591000      0.1326258267E-01   0.000000000    
   8.616943333      0.1363235284E-01   0.000000000    
   8.662295667      0.1428343203E-01   0.000000000    
   8.707648000      0.1525655206E-01   0.000000000    
   8.753000333      0.1654184678E-01   0.000000000    
   8.798352667      0.1808826743E-01   0.000000000    
   8.843705000      0.1980868384E-01   0.000000000    
   8.889057333      0.2157746774E-01   0.000000000    
   8.934409667      0.2327442038E-01   0.000000000    
   8.979762000      0.2471919975E-01   0.000000000    
   9.025114333      0.2556339057E-01   0.000000000    
   9.070466667      0.2560286581E-01   0.000000000    
   9.115819000      0.2515409078E-01   0.000000000    
   9.161171333      0.2474696052E-01   0.000000000    
   9.206523667      0.2458042365E-01   0.000000000    
   9.251876000      0.2438811090E-01   0.000000000    
   9.297228333      0.2374430591E-01   0.000000000    
   9.342580667      0.2251627144E-01   0.000000000    
   9.387933000      0.2097350401E-01   0.000000000    
   9.433285333      0.1948771759E-01   0.000000000    
   9.478637667      0.1830230257E-01   0.000000000    
   9.523990000      0.1748824926E-01   0.000000000    
   9.569342333      0.1693263448E-01   0.000000000    
   9.614694667      0.1640712591E-01   0.000000000    
   9.660047000      0.1570736521E-01   0.000000000    
   9.705399333      0.1476922359E-01   0.000000000    
   9.750751667      0.1369862819E-01   0.000000000    
   9.796104000      0.1265065677E-01   0.000000000    
   9.841456333      0.1171467139E-01   0.000000000    
   9.886808667      0.1093501874E-01   0.000000000    
   9.932161000      0.1034099804E-01   0.000000000    
   9.977513333      0.9933509326E-02   0.000000000    
   10.02286567      0.9680433543E-02   0.000000000    
   10.06821800      0.9536818398E-02   0.000000000    
   10.11357033      0.9481001176E-02   0.000000000    
   10.15892267      0.9531982384E-02   0.000000000    
   10.20427500      0.9729540506E-02   0.000000000    
   10.24962733      0.1011191432E-01   0.000000000    
   10.29497967      0.1070667981E-01   0.000000000    
   10.34033200      0.1152221466E-01   0.000000000    
   10.38568433      0.1252959197E-01   0.000000000    
   10.43103667      0.1362453863E-01   0.000000000    
   10.47638900      0.1460991505E-01   0.000000000    
   10.52174133      0.1529073104E-01   0.000000000    
   10.56709367      0.1557854989E-01   0.000000000    
   10.61244600      0.1546927285E-01   0.000000000    
   10.65779833      0.1503957927E-01   0.000000000    
   10.70315067      0.1442526402E-01   0.000000000    
   10.74850300      0.1373370686E-01   0.000000000    
   10.79385533      0.1304282836E-01   0.000000000    
   10.83920767      0.1243772114E-01   0.000000000    
   10.88456000      0.1196382443E-01   0.000000000    
   10.92991233      0.1160049576E-01   0.000000000    
   10.97526467      0.1131650397E-01   0.000000000    
   11.02061700      0.1109709428E-01   0.000000000    
   11.06596933      0.1093527708E-01   0.000000000    
   11.11132167      0.1084919597E-01   0.000000000    
   11.15667400      0.1088325656E-01   0.000000000    
   11.20202633      0.1107531238E-01   0.000000000    
   11.24737867      0.1142715174E-01   0.000000000    
   11.29273100      0.1191792482E-01   0.000000000    
   11.33808333      0.1255187916E-01   0.000000000    
   11.38343567      0.1336177387E-01   0.000000000    
   11.42878800      0.1435187252E-01   0.000000000    
   11.47414033      0.1543119827E-01   0.000000000    
   11.51949267      0.1633787840E-01   0.000000000    
   11.56484500      0.1666973906E-01   0.000000000    
   11.61019733      0.1620797166E-01   0.000000000    
   11.65554967      0.1518859859E-01   0.000000000    
   11.70090200      0.1406382557E-01   0.000000000    
   11.74625433      0.1313849821E-01   0.000000000    
   11.79160667      0.1250494084E-01   0.000000000    
   11.83695900      0.1214392596E-01   0.000000000    
   11.88231133      0.1198853151E-01   0.000000000    
   11.92766367      0.1194102756E-01   0.000000000    
   11.97301600      0.1191845442E-01   0.000000000    
   12.01836833      0.1190999029E-01   0.000000000    
   12.06372067      0.1196807066E-01   0.000000000    
   12.10907300      0.1213518129E-01   0.000000000    
   12.15442533      0.1239744422E-01   0.000000000    
   12.19977767      0.1269609725E-01   0.000000000    
   12.24513000      0.1296056249E-01   0.000000000    
   12.29048233      0.1317450477E-01   0.000000000    
   12.33583467      0.1343282002E-01   0.000000000    
   12.38118700      0.1387442362E-01   0.000000000    
   12.42653933      0.1455842842E-01   0.000000000    
   12.47189167      0.1539624891E-01   0.000000000    
   12.51724400      0.1613514094E-01   0.000000000    
   12.56259633      0.1648376145E-01   0.000000000    
   12.60794867      0.1640481097E-01   0.000000000    
   12.65330100      0.1616129481E-01   0.000000000    
   12.69865333      0.1598501995E-01   0.000000000    
   12.74400567      0.1583968052E-01   0.000000000    
   12.78935800      0.1552395593E-01   0.000000000    
   12.83471033      0.1496556281E-01   0.000000000    
   12.88006267      0.1432252870E-01   0.000000000    
   12.92541500      0.1379357697E-01   0.000000000    
   12.97076733      0.1347795590E-01   0.000000000    
   13.01611967      0.1340778871E-01   0.000000000    
   13.06147200      0.1361044932E-01   0.000000000    
   13.10682433      0.1412227126E-01   0.000000000    
   13.15217667      0.1498375033E-01   0.000000000    
   13.19752900      0.1623688918E-01   0.000000000    
   13.24288133      0.1791148609E-01   0.000000000    
   13.28823367      0.1999082257E-01   0.000000000    
   13.33358600      0.2239187506E-01   0.000000000    
   13.37893833      0.2501353422E-01   0.000000000    
   13.42429067      0.2781130965E-01   0.000000000    
   13.46964300      0.3086089494E-01   0.000000000    
   13.51499533      0.3430224463E-01   0.000000000    
   13.56034767      0.3791471530E-01   0.000000000    
 
## Date (YYYY-MM-DD): 2009-07-16
## Time (hh:mm:ss)  : 10:18:27
# version           : 0.9.224
# version (xs)      : 0.091
# efermi (H,eV)     :    0.202574    5.512329
# vgqlmt            :    0.000000    0.000000    0.000000
# ivgmt             :       0       0       0
# vql               :    0.000000    0.000000    0.000000
# fxctype           :       0
# alphalrc          :    0.000000
# alphalrcdyn       :    0.000000
# betalrcdyn        :    0.000000
# intraband         :       F
# aresdf            :       F
# aresfxc           :       T
# torddf            :       F
# tordfxc           :       F
# acont             :       F
# nwacont           :     300
# broad (H,eV)      :    0.007000    0.190480
# scissor (H,eV)    :    0.000000    0.000000
# nwdos             :     300
# ngq               :     113
# gqmax             :    3.000000
# gmaxvr            :   12.000000
# rgkmax            :    6.000000
# gkmax             :    3.000000
# ngridk            :       2       2       2
# vkloff            :    0.033333    0.100000    0.166667
# reducek           :       F
# nmatmax           :     145
# ngkmax            :     125
# nlotot            :      20
# nlomax            :       4
# nst1              :       4
# nst2              :       6
# nstlbse           :       0       0
# nstsv             :      10
# evlmincut (H,eV)  :   -0.098372   -2.676840
# evlmaxcut (H,eV)  :    0.478363   13.016938
# evlmin (H,eV)     :   -0.244188   -6.644710
# evlmax (H,eV)     :    0.620580   16.886852
# evlhpo (H,eV)     :    4    0.188956    5.141752
# evllpu (H,eV)     :    5    0.213085    5.798351
# ksgap             :       T
# lmaxapw           :      10
# lmaxapwwf         :       2
# lmaxmat           :       5
# lmaxvr            :       7
# lmaxinr           :       2
# lolmax            :       2
# lmaxemat          :       2
# lmaxalda          :       3
# lradstp           :       4
# tevout            :       T
# fastpmat          :       T
# fastemat          :       T
# nosym             :       T
# dfoffdiag         :       F
 
