   0.000000000       0.000000000       0.000000000    
  0.4535233333E-01  0.1402928474E-03 -0.2376589211E-02
  0.9070466667E-01  0.2888736035E-03 -0.4820442653E-02
  0.1360570000      0.4463148721E-03 -0.7334538339E-02
  0.1814093333      0.6132377867E-03 -0.9922036388E-02
  0.2267616667      0.7903169818E-03 -0.1258629337E-01
  0.2721140000      0.9782861691E-03 -0.1533087806E-01
  0.3174663333      0.1177944403E-02 -0.1815958871E-01
  0.3628186667      0.1390163136E-02 -0.2107647211E-01
  0.4081710000      0.1615894174E-02 -0.2408584454E-01
  0.4535233333      0.1856178677E-02 -0.2719231495E-01
  0.4988756667      0.2112157355E-02 -0.3040081058E-01
  0.5442280000      0.2385082046E-02 -0.3371660534E-01
  0.5895803333      0.2676328905E-02 -0.3714535130E-01
  0.6349326667      0.2987413451E-02 -0.4069311378E-01
  0.6802850000      0.3320007784E-02 -0.4436641033E-01
  0.7256373333      0.3675960350E-02 -0.4817225438E-01
  0.7709896667      0.4057318674E-02 -0.5211820400E-01
  0.8163420000      0.4466355602E-02 -0.5621241662E-01
  0.8616943333      0.4905599673E-02 -0.6046371053E-01
  0.9070466667      0.5377870394E-02 -0.6488163412E-01
  0.9523990000      0.5886319347E-02 -0.6947654418E-01
  0.9977513333      0.6434478241E-02 -0.7425969441E-01
   1.043103667      0.7026315324E-02 -0.7924333601E-01
   1.088456000      0.7666301825E-02 -0.8444083209E-01
   1.133808333      0.8359490557E-02 -0.8986678833E-01
   1.179160667      0.9111609284E-02 -0.9553720244E-01
   1.224513000      0.9929172126E-02 -0.1014696358    
   1.269865333      0.1081961310E-01 -0.1076834113    
   1.315217667      0.1179144703E-01 -0.1141998412    
   1.360570000      0.1285446434E-01 -0.1210424922    
   1.405922333      0.1401996834E-01 -0.1282374927    
   1.451274667      0.1530106577E-01 -0.1358138920    
   1.496627000      0.1671302488E-01 -0.1438040796    
   1.541979333      0.1827371956E-01 -0.1522442788    
   1.587331667      0.2000418406E-01 -0.1611751270    
   1.632684000      0.2192931092E-01 -0.1706423619    
   1.678036333      0.2407873589E-01 -0.1806976338    
   1.723388667      0.2648796940E-01 -0.1913994697    
   1.768741000      0.2919985589E-01 -0.2028144192    
   1.814093333      0.3226647386E-01 -0.2150184161    
   1.859445667      0.3575163426E-01 -0.2280983924    
   1.904798000      0.3973420052E-01 -0.2421541825    
   1.950150333      0.4431254971E-01 -0.2573007456    
   1.995502667      0.4961063710E-01 -0.2736707075    
   2.040855000      0.5578634083E-01 -0.2914171634    
   2.086207333      0.6304308573E-01 -0.3107165450    
   2.131559667      0.7164623177E-01 -0.3317710730    
   2.176912000      0.8194643781E-01 -0.3548097356    
   2.222264333      0.9441326033E-01 -0.3800855468    
   2.267616667      0.1096836424     -0.4078644393    
   2.312969000      0.1286314121     -0.4383963210    
   2.358321333      0.1524640950     -0.4718493575    
   2.403673667      0.1828478430     -0.5081710744    
   2.449026000      0.2220383153     -0.5468117190    
   2.494378333      0.2729292973     -0.5862123381    
   2.539730667      0.3387711625     -0.6229591338    
   2.585083000      0.4219770612     -0.6507130138    
   2.630435333      0.5212117698     -0.6600475282    
   2.675787667      0.6279451761     -0.6420723187    
   2.721140000      0.7286165277     -0.5955899173    
   2.766492333      0.8136405290     -0.5276043986    
   2.811844667      0.8794866686     -0.4455920843    
   2.857197000      0.9245838651     -0.3562414169    
   2.902549333      0.9502277010     -0.2656170228    
   2.947901667      0.9579395509     -0.1766700386    
   2.993254000      0.9465666345     -0.9393079620E-01
   3.038606333      0.9194056659     -0.2668384213E-01
   3.083958667      0.8886705356      0.2084776088E-01
   3.129311000      0.8642491332      0.5639184107E-01
   3.174663333      0.8441492348      0.8916996933E-01
   3.220015667      0.8228197575      0.1185659898    
   3.265368000      0.8028970228      0.1405552116    
   3.310720333      0.7897749373      0.1590452877    
   3.356072667      0.7804816164      0.1811368487    
   3.401425000      0.7671153029      0.2054969283    
   3.446777333      0.7493173223      0.2233149368    
   3.492129667      0.7370363607      0.2309878889    
   3.537482000      0.7393557595      0.2373115093    
   3.582834333      0.7533039523      0.2562324707    
   3.628186667      0.7652364305      0.2934167176    
   3.673539000      0.7640576849      0.3417368867    
   3.718891333      0.7493131346      0.3925037129    
   3.764243667      0.7219793246      0.4438697384    
   3.809596000      0.6776316118      0.4922195039    
   3.854948333      0.6157161703      0.5263197905    
   3.900300667      0.5461879996      0.5367898872    
   3.945653000      0.4819439620      0.5241877791    
   3.991005333      0.4306709308      0.4952427951    
   4.036357667      0.3948973345      0.4568175516    
   4.081710000      0.3749046482      0.4141643704    
   4.127062333      0.3703035777      0.3715261680    
   4.172414667      0.3802092028      0.3329786713    
   4.217767000      0.4025345708      0.3025910625    
   4.263119333      0.4336342905      0.2832711997    
   4.308471667      0.4699004768      0.2758941436    
   4.353824000      0.5088662296      0.2811431532    
   4.399176333      0.5471266921      0.3002508586    
   4.444528667      0.5801673528      0.3328743973    
   4.489881000      0.6036410851      0.3772393821    
   4.535233333      0.6130240484      0.4293437807    
   4.580585667      0.6069189144      0.4819277172    
   4.625938000      0.5896420147      0.5294015199    
   4.671290333      0.5661006304      0.5726007914    
   4.716642667      0.5349049535      0.6143954324    
   4.761995000      0.4917242376      0.6511923750    
   4.807347333      0.4386028576      0.6749856019    
   4.852699667      0.3836968761      0.6823517278    
   4.898052000      0.3340081075      0.6761409373    
   4.943404333      0.2924633038      0.6609616528    
   4.988756667      0.2597595199      0.6403678953    
   5.034109000      0.2361141996      0.6171118106    
   5.079461333      0.2214738487      0.5938593545    
   5.124813667      0.2153088881      0.5734642367    
   5.170166000      0.2161380877      0.5591675504    
   5.215518333      0.2204534425      0.5541327690    
   5.260870667      0.2221968634      0.5592555912    
   5.306223000      0.2152980501      0.5705928456    
   5.351575333      0.1983066866      0.5807267306    
   5.396927667      0.1753246586      0.5840883746    
   5.442280000      0.1518728454      0.5799530636    
   5.487632333      0.1312585744      0.5706090393    
   5.532984667      0.1143643033      0.5586140308    
   5.578337000      0.1008556998      0.5457043889    
   5.623689333      0.9006677299E-01  0.5328285366    
   5.669041667      0.8136605685E-01  0.5204366699    
   5.714394000      0.7425118371E-01  0.5087095611    
   5.759746333      0.6834622895E-01  0.4976934047    
   5.805098667      0.6337519858E-01  0.4873712449    
   5.850451000      0.5913557343E-01  0.4776990550    
   5.895803333      0.5547754900E-01  0.4686234371    
   5.941155667      0.5228898948E-01  0.4600900264    
   5.986508000      0.4948483136E-01  0.4520472478    
   6.031860333      0.4699967401E-01  0.4444477786    
   6.077212667      0.4478258352E-01  0.4372488962    
   6.122565000      0.4279341960E-01  0.4304123096    
   6.167917333      0.4100021293E-01  0.4239037703    
   6.213269667      0.3937727240E-01  0.4176926117    
   6.258622000      0.3790380545E-01  0.4117512854    
   6.303974333      0.3656290394E-01  0.4060549265    
   6.349326667      0.3534079501E-01  0.4005809579    
   6.394679000      0.3422628791E-01  0.3953087354    
   6.440031333      0.3321036947E-01  0.3902192293    
   6.485383667      0.3228591674E-01  0.3852947383    
   6.530736000      0.3144750660E-01  0.3805186285    
   6.576088333      0.3069131105E-01  0.3758750927    
   6.621440667      0.3001507548E-01  0.3713489242    
   6.666793000      0.2941818490E-01  0.3669253026    
   6.712145333      0.2890183281E-01  0.3625895890    
   6.757497667      0.2846931967E-01  0.3583271372    
   6.802850000      0.2812652493E-01  0.3541231303    
   6.848202333      0.2788262129E-01  0.3499624777    
   6.893554667      0.2775113556E-01  0.3458298380    
   6.938907000      0.2775151088E-01  0.3417099076    
   6.984259333      0.2791138822E-01  0.3375882599    
   7.029611667      0.2826988100E-01  0.3334533113    
   7.074964000      0.2888207389E-01  0.3293005695    
   7.120316333      0.2982453256E-01  0.3251414313    
   7.165668667      0.3119985200E-01  0.3210206952    
   7.211021000      0.3313279170E-01  0.3170491362    
   7.256373333      0.3573659891E-01  0.3134551833    
   7.301725667      0.3900447955E-01  0.3106335687    
   7.347078000      0.4258988060E-01  0.3090798558    
   7.392430333      0.4563748673E-01  0.3090029803    
   7.437782667      0.4718920332E-01  0.3097525115    
   7.483135000      0.4715134714E-01  0.3100167774    
   7.528487333      0.4644787040E-01  0.3089328690    
   7.573839667      0.4612866712E-01  0.3065290904    
   7.619192000      0.4688173541E-01  0.3032619756    
   7.664544333      0.4916224292E-01  0.2997253748    
   7.709896667      0.5326961379E-01  0.2967307131    
   7.755249000      0.5914804629E-01  0.2954306781    
   7.800601333      0.6590445294E-01  0.2971920858    
   7.845953667      0.7137210127E-01  0.3027342376    
   7.891306000      0.7294771838E-01  0.3107060511    
   7.936658333      0.6994826326E-01  0.3179199856    
   7.982010667      0.6428535776E-01  0.3220146882    
   8.027363000      0.5834231599E-01  0.3228221481    
   8.072715333      0.5350143878E-01  0.3212788303    
   8.118067667      0.5033483868E-01  0.3184015526    
   8.163420000      0.4901226411E-01  0.3151088232    
   8.208772333      0.4940792728E-01  0.3122608754    
   8.254124667      0.5106512340E-01  0.3106271419    
   8.299477000      0.5315660992E-01  0.3107135772    
   8.344829333      0.5465318699E-01  0.3124674129    
   8.390181667      0.5483056759E-01  0.3152505446    
   8.435534000      0.5346794140E-01  0.3183502598    
   8.480886333      0.5049108618E-01  0.3210977616    
   8.526238667      0.4617484478E-01  0.3226337649    
   8.571591000      0.4141409064E-01  0.3224262956    
   8.616943333      0.3714211464E-01  0.3206843174    
   8.662295667      0.3383166808E-01  0.3179878822    
   8.707648000      0.3156639712E-01  0.3148671683    
   8.753000333      0.3026724175E-01  0.3116892717    
   8.798352667      0.2983000316E-01  0.3087053103    
   8.843705000      0.3017158854E-01  0.3061407706    
   8.889057333      0.3117861358E-01  0.3042928630    
   8.934409667      0.3253405559E-01  0.3035372948    
   8.979762000      0.3354690754E-01  0.3040764846    
   9.025114333      0.3338021457E-01  0.3054854987    
   9.070466667      0.3178927990E-01  0.3067500782    
   9.115819000      0.2937208844E-01  0.3071124441    
   9.161171333      0.2687422620E-01  0.3065563485    
   9.206523667      0.2463606833E-01  0.3054282361    
   9.251876000      0.2267461528E-01  0.3039828599    
   9.297228333      0.2096681426E-01  0.3023098330    
   9.342580667      0.1954401580E-01  0.3004755737    
   9.387933000      0.1842240606E-01  0.2985870357    
   9.433285333      0.1755678555E-01  0.2967510218    
   9.478637667      0.1685627443E-01  0.2950255460    
   9.523990000      0.1622990399E-01  0.2934036978    
   9.569342333      0.1562425136E-01  0.2918361633    
   9.614694667      0.1503337878E-01  0.2902646147    
   9.660047000      0.1448928626E-01  0.2886530485    
   9.705399333      0.1403018701E-01  0.2870020708    
   9.750751667      0.1367610755E-01  0.2853312791    
   9.796104000      0.1343120169E-01  0.2836583439    
   9.841456333      0.1329527877E-01  0.2819927506    
   9.886808667      0.1327164966E-01  0.2803383146    
   9.932161000      0.1337073002E-01  0.2786977876    
   9.977513333      0.1361146342E-01  0.2770777487    
   10.02286567      0.1402151892E-01  0.2754941008    
   10.06821800      0.1463646121E-01  0.2739787703    
   10.11357033      0.1549879838E-01  0.2725903106    
   10.15892267      0.1665000805E-01  0.2714391059    
   10.20427500      0.1807936751E-01  0.2707243027    
   10.24962733      0.1959876164E-01  0.2707091860    
   10.29497967      0.2074144412E-01  0.2715145188    
   10.34033200      0.2096694796E-01  0.2728055415    
   10.38568433      0.2017957019E-01  0.2738749347    
   10.43103667      0.1884230377E-01  0.2742403220    
   10.47638900      0.1748242437E-01  0.2739312640    
   10.52174133      0.1633670879E-01  0.2732205586    
   10.56709367      0.1539627126E-01  0.2723196417    
   10.61244600      0.1459766940E-01  0.2712926368    
   10.65779833      0.1393731216E-01  0.2701425822    
   10.70315067      0.1344483224E-01  0.2688989402    
   10.74850300      0.1312883648E-01  0.2676119596    
   10.79385533      0.1297846630E-01  0.2663178878    
   10.83920767      0.1299011236E-01  0.2650405425    
   10.88456000      0.1316458041E-01  0.2638155193    
   10.92991233      0.1348148916E-01  0.2626860569    
   10.97526467      0.1390366416E-01  0.2616725892    
   11.02061700      0.1441569243E-01  0.2607786637    
   11.06596933      0.1501240425E-01  0.2600440589    
   11.11132167      0.1561872778E-01  0.2595281152    
   11.15667400      0.1609897597E-01  0.2591889189    
   11.20202633      0.1641998461E-01  0.2588641001    
   11.24737867      0.1671519415E-01  0.2584541881    
   11.29273100      0.1712291393E-01  0.2580309364    
   11.33808333      0.1765780679E-01  0.2577358046    
   11.38343567      0.1824288319E-01  0.2576771932    
   11.42878800      0.1873480271E-01  0.2579234327    
   11.47414033      0.1891149167E-01  0.2584222935    
   11.51949267      0.1864006378E-01  0.2589143144    
   11.56484500      0.1805240348E-01  0.2591267330    
   11.61019733      0.1739670153E-01  0.2589963058    
   11.65554967      0.1684244396E-01  0.2586053815    
   11.70090200      0.1647371148E-01  0.2580757175    
   11.74625433      0.1629518800E-01  0.2575383186    
   11.79160667      0.1624806928E-01  0.2570754050    
   11.83695900      0.1628414949E-01  0.2567209906    
   11.88231133      0.1635615443E-01  0.2565289132    
   11.92766367      0.1634207071E-01  0.2565389090    
   11.97301600      0.1608934116E-01  0.2566673069    
   12.01836833      0.1556029412E-01  0.2567329187    
   12.06372067      0.1483755170E-01  0.2566038645    
   12.10907300      0.1402284407E-01  0.2562179920    
   12.15442533      0.1323242113E-01  0.2555463901    
   12.19977767      0.1259191059E-01  0.2546219800    
   12.24513000      0.1218580073E-01  0.2535326165    
   12.29048233      0.1204562747E-01  0.2523766808    
   12.33583467      0.1216978830E-01  0.2512416922    
   12.38118700      0.1253630125E-01  0.2502046193    
   12.42653933      0.1310436200E-01  0.2493316298    
   12.47189167      0.1381812827E-01  0.2486717548    
   12.51724400      0.1461707984E-01  0.2482579510    
   12.56259633      0.1543277264E-01  0.2481147869    
   12.60794867      0.1618530365E-01  0.2482504074    
   12.65330100      0.1678077927E-01  0.2486591052    
   12.69865333      0.1709301223E-01  0.2492833730    
   12.74400567      0.1704310191E-01  0.2499711738    
   12.78935800      0.1665406873E-01  0.2505709389    
   12.83471033      0.1597708441E-01  0.2509585943    
   12.88006267      0.1513248290E-01  0.2509948380    
   12.92541500      0.1434859471E-01  0.2506354702    
   12.97076733      0.1383320627E-01  0.2499988095    
   13.01611967      0.1368200296E-01  0.2492868375    
   13.06147200      0.1388060808E-01  0.2487173813    
   13.10682433      0.1430070851E-01  0.2484902345    
   13.15217667      0.1469090314E-01  0.2487186418    
   13.19752900      0.1473574258E-01  0.2493246073    
   13.24288133      0.1423738585E-01  0.2499952725    
   13.28823367      0.1330234935E-01  0.2503638627    
   13.33358600      0.1224370186E-01  0.2502918703    
   13.37893833      0.1130647784E-01  0.2498894448    
   13.42429067      0.1055738103E-01  0.2493364727    
   13.46964300      0.9941564685E-02  0.2487473404    
   13.51499533      0.9386529725E-02  0.2481366600    
   13.56034767      0.8874073242E-02  0.2474712658    
 
## Date (YYYY-MM-DD): 2009-07-16
## Time (hh:mm:ss)  : 10:18:27
# version           : 0.9.224
# version (xs)      : 0.091
# efermi (H,eV)     :    0.202574    5.512329
# vgqlmt            :    0.000000    0.000000    0.000000
# ivgmt             :       0       0       0
# vql               :    0.000000    0.000000    0.000000
# fxctype           :       0
# alphalrc          :    0.000000
# alphalrcdyn       :    0.000000
# betalrcdyn        :    0.000000
# intraband         :       F
# aresdf            :       F
# aresfxc           :       T
# torddf            :       F
# tordfxc           :       F
# acont             :       F
# nwacont           :     300
# broad (H,eV)      :    0.007000    0.190480
# scissor (H,eV)    :    0.000000    0.000000
# nwdos             :     300
# ngq               :     113
# gqmax             :    3.000000
# gmaxvr            :   12.000000
# rgkmax            :    6.000000
# gkmax             :    3.000000
# ngridk            :       2       2       2
# vkloff            :    0.033333    0.100000    0.166667
# reducek           :       F
# nmatmax           :     145
# ngkmax            :     125
# nlotot            :      20
# nlomax            :       4
# nst1              :       4
# nst2              :       6
# nstlbse           :       0       0
# nstsv             :      10
# evlmincut (H,eV)  :   -0.098372   -2.676840
# evlmaxcut (H,eV)  :    0.478363   13.016938
# evlmin (H,eV)     :   -0.244188   -6.644710
# evlmax (H,eV)     :    0.620580   16.886852
# evlhpo (H,eV)     :    4    0.188956    5.141752
# evllpu (H,eV)     :    5    0.213085    5.798351
# ksgap             :       T
# lmaxapw           :      10
# lmaxapwwf         :       2
# lmaxmat           :       5
# lmaxvr            :       7
# lmaxinr           :       2
# lolmax            :       2
# lmaxemat          :       2
# lmaxalda          :       3
# lradstp           :       4
# tevout            :       T
# fastpmat          :       T
# fastemat          :       T
# nosym             :       T
# dfoffdiag         :       F
 
