   0.000000000       0.000000000       0.000000000    
  0.4535233333E-01  0.1143928613E-03 -0.2120748535E-02
  0.9070466667E-01  0.2350202065E-03 -0.4296341281E-02
  0.1360570000      0.3622832447E-03 -0.6529019516E-02
  0.1814093333      0.4966151840E-03 -0.8821152272E-02
  0.2267616667      0.6384843506E-03 -0.1117524582E-01
  0.2721140000      0.7883976716E-03 -0.1359395402E-01
  0.3174663333      0.9469045725E-03 -0.1608008964E-01
  0.3628186667      0.1114601347E-02 -0.1863663682E-01
  0.4081710000      0.1292136067E-02 -0.2126676462E-01
  0.4535233333      0.1480214110E-02 -0.2397384205E-01
  0.4988756667      0.1679604399E-02 -0.2676145455E-01
  0.5442280000      0.1891146462E-02 -0.2963342217E-01
  0.5895803333      0.2115758431E-02 -0.3259381966E-01
  0.6349326667      0.2354446145E-02 -0.3564699874E-01
  0.6802850000      0.2608313523E-02 -0.3879761276E-01
  0.7256373333      0.2878574419E-02 -0.4205064418E-01
  0.7709896667      0.3166566216E-02 -0.4541143508E-01
  0.8163420000      0.3473765463E-02 -0.4888572128E-01
  0.8616943333      0.3801805907E-02 -0.5247967057E-01
  0.9070466667      0.4152499375E-02 -0.5619992545E-01
  0.9523990000      0.4527860023E-02 -0.6005365132E-01
  0.9977513333      0.4930132618E-02 -0.6404859069E-01
   1.043103667      0.5361825641E-02 -0.6819312453E-01
   1.088456000      0.5825750186E-02 -0.7249634172E-01
   1.133808333      0.6325065898E-02 -0.7696811808E-01
   1.179160667      0.6863335426E-02 -0.8161920631E-01
   1.224513000      0.7444589330E-02 -0.8646133900E-01
   1.269865333      0.8073403806E-02 -0.9150734658E-01
   1.315217667      0.8754994293E-02 -0.9677129323E-01
   1.360570000      0.9495328839E-02 -0.1022686336    
   1.405922333      0.1030126624E-01 -0.1080163946    
   1.451274667      0.1118072544E-01 -0.1140333862    
   1.496627000      0.1214289478E-01 -0.1203404478    
   1.541979333      0.1319849218E-01 -0.1269607364    
   1.587331667      0.1436009142E-01 -0.1339200640    
   1.632684000      0.1564253453E-01 -0.1412472954    
   1.678036333      0.1706345769E-01 -0.1489748172    
   1.723388667      0.1864396831E-01 -0.1571390907    
   1.768741000      0.2040952533E-01 -0.1657813051    
   1.814093333      0.2239109615E-01 -0.1749481459    
   1.859445667      0.2462669426E-01 -0.1846926944    
   1.904798000      0.2716344717E-01 -0.1950754658    
   1.950150333      0.3006041252E-01 -0.2061655822    
   1.995502667      0.3339246222E-01 -0.2180420375    
   2.040855000      0.3725571018E-01 -0.2307949405    
   2.086207333      0.4177519316E-01 -0.2445264682    
   2.131559667      0.4711586633E-01 -0.2593509457    
   2.176912000      0.5349848244E-01 -0.2753928336    
   2.222264333      0.6122259641E-01 -0.2927800939    
   2.267616667      0.7069961645E-01 -0.3116277539    
   2.312969000      0.8249875251E-01 -0.3320011309    
   2.358321333      0.9740522348E-01 -0.3538377993    
   2.403673667      0.1164749562     -0.3767892802    
   2.449026000      0.1410211863     -0.3999213816    
   2.494378333      0.1723414054     -0.4212284477    
   2.539730667      0.2107735628     -0.4371476802    
   2.585083000      0.2537387409     -0.4430631766    
   2.630435333      0.2942155520     -0.4366601157    
   2.675787667      0.3243192762     -0.4228376678    
   2.721140000      0.3436378302     -0.4115745544    
   2.766492333      0.3597019767     -0.4077718698    
   2.811844667      0.3783229804     -0.4080123617    
   2.857197000      0.3981290098     -0.4081178518    
   2.902549333      0.4156523077     -0.4100865931    
   2.947901667      0.4329059061     -0.4192418869    
   2.993254000      0.4566338024     -0.4372806225    
   3.038606333      0.4937194324     -0.4613014187    
   3.083958667      0.5500749962     -0.4848194903    
   3.129311000      0.6289937401     -0.4963880291    
   3.174663333      0.7256189780     -0.4801591921    
   3.220015667      0.8214014331     -0.4240515569    
   3.265368000      0.8903317640     -0.3344555112    
   3.310720333      0.9215096397     -0.2364962062    
   3.356072667      0.9270708563     -0.1488278672    
   3.401425000      0.9204603794     -0.7059654232E-01
   3.446777333      0.9019059197      0.4076351920E-02
   3.492129667      0.8649296330      0.7230381207E-01
   3.537482000      0.8087388673      0.1216044651    
   3.582834333      0.7454547535      0.1402904773    
   3.628186667      0.6933296171      0.1290255770    
   3.673539000      0.6646770309      0.9922191120E-01
   3.718891333      0.6629662197      0.6456064384E-01
   3.764243667      0.6859617529      0.3696578693E-01
   3.809596000      0.7271985498      0.2632982045E-01
   3.854948333      0.7755052977      0.3845062389E-01
   3.900300667      0.8183627158      0.7037855935E-01
   3.945653000      0.8515659718      0.1116363877    
   3.991005333      0.8825530843      0.1575241620    
   4.036357667      0.9157755311      0.2180199106    
   4.081710000      0.9377569234      0.3044989073    
   4.127062333      0.9261474173      0.4091204149    
   4.172414667      0.8730948481      0.5072657922    
   4.217767000      0.7899655492      0.5778039489    
   4.263119333      0.6959969492      0.6126646386    
   4.308471667      0.6084532992      0.6159636983    
   4.353824000      0.5367910321      0.5982451539    
   4.399176333      0.4830099429      0.5699015057    
   4.444528667      0.4449896750      0.5382856765    
   4.489881000      0.4193404449      0.5075778648    
   4.535233333      0.4028847407      0.4799130575    
   4.580585667      0.3927442634      0.4564487025    
   4.625938000      0.3856312300      0.4373627697    
   4.671290333      0.3784621013      0.4202855796    
   4.716642667      0.3715615244      0.4009335874    
   4.761995000      0.3688970656      0.3773850793    
   4.807347333      0.3741377147      0.3514297417    
   4.852699667      0.3887942375      0.3259446240    
   4.898052000      0.4137061341      0.3032904427    
   4.943404333      0.4504389232      0.2864361024    
   4.988756667      0.5005965499      0.2811361072    
   5.034109000      0.5622921187      0.2974742605    
   5.079461333      0.6238055020      0.3466943461    
   5.124813667      0.6621389433      0.4290759290    
   5.170166000      0.6585923173      0.5236359356    
   5.215518333      0.6183833671      0.6021462975    
   5.260870667      0.5631506758      0.6533980573    
   5.306223000      0.5091000152      0.6841728424    
   5.351575333      0.4597155976      0.7049019633    
   5.396927667      0.4115430156      0.7204885666    
   5.442280000      0.3616524197      0.7296478192    
   5.487632333      0.3115901484      0.7294305132    
   5.532984667      0.2653563238      0.7198678506    
   5.578337000      0.2255978819      0.7036616906    
   5.623689333      0.1928852440      0.6838481426    
   5.669041667      0.1665755295      0.6627425897    
   5.714394000      0.1455557403      0.6418012348    
   5.759746333      0.1286898672      0.6217899837    
   5.805098667      0.1150182193      0.6030309287    
   5.850451000      0.1037961109      0.5856025267    
   5.895803333      0.9446542310E-01  0.5694644150    
   5.941155667      0.8661174848E-01  0.5545253569    
   5.986508000      0.7992639800E-01  0.5406775188    
   6.031860333      0.7417732953E-01  0.5278127670    
   6.077212667      0.6918808494E-01  0.5158298192    
   6.122565000      0.6482281164E-01  0.5046368771    
   6.167917333      0.6097563680E-01  0.4941520983    
   6.213269667      0.5756308862E-01  0.4843030898    
   6.258622000      0.5451864169E-01  0.4750260099    
   6.303974333      0.5178874894E-01  0.4662645643    
   6.349326667      0.4932992286E-01  0.4579690285    
   6.394679000      0.4710656505E-01  0.4500953530    
   6.440031333      0.4508933604E-01  0.4426043687    
   6.485383667      0.4325391985E-01  0.4354610937    
   6.530736000      0.4158008097E-01  0.4286341311    
   6.576088333      0.4005094131E-01  0.4220951480    
   6.621440667      0.3865242528E-01  0.4158184241    
   6.666793000      0.3737283636E-01  0.4097804568    
   6.712145333      0.3620253959E-01  0.4039596146    
   6.757497667      0.3513373252E-01  0.3983358289    
   6.802850000      0.3416029467E-01  0.3928903157    
   6.848202333      0.3327771151E-01  0.3876053227    
   6.893554667      0.3248307547E-01  0.3824638961    
   6.938907000      0.3177517453E-01  0.3774496647    
   6.984259333      0.3115468806E-01  0.3725466460    
   7.029611667      0.3062452359E-01  0.3677390838    
   7.074964000      0.3019034721E-01  0.3630113453    
   7.120316333      0.2986138724E-01  0.3583479398    
   7.165668667      0.2965162658E-01  0.3537337816    
   7.211021000      0.2958153642E-01  0.3491549549    
   7.256373333      0.2968050993E-01  0.3446004932    
   7.301725667      0.2999001325E-01  0.3400661749    
   7.347078000      0.3056684177E-01  0.3355621843    
   7.392430333      0.3148390540E-01  0.3311275461    
   7.437782667      0.3282112541E-01  0.3268541989    
   7.483135000      0.3463019863E-01  0.3229176772    
   7.528487333      0.3684886758E-01  0.3195886433    
   7.573839667      0.3916468761E-01  0.3171452814    
   7.619192000      0.4097512905E-01  0.3155831920    
   7.664544333      0.4175482609E-01  0.3143126807    
   7.709896667      0.4164535781E-01  0.3124407697    
   7.755249000      0.4140300173E-01  0.3094971791    
   7.800601333      0.4178524217E-01  0.3056267511    
   7.845953667      0.4324777635E-01  0.3012548961    
   7.891306000      0.4603201531E-01  0.2968416157    
   7.936658333      0.5031374507E-01  0.2928758002    
   7.982010667      0.5623799793E-01  0.2900370714    
   8.027363000      0.6367445911E-01  0.2894165036    
   8.072715333      0.7156430025E-01  0.2924030396    
   8.118067667      0.7739472245E-01  0.2995816168    
   8.163420000      0.7834355794E-01  0.3090979768    
   8.208772333      0.7400367259E-01  0.3172063392    
   8.254124667      0.6685863162E-01  0.3214048633    
   8.299477000      0.5971607678E-01  0.3218312987    
   8.344829333      0.5396317465E-01  0.3199167746    
   8.390181667      0.4972138488E-01  0.3169592258    
   8.435534000      0.4659246447E-01  0.3136154152    
   8.480886333      0.4425302300E-01  0.3100408624    
   8.526238667      0.4259682834E-01  0.3062661417    
   8.571591000      0.4158908427E-01  0.3023315222    
   8.616943333      0.4125430831E-01  0.2982509191    
   8.662295667      0.4170970405E-01  0.2940958244    
   8.707648000      0.4305834638E-01  0.2900680602    
   8.753000333      0.4528881821E-01  0.2864237812    
   8.798352667      0.4831042936E-01  0.2833854831    
   8.843705000      0.5199069220E-01  0.2811609835    
   8.889057333      0.5613367631E-01  0.2799159147    
   8.934409667      0.6058166640E-01  0.2797793277    
   8.979762000      0.6511214717E-01  0.2810793715    
   9.025114333      0.6893208995E-01  0.2841101655    
   9.070466667      0.7095624704E-01  0.2882114381    
   9.115819000      0.7116029165E-01  0.2918985469    
   9.161171333      0.7080423955E-01  0.2944466334    
   9.206523667      0.7098623160E-01  0.2965798020    
   9.251876000      0.7153343450E-01  0.2995314014    
   9.297228333      0.7121215352E-01  0.3037246109    
   9.342580667      0.6895291822E-01  0.3082380498    
   9.387933000      0.6492254726E-01  0.3116520488    
   9.433285333      0.6021444275E-01  0.3132683601    
   9.478637667      0.5591580163E-01  0.3133064017    
   9.523990000      0.5262559969E-01  0.3125327557    
   9.569342333      0.5027351791E-01  0.3118159411    
   9.614694667      0.4827015504E-01  0.3116521573    
   9.660047000      0.4592811844E-01  0.3119632800    
   9.705399333      0.4287639176E-01  0.3122117371    
   9.750751667      0.3929813460E-01  0.3118158368    
   9.796104000      0.3566469459E-01  0.3105912823    
   9.841456333      0.3231005237E-01  0.3086647102    
   9.886808667      0.2940857294E-01  0.3062107865    
   9.932161000      0.2706335185E-01  0.3034233820    
   9.977513333      0.2528189843E-01  0.3005142702    
   10.02286567      0.2397007359E-01  0.2976458193    
   10.06821800      0.2299079563E-01  0.2948724905    
   10.11357033      0.2225955290E-01  0.2921480293    
   10.15892267      0.2179238012E-01  0.2894140623    
   10.20427500      0.2165916074E-01  0.2866719757    
   10.24962733      0.2192836565E-01  0.2839823939    
   10.29497967      0.2264815163E-01  0.2814489542    
   10.34033200      0.2383642807E-01  0.2792158671    
   10.38568433      0.2545689061E-01  0.2774755588    
   10.43103667      0.2735204116E-01  0.2764554892    
   10.47638900      0.2918350702E-01  0.2762931950    
   10.52174133      0.3056316814E-01  0.2768776368    
   10.56709367      0.3125427674E-01  0.2779270897    
   10.61244600      0.3116103327E-01  0.2791194401    
   10.65779833      0.3034798672E-01  0.2801092056    
   10.70315067      0.2904844733E-01  0.2806728535    
   10.74850300      0.2748986931E-01  0.2807559943    
   10.79385533      0.2584979479E-01  0.2803476133    
   10.83920767      0.2432568150E-01  0.2794964190    
   10.88456000      0.2304374044E-01  0.2783654360    
   10.92991233      0.2198566582E-01  0.2771068375    
   10.97526467      0.2109288565E-01  0.2757752111    
   11.02061700      0.2033294363E-01  0.2743833294    
   11.06596933      0.1968528474E-01  0.2729201968    
   11.11132167      0.1917189440E-01  0.2713532188    
   11.15667400      0.1886415646E-01  0.2696852702    
   11.20202633      0.1882619309E-01  0.2679850398    
   11.24737867      0.1906085719E-01  0.2663478744    
   11.29273100      0.1952830288E-01  0.2648256546    
   11.33808333      0.2022781072E-01  0.2634288597    
   11.38343567      0.2121591615E-01  0.2622174750    
   11.42878800      0.2252720009E-01  0.2613560978    
   11.47414033      0.2407804231E-01  0.2611029474    
   11.51949267      0.2553563396E-01  0.2617250474    
   11.56484500      0.2627232387E-01  0.2631943760    
   11.61019733      0.2577583611E-01  0.2648897878    
   11.65554967      0.2421992828E-01  0.2659624835    
   11.70090200      0.2229326967E-01  0.2660461805    
   11.74625433      0.2056752020E-01  0.2653299199    
   11.79160667      0.1926526336E-01  0.2641673904    
   11.83695900      0.1839156608E-01  0.2628415653    
   11.88231133      0.1785556825E-01  0.2615431160    
   11.92766367      0.1750989801E-01  0.2603639035    
   11.97301600      0.1722003031E-01  0.2592740948    
   12.01836833      0.1695351328E-01  0.2581778205    
   12.06372067      0.1677688453E-01  0.2570297684    
   12.10907300      0.1675304765E-01  0.2558815217    
   12.15442533      0.1686927126E-01  0.2548187882    
   12.19977767      0.1704850054E-01  0.2538909958    
   12.24513000      0.1719057610E-01  0.2530696554    
   12.29048233      0.1725678485E-01  0.2522337568    
   12.33583467      0.1735562709E-01  0.2512703237    
   12.38118700      0.1767019639E-01  0.2502200170    
   12.42653933      0.1829882642E-01  0.2492775008    
   12.47189167      0.1916625859E-01  0.2486913916    
   12.51724400      0.1999017269E-01  0.2486242749    
   12.56259633      0.2039185470E-01  0.2489471743    
   12.60794867      0.2024896910E-01  0.2492405575    
   12.65330100      0.1983919015E-01  0.2492085711    
   12.69865333      0.1947467378E-01  0.2489473919    
   12.74400567      0.1915767031E-01  0.2487128181    
   12.78935800      0.1864935437E-01  0.2485495681    
   12.83471033      0.1782432890E-01  0.2482143615    
   12.88006267      0.1684593800E-01  0.2474741345    
   12.92541500      0.1595979160E-01  0.2463197569    
   12.97076733      0.1529824957E-01  0.2448639652    
   13.01611967      0.1490081514E-01  0.2432016035    
   13.06147200      0.1478970399E-01  0.2413916313    
   13.10682433      0.1499114857E-01  0.2394848185    
   13.15217667      0.1553250944E-01  0.2375348422    
   13.19752900      0.1644228572E-01  0.2356051048    
   13.24288133      0.1774169206E-01  0.2337810580    
   13.28823367      0.1941729063E-01  0.2321694292    
   13.33358600      0.2140268600E-01  0.2308583391    
   13.37893833      0.2361773317E-01  0.2298728397    
   13.42429067      0.2603419490E-01  0.2291842028    
   13.46964300      0.2874510932E-01  0.2287687199    
   13.51499533      0.3198092291E-01  0.2288011625    
   13.56034767      0.3581389188E-01  0.2298564203    
 
## Date (YYYY-MM-DD): 2009-07-16
## Time (hh:mm:ss)  : 10:18:27
# version           : 0.9.224
# version (xs)      : 0.091
# efermi (H,eV)     :    0.202574    5.512329
# vgqlmt            :    0.000000    0.000000    0.000000
# ivgmt             :       0       0       0
# vql               :    0.000000    0.000000    0.000000
# fxctype           :       0
# alphalrc          :    0.000000
# alphalrcdyn       :    0.000000
# betalrcdyn        :    0.000000
# intraband         :       F
# aresdf            :       F
# aresfxc           :       T
# torddf            :       F
# tordfxc           :       F
# acont             :       F
# nwacont           :     300
# broad (H,eV)      :    0.007000    0.190480
# scissor (H,eV)    :    0.000000    0.000000
# nwdos             :     300
# ngq               :     113
# gqmax             :    3.000000
# gmaxvr            :   12.000000
# rgkmax            :    6.000000
# gkmax             :    3.000000
# ngridk            :       2       2       2
# vkloff            :    0.033333    0.100000    0.166667
# reducek           :       F
# nmatmax           :     145
# ngkmax            :     125
# nlotot            :      20
# nlomax            :       4
# nst1              :       4
# nst2              :       6
# nstlbse           :       0       0
# nstsv             :      10
# evlmincut (H,eV)  :   -0.098372   -2.676840
# evlmaxcut (H,eV)  :    0.478363   13.016938
# evlmin (H,eV)     :   -0.244188   -6.644710
# evlmax (H,eV)     :    0.620580   16.886852
# evlhpo (H,eV)     :    4    0.188956    5.141752
# evllpu (H,eV)     :    5    0.213085    5.798351
# ksgap             :       T
# lmaxapw           :      10
# lmaxapwwf         :       2
# lmaxmat           :       5
# lmaxvr            :       7
# lmaxinr           :       2
# lolmax            :       2
# lmaxemat          :       2
# lmaxalda          :       3
# lradstp           :       4
# tevout            :       T
# fastpmat          :       T
# fastemat          :       T
# nosym             :       T
# dfoffdiag         :       F
 
