 open ../../species//Au.xml
 
Info(writegeom):
 EXCITING lattice vectors and atomic positions written to geometry.xml
Info(bandstr):      1 of    100 k-points
Info(bandstr):      2 of    100 k-points
Info(bandstr):      3 of    100 k-points
Info(bandstr):      4 of    100 k-points
Info(bandstr):      5 of    100 k-points
Info(bandstr):      6 of    100 k-points
Info(bandstr):      7 of    100 k-points
Info(bandstr):      8 of    100 k-points
Info(bandstr):      9 of    100 k-points
Info(bandstr):     10 of    100 k-points
Info(bandstr):     11 of    100 k-points
Info(bandstr):     12 of    100 k-points
Info(bandstr):     13 of    100 k-points
Info(bandstr):     14 of    100 k-points
Info(bandstr):     15 of    100 k-points
Info(bandstr):     16 of    100 k-points
Info(bandstr):     17 of    100 k-points
Info(bandstr):     18 of    100 k-points
Info(bandstr):     19 of    100 k-points
Info(bandstr):     20 of    100 k-points
Info(bandstr):     21 of    100 k-points
Info(bandstr):     22 of    100 k-points
Info(bandstr):     23 of    100 k-points
Info(bandstr):     24 of    100 k-points
Info(bandstr):     25 of    100 k-points
Info(bandstr):     26 of    100 k-points
Info(bandstr):     27 of    100 k-points
Info(bandstr):     28 of    100 k-points
Info(bandstr):     29 of    100 k-points
Info(bandstr):     30 of    100 k-points
Info(bandstr):     31 of    100 k-points
Info(bandstr):     32 of    100 k-points
Info(bandstr):     33 of    100 k-points
Info(bandstr):     34 of    100 k-points
Info(bandstr):     35 of    100 k-points
Info(bandstr):     36 of    100 k-points
Info(bandstr):     37 of    100 k-points
Info(bandstr):     38 of    100 k-points
Info(bandstr):     39 of    100 k-points
Info(bandstr):     40 of    100 k-points
Info(bandstr):     41 of    100 k-points
Info(bandstr):     42 of    100 k-points
Info(bandstr):     43 of    100 k-points
Info(bandstr):     44 of    100 k-points
Info(bandstr):     45 of    100 k-points
Info(bandstr):     46 of    100 k-points
Info(bandstr):     47 of    100 k-points
Info(bandstr):     48 of    100 k-points
Info(bandstr):     49 of    100 k-points
Info(bandstr):     50 of    100 k-points
Info(bandstr):     51 of    100 k-points
Info(bandstr):     52 of    100 k-points
Info(bandstr):     53 of    100 k-points
Info(bandstr):     54 of    100 k-points
Info(bandstr):     55 of    100 k-points
Info(bandstr):     56 of    100 k-points
Info(bandstr):     57 of    100 k-points
Info(bandstr):     58 of    100 k-points
Info(bandstr):     59 of    100 k-points
Info(bandstr):     60 of    100 k-points
Info(bandstr):     61 of    100 k-points
Info(bandstr):     62 of    100 k-points
Info(bandstr):     63 of    100 k-points
Info(bandstr):     64 of    100 k-points
Info(bandstr):     65 of    100 k-points
Info(bandstr):     66 of    100 k-points
Info(bandstr):     67 of    100 k-points
Info(bandstr):     68 of    100 k-points
Info(bandstr):     69 of    100 k-points
Info(bandstr):     70 of    100 k-points
Info(bandstr):     71 of    100 k-points
Info(bandstr):     72 of    100 k-points
Info(bandstr):     73 of    100 k-points
Info(bandstr):     74 of    100 k-points
Info(bandstr):     75 of    100 k-points
Info(bandstr):     76 of    100 k-points
Info(bandstr):     77 of    100 k-points
Info(bandstr):     78 of    100 k-points
Info(bandstr):     79 of    100 k-points
Info(bandstr):     80 of    100 k-points
Info(bandstr):     81 of    100 k-points
Info(bandstr):     82 of    100 k-points
Info(bandstr):     83 of    100 k-points
Info(bandstr):     84 of    100 k-points
Info(bandstr):     85 of    100 k-points
Info(bandstr):     86 of    100 k-points
Info(bandstr):     87 of    100 k-points
Info(bandstr):     88 of    100 k-points
Info(bandstr):     89 of    100 k-points
Info(bandstr):     90 of    100 k-points
Info(bandstr):     91 of    100 k-points
Info(bandstr):     92 of    100 k-points
Info(bandstr):     93 of    100 k-points
Info(bandstr):     94 of    100 k-points
Info(bandstr):     95 of    100 k-points
Info(bandstr):     96 of    100 k-points
Info(bandstr):     97 of    100 k-points
Info(bandstr):     98 of    100 k-points
Info(bandstr):     99 of    100 k-points
Info(bandstr):    100 of    100 k-points
 
Info(bandstr):
 band structure plot written to BAND.OUT
 
 Fermi energy is at zero in plot
 
 vertex location lines written to BANDLINES.OUT
 
