 open ../../species//Ni.xml
 
Info(writegeom):
 EXCITING lattice vectors and atomic positions written to geometry.xml
Info(fermisurf):      1 of   1062 k-points
Info(fermisurf):      2 of   1062 k-points
Info(fermisurf):      3 of   1062 k-points
Info(fermisurf):      4 of   1062 k-points
Info(fermisurf):      5 of   1062 k-points
Info(fermisurf):      6 of   1062 k-points
Info(fermisurf):      7 of   1062 k-points
Info(fermisurf):      8 of   1062 k-points
Info(fermisurf):      9 of   1062 k-points
Info(fermisurf):     10 of   1062 k-points
Info(fermisurf):     11 of   1062 k-points
Info(fermisurf):     12 of   1062 k-points
Info(fermisurf):     13 of   1062 k-points
Info(fermisurf):     14 of   1062 k-points
Info(fermisurf):     15 of   1062 k-points
Info(fermisurf):     16 of   1062 k-points
Info(fermisurf):     17 of   1062 k-points
Info(fermisurf):     18 of   1062 k-points
Info(fermisurf):     19 of   1062 k-points
Info(fermisurf):     20 of   1062 k-points
Info(fermisurf):     21 of   1062 k-points
Info(fermisurf):     22 of   1062 k-points
Info(fermisurf):     23 of   1062 k-points
Info(fermisurf):     24 of   1062 k-points
Info(fermisurf):     25 of   1062 k-points
Info(fermisurf):     26 of   1062 k-points
Info(fermisurf):     27 of   1062 k-points
Info(fermisurf):     28 of   1062 k-points
Info(fermisurf):     29 of   1062 k-points
Info(fermisurf):     30 of   1062 k-points
Info(fermisurf):     31 of   1062 k-points
Info(fermisurf):     32 of   1062 k-points
Info(fermisurf):     33 of   1062 k-points
Info(fermisurf):     34 of   1062 k-points
Info(fermisurf):     35 of   1062 k-points
Info(fermisurf):     36 of   1062 k-points
Info(fermisurf):     37 of   1062 k-points
Info(fermisurf):     38 of   1062 k-points
Info(fermisurf):     39 of   1062 k-points
Info(fermisurf):     40 of   1062 k-points
Info(fermisurf):     41 of   1062 k-points
Info(fermisurf):     42 of   1062 k-points
Info(fermisurf):     43 of   1062 k-points
Info(fermisurf):     44 of   1062 k-points
Info(fermisurf):     45 of   1062 k-points
Info(fermisurf):     46 of   1062 k-points
Info(fermisurf):     47 of   1062 k-points
Info(fermisurf):     48 of   1062 k-points
Info(fermisurf):     49 of   1062 k-points
Info(fermisurf):     50 of   1062 k-points
Info(fermisurf):     51 of   1062 k-points
Info(fermisurf):     52 of   1062 k-points
Info(fermisurf):     53 of   1062 k-points
Info(fermisurf):     54 of   1062 k-points
Info(fermisurf):     55 of   1062 k-points
Info(fermisurf):     56 of   1062 k-points
Info(fermisurf):     57 of   1062 k-points
Info(fermisurf):     58 of   1062 k-points
Info(fermisurf):     59 of   1062 k-points
Info(fermisurf):     60 of   1062 k-points
Info(fermisurf):     61 of   1062 k-points
Info(fermisurf):     62 of   1062 k-points
Info(fermisurf):     63 of   1062 k-points
Info(fermisurf):     64 of   1062 k-points
Info(fermisurf):     65 of   1062 k-points
Info(fermisurf):     66 of   1062 k-points
Info(fermisurf):     67 of   1062 k-points
Info(fermisurf):     68 of   1062 k-points
Info(fermisurf):     69 of   1062 k-points
Info(fermisurf):     70 of   1062 k-points
Info(fermisurf):     71 of   1062 k-points
Info(fermisurf):     72 of   1062 k-points
Info(fermisurf):     73 of   1062 k-points
Info(fermisurf):     74 of   1062 k-points
Info(fermisurf):     75 of   1062 k-points
Info(fermisurf):     76 of   1062 k-points
Info(fermisurf):     77 of   1062 k-points
Info(fermisurf):     78 of   1062 k-points
Info(fermisurf):     79 of   1062 k-points
Info(fermisurf):     80 of   1062 k-points
Info(fermisurf):     81 of   1062 k-points
Info(fermisurf):     82 of   1062 k-points
Info(fermisurf):     83 of   1062 k-points
Info(fermisurf):     84 of   1062 k-points
Info(fermisurf):     85 of   1062 k-points
Info(fermisurf):     86 of   1062 k-points
Info(fermisurf):     87 of   1062 k-points
Info(fermisurf):     88 of   1062 k-points
Info(fermisurf):     89 of   1062 k-points
Info(fermisurf):     90 of   1062 k-points
Info(fermisurf):     91 of   1062 k-points
Info(fermisurf):     92 of   1062 k-points
Info(fermisurf):     93 of   1062 k-points
Info(fermisurf):     94 of   1062 k-points
Info(fermisurf):     95 of   1062 k-points
Info(fermisurf):     96 of   1062 k-points
Info(fermisurf):     97 of   1062 k-points
Info(fermisurf):     98 of   1062 k-points
Info(fermisurf):     99 of   1062 k-points
Info(fermisurf):    100 of   1062 k-points
Info(fermisurf):    101 of   1062 k-points
Info(fermisurf):    102 of   1062 k-points
Info(fermisurf):    103 of   1062 k-points
Info(fermisurf):    104 of   1062 k-points
Info(fermisurf):    105 of   1062 k-points
Info(fermisurf):    106 of   1062 k-points
Info(fermisurf):    107 of   1062 k-points
Info(fermisurf):    108 of   1062 k-points
Info(fermisurf):    109 of   1062 k-points
Info(fermisurf):    110 of   1062 k-points
Info(fermisurf):    111 of   1062 k-points
Info(fermisurf):    112 of   1062 k-points
Info(fermisurf):    113 of   1062 k-points
Info(fermisurf):    114 of   1062 k-points
Info(fermisurf):    115 of   1062 k-points
Info(fermisurf):    116 of   1062 k-points
Info(fermisurf):    117 of   1062 k-points
Info(fermisurf):    118 of   1062 k-points
Info(fermisurf):    119 of   1062 k-points
Info(fermisurf):    120 of   1062 k-points
Info(fermisurf):    121 of   1062 k-points
Info(fermisurf):    122 of   1062 k-points
Info(fermisurf):    123 of   1062 k-points
Info(fermisurf):    124 of   1062 k-points
Info(fermisurf):    125 of   1062 k-points
Info(fermisurf):    126 of   1062 k-points
Info(fermisurf):    127 of   1062 k-points
Info(fermisurf):    128 of   1062 k-points
Info(fermisurf):    129 of   1062 k-points
Info(fermisurf):    130 of   1062 k-points
Info(fermisurf):    131 of   1062 k-points
Info(fermisurf):    132 of   1062 k-points
Info(fermisurf):    133 of   1062 k-points
Info(fermisurf):    134 of   1062 k-points
Info(fermisurf):    135 of   1062 k-points
Info(fermisurf):    136 of   1062 k-points
Info(fermisurf):    137 of   1062 k-points
Info(fermisurf):    138 of   1062 k-points
Info(fermisurf):    139 of   1062 k-points
Info(fermisurf):    140 of   1062 k-points
Info(fermisurf):    141 of   1062 k-points
Info(fermisurf):    142 of   1062 k-points
Info(fermisurf):    143 of   1062 k-points
Info(fermisurf):    144 of   1062 k-points
Info(fermisurf):    145 of   1062 k-points
Info(fermisurf):    146 of   1062 k-points
Info(fermisurf):    147 of   1062 k-points
Info(fermisurf):    148 of   1062 k-points
Info(fermisurf):    149 of   1062 k-points
Info(fermisurf):    150 of   1062 k-points
Info(fermisurf):    151 of   1062 k-points
Info(fermisurf):    152 of   1062 k-points
Info(fermisurf):    153 of   1062 k-points
Info(fermisurf):    154 of   1062 k-points
Info(fermisurf):    155 of   1062 k-points
Info(fermisurf):    156 of   1062 k-points
Info(fermisurf):    157 of   1062 k-points
Info(fermisurf):    158 of   1062 k-points
Info(fermisurf):    159 of   1062 k-points
Info(fermisurf):    160 of   1062 k-points
Info(fermisurf):    161 of   1062 k-points
Info(fermisurf):    162 of   1062 k-points
Info(fermisurf):    163 of   1062 k-points
Info(fermisurf):    164 of   1062 k-points
Info(fermisurf):    165 of   1062 k-points
Info(fermisurf):    166 of   1062 k-points
Info(fermisurf):    167 of   1062 k-points
Info(fermisurf):    168 of   1062 k-points
Info(fermisurf):    169 of   1062 k-points
Info(fermisurf):    170 of   1062 k-points
Info(fermisurf):    171 of   1062 k-points
Info(fermisurf):    172 of   1062 k-points
Info(fermisurf):    173 of   1062 k-points
Info(fermisurf):    174 of   1062 k-points
Info(fermisurf):    175 of   1062 k-points
Info(fermisurf):    176 of   1062 k-points
Info(fermisurf):    177 of   1062 k-points
Info(fermisurf):    178 of   1062 k-points
Info(fermisurf):    179 of   1062 k-points
Info(fermisurf):    180 of   1062 k-points
Info(fermisurf):    181 of   1062 k-points
Info(fermisurf):    182 of   1062 k-points
Info(fermisurf):    183 of   1062 k-points
Info(fermisurf):    184 of   1062 k-points
Info(fermisurf):    185 of   1062 k-points
Info(fermisurf):    186 of   1062 k-points
Info(fermisurf):    187 of   1062 k-points
Info(fermisurf):    188 of   1062 k-points
Info(fermisurf):    189 of   1062 k-points
Info(fermisurf):    190 of   1062 k-points
Info(fermisurf):    191 of   1062 k-points
Info(fermisurf):    192 of   1062 k-points
Info(fermisurf):    193 of   1062 k-points
Info(fermisurf):    194 of   1062 k-points
Info(fermisurf):    195 of   1062 k-points
Info(fermisurf):    196 of   1062 k-points
Info(fermisurf):    197 of   1062 k-points
Info(fermisurf):    198 of   1062 k-points
Info(fermisurf):    199 of   1062 k-points
Info(fermisurf):    200 of   1062 k-points
Info(fermisurf):    201 of   1062 k-points
Info(fermisurf):    202 of   1062 k-points
Info(fermisurf):    203 of   1062 k-points
Info(fermisurf):    204 of   1062 k-points
Info(fermisurf):    205 of   1062 k-points
Info(fermisurf):    206 of   1062 k-points
Info(fermisurf):    207 of   1062 k-points
Info(fermisurf):    208 of   1062 k-points
Info(fermisurf):    209 of   1062 k-points
Info(fermisurf):    210 of   1062 k-points
Info(fermisurf):    211 of   1062 k-points
Info(fermisurf):    212 of   1062 k-points
Info(fermisurf):    213 of   1062 k-points
Info(fermisurf):    214 of   1062 k-points
Info(fermisurf):    215 of   1062 k-points
Info(fermisurf):    216 of   1062 k-points
Info(fermisurf):    217 of   1062 k-points
Info(fermisurf):    218 of   1062 k-points
Info(fermisurf):    219 of   1062 k-points
Info(fermisurf):    220 of   1062 k-points
Info(fermisurf):    221 of   1062 k-points
Info(fermisurf):    222 of   1062 k-points
Info(fermisurf):    223 of   1062 k-points
Info(fermisurf):    224 of   1062 k-points
Info(fermisurf):    225 of   1062 k-points
Info(fermisurf):    226 of   1062 k-points
Info(fermisurf):    227 of   1062 k-points
Info(fermisurf):    228 of   1062 k-points
Info(fermisurf):    229 of   1062 k-points
Info(fermisurf):    230 of   1062 k-points
Info(fermisurf):    231 of   1062 k-points
Info(fermisurf):    232 of   1062 k-points
Info(fermisurf):    233 of   1062 k-points
Info(fermisurf):    234 of   1062 k-points
Info(fermisurf):    235 of   1062 k-points
Info(fermisurf):    236 of   1062 k-points
Info(fermisurf):    237 of   1062 k-points
Info(fermisurf):    238 of   1062 k-points
Info(fermisurf):    239 of   1062 k-points
Info(fermisurf):    240 of   1062 k-points
Info(fermisurf):    241 of   1062 k-points
Info(fermisurf):    242 of   1062 k-points
Info(fermisurf):    243 of   1062 k-points
Info(fermisurf):    244 of   1062 k-points
Info(fermisurf):    245 of   1062 k-points
Info(fermisurf):    246 of   1062 k-points
Info(fermisurf):    247 of   1062 k-points
Info(fermisurf):    248 of   1062 k-points
Info(fermisurf):    249 of   1062 k-points
Info(fermisurf):    250 of   1062 k-points
Info(fermisurf):    251 of   1062 k-points
Info(fermisurf):    252 of   1062 k-points
Info(fermisurf):    253 of   1062 k-points
Info(fermisurf):    254 of   1062 k-points
Info(fermisurf):    255 of   1062 k-points
Info(fermisurf):    256 of   1062 k-points
Info(fermisurf):    257 of   1062 k-points
Info(fermisurf):    258 of   1062 k-points
Info(fermisurf):    259 of   1062 k-points
Info(fermisurf):    260 of   1062 k-points
Info(fermisurf):    261 of   1062 k-points
Info(fermisurf):    262 of   1062 k-points
Info(fermisurf):    263 of   1062 k-points
Info(fermisurf):    264 of   1062 k-points
Info(fermisurf):    265 of   1062 k-points
Info(fermisurf):    266 of   1062 k-points
Info(fermisurf):    267 of   1062 k-points
Info(fermisurf):    268 of   1062 k-points
Info(fermisurf):    269 of   1062 k-points
Info(fermisurf):    270 of   1062 k-points
Info(fermisurf):    271 of   1062 k-points
Info(fermisurf):    272 of   1062 k-points
Info(fermisurf):    273 of   1062 k-points
Info(fermisurf):    274 of   1062 k-points
Info(fermisurf):    275 of   1062 k-points
Info(fermisurf):    276 of   1062 k-points
Info(fermisurf):    277 of   1062 k-points
Info(fermisurf):    278 of   1062 k-points
Info(fermisurf):    279 of   1062 k-points
Info(fermisurf):    280 of   1062 k-points
Info(fermisurf):    281 of   1062 k-points
Info(fermisurf):    282 of   1062 k-points
Info(fermisurf):    283 of   1062 k-points
Info(fermisurf):    284 of   1062 k-points
Info(fermisurf):    285 of   1062 k-points
Info(fermisurf):    286 of   1062 k-points
Info(fermisurf):    287 of   1062 k-points
Info(fermisurf):    288 of   1062 k-points
Info(fermisurf):    289 of   1062 k-points
Info(fermisurf):    290 of   1062 k-points
Info(fermisurf):    291 of   1062 k-points
Info(fermisurf):    292 of   1062 k-points
Info(fermisurf):    293 of   1062 k-points
Info(fermisurf):    294 of   1062 k-points
Info(fermisurf):    295 of   1062 k-points
Info(fermisurf):    296 of   1062 k-points
Info(fermisurf):    297 of   1062 k-points
Info(fermisurf):    298 of   1062 k-points
Info(fermisurf):    299 of   1062 k-points
Info(fermisurf):    300 of   1062 k-points
Info(fermisurf):    301 of   1062 k-points
Info(fermisurf):    302 of   1062 k-points
Info(fermisurf):    303 of   1062 k-points
Info(fermisurf):    304 of   1062 k-points
Info(fermisurf):    305 of   1062 k-points
Info(fermisurf):    306 of   1062 k-points
Info(fermisurf):    307 of   1062 k-points
Info(fermisurf):    308 of   1062 k-points
Info(fermisurf):    309 of   1062 k-points
Info(fermisurf):    310 of   1062 k-points
Info(fermisurf):    311 of   1062 k-points
Info(fermisurf):    312 of   1062 k-points
Info(fermisurf):    313 of   1062 k-points
Info(fermisurf):    314 of   1062 k-points
Info(fermisurf):    315 of   1062 k-points
Info(fermisurf):    316 of   1062 k-points
Info(fermisurf):    317 of   1062 k-points
Info(fermisurf):    318 of   1062 k-points
Info(fermisurf):    319 of   1062 k-points
Info(fermisurf):    320 of   1062 k-points
Info(fermisurf):    321 of   1062 k-points
Info(fermisurf):    322 of   1062 k-points
Info(fermisurf):    323 of   1062 k-points
Info(fermisurf):    324 of   1062 k-points
Info(fermisurf):    325 of   1062 k-points
Info(fermisurf):    326 of   1062 k-points
Info(fermisurf):    327 of   1062 k-points
Info(fermisurf):    328 of   1062 k-points
Info(fermisurf):    329 of   1062 k-points
Info(fermisurf):    330 of   1062 k-points
Info(fermisurf):    331 of   1062 k-points
Info(fermisurf):    332 of   1062 k-points
Info(fermisurf):    333 of   1062 k-points
Info(fermisurf):    334 of   1062 k-points
Info(fermisurf):    335 of   1062 k-points
Info(fermisurf):    336 of   1062 k-points
Info(fermisurf):    337 of   1062 k-points
Info(fermisurf):    338 of   1062 k-points
Info(fermisurf):    339 of   1062 k-points
Info(fermisurf):    340 of   1062 k-points
Info(fermisurf):    341 of   1062 k-points
Info(fermisurf):    342 of   1062 k-points
Info(fermisurf):    343 of   1062 k-points
Info(fermisurf):    344 of   1062 k-points
Info(fermisurf):    345 of   1062 k-points
Info(fermisurf):    346 of   1062 k-points
Info(fermisurf):    347 of   1062 k-points
Info(fermisurf):    348 of   1062 k-points
Info(fermisurf):    349 of   1062 k-points
Info(fermisurf):    350 of   1062 k-points
Info(fermisurf):    351 of   1062 k-points
Info(fermisurf):    352 of   1062 k-points
Info(fermisurf):    353 of   1062 k-points
Info(fermisurf):    354 of   1062 k-points
Info(fermisurf):    355 of   1062 k-points
Info(fermisurf):    356 of   1062 k-points
Info(fermisurf):    357 of   1062 k-points
Info(fermisurf):    358 of   1062 k-points
Info(fermisurf):    359 of   1062 k-points
Info(fermisurf):    360 of   1062 k-points
Info(fermisurf):    361 of   1062 k-points
Info(fermisurf):    362 of   1062 k-points
Info(fermisurf):    363 of   1062 k-points
Info(fermisurf):    364 of   1062 k-points
Info(fermisurf):    365 of   1062 k-points
Info(fermisurf):    366 of   1062 k-points
Info(fermisurf):    367 of   1062 k-points
Info(fermisurf):    368 of   1062 k-points
Info(fermisurf):    369 of   1062 k-points
Info(fermisurf):    370 of   1062 k-points
Info(fermisurf):    371 of   1062 k-points
Info(fermisurf):    372 of   1062 k-points
Info(fermisurf):    373 of   1062 k-points
Info(fermisurf):    374 of   1062 k-points
Info(fermisurf):    375 of   1062 k-points
Info(fermisurf):    376 of   1062 k-points
Info(fermisurf):    377 of   1062 k-points
Info(fermisurf):    378 of   1062 k-points
Info(fermisurf):    379 of   1062 k-points
Info(fermisurf):    380 of   1062 k-points
Info(fermisurf):    381 of   1062 k-points
Info(fermisurf):    382 of   1062 k-points
Info(fermisurf):    383 of   1062 k-points
Info(fermisurf):    384 of   1062 k-points
Info(fermisurf):    385 of   1062 k-points
Info(fermisurf):    386 of   1062 k-points
Info(fermisurf):    387 of   1062 k-points
Info(fermisurf):    388 of   1062 k-points
Info(fermisurf):    389 of   1062 k-points
Info(fermisurf):    390 of   1062 k-points
Info(fermisurf):    391 of   1062 k-points
Info(fermisurf):    392 of   1062 k-points
Info(fermisurf):    393 of   1062 k-points
Info(fermisurf):    394 of   1062 k-points
Info(fermisurf):    395 of   1062 k-points
Info(fermisurf):    396 of   1062 k-points
Info(fermisurf):    397 of   1062 k-points
Info(fermisurf):    398 of   1062 k-points
Info(fermisurf):    399 of   1062 k-points
Info(fermisurf):    400 of   1062 k-points
Info(fermisurf):    401 of   1062 k-points
Info(fermisurf):    402 of   1062 k-points
Info(fermisurf):    403 of   1062 k-points
Info(fermisurf):    404 of   1062 k-points
Info(fermisurf):    405 of   1062 k-points
Info(fermisurf):    406 of   1062 k-points
Info(fermisurf):    407 of   1062 k-points
Info(fermisurf):    408 of   1062 k-points
Info(fermisurf):    409 of   1062 k-points
Info(fermisurf):    410 of   1062 k-points
Info(fermisurf):    411 of   1062 k-points
Info(fermisurf):    412 of   1062 k-points
Info(fermisurf):    413 of   1062 k-points
Info(fermisurf):    414 of   1062 k-points
Info(fermisurf):    415 of   1062 k-points
Info(fermisurf):    416 of   1062 k-points
Info(fermisurf):    417 of   1062 k-points
Info(fermisurf):    418 of   1062 k-points
Info(fermisurf):    419 of   1062 k-points
Info(fermisurf):    420 of   1062 k-points
Info(fermisurf):    421 of   1062 k-points
Info(fermisurf):    422 of   1062 k-points
Info(fermisurf):    423 of   1062 k-points
Info(fermisurf):    424 of   1062 k-points
Info(fermisurf):    425 of   1062 k-points
Info(fermisurf):    426 of   1062 k-points
Info(fermisurf):    427 of   1062 k-points
Info(fermisurf):    428 of   1062 k-points
Info(fermisurf):    429 of   1062 k-points
Info(fermisurf):    430 of   1062 k-points
Info(fermisurf):    431 of   1062 k-points
Info(fermisurf):    432 of   1062 k-points
Info(fermisurf):    433 of   1062 k-points
Info(fermisurf):    434 of   1062 k-points
Info(fermisurf):    435 of   1062 k-points
Info(fermisurf):    436 of   1062 k-points
Info(fermisurf):    437 of   1062 k-points
Info(fermisurf):    438 of   1062 k-points
Info(fermisurf):    439 of   1062 k-points
Info(fermisurf):    440 of   1062 k-points
Info(fermisurf):    441 of   1062 k-points
Info(fermisurf):    442 of   1062 k-points
Info(fermisurf):    443 of   1062 k-points
Info(fermisurf):    444 of   1062 k-points
Info(fermisurf):    445 of   1062 k-points
Info(fermisurf):    446 of   1062 k-points
Info(fermisurf):    447 of   1062 k-points
Info(fermisurf):    448 of   1062 k-points
Info(fermisurf):    449 of   1062 k-points
Info(fermisurf):    450 of   1062 k-points
Info(fermisurf):    451 of   1062 k-points
Info(fermisurf):    452 of   1062 k-points
Info(fermisurf):    453 of   1062 k-points
Info(fermisurf):    454 of   1062 k-points
Info(fermisurf):    455 of   1062 k-points
Info(fermisurf):    456 of   1062 k-points
Info(fermisurf):    457 of   1062 k-points
Info(fermisurf):    458 of   1062 k-points
Info(fermisurf):    459 of   1062 k-points
Info(fermisurf):    460 of   1062 k-points
Info(fermisurf):    461 of   1062 k-points
Info(fermisurf):    462 of   1062 k-points
Info(fermisurf):    463 of   1062 k-points
Info(fermisurf):    464 of   1062 k-points
Info(fermisurf):    465 of   1062 k-points
Info(fermisurf):    466 of   1062 k-points
Info(fermisurf):    467 of   1062 k-points
Info(fermisurf):    468 of   1062 k-points
Info(fermisurf):    469 of   1062 k-points
Info(fermisurf):    470 of   1062 k-points
Info(fermisurf):    471 of   1062 k-points
Info(fermisurf):    472 of   1062 k-points
Info(fermisurf):    473 of   1062 k-points
Info(fermisurf):    474 of   1062 k-points
Info(fermisurf):    475 of   1062 k-points
Info(fermisurf):    476 of   1062 k-points
Info(fermisurf):    477 of   1062 k-points
Info(fermisurf):    478 of   1062 k-points
Info(fermisurf):    479 of   1062 k-points
Info(fermisurf):    480 of   1062 k-points
Info(fermisurf):    481 of   1062 k-points
Info(fermisurf):    482 of   1062 k-points
Info(fermisurf):    483 of   1062 k-points
Info(fermisurf):    484 of   1062 k-points
Info(fermisurf):    485 of   1062 k-points
Info(fermisurf):    486 of   1062 k-points
Info(fermisurf):    487 of   1062 k-points
Info(fermisurf):    488 of   1062 k-points
Info(fermisurf):    489 of   1062 k-points
Info(fermisurf):    490 of   1062 k-points
Info(fermisurf):    491 of   1062 k-points
Info(fermisurf):    492 of   1062 k-points
Info(fermisurf):    493 of   1062 k-points
Info(fermisurf):    494 of   1062 k-points
Info(fermisurf):    495 of   1062 k-points
Info(fermisurf):    496 of   1062 k-points
Info(fermisurf):    497 of   1062 k-points
Info(fermisurf):    498 of   1062 k-points
Info(fermisurf):    499 of   1062 k-points
Info(fermisurf):    500 of   1062 k-points
Info(fermisurf):    501 of   1062 k-points
Info(fermisurf):    502 of   1062 k-points
Info(fermisurf):    503 of   1062 k-points
Info(fermisurf):    504 of   1062 k-points
Info(fermisurf):    505 of   1062 k-points
Info(fermisurf):    506 of   1062 k-points
Info(fermisurf):    507 of   1062 k-points
Info(fermisurf):    508 of   1062 k-points
Info(fermisurf):    509 of   1062 k-points
Info(fermisurf):    510 of   1062 k-points
Info(fermisurf):    511 of   1062 k-points
Info(fermisurf):    512 of   1062 k-points
Info(fermisurf):    513 of   1062 k-points
Info(fermisurf):    514 of   1062 k-points
Info(fermisurf):    515 of   1062 k-points
Info(fermisurf):    516 of   1062 k-points
Info(fermisurf):    517 of   1062 k-points
Info(fermisurf):    518 of   1062 k-points
Info(fermisurf):    519 of   1062 k-points
Info(fermisurf):    520 of   1062 k-points
Info(fermisurf):    521 of   1062 k-points
Info(fermisurf):    522 of   1062 k-points
Info(fermisurf):    523 of   1062 k-points
Info(fermisurf):    524 of   1062 k-points
Info(fermisurf):    525 of   1062 k-points
Info(fermisurf):    526 of   1062 k-points
Info(fermisurf):    527 of   1062 k-points
Info(fermisurf):    528 of   1062 k-points
Info(fermisurf):    529 of   1062 k-points
Info(fermisurf):    530 of   1062 k-points
Info(fermisurf):    531 of   1062 k-points
Info(fermisurf):    532 of   1062 k-points
Info(fermisurf):    533 of   1062 k-points
Info(fermisurf):    534 of   1062 k-points
Info(fermisurf):    535 of   1062 k-points
Info(fermisurf):    536 of   1062 k-points
Info(fermisurf):    537 of   1062 k-points
Info(fermisurf):    538 of   1062 k-points
Info(fermisurf):    539 of   1062 k-points
Info(fermisurf):    540 of   1062 k-points
Info(fermisurf):    541 of   1062 k-points
Info(fermisurf):    542 of   1062 k-points
Info(fermisurf):    543 of   1062 k-points
Info(fermisurf):    544 of   1062 k-points
Info(fermisurf):    545 of   1062 k-points
Info(fermisurf):    546 of   1062 k-points
Info(fermisurf):    547 of   1062 k-points
Info(fermisurf):    548 of   1062 k-points
Info(fermisurf):    549 of   1062 k-points
Info(fermisurf):    550 of   1062 k-points
Info(fermisurf):    551 of   1062 k-points
Info(fermisurf):    552 of   1062 k-points
Info(fermisurf):    553 of   1062 k-points
Info(fermisurf):    554 of   1062 k-points
Info(fermisurf):    555 of   1062 k-points
Info(fermisurf):    556 of   1062 k-points
Info(fermisurf):    557 of   1062 k-points
Info(fermisurf):    558 of   1062 k-points
Info(fermisurf):    559 of   1062 k-points
Info(fermisurf):    560 of   1062 k-points
Info(fermisurf):    561 of   1062 k-points
Info(fermisurf):    562 of   1062 k-points
Info(fermisurf):    563 of   1062 k-points
Info(fermisurf):    564 of   1062 k-points
Info(fermisurf):    565 of   1062 k-points
Info(fermisurf):    566 of   1062 k-points
Info(fermisurf):    567 of   1062 k-points
Info(fermisurf):    568 of   1062 k-points
Info(fermisurf):    569 of   1062 k-points
Info(fermisurf):    570 of   1062 k-points
Info(fermisurf):    571 of   1062 k-points
Info(fermisurf):    572 of   1062 k-points
Info(fermisurf):    573 of   1062 k-points
Info(fermisurf):    574 of   1062 k-points
Info(fermisurf):    575 of   1062 k-points
Info(fermisurf):    576 of   1062 k-points
Info(fermisurf):    577 of   1062 k-points
Info(fermisurf):    578 of   1062 k-points
Info(fermisurf):    579 of   1062 k-points
Info(fermisurf):    580 of   1062 k-points
Info(fermisurf):    581 of   1062 k-points
Info(fermisurf):    582 of   1062 k-points
Info(fermisurf):    583 of   1062 k-points
Info(fermisurf):    584 of   1062 k-points
Info(fermisurf):    585 of   1062 k-points
Info(fermisurf):    586 of   1062 k-points
Info(fermisurf):    587 of   1062 k-points
Info(fermisurf):    588 of   1062 k-points
Info(fermisurf):    589 of   1062 k-points
Info(fermisurf):    590 of   1062 k-points
Info(fermisurf):    591 of   1062 k-points
Info(fermisurf):    592 of   1062 k-points
Info(fermisurf):    593 of   1062 k-points
Info(fermisurf):    594 of   1062 k-points
Info(fermisurf):    595 of   1062 k-points
Info(fermisurf):    596 of   1062 k-points
Info(fermisurf):    597 of   1062 k-points
Info(fermisurf):    598 of   1062 k-points
Info(fermisurf):    599 of   1062 k-points
Info(fermisurf):    600 of   1062 k-points
Info(fermisurf):    601 of   1062 k-points
Info(fermisurf):    602 of   1062 k-points
Info(fermisurf):    603 of   1062 k-points
Info(fermisurf):    604 of   1062 k-points
Info(fermisurf):    605 of   1062 k-points
Info(fermisurf):    606 of   1062 k-points
Info(fermisurf):    607 of   1062 k-points
Info(fermisurf):    608 of   1062 k-points
Info(fermisurf):    609 of   1062 k-points
Info(fermisurf):    610 of   1062 k-points
Info(fermisurf):    611 of   1062 k-points
Info(fermisurf):    612 of   1062 k-points
Info(fermisurf):    613 of   1062 k-points
Info(fermisurf):    614 of   1062 k-points
Info(fermisurf):    615 of   1062 k-points
Info(fermisurf):    616 of   1062 k-points
Info(fermisurf):    617 of   1062 k-points
Info(fermisurf):    618 of   1062 k-points
Info(fermisurf):    619 of   1062 k-points
Info(fermisurf):    620 of   1062 k-points
Info(fermisurf):    621 of   1062 k-points
Info(fermisurf):    622 of   1062 k-points
Info(fermisurf):    623 of   1062 k-points
Info(fermisurf):    624 of   1062 k-points
Info(fermisurf):    625 of   1062 k-points
Info(fermisurf):    626 of   1062 k-points
Info(fermisurf):    627 of   1062 k-points
Info(fermisurf):    628 of   1062 k-points
Info(fermisurf):    629 of   1062 k-points
Info(fermisurf):    630 of   1062 k-points
Info(fermisurf):    631 of   1062 k-points
Info(fermisurf):    632 of   1062 k-points
Info(fermisurf):    633 of   1062 k-points
Info(fermisurf):    634 of   1062 k-points
Info(fermisurf):    635 of   1062 k-points
Info(fermisurf):    636 of   1062 k-points
Info(fermisurf):    637 of   1062 k-points
Info(fermisurf):    638 of   1062 k-points
Info(fermisurf):    639 of   1062 k-points
Info(fermisurf):    640 of   1062 k-points
Info(fermisurf):    641 of   1062 k-points
Info(fermisurf):    642 of   1062 k-points
Info(fermisurf):    643 of   1062 k-points
Info(fermisurf):    644 of   1062 k-points
Info(fermisurf):    645 of   1062 k-points
Info(fermisurf):    646 of   1062 k-points
Info(fermisurf):    647 of   1062 k-points
Info(fermisurf):    648 of   1062 k-points
Info(fermisurf):    649 of   1062 k-points
Info(fermisurf):    650 of   1062 k-points
Info(fermisurf):    651 of   1062 k-points
Info(fermisurf):    652 of   1062 k-points
Info(fermisurf):    653 of   1062 k-points
Info(fermisurf):    654 of   1062 k-points
Info(fermisurf):    655 of   1062 k-points
Info(fermisurf):    656 of   1062 k-points
Info(fermisurf):    657 of   1062 k-points
Info(fermisurf):    658 of   1062 k-points
Info(fermisurf):    659 of   1062 k-points
Info(fermisurf):    660 of   1062 k-points
Info(fermisurf):    661 of   1062 k-points
Info(fermisurf):    662 of   1062 k-points
Info(fermisurf):    663 of   1062 k-points
Info(fermisurf):    664 of   1062 k-points
Info(fermisurf):    665 of   1062 k-points
Info(fermisurf):    666 of   1062 k-points
Info(fermisurf):    667 of   1062 k-points
Info(fermisurf):    668 of   1062 k-points
Info(fermisurf):    669 of   1062 k-points
Info(fermisurf):    670 of   1062 k-points
Info(fermisurf):    671 of   1062 k-points
Info(fermisurf):    672 of   1062 k-points
Info(fermisurf):    673 of   1062 k-points
Info(fermisurf):    674 of   1062 k-points
Info(fermisurf):    675 of   1062 k-points
Info(fermisurf):    676 of   1062 k-points
Info(fermisurf):    677 of   1062 k-points
Info(fermisurf):    678 of   1062 k-points
Info(fermisurf):    679 of   1062 k-points
Info(fermisurf):    680 of   1062 k-points
Info(fermisurf):    681 of   1062 k-points
Info(fermisurf):    682 of   1062 k-points
Info(fermisurf):    683 of   1062 k-points
Info(fermisurf):    684 of   1062 k-points
Info(fermisurf):    685 of   1062 k-points
Info(fermisurf):    686 of   1062 k-points
Info(fermisurf):    687 of   1062 k-points
Info(fermisurf):    688 of   1062 k-points
Info(fermisurf):    689 of   1062 k-points
Info(fermisurf):    690 of   1062 k-points
Info(fermisurf):    691 of   1062 k-points
Info(fermisurf):    692 of   1062 k-points
Info(fermisurf):    693 of   1062 k-points
Info(fermisurf):    694 of   1062 k-points
Info(fermisurf):    695 of   1062 k-points
Info(fermisurf):    696 of   1062 k-points
Info(fermisurf):    697 of   1062 k-points
Info(fermisurf):    698 of   1062 k-points
Info(fermisurf):    699 of   1062 k-points
Info(fermisurf):    700 of   1062 k-points
Info(fermisurf):    701 of   1062 k-points
Info(fermisurf):    702 of   1062 k-points
Info(fermisurf):    703 of   1062 k-points
Info(fermisurf):    704 of   1062 k-points
Info(fermisurf):    705 of   1062 k-points
Info(fermisurf):    706 of   1062 k-points
Info(fermisurf):    707 of   1062 k-points
Info(fermisurf):    708 of   1062 k-points
Info(fermisurf):    709 of   1062 k-points
Info(fermisurf):    710 of   1062 k-points
Info(fermisurf):    711 of   1062 k-points
Info(fermisurf):    712 of   1062 k-points
Info(fermisurf):    713 of   1062 k-points
Info(fermisurf):    714 of   1062 k-points
Info(fermisurf):    715 of   1062 k-points
Info(fermisurf):    716 of   1062 k-points
Info(fermisurf):    717 of   1062 k-points
Info(fermisurf):    718 of   1062 k-points
Info(fermisurf):    719 of   1062 k-points
Info(fermisurf):    720 of   1062 k-points
Info(fermisurf):    721 of   1062 k-points
Info(fermisurf):    722 of   1062 k-points
Info(fermisurf):    723 of   1062 k-points
Info(fermisurf):    724 of   1062 k-points
Info(fermisurf):    725 of   1062 k-points
Info(fermisurf):    726 of   1062 k-points
Info(fermisurf):    727 of   1062 k-points
Info(fermisurf):    728 of   1062 k-points
Info(fermisurf):    729 of   1062 k-points
Info(fermisurf):    730 of   1062 k-points
Info(fermisurf):    731 of   1062 k-points
Info(fermisurf):    732 of   1062 k-points
Info(fermisurf):    733 of   1062 k-points
Info(fermisurf):    734 of   1062 k-points
Info(fermisurf):    735 of   1062 k-points
Info(fermisurf):    736 of   1062 k-points
Info(fermisurf):    737 of   1062 k-points
Info(fermisurf):    738 of   1062 k-points
Info(fermisurf):    739 of   1062 k-points
Info(fermisurf):    740 of   1062 k-points
Info(fermisurf):    741 of   1062 k-points
Info(fermisurf):    742 of   1062 k-points
Info(fermisurf):    743 of   1062 k-points
Info(fermisurf):    744 of   1062 k-points
Info(fermisurf):    745 of   1062 k-points
Info(fermisurf):    746 of   1062 k-points
Info(fermisurf):    747 of   1062 k-points
Info(fermisurf):    748 of   1062 k-points
Info(fermisurf):    749 of   1062 k-points
Info(fermisurf):    750 of   1062 k-points
Info(fermisurf):    751 of   1062 k-points
Info(fermisurf):    752 of   1062 k-points
Info(fermisurf):    753 of   1062 k-points
Info(fermisurf):    754 of   1062 k-points
Info(fermisurf):    755 of   1062 k-points
Info(fermisurf):    756 of   1062 k-points
Info(fermisurf):    757 of   1062 k-points
Info(fermisurf):    758 of   1062 k-points
Info(fermisurf):    759 of   1062 k-points
Info(fermisurf):    760 of   1062 k-points
Info(fermisurf):    761 of   1062 k-points
Info(fermisurf):    762 of   1062 k-points
Info(fermisurf):    763 of   1062 k-points
Info(fermisurf):    764 of   1062 k-points
Info(fermisurf):    765 of   1062 k-points
Info(fermisurf):    766 of   1062 k-points
Info(fermisurf):    767 of   1062 k-points
Info(fermisurf):    768 of   1062 k-points
Info(fermisurf):    769 of   1062 k-points
Info(fermisurf):    770 of   1062 k-points
Info(fermisurf):    771 of   1062 k-points
Info(fermisurf):    772 of   1062 k-points
Info(fermisurf):    773 of   1062 k-points
Info(fermisurf):    774 of   1062 k-points
Info(fermisurf):    775 of   1062 k-points
Info(fermisurf):    776 of   1062 k-points
Info(fermisurf):    777 of   1062 k-points
Info(fermisurf):    778 of   1062 k-points
Info(fermisurf):    779 of   1062 k-points
Info(fermisurf):    780 of   1062 k-points
Info(fermisurf):    781 of   1062 k-points
Info(fermisurf):    782 of   1062 k-points
Info(fermisurf):    783 of   1062 k-points
Info(fermisurf):    784 of   1062 k-points
Info(fermisurf):    785 of   1062 k-points
Info(fermisurf):    786 of   1062 k-points
Info(fermisurf):    787 of   1062 k-points
Info(fermisurf):    788 of   1062 k-points
Info(fermisurf):    789 of   1062 k-points
Info(fermisurf):    790 of   1062 k-points
Info(fermisurf):    791 of   1062 k-points
Info(fermisurf):    792 of   1062 k-points
Info(fermisurf):    793 of   1062 k-points
Info(fermisurf):    794 of   1062 k-points
Info(fermisurf):    795 of   1062 k-points
Info(fermisurf):    796 of   1062 k-points
Info(fermisurf):    797 of   1062 k-points
Info(fermisurf):    798 of   1062 k-points
Info(fermisurf):    799 of   1062 k-points
Info(fermisurf):    800 of   1062 k-points
Info(fermisurf):    801 of   1062 k-points
Info(fermisurf):    802 of   1062 k-points
Info(fermisurf):    803 of   1062 k-points
Info(fermisurf):    804 of   1062 k-points
Info(fermisurf):    805 of   1062 k-points
Info(fermisurf):    806 of   1062 k-points
Info(fermisurf):    807 of   1062 k-points
Info(fermisurf):    808 of   1062 k-points
Info(fermisurf):    809 of   1062 k-points
Info(fermisurf):    810 of   1062 k-points
Info(fermisurf):    811 of   1062 k-points
Info(fermisurf):    812 of   1062 k-points
Info(fermisurf):    813 of   1062 k-points
Info(fermisurf):    814 of   1062 k-points
Info(fermisurf):    815 of   1062 k-points
Info(fermisurf):    816 of   1062 k-points
Info(fermisurf):    817 of   1062 k-points
Info(fermisurf):    818 of   1062 k-points
Info(fermisurf):    819 of   1062 k-points
Info(fermisurf):    820 of   1062 k-points
Info(fermisurf):    821 of   1062 k-points
Info(fermisurf):    822 of   1062 k-points
Info(fermisurf):    823 of   1062 k-points
Info(fermisurf):    824 of   1062 k-points
Info(fermisurf):    825 of   1062 k-points
Info(fermisurf):    826 of   1062 k-points
Info(fermisurf):    827 of   1062 k-points
Info(fermisurf):    828 of   1062 k-points
Info(fermisurf):    829 of   1062 k-points
Info(fermisurf):    830 of   1062 k-points
Info(fermisurf):    831 of   1062 k-points
Info(fermisurf):    832 of   1062 k-points
Info(fermisurf):    833 of   1062 k-points
Info(fermisurf):    834 of   1062 k-points
Info(fermisurf):    835 of   1062 k-points
Info(fermisurf):    836 of   1062 k-points
Info(fermisurf):    837 of   1062 k-points
Info(fermisurf):    838 of   1062 k-points
Info(fermisurf):    839 of   1062 k-points
Info(fermisurf):    840 of   1062 k-points
Info(fermisurf):    841 of   1062 k-points
Info(fermisurf):    842 of   1062 k-points
Info(fermisurf):    843 of   1062 k-points
Info(fermisurf):    844 of   1062 k-points
Info(fermisurf):    845 of   1062 k-points
Info(fermisurf):    846 of   1062 k-points
Info(fermisurf):    847 of   1062 k-points
Info(fermisurf):    848 of   1062 k-points
Info(fermisurf):    849 of   1062 k-points
Info(fermisurf):    850 of   1062 k-points
Info(fermisurf):    851 of   1062 k-points
Info(fermisurf):    852 of   1062 k-points
Info(fermisurf):    853 of   1062 k-points
Info(fermisurf):    854 of   1062 k-points
Info(fermisurf):    855 of   1062 k-points
Info(fermisurf):    856 of   1062 k-points
Info(fermisurf):    857 of   1062 k-points
Info(fermisurf):    858 of   1062 k-points
Info(fermisurf):    859 of   1062 k-points
Info(fermisurf):    860 of   1062 k-points
Info(fermisurf):    861 of   1062 k-points
Info(fermisurf):    862 of   1062 k-points
Info(fermisurf):    863 of   1062 k-points
Info(fermisurf):    864 of   1062 k-points
Info(fermisurf):    865 of   1062 k-points
Info(fermisurf):    866 of   1062 k-points
Info(fermisurf):    867 of   1062 k-points
Info(fermisurf):    868 of   1062 k-points
Info(fermisurf):    869 of   1062 k-points
Info(fermisurf):    870 of   1062 k-points
Info(fermisurf):    871 of   1062 k-points
Info(fermisurf):    872 of   1062 k-points
Info(fermisurf):    873 of   1062 k-points
Info(fermisurf):    874 of   1062 k-points
Info(fermisurf):    875 of   1062 k-points
Info(fermisurf):    876 of   1062 k-points
Info(fermisurf):    877 of   1062 k-points
Info(fermisurf):    878 of   1062 k-points
Info(fermisurf):    879 of   1062 k-points
Info(fermisurf):    880 of   1062 k-points
Info(fermisurf):    881 of   1062 k-points
Info(fermisurf):    882 of   1062 k-points
Info(fermisurf):    883 of   1062 k-points
Info(fermisurf):    884 of   1062 k-points
Info(fermisurf):    885 of   1062 k-points
Info(fermisurf):    886 of   1062 k-points
Info(fermisurf):    887 of   1062 k-points
Info(fermisurf):    888 of   1062 k-points
Info(fermisurf):    889 of   1062 k-points
Info(fermisurf):    890 of   1062 k-points
Info(fermisurf):    891 of   1062 k-points
Info(fermisurf):    892 of   1062 k-points
Info(fermisurf):    893 of   1062 k-points
Info(fermisurf):    894 of   1062 k-points
Info(fermisurf):    895 of   1062 k-points
Info(fermisurf):    896 of   1062 k-points
Info(fermisurf):    897 of   1062 k-points
Info(fermisurf):    898 of   1062 k-points
Info(fermisurf):    899 of   1062 k-points
Info(fermisurf):    900 of   1062 k-points
Info(fermisurf):    901 of   1062 k-points
Info(fermisurf):    902 of   1062 k-points
Info(fermisurf):    903 of   1062 k-points
Info(fermisurf):    904 of   1062 k-points
Info(fermisurf):    905 of   1062 k-points
Info(fermisurf):    906 of   1062 k-points
Info(fermisurf):    907 of   1062 k-points
Info(fermisurf):    908 of   1062 k-points
Info(fermisurf):    909 of   1062 k-points
Info(fermisurf):    910 of   1062 k-points
Info(fermisurf):    911 of   1062 k-points
Info(fermisurf):    912 of   1062 k-points
Info(fermisurf):    913 of   1062 k-points
Info(fermisurf):    914 of   1062 k-points
Info(fermisurf):    915 of   1062 k-points
Info(fermisurf):    916 of   1062 k-points
Info(fermisurf):    917 of   1062 k-points
Info(fermisurf):    918 of   1062 k-points
Info(fermisurf):    919 of   1062 k-points
Info(fermisurf):    920 of   1062 k-points
Info(fermisurf):    921 of   1062 k-points
Info(fermisurf):    922 of   1062 k-points
Info(fermisurf):    923 of   1062 k-points
Info(fermisurf):    924 of   1062 k-points
Info(fermisurf):    925 of   1062 k-points
Info(fermisurf):    926 of   1062 k-points
Info(fermisurf):    927 of   1062 k-points
Info(fermisurf):    928 of   1062 k-points
Info(fermisurf):    929 of   1062 k-points
Info(fermisurf):    930 of   1062 k-points
Info(fermisurf):    931 of   1062 k-points
Info(fermisurf):    932 of   1062 k-points
Info(fermisurf):    933 of   1062 k-points
Info(fermisurf):    934 of   1062 k-points
Info(fermisurf):    935 of   1062 k-points
Info(fermisurf):    936 of   1062 k-points
Info(fermisurf):    937 of   1062 k-points
Info(fermisurf):    938 of   1062 k-points
Info(fermisurf):    939 of   1062 k-points
Info(fermisurf):    940 of   1062 k-points
Info(fermisurf):    941 of   1062 k-points
Info(fermisurf):    942 of   1062 k-points
Info(fermisurf):    943 of   1062 k-points
Info(fermisurf):    944 of   1062 k-points
Info(fermisurf):    945 of   1062 k-points
Info(fermisurf):    946 of   1062 k-points
Info(fermisurf):    947 of   1062 k-points
Info(fermisurf):    948 of   1062 k-points
Info(fermisurf):    949 of   1062 k-points
Info(fermisurf):    950 of   1062 k-points
Info(fermisurf):    951 of   1062 k-points
Info(fermisurf):    952 of   1062 k-points
Info(fermisurf):    953 of   1062 k-points
Info(fermisurf):    954 of   1062 k-points
Info(fermisurf):    955 of   1062 k-points
Info(fermisurf):    956 of   1062 k-points
Info(fermisurf):    957 of   1062 k-points
Info(fermisurf):    958 of   1062 k-points
Info(fermisurf):    959 of   1062 k-points
Info(fermisurf):    960 of   1062 k-points
Info(fermisurf):    961 of   1062 k-points
Info(fermisurf):    962 of   1062 k-points
Info(fermisurf):    963 of   1062 k-points
Info(fermisurf):    964 of   1062 k-points
Info(fermisurf):    965 of   1062 k-points
Info(fermisurf):    966 of   1062 k-points
Info(fermisurf):    967 of   1062 k-points
Info(fermisurf):    968 of   1062 k-points
Info(fermisurf):    969 of   1062 k-points
Info(fermisurf):    970 of   1062 k-points
Info(fermisurf):    971 of   1062 k-points
Info(fermisurf):    972 of   1062 k-points
Info(fermisurf):    973 of   1062 k-points
Info(fermisurf):    974 of   1062 k-points
Info(fermisurf):    975 of   1062 k-points
Info(fermisurf):    976 of   1062 k-points
Info(fermisurf):    977 of   1062 k-points
Info(fermisurf):    978 of   1062 k-points
Info(fermisurf):    979 of   1062 k-points
Info(fermisurf):    980 of   1062 k-points
Info(fermisurf):    981 of   1062 k-points
Info(fermisurf):    982 of   1062 k-points
Info(fermisurf):    983 of   1062 k-points
Info(fermisurf):    984 of   1062 k-points
Info(fermisurf):    985 of   1062 k-points
Info(fermisurf):    986 of   1062 k-points
Info(fermisurf):    987 of   1062 k-points
Info(fermisurf):    988 of   1062 k-points
Info(fermisurf):    989 of   1062 k-points
Info(fermisurf):    990 of   1062 k-points
Info(fermisurf):    991 of   1062 k-points
Info(fermisurf):    992 of   1062 k-points
Info(fermisurf):    993 of   1062 k-points
Info(fermisurf):    994 of   1062 k-points
Info(fermisurf):    995 of   1062 k-points
Info(fermisurf):    996 of   1062 k-points
Info(fermisurf):    997 of   1062 k-points
Info(fermisurf):    998 of   1062 k-points
Info(fermisurf):    999 of   1062 k-points
Info(fermisurf):   1000 of   1062 k-points
Info(fermisurf):   1001 of   1062 k-points
Info(fermisurf):   1002 of   1062 k-points
Info(fermisurf):   1003 of   1062 k-points
Info(fermisurf):   1004 of   1062 k-points
Info(fermisurf):   1005 of   1062 k-points
Info(fermisurf):   1006 of   1062 k-points
Info(fermisurf):   1007 of   1062 k-points
Info(fermisurf):   1008 of   1062 k-points
Info(fermisurf):   1009 of   1062 k-points
Info(fermisurf):   1010 of   1062 k-points
Info(fermisurf):   1011 of   1062 k-points
Info(fermisurf):   1012 of   1062 k-points
Info(fermisurf):   1013 of   1062 k-points
Info(fermisurf):   1014 of   1062 k-points
Info(fermisurf):   1015 of   1062 k-points
Info(fermisurf):   1016 of   1062 k-points
Info(fermisurf):   1017 of   1062 k-points
Info(fermisurf):   1018 of   1062 k-points
Info(fermisurf):   1019 of   1062 k-points
Info(fermisurf):   1020 of   1062 k-points
Info(fermisurf):   1021 of   1062 k-points
Info(fermisurf):   1022 of   1062 k-points
Info(fermisurf):   1023 of   1062 k-points
Info(fermisurf):   1024 of   1062 k-points
Info(fermisurf):   1025 of   1062 k-points
Info(fermisurf):   1026 of   1062 k-points
Info(fermisurf):   1027 of   1062 k-points
Info(fermisurf):   1028 of   1062 k-points
Info(fermisurf):   1029 of   1062 k-points
Info(fermisurf):   1030 of   1062 k-points
Info(fermisurf):   1031 of   1062 k-points
Info(fermisurf):   1032 of   1062 k-points
Info(fermisurf):   1033 of   1062 k-points
Info(fermisurf):   1034 of   1062 k-points
Info(fermisurf):   1035 of   1062 k-points
Info(fermisurf):   1036 of   1062 k-points
Info(fermisurf):   1037 of   1062 k-points
Info(fermisurf):   1038 of   1062 k-points
Info(fermisurf):   1039 of   1062 k-points
Info(fermisurf):   1040 of   1062 k-points
Info(fermisurf):   1041 of   1062 k-points
Info(fermisurf):   1042 of   1062 k-points
Info(fermisurf):   1043 of   1062 k-points
Info(fermisurf):   1044 of   1062 k-points
Info(fermisurf):   1045 of   1062 k-points
Info(fermisurf):   1046 of   1062 k-points
Info(fermisurf):   1047 of   1062 k-points
Info(fermisurf):   1048 of   1062 k-points
Info(fermisurf):   1049 of   1062 k-points
Info(fermisurf):   1050 of   1062 k-points
Info(fermisurf):   1051 of   1062 k-points
Info(fermisurf):   1052 of   1062 k-points
Info(fermisurf):   1053 of   1062 k-points
Info(fermisurf):   1054 of   1062 k-points
Info(fermisurf):   1055 of   1062 k-points
Info(fermisurf):   1056 of   1062 k-points
Info(fermisurf):   1057 of   1062 k-points
Info(fermisurf):   1058 of   1062 k-points
Info(fermisurf):   1059 of   1062 k-points
Info(fermisurf):   1060 of   1062 k-points
Info(fermisurf):   1061 of   1062 k-points
Info(fermisurf):   1062 of   1062 k-points
 
Info(fermisurf):
 3D Fermi surface data written to FERMISURF.OUT
 in terms of the product of eigenvalues minus the Fermi energy
 
