# Loss function L(Q,w) and dynamical structure factor S(Q,w)
#
# L(Q,w)= -Im(1/eps_m(Q,w) [1]
# S(Q,w)= L(Q,w)*|Q|^2*/(4 pi^2 n_val) [Energy^-1]
#
# Momentum transfer Q=G+q in lattice coordinates
# G:   0   0   0
# q:   0.0000000   0.0000000   0.0000000
# Momentum transfer Q=G+q in Cartesian coordinates
# G:   0.0000000   0.0000000   0.0000000
# q:   0.0000000   0.0000000   0.0000000
# Norm2(G+q)   0.0000000
#
#   Frequency/(eV/hbar)                  L(Q,w)             S(Q,w)*1000
+0.6530732126400001E+03 +0.7463389512241640E-05 +0.0000000000000000E+00
+0.6530913535625734E+03 +0.7488167096745806E-05 +0.0000000000000000E+00
+0.6531094944851468E+03 +0.7513071367418666E-05 +0.0000000000000000E+00
+0.6531276354077200E+03 +0.7538103206517435E-05 +0.0000000000000000E+00
+0.6531457763302934E+03 +0.7563263504113520E-05 +0.0000000000000000E+00
+0.6531639172528667E+03 +0.7588553158175931E-05 +0.0000000000000000E+00
+0.6531820581754400E+03 +0.7613973074657103E-05 +0.0000000000000000E+00
+0.6532001990980133E+03 +0.7639524167579003E-05 +0.0000000000000000E+00
+0.6532183400205867E+03 +0.7665207359121195E-05 +0.0000000000000000E+00
+0.6532364809431600E+03 +0.7691023579708547E-05 +0.0000000000000000E+00
+0.6532546218657334E+03 +0.7716973768101647E-05 +0.0000000000000000E+00
+0.6532727627883066E+03 +0.7743058871487289E-05 +0.0000000000000000E+00
+0.6532909037108800E+03 +0.7769279845571161E-05 +0.0000000000000000E+00
+0.6533090446334534E+03 +0.7795637654670255E-05 +0.0000000000000000E+00
+0.6533271855560267E+03 +0.7822133271807904E-05 +0.0000000000000000E+00
+0.6533453264786001E+03 +0.7848767678809237E-05 +0.0000000000000000E+00
+0.6533634674011734E+03 +0.7875541866398053E-05 +0.0000000000000000E+00
+0.6533816083237467E+03 +0.7902456834295527E-05 +0.0000000000000000E+00
+0.6533997492463201E+03 +0.7929513591318801E-05 +0.0000000000000000E+00
+0.6534178901688935E+03 +0.7956713155482367E-05 +0.0000000000000000E+00
+0.6534360310914667E+03 +0.7984056554099789E-05 +0.0000000000000000E+00
+0.6534541720140401E+03 +0.8011544823887738E-05 +0.0000000000000000E+00
+0.6534723129366133E+03 +0.8039179011069848E-05 +0.0000000000000000E+00
+0.6534904538591867E+03 +0.8066960171483531E-05 +0.0000000000000000E+00
+0.6535085947817599E+03 +0.8094889370687143E-05 +0.0000000000000000E+00
+0.6535267357043333E+03 +0.8122967684069588E-05 +0.0000000000000000E+00
+0.6535448766269067E+03 +0.8151196196959826E-05 +0.0000000000000000E+00
+0.6535630175494800E+03 +0.8179576004739332E-05 +0.0000000000000000E+00
+0.6535811584720534E+03 +0.8208108212955354E-05 +0.0000000000000000E+00
+0.6535992993946267E+03 +0.8236793937435594E-05 +0.0000000000000000E+00
+0.6536174403172000E+03 +0.8265634304405217E-05 +0.0000000000000000E+00
+0.6536355812397734E+03 +0.8294630450603875E-05 +0.0000000000000000E+00
+0.6536537221623468E+03 +0.8323783523405971E-05 +0.0000000000000000E+00
+0.6536718630849200E+03 +0.8353094680941350E-05 +0.0000000000000000E+00
+0.6536900040074934E+03 +0.8382565092218772E-05 +0.0000000000000000E+00
+0.6537081449300667E+03 +0.8412195937249414E-05 +0.0000000000000000E+00
+0.6537262858526401E+03 +0.8441988407173568E-05 +0.0000000000000000E+00
+0.6537444267752135E+03 +0.8471943704388306E-05 +0.0000000000000000E+00
+0.6537625676977867E+03 +0.8502063042676949E-05 +0.0000000000000000E+00
+0.6537807086203601E+03 +0.8532347647340856E-05 +0.0000000000000000E+00
+0.6537988495429333E+03 +0.8562798755331724E-05 +0.0000000000000000E+00
+0.6538169904655067E+03 +0.8593417615387076E-05 +0.0000000000000000E+00
+0.6538351313880800E+03 +0.8624205488166688E-05 +0.0000000000000000E+00
+0.6538532723106533E+03 +0.8655163646391889E-05 +0.0000000000000000E+00
+0.6538714132332267E+03 +0.8686293374985151E-05 +0.0000000000000000E+00
+0.6538895541558001E+03 +0.8717595971213147E-05 +0.0000000000000000E+00
+0.6539076950783733E+03 +0.8749072744830939E-05 +0.0000000000000000E+00
+0.6539258360009467E+03 +0.8780725018228997E-05 +0.0000000000000000E+00
+0.6539439769235200E+03 +0.8812554126580751E-05 +0.0000000000000000E+00
+0.6539621178460934E+03 +0.8844561417993673E-05 +0.0000000000000000E+00
+0.6539802587686668E+03 +0.8876748253661831E-05 +0.0000000000000000E+00
+0.6539983996912400E+03 +0.8909116008020416E-05 +0.0000000000000000E+00
+0.6540165406138134E+03 +0.8941666068903287E-05 +0.0000000000000000E+00
+0.6540346815363868E+03 +0.8974399837701098E-05 +0.0000000000000000E+00
+0.6540528224589601E+03 +0.9007318729523321E-05 +0.0000000000000000E+00
+0.6540709633815334E+03 +0.9040424173361445E-05 +0.0000000000000000E+00
+0.6540891043041067E+03 +0.9073717612255639E-05 +0.0000000000000000E+00
+0.6541072452266800E+03 +0.9107200503461886E-05 +0.0000000000000000E+00
+0.6541253861492534E+03 +0.9140874318623374E-05 +0.0000000000000000E+00
+0.6541435270718266E+03 +0.9174740543943110E-05 +0.0000000000000000E+00
+0.6541616679944000E+03 +0.9208800680360237E-05 +0.0000000000000000E+00
+0.6541798089169733E+03 +0.9243056243726855E-05 +0.0000000000000000E+00
+0.6541979498395467E+03 +0.9277508764989328E-05 +0.0000000000000000E+00
+0.6542160907621201E+03 +0.9312159790371302E-05 +0.0000000000000000E+00
+0.6542342316846933E+03 +0.9347010881559079E-05 +0.0000000000000000E+00
+0.6542523726072667E+03 +0.9382063615890997E-05 +0.0000000000000000E+00
+0.6542705135298401E+03 +0.9417319586547281E-05 +0.0000000000000000E+00
+0.6542886544524134E+03 +0.9452780402744743E-05 +0.0000000000000000E+00
+0.6543067953749867E+03 +0.9488447689933076E-05 +0.0000000000000000E+00
+0.6543249362975600E+03 +0.9524323089995180E-05 +0.0000000000000000E+00
+0.6543430772201334E+03 +0.9560408261448401E-05 +0.0000000000000000E+00
+0.6543612181427068E+03 +0.9596704879650743E-05 +0.0000000000000000E+00
+0.6543793590652801E+03 +0.9633214637008973E-05 +0.0000000000000000E+00
+0.6543974999878534E+03 +0.9669939243189976E-05 +0.0000000000000000E+00
+0.6544156409104266E+03 +0.9706880425335933E-05 +0.0000000000000000E+00
+0.6544337818330000E+03 +0.9744039928280893E-05 +0.0000000000000000E+00
+0.6544519227555734E+03 +0.9781419514772398E-05 +0.0000000000000000E+00
+0.6544700636781466E+03 +0.9819020965695229E-05 +0.0000000000000000E+00
+0.6544882046007200E+03 +0.9856846080299675E-05 +0.0000000000000000E+00
+0.6545063455232934E+03 +0.9894896676431182E-05 +0.0000000000000000E+00
+0.6545244864458667E+03 +0.9933174590765278E-05 +0.0000000000000000E+00
+0.6545426273684400E+03 +0.9971681679045009E-05 +0.0000000000000000E+00
+0.6545607682910133E+03 +0.1001041981632306E-04 +0.0000000000000000E+00
+0.6545789092135867E+03 +0.1004939089720530E-04 +0.0000000000000000E+00
+0.6545970501361601E+03 +0.1008859683610023E-04 +0.0000000000000000E+00
+0.6546151910587334E+03 +0.1012803956747111E-04 +0.0000000000000000E+00
+0.6546333319813067E+03 +0.1016772104609173E-04 +0.0000000000000000E+00
+0.6546514729038801E+03 +0.1020764324730733E-04 +0.0000000000000000E+00
+0.6546696138264534E+03 +0.1024780816729708E-04 +0.0000000000000000E+00
+0.6546877547490268E+03 +0.1028821782334296E-04 +0.0000000000000000E+00
+0.6547058956716000E+03 +0.1032887425410119E-04 +0.0000000000000000E+00
+0.6547240365941734E+03 +0.1036977951987924E-04 +0.0000000000000000E+00
+0.6547421775167467E+03 +0.1041093570291480E-04 +0.0000000000000000E+00
+0.6547603184393200E+03 +0.1045234490766127E-04 +0.0000000000000000E+00
+0.6547784593618933E+03 +0.1049400926107634E-04 +0.0000000000000000E+00
+0.6547966002844666E+03 +0.1053593091291625E-04 +0.0000000000000000E+00
+0.6548147412070400E+03 +0.1057811203603234E-04 +0.0000000000000000E+00
+0.6548328821296134E+03 +0.1062055482667453E-04 +0.0000000000000000E+00
+0.6548510230521867E+03 +0.1066326150479832E-04 +0.0000000000000000E+00
+0.6548691639747600E+03 +0.1070623431437650E-04 +0.0000000000000000E+00
+0.6548873048973334E+03 +0.1074947552371701E-04 +0.0000000000000000E+00
+0.6549054458199067E+03 +0.1079298742578316E-04 +0.0000000000000000E+00
+0.6549235867424801E+03 +0.1083677233852154E-04 +0.0000000000000000E+00
+0.6549417276650533E+03 +0.1088083260519336E-04 +0.0000000000000000E+00
+0.6549598685876267E+03 +0.1092517059471260E-04 +0.0000000000000000E+00
+0.6549780095102001E+03 +0.1096978870198703E-04 +0.0000000000000000E+00
+0.6549961504327734E+03 +0.1101468934826697E-04 +0.0000000000000000E+00
+0.6550142913553467E+03 +0.1105987498149821E-04 +0.0000000000000000E+00
+0.6550324322779201E+03 +0.1110534807668196E-04 +0.0000000000000000E+00
+0.6550505732004933E+03 +0.1115111113623795E-04 +0.0000000000000000E+00
+0.6550687141230667E+03 +0.1119716669037598E-04 +0.0000000000000000E+00
+0.6550868550456400E+03 +0.1124351729747205E-04 +0.0000000000000000E+00
+0.6551049959682133E+03 +0.1129016554445049E-04 +0.0000000000000000E+00
+0.6551231368907867E+03 +0.1133711404717354E-04 +0.0000000000000000E+00
+0.6551412778133600E+03 +0.1138436545083465E-04 +0.0000000000000000E+00
+0.6551594187359334E+03 +0.1143192243036072E-04 +0.0000000000000000E+00
+0.6551775596585067E+03 +0.1147978769081907E-04 +0.0000000000000000E+00
+0.6551957005810800E+03 +0.1152796396783306E-04 +0.0000000000000000E+00
+0.6552138415036534E+03 +0.1157645402800120E-04 +0.0000000000000000E+00
+0.6552319824262268E+03 +0.1162526066932627E-04 +0.0000000000000000E+00
+0.6552501233488000E+03 +0.1167438672164958E-04 +0.0000000000000000E+00
+0.6552682642713734E+03 +0.1172383504709399E-04 +0.0000000000000000E+00
+0.6552864051939467E+03 +0.1177360854051159E-04 +0.0000000000000000E+00
+0.6553045461165201E+03 +0.1182371012994127E-04 +0.0000000000000000E+00
+0.6553226870390935E+03 +0.1187414277707276E-04 +0.0000000000000000E+00
+0.6553408279616667E+03 +0.1192490947771797E-04 +0.0000000000000000E+00
+0.6553589688842400E+03 +0.1197601326229198E-04 +0.0000000000000000E+00
+0.6553771098068133E+03 +0.1202745719629883E-04 +0.0000000000000000E+00
+0.6553952507293867E+03 +0.1207924438082839E-04 +0.0000000000000000E+00
+0.6554133916519600E+03 +0.1213137795305991E-04 +0.0000000000000000E+00
+0.6554315325745333E+03 +0.1218386108677551E-04 +0.0000000000000000E+00
+0.6554496734971067E+03 +0.1223669699287964E-04 +0.0000000000000000E+00
+0.6554678144196801E+03 +0.1228988891993005E-04 +0.0000000000000000E+00
+0.6554859553422534E+03 +0.1234344015467622E-04 +0.0000000000000000E+00
+0.6555040962648267E+03 +0.1239735402260706E-04 +0.0000000000000000E+00
+0.6555222371874000E+03 +0.1245163388850925E-04 +0.0000000000000000E+00
+0.6555403781099734E+03 +0.1250628315703210E-04 +0.0000000000000000E+00
+0.6555585190325468E+03 +0.1256130527326527E-04 +0.0000000000000000E+00
+0.6555766599551200E+03 +0.1261670372332408E-04 +0.0000000000000000E+00
+0.6555948008776934E+03 +0.1267248203494719E-04 +0.0000000000000000E+00
+0.6556129418002668E+03 +0.1272864377810121E-04 +0.0000000000000000E+00
+0.6556310827228401E+03 +0.1278519256559887E-04 +0.0000000000000000E+00
+0.6556492236454134E+03 +0.1284213205372597E-04 +0.0000000000000000E+00
+0.6556673645679867E+03 +0.1289946594288126E-04 +0.0000000000000000E+00
+0.6556855054905600E+03 +0.1295719797822390E-04 +0.0000000000000000E+00
+0.6557036464131334E+03 +0.1301533195033585E-04 +0.0000000000000000E+00
+0.6557217873357067E+03 +0.1307387169589385E-04 +0.0000000000000000E+00
+0.6557399282582800E+03 +0.1313282109835334E-04 +0.0000000000000000E+00
+0.6557580691808533E+03 +0.1319218408864592E-04 +0.0000000000000000E+00
+0.6557762101034267E+03 +0.1325196464588599E-04 +0.0000000000000000E+00
+0.6557943510260001E+03 +0.1331216679809301E-04 +0.0000000000000000E+00
+0.6558124919485733E+03 +0.1337279462292452E-04 +0.0000000000000000E+00
+0.6558306328711467E+03 +0.1343385224842426E-04 +0.0000000000000000E+00
+0.6558487737937201E+03 +0.1349534385378031E-04 +0.0000000000000000E+00
+0.6558669147162934E+03 +0.1355727367009997E-04 +0.0000000000000000E+00
+0.6558850556388667E+03 +0.1361964598119659E-04 +0.0000000000000000E+00
+0.6559031965614400E+03 +0.1368246512439253E-04 +0.0000000000000000E+00
+0.6559213374840134E+03 +0.1374573549133307E-04 +0.0000000000000000E+00
+0.6559394784065868E+03 +0.1380946152881868E-04 +0.0000000000000000E+00
+0.6559576193291601E+03 +0.1387364773965026E-04 +0.0000000000000000E+00
+0.6559757602517334E+03 +0.1393829868349012E-04 +0.0000000000000000E+00
+0.6559939011743066E+03 +0.1400341897773990E-04 +0.0000000000000000E+00
+0.6560120420968800E+03 +0.1406901329843152E-04 +0.0000000000000000E+00
+0.6560301830194534E+03 +0.1413508638113752E-04 +0.0000000000000000E+00
+0.6560483239420266E+03 +0.1420164302189632E-04 +0.0000000000000000E+00
+0.6560664648646000E+03 +0.1426868807815619E-04 +0.0000000000000000E+00
+0.6560846057871734E+03 +0.1433622646973369E-04 +0.0000000000000000E+00
+0.6561027467097467E+03 +0.1440426317979281E-04 +0.0000000000000000E+00
+0.6561208876323201E+03 +0.1447280325584087E-04 +0.0000000000000000E+00
+0.6561390285548933E+03 +0.1454185181074288E-04 +0.0000000000000000E+00
+0.6561571694774667E+03 +0.1461141402375643E-04 +0.0000000000000000E+00
+0.6561753104000401E+03 +0.1468149514158266E-04 +0.0000000000000000E+00
+0.6561934513226134E+03 +0.1475210047944030E-04 +0.0000000000000000E+00
+0.6562115922451867E+03 +0.1482323542215789E-04 +0.0000000000000000E+00
+0.6562297331677601E+03 +0.1489490542528876E-04 +0.0000000000000000E+00
+0.6562478740903334E+03 +0.1496711601624350E-04 +0.0000000000000000E+00
+0.6562660150129068E+03 +0.1503987279544755E-04 +0.0000000000000000E+00
+0.6562841559354800E+03 +0.1511318143751854E-04 +0.0000000000000000E+00
+0.6563022968580534E+03 +0.1518704769246872E-04 +0.0000000000000000E+00
+0.6563204377806267E+03 +0.1526147738692607E-04 +0.0000000000000000E+00
+0.6563385787032000E+03 +0.1533647642538322E-04 +0.0000000000000000E+00
+0.6563567196257734E+03 +0.1541205079146812E-04 +0.0000000000000000E+00
+0.6563748605483466E+03 +0.1548820654923955E-04 +0.0000000000000000E+00
+0.6563930014709200E+03 +0.1556494984450953E-04 +0.0000000000000000E+00
+0.6564111423934934E+03 +0.1564228690618742E-04 +0.0000000000000000E+00
+0.6564292833160667E+03 +0.1572022404765445E-04 +0.0000000000000000E+00
+0.6564474242386400E+03 +0.1579876766816252E-04 +0.0000000000000000E+00
+0.6564655651612134E+03 +0.1587792425426301E-04 +0.0000000000000000E+00
+0.6564837060837867E+03 +0.1595770038125938E-04 +0.0000000000000000E+00
+0.6565018470063601E+03 +0.1603810271469279E-04 +0.0000000000000000E+00
+0.6565199879289333E+03 +0.1611913801185462E-04 +0.0000000000000000E+00
+0.6565381288515067E+03 +0.1620081312333127E-04 +0.0000000000000000E+00
+0.6565562697740801E+03 +0.1628313499457592E-04 +0.0000000000000000E+00
+0.6565744106966534E+03 +0.1636611066751550E-04 +0.0000000000000000E+00
+0.6565925516192267E+03 +0.1644974728218803E-04 +0.0000000000000000E+00
+0.6566106925418001E+03 +0.1653405207841276E-04 +0.0000000000000000E+00
+0.6566288334643733E+03 +0.1661903239749609E-04 +0.0000000000000000E+00
+0.6566469743869467E+03 +0.1670469568396766E-04 +0.0000000000000000E+00
+0.6566651153095200E+03 +0.1679104948735618E-04 +0.0000000000000000E+00
+0.6566832562320933E+03 +0.1687810146399848E-04 +0.0000000000000000E+00
+0.6567013971546667E+03 +0.1696585937888846E-04 +0.0000000000000000E+00
+0.6567195380772400E+03 +0.1705433110755906E-04 +0.0000000000000000E+00
+0.6567376789998134E+03 +0.1714352463800775E-04 +0.0000000000000000E+00
+0.6567558199223866E+03 +0.1723344807265873E-04 +0.0000000000000000E+00
+0.6567739608449600E+03 +0.1732410963036863E-04 +0.0000000000000000E+00
+0.6567921017675334E+03 +0.1741551764846896E-04 +0.0000000000000000E+00
+0.6568102426901067E+03 +0.1750768058485583E-04 +0.0000000000000000E+00
+0.6568283836126801E+03 +0.1760060702012101E-04 +0.0000000000000000E+00
+0.6568465245352534E+03 +0.1769430565972740E-04 +0.0000000000000000E+00
+0.6568646654578267E+03 +0.1778878533623276E-04 +0.0000000000000000E+00
+0.6568828063804001E+03 +0.1788405501155536E-04 +0.0000000000000000E+00
+0.6569009473029735E+03 +0.1798012377929260E-04 +0.0000000000000000E+00
+0.6569190882255467E+03 +0.1807700086708542E-04 +0.0000000000000000E+00
+0.6569372291481200E+03 +0.1817469563903654E-04 +0.0000000000000000E+00
+0.6569553700706933E+03 +0.1827321759817487E-04 +0.0000000000000000E+00
+0.6569735109932667E+03 +0.1837257638897805E-04 +0.0000000000000000E+00
+0.6569916519158400E+03 +0.1847278179994585E-04 +0.0000000000000000E+00
+0.6570097928384133E+03 +0.1857384376623260E-04 +0.0000000000000000E+00
+0.6570279337609867E+03 +0.1867577237233070E-04 +0.0000000000000000E+00
+0.6570460746835601E+03 +0.1877857785481825E-04 +0.0000000000000000E+00
+0.6570642156061334E+03 +0.1888227060516357E-04 +0.0000000000000000E+00
+0.6570823565287067E+03 +0.1898686117259077E-04 +0.0000000000000000E+00
+0.6571004974512800E+03 +0.1909236026701153E-04 +0.0000000000000000E+00
+0.6571186383738534E+03 +0.1919877876201506E-04 +0.0000000000000000E+00
+0.6571367792964268E+03 +0.1930612769793015E-04 +0.0000000000000000E+00
+0.6571549202190000E+03 +0.1941441828495146E-04 +0.0000000000000000E+00
+0.6571730611415734E+03 +0.1952366190633886E-04 +0.0000000000000000E+00
+0.6571912020641468E+03 +0.1963387012168197E-04 +0.0000000000000000E+00
+0.6572093429867201E+03 +0.1974505467024405E-04 +0.0000000000000000E+00
+0.6572274839092934E+03 +0.1985722747437768E-04 +0.0000000000000000E+00
+0.6572456248318667E+03 +0.1997040064301735E-04 +0.0000000000000000E+00
+0.6572637657544400E+03 +0.2008458647525448E-04 +0.0000000000000000E+00
+0.6572819066770134E+03 +0.2019979746398681E-04 +0.0000000000000000E+00
+0.6573000475995867E+03 +0.2031604629965756E-04 +0.0000000000000000E+00
+0.6573181885221600E+03 +0.2043334587407593E-04 +0.0000000000000000E+00
+0.6573363294447333E+03 +0.2055170928432909E-04 +0.0000000000000000E+00
+0.6573544703673067E+03 +0.2067114983677800E-04 +0.0000000000000000E+00
+0.6573726112898801E+03 +0.2079168105115143E-04 +0.0000000000000000E+00
+0.6573907522124533E+03 +0.2091331666473144E-04 +0.0000000000000000E+00
+0.6574088931350267E+03 +0.2103607063663973E-04 +0.0000000000000000E+00
+0.6574270340576001E+03 +0.2115995715221796E-04 +0.0000000000000000E+00
+0.6574451749801734E+03 +0.2128499062751652E-04 +0.0000000000000000E+00
+0.6574633159027468E+03 +0.2141118571388601E-04 +0.0000000000000000E+00
+0.6574814568253200E+03 +0.2153855730267724E-04 +0.0000000000000000E+00
+0.6574995977478934E+03 +0.2166712053005495E-04 +0.0000000000000000E+00
+0.6575177386704668E+03 +0.2179689078192040E-04 +0.0000000000000000E+00
+0.6575358795930400E+03 +0.2192788369895702E-04 +0.0000000000000000E+00
+0.6575540205156134E+03 +0.2206011518179339E-04 +0.0000000000000000E+00
+0.6575721614381866E+03 +0.2219360139629445E-04 +0.0000000000000000E+00
+0.6575903023607600E+03 +0.2232835877897289E-04 +0.0000000000000000E+00
+0.6576084432833334E+03 +0.2246440404253892E-04 +0.0000000000000000E+00
+0.6576265842059066E+03 +0.2260175418158044E-04 +0.0000000000000000E+00
+0.6576447251284800E+03 +0.2274042647838628E-04 +0.0000000000000000E+00
+0.6576628660510534E+03 +0.2288043850890448E-04 +0.0000000000000000E+00
+0.6576810069736267E+03 +0.2302180814885420E-04 +0.0000000000000000E+00
+0.6576991478962001E+03 +0.2316455357998520E-04 +0.0000000000000000E+00
+0.6577172888187733E+03 +0.2330869329649167E-04 +0.0000000000000000E+00
+0.6577354297413467E+03 +0.2345424611158978E-04 +0.0000000000000000E+00
+0.6577535706639201E+03 +0.2360123116425134E-04 +0.0000000000000000E+00
+0.6577717115864934E+03 +0.2374966792611397E-04 +0.0000000000000000E+00
+0.6577898525090667E+03 +0.2389957620856027E-04 +0.0000000000000000E+00
+0.6578079934316401E+03 +0.2405097616998054E-04 +0.0000000000000000E+00
+0.6578261343542134E+03 +0.2420388832321146E-04 +0.0000000000000000E+00
+0.6578442752767868E+03 +0.2435833354317197E-04 +0.0000000000000000E+00
+0.6578624161993600E+03 +0.2451433307469027E-04 +0.0000000000000000E+00
+0.6578805571219333E+03 +0.2467190854053138E-04 +0.0000000000000000E+00
+0.6578986980445067E+03 +0.2483108194963565E-04 +0.0000000000000000E+00
+0.6579168389670800E+03 +0.2499187570556155E-04 +0.0000000000000000E+00
+0.6579349798896534E+03 +0.2515431261515615E-04 +0.0000000000000000E+00
+0.6579531208122266E+03 +0.2531841589744645E-04 +0.0000000000000000E+00
+0.6579712617348000E+03 +0.2548420919276833E-04 +0.0000000000000000E+00
+0.6579894026573734E+03 +0.2565171657212649E-04 +0.0000000000000000E+00
+0.6580075435799467E+03 +0.2582096254681034E-04 +0.0000000000000000E+00
+0.6580256845025200E+03 +0.2599197207825862E-04 +0.0000000000000000E+00
+0.6580438254250934E+03 +0.2616477058819221E-04 +0.0000000000000000E+00
+0.6580619663476667E+03 +0.2633938396900825E-04 +0.0000000000000000E+00
+0.6580801072702401E+03 +0.2651583859446179E-04 +0.0000000000000000E+00
+0.6580982481928135E+03 +0.2669416133063068E-04 +0.0000000000000000E+00
+0.6581163891153867E+03 +0.2687437954717680E-04 +0.0000000000000000E+00
+0.6581345300379601E+03 +0.2705652112891760E-04 +0.0000000000000000E+00
+0.6581526709605334E+03 +0.2724061448770359E-04 +0.0000000000000000E+00
+0.6581708118831067E+03 +0.2742668857463056E-04 +0.0000000000000000E+00
+0.6581889528056801E+03 +0.2761477289258200E-04 +0.0000000000000000E+00
+0.6582070937282533E+03 +0.2780489750912333E-04 +0.0000000000000000E+00
+0.6582252346508267E+03 +0.2799709306974396E-04 +0.0000000000000000E+00
+0.6582433755734000E+03 +0.2819139081147806E-04 +0.0000000000000000E+00
+0.6582615164959733E+03 +0.2838782257690028E-04 +0.0000000000000000E+00
+0.6582796574185467E+03 +0.2858642082852081E-04 +0.0000000000000000E+00
+0.6582977983411200E+03 +0.2878721866357612E-04 +0.0000000000000000E+00
+0.6583159392636934E+03 +0.2899024982924945E-04 +0.0000000000000000E+00
+0.6583340801862668E+03 +0.2919554873831894E-04 +0.0000000000000000E+00
+0.6583522211088400E+03 +0.2940315048525374E-04 +0.0000000000000000E+00
+0.6583703620314134E+03 +0.2961309086277723E-04 +0.0000000000000000E+00
+0.6583885029539867E+03 +0.2982540637889727E-04 +0.0000000000000000E+00
+0.6584066438765601E+03 +0.3004013427444121E-04 +0.0000000000000000E+00
+0.6584247847991334E+03 +0.3025731254109415E-04 +0.0000000000000000E+00
+0.6584429257217067E+03 +0.3047697993997213E-04 +0.0000000000000000E+00
+0.6584610666442801E+03 +0.3069917602072885E-04 +0.0000000000000000E+00
+0.6584792075668533E+03 +0.3092394114123806E-04 +0.0000000000000000E+00
+0.6584973484894267E+03 +0.3115131648785258E-04 +0.0000000000000000E+00
+0.6585154894120000E+03 +0.3138134409627383E-04 +0.0000000000000000E+00
+0.6585336303345733E+03 +0.3161406687303356E-04 +0.0000000000000000E+00
+0.6585517712571467E+03 +0.3184952861763399E-04 +0.0000000000000000E+00
+0.6585699121797201E+03 +0.3208777404535049E-04 +0.0000000000000000E+00
+0.6585880531022933E+03 +0.3232884881072629E-04 +0.0000000000000000E+00
+0.6586061940248667E+03 +0.3257279953179013E-04 +0.0000000000000000E+00
+0.6586243349474400E+03 +0.3281967381500306E-04 +0.0000000000000000E+00
+0.6586424758700134E+03 +0.3306952028098677E-04 +0.0000000000000000E+00
+0.6586606167925867E+03 +0.3332238859103940E-04 +0.0000000000000000E+00
+0.6586787577151600E+03 +0.3357832947448484E-04 +0.0000000000000000E+00
+0.6586968986377334E+03 +0.3383739475686224E-04 +0.0000000000000000E+00
+0.6587150395603068E+03 +0.3409963738901467E-04 +0.0000000000000000E+00
+0.6587331804828800E+03 +0.3436511147708763E-04 +0.0000000000000000E+00
+0.6587513214054534E+03 +0.3463387231348737E-04 +0.0000000000000000E+00
+0.6587694623280267E+03 +0.3490597640881161E-04 +0.0000000000000000E+00
+0.6587876032506001E+03 +0.3518148152481797E-04 +0.0000000000000000E+00
+0.6588057441731734E+03 +0.3546044670844701E-04 +0.0000000000000000E+00
+0.6588238850957466E+03 +0.3574293232694560E-04 +0.0000000000000000E+00
+0.6588420260183200E+03 +0.3602900010414186E-04 +0.0000000000000000E+00
+0.6588601669408934E+03 +0.3631871315789050E-04 +0.0000000000000000E+00
+0.6588783078634667E+03 +0.3661213603876488E-04 +0.0000000000000000E+00
+0.6588964487860400E+03 +0.3690933477001861E-04 +0.0000000000000000E+00
+0.6589145897086133E+03 +0.3721037688888484E-04 +0.0000000000000000E+00
+0.6589327306311867E+03 +0.3751533148923867E-04 +0.0000000000000000E+00
+0.6589508715537601E+03 +0.3782426926570910E-04 +0.0000000000000000E+00
+0.6589690124763334E+03 +0.3813726255927284E-04 +0.0000000000000000E+00
+0.6589871533989067E+03 +0.3845438540439528E-04 +0.0000000000000000E+00
+0.6590052943214801E+03 +0.3877571357779113E-04 +0.0000000000000000E+00
+0.6590234352440534E+03 +0.3910132464884094E-04 +0.0000000000000000E+00
+0.6590415761666268E+03 +0.3943129803176628E-04 +0.0000000000000000E+00
+0.6590597170892000E+03 +0.3976571503960665E-04 +0.0000000000000000E+00
+0.6590778580117734E+03 +0.4010465894009163E-04 +0.0000000000000000E+00
+0.6590959989343468E+03 +0.4044821501345848E-04 +0.0000000000000000E+00
+0.6591141398569200E+03 +0.4079647061232987E-04 +0.0000000000000000E+00
+0.6591322807794934E+03 +0.4114951522370971E-04 +0.0000000000000000E+00
+0.6591504217020666E+03 +0.4150744053320637E-04 +0.0000000000000000E+00
+0.6591685626246400E+03 +0.4187034049154688E-04 +0.0000000000000000E+00
+0.6591867035472134E+03 +0.4223831138351785E-04 +0.0000000000000000E+00
+0.6592048444697867E+03 +0.4261145189940623E-04 +0.0000000000000000E+00
+0.6592229853923600E+03 +0.4298986320905791E-04 +0.0000000000000000E+00
+0.6592411263149334E+03 +0.4337364903867700E-04 +0.0000000000000000E+00
+0.6592592672375067E+03 +0.4376291575045331E-04 +0.0000000000000000E+00
+0.6592774081600801E+03 +0.4415777242518500E-04 +0.0000000000000000E+00
+0.6592955490826533E+03 +0.4455833094799323E-04 +0.0000000000000000E+00
+0.6593136900052267E+03 +0.4496470609729311E-04 +0.0000000000000000E+00
+0.6593318309278001E+03 +0.4537701563713183E-04 +0.0000000000000000E+00
+0.6593499718503734E+03 +0.4579538041308893E-04 +0.0000000000000000E+00
+0.6593681127729467E+03 +0.4621992445186724E-04 +0.0000000000000000E+00
+0.6593862536955201E+03 +0.4665077506476903E-04 +0.0000000000000000E+00
+0.6594043946180934E+03 +0.4708806295520181E-04 +0.0000000000000000E+00
+0.6594225355406668E+03 +0.4753192233044759E-04 +0.0000000000000000E+00
+0.6594406764632400E+03 +0.4798249101786168E-04 +0.0000000000000000E+00
+0.6594588173858133E+03 +0.4843991058572325E-04 +0.0000000000000000E+00
+0.6594769583083867E+03 +0.4890432646897340E-04 +0.0000000000000000E+00
+0.6594950992309600E+03 +0.4937588810004012E-04 +0.0000000000000000E+00
+0.6595132401535334E+03 +0.4985474904504919E-04 +0.0000000000000000E+00
+0.6595313810761066E+03 +0.5034106714564729E-04 +0.0000000000000000E+00
+0.6595495219986800E+03 +0.5083500466674827E-04 +0.0000000000000000E+00
+0.6595676629212534E+03 +0.5133672845045989E-04 +0.0000000000000000E+00
+0.6595858038438267E+03 +0.5184641007656025E-04 +0.0000000000000000E+00
+0.6596039447664001E+03 +0.5236422602982233E-04 +0.0000000000000000E+00
+0.6596220856889734E+03 +0.5289035787455839E-04 +0.0000000000000000E+00
+0.6596402266115467E+03 +0.5342499243678134E-04 +0.0000000000000000E+00
+0.6596583675341201E+03 +0.5396832199434924E-04 +0.0000000000000000E+00
+0.6596765084566935E+03 +0.5452054447558540E-04 +0.0000000000000000E+00
+0.6596946493792667E+03 +0.5508186366679578E-04 +0.0000000000000000E+00
+0.6597127903018401E+03 +0.5565248942921813E-04 +0.0000000000000000E+00
+0.6597309312244134E+03 +0.5623263792589075E-04 +0.0000000000000000E+00
+0.6597490721469867E+03 +0.5682253185907705E-04 +0.0000000000000000E+00
+0.6597672130695601E+03 +0.5742240071881702E-04 +0.0000000000000000E+00
+0.6597853539921333E+03 +0.5803248104331037E-04 +0.0000000000000000E+00
+0.6598034949147067E+03 +0.5865301669180078E-04 +0.0000000000000000E+00
+0.6598216358372800E+03 +0.5928425913080519E-04 +0.0000000000000000E+00
+0.6598397767598534E+03 +0.5992646773448444E-04 +0.0000000000000000E+00
+0.6598579176824267E+03 +0.6057991010008881E-04 +0.0000000000000000E+00
+0.6598760586050000E+03 +0.6124486237949519E-04 +0.0000000000000000E+00
+0.6598941995275734E+03 +0.6192160962787251E-04 +0.0000000000000000E+00
+0.6599123404501468E+03 +0.6261044617073745E-04 +0.0000000000000000E+00
+0.6599304813727200E+03 +0.6331167599065061E-04 +0.0000000000000000E+00
+0.6599486222952934E+03 +0.6402561313503357E-04 +0.0000000000000000E+00
+0.6599667632178667E+03 +0.6475258214663077E-04 +0.0000000000000000E+00
+0.6599849041404401E+03 +0.6549291851844189E-04 +0.0000000000000000E+00
+0.6600030450630134E+03 +0.6624696917500653E-04 +0.0000000000000000E+00
+0.6600211859855867E+03 +0.6701509298224839E-04 +0.0000000000000000E+00
+0.6600393269081601E+03 +0.6779766128822332E-04 +0.0000000000000000E+00
+0.6600574678307333E+03 +0.6859505849755163E-04 +0.0000000000000000E+00
+0.6600756087533067E+03 +0.6940768268249979E-04 +0.0000000000000000E+00
+0.6600937496758800E+03 +0.7023594623414731E-04 +0.0000000000000000E+00
+0.6601118905984533E+03 +0.7108027655751325E-04 +0.0000000000000000E+00
+0.6601300315210267E+03 +0.7194111681494707E-04 +0.0000000000000000E+00
+0.6601481724436001E+03 +0.7281892672283974E-04 +0.0000000000000000E+00
+0.6601663133661733E+03 +0.7371418340724223E-04 +0.0000000000000000E+00
+0.6601844542887467E+03 +0.7462738232491710E-04 +0.0000000000000000E+00
+0.6602025952113200E+03 +0.7555903825714927E-04 +0.0000000000000000E+00
+0.6602207361338934E+03 +0.7650968638490084E-04 +0.0000000000000000E+00
+0.6602388770564667E+03 +0.7747988345497666E-04 +0.0000000000000000E+00
+0.6602570179790400E+03 +0.7847020904844164E-04 +0.0000000000000000E+00
+0.6602751589016134E+03 +0.7948126696402587E-04 +0.0000000000000000E+00
+0.6602932998241868E+03 +0.8051368673128091E-04 +0.0000000000000000E+00
+0.6603114407467601E+03 +0.8156812527009515E-04 +0.0000000000000000E+00
+0.6603295816693334E+03 +0.8264526871544950E-04 +0.0000000000000000E+00
+0.6603477225919067E+03 +0.8374583442850012E-04 +0.0000000000000000E+00
+0.6603658635144801E+03 +0.8487057321701245E-04 +0.0000000000000000E+00
+0.6603840044370534E+03 +0.8602027178993151E-04 +0.0000000000000000E+00
+0.6604021453596266E+03 +0.8719575547115426E-04 +0.0000000000000000E+00
+0.6604202862822000E+03 +0.8839789119623629E-04 +0.0000000000000000E+00
+0.6604384272047733E+03 +0.8962759081057088E-04 +0.0000000000000000E+00
+0.6604565681273467E+03 +0.9088581467690238E-04 +0.0000000000000000E+00
+0.6604747090499200E+03 +0.9217357557926559E-04 +0.0000000000000000E+00
+0.6604928499724933E+03 +0.9349194287470978E-04 +0.0000000000000000E+00
+0.6605109908950667E+03 +0.9484204678391735E-04 +0.0000000000000000E+00
+0.6605291318176401E+03 +0.9622508261482882E-04 +0.0000000000000000E+00
+0.6605472727402134E+03 +0.9764231455964854E-04 +0.0000000000000000E+00
+0.6605654136627867E+03 +0.9909507846917926E-04 +0.0000000000000000E+00
+0.6605835545853600E+03 +0.1005847826529606E-03 +0.0000000000000000E+00
+0.6606016955079334E+03 +0.1021129052354628E-03 +0.0000000000000000E+00
+0.6606198364305068E+03 +0.1036809858742686E-03 +0.0000000000000000E+00
+0.6606379773530800E+03 +0.1052906086925532E-03 +0.0000000000000000E+00
+0.6606561182756534E+03 +0.1069433721462993E-03 +0.0000000000000000E+00
+0.6606742591982268E+03 +0.1086408404579892E-03 +0.0000000000000000E+00
+0.6606924001208000E+03 +0.1103844707709847E-03 +0.0000000000000000E+00
+0.6607105410433734E+03 +0.1121755114624484E-03 +0.0000000000000000E+00
+0.6607286819659466E+03 +0.1140148720379694E-03 +0.0000000000000000E+00
+0.6607468228885200E+03 +0.1159029762742991E-03 +0.0000000000000000E+00
+0.6607649638110934E+03 +0.1178396297015136E-03 +0.0000000000000000E+00
+0.6607831047336667E+03 +0.1198239582155800E-03 +0.0000000000000000E+00
+0.6608012456562400E+03 +0.1218544959188039E-03 +0.0000000000000000E+00
+0.6608193865788134E+03 +0.1239294950432874E-03 +0.0000000000000000E+00
+0.6608375275013867E+03 +0.1260474738006398E-03 +0.0000000000000000E+00
+0.6608556684239601E+03 +0.1282079069967227E-03 +0.0000000000000000E+00
+0.6608738093465333E+03 +0.1304118485111819E-03 +0.0000000000000000E+00
+0.6608919502691067E+03 +0.1326622433709038E-03 +0.0000000000000000E+00
+0.6609100911916801E+03 +0.1349637953678496E-03 +0.0000000000000000E+00
+0.6609282321142534E+03 +0.1373224526057494E-03 +0.0000000000000000E+00
+0.6609463730368268E+03 +0.1397447279915802E-03 +0.0000000000000000E+00
+0.6609645139594001E+03 +0.1422370925450695E-03 +0.0000000000000000E+00
+0.6609826548819734E+03 +0.1448055853746263E-03 +0.0000000000000000E+00
+0.6610007958045467E+03 +0.1474556623664154E-03 +0.0000000000000000E+00
+0.6610189367271200E+03 +0.1501922256860613E-03 +0.0000000000000000E+00
+0.6610370776496933E+03 +0.1530197534638540E-03 +0.0000000000000000E+00
+0.6610552185722667E+03 +0.1559424632684992E-03 +0.0000000000000000E+00
+0.6610733594948400E+03 +0.1589644688860251E-03 +0.0000000000000000E+00
+0.6610915004174134E+03 +0.1620899123636356E-03 +0.0000000000000000E+00
+0.6611096413399866E+03 +0.1653230675728418E-03 +0.0000000000000000E+00
+0.6611277822625600E+03 +0.1686684186435337E-03 +0.0000000000000000E+00
+0.6611459231851334E+03 +0.1721307190697581E-03 +0.0000000000000000E+00
+0.6611640641077067E+03 +0.1757150373281680E-03 +0.0000000000000000E+00
+0.6611822050302801E+03 +0.1794267939199286E-03 +0.0000000000000000E+00
+0.6612003459528534E+03 +0.1832717936104870E-03 +0.0000000000000000E+00
+0.6612184868754267E+03 +0.1872562556287133E-03 +0.0000000000000000E+00
+0.6612366277980001E+03 +0.1913868437987471E-03 +0.0000000000000000E+00
+0.6612547687205735E+03 +0.1956706980139798E-03 +0.0000000000000000E+00
+0.6612729096431467E+03 +0.2001154680814474E-03 +0.0000000000000000E+00
+0.6612910505657201E+03 +0.2047293507247364E-03 +0.0000000000000000E+00
+0.6613091914882934E+03 +0.2095211303931223E-03 +0.0000000000000000E+00
+0.6613273324108667E+03 +0.2145002244573946E-03 +0.0000000000000000E+00
+0.6613454733334401E+03 +0.2196767333545709E-03 +0.0000000000000000E+00
+0.6613636142560133E+03 +0.2250614962633773E-03 +0.0000000000000000E+00
+0.6613817551785867E+03 +0.2306661529392585E-03 +0.0000000000000000E+00
+0.6613998961011600E+03 +0.2365032124063452E-03 +0.0000000000000000E+00
+0.6614180370237334E+03 +0.2425861292937281E-03 +0.0000000000000000E+00
+0.6614361779463067E+03 +0.2489293887102420E-03 +0.0000000000000000E+00
+0.6614543188688800E+03 +0.2555486006801990E-03 +0.0000000000000000E+00
+0.6614724597914534E+03 +0.2624606053103151E-03 +0.0000000000000000E+00
+0.6614906007140268E+03 +0.2696835900319910E-03 +0.0000000000000000E+00
+0.6615087416366000E+03 +0.2772372204621611E-03 +0.0000000000000000E+00
+0.6615268825591734E+03 +0.2851427866592573E-03 +0.0000000000000000E+00
+0.6615450234817467E+03 +0.2934233668196625E-03 +0.0000000000000000E+00
+0.6615631644043201E+03 +0.3021040107755133E-03 +0.0000000000000000E+00
+0.6615813053268935E+03 +0.3112119460193706E-03 +0.0000000000000000E+00
+0.6615994462494667E+03 +0.3207768094094206E-03 +0.0000000000000000E+00
+0.6616175871720401E+03 +0.3308309082087922E-03 +0.0000000000000000E+00
+0.6616357280946133E+03 +0.3414095146968121E-03 +0.0000000000000000E+00
+0.6616538690171867E+03 +0.3525511992781204E-03 +0.0000000000000000E+00
+0.6616720099397600E+03 +0.3642982078191471E-03 +0.0000000000000000E+00
+0.6616901508623333E+03 +0.3766968898888199E-03 +0.0000000000000000E+00
+0.6617082917849067E+03 +0.3897981856897664E-03 +0.0000000000000000E+00
+0.6617264327074801E+03 +0.4036581807732774E-03 +0.0000000000000000E+00
+0.6617445736300533E+03 +0.4183387391599576E-03 +0.0000000000000000E+00
+0.6617627145526267E+03 +0.4339082272831141E-03 +0.0000000000000000E+00
+0.6617808554752000E+03 +0.4504423432646444E-03 +0.0000000000000000E+00
+0.6617989963977734E+03 +0.4680250684729466E-03 +0.0000000000000000E+00
+0.6618171373203468E+03 +0.4867497611274608E-03 +0.0000000000000000E+00
+0.6618352782429200E+03 +0.5067204149455684E-03 +0.0000000000000000E+00
+0.6618534191654934E+03 +0.5280531094827778E-03 +0.0000000000000000E+00
+0.6618715600880668E+03 +0.5508776828744488E-03 +0.0000000000000000E+00
+0.6618897010106401E+03 +0.5753396620739107E-03 +0.0000000000000000E+00
+0.6619078419332134E+03 +0.6016024901991130E-03 +0.0000000000000000E+00
+0.6619259828557867E+03 +0.6298500949065901E-03 +0.0000000000000000E+00
+0.6619441237783600E+03 +0.6602898451599098E-03 +0.0000000000000000E+00
+0.6619622647009334E+03 +0.6931559452898405E-03 +0.0000000000000000E+00
+0.6619804056235066E+03 +0.7287133130638194E-03 +0.0000000000000000E+00
+0.6619985465460800E+03 +0.7672619797554660E-03 +0.0000000000000000E+00
+0.6620166874686533E+03 +0.8091420303870250E-03 +0.0000000000000000E+00
+0.6620348283912267E+03 +0.8547390643716445E-03 +0.0000000000000000E+00
+0.6620529693138001E+03 +0.9044900898446840E-03 +0.0000000000000000E+00
+0.6620711102363733E+03 +0.9588896527125512E-03 +0.0000000000000000E+00
+0.6620892511589467E+03 +0.1018495819713611E-02 +0.0000000000000000E+00
+0.6621073920815201E+03 +0.1083935349013335E-02 +0.0000000000000000E+00
+0.6621255330040934E+03 +0.1155906944770848E-02 +0.0000000000000000E+00
+0.6621436739266667E+03 +0.1235180843566345E-02 +0.0000000000000000E+00
+0.6621618148492400E+03 +0.1322592054261340E-02 +0.0000000000000000E+00
+0.6621799557718134E+03 +0.1419023318496673E-02 +0.0000000000000000E+00
+0.6621980966943868E+03 +0.1525372297491622E-02 +0.0000000000000000E+00
+0.6622162376169600E+03 +0.1642495828556423E-02 +0.0000000000000000E+00
+0.6622343785395334E+03 +0.1771122931709668E-02 +0.0000000000000000E+00
+0.6622525194621068E+03 +0.1911728891045049E-02 +0.0000000000000000E+00
+0.6622706603846800E+03 +0.2064367542748401E-02 +0.0000000000000000E+00
+0.6622888013072534E+03 +0.2228471294322935E-02 +0.0000000000000000E+00
+0.6623069422298266E+03 +0.2402651741693147E-02 +0.0000000000000000E+00
+0.6623250831524000E+03 +0.2584567814632532E-02 +0.0000000000000000E+00
+0.6623432240749734E+03 +0.2770962854778260E-02 +0.0000000000000000E+00
+0.6623613649975467E+03 +0.2957980422024517E-02 +0.0000000000000000E+00
+0.6623795059201200E+03 +0.3141813253108877E-02 +0.0000000000000000E+00
+0.6623976468426933E+03 +0.3319600828926075E-02 +0.0000000000000000E+00
+0.6624157877652667E+03 +0.3490311579116609E-02 +0.0000000000000000E+00
+0.6624339286878401E+03 +0.3655242419251470E-02 +0.0000000000000000E+00
+0.6624520696104134E+03 +0.3817852971239005E-02 +0.0000000000000000E+00
+0.6624702105329867E+03 +0.3982910130426670E-02 +0.0000000000000000E+00
+0.6624883514555601E+03 +0.4155191673574454E-02 +0.0000000000000000E+00
+0.6625064923781334E+03 +0.4338121832249443E-02 +0.0000000000000000E+00
+0.6625246333007068E+03 +0.4532663338391559E-02 +0.0000000000000000E+00
+0.6625427742232800E+03 +0.4736669917779091E-02 +0.0000000000000000E+00
+0.6625609151458534E+03 +0.4944805082873305E-02 +0.0000000000000000E+00
+0.6625790560684267E+03 +0.5149058922106283E-02 +0.0000000000000000E+00
+0.6625971969910000E+03 +0.5339783169219219E-02 +0.0000000000000000E+00
+0.6626153379135733E+03 +0.5506996191517727E-02 +0.0000000000000000E+00
+0.6626334788361467E+03 +0.5641582097154136E-02 +0.0000000000000000E+00
+0.6626516197587200E+03 +0.5736081756370772E-02 +0.0000000000000000E+00
+0.6626697606812934E+03 +0.5785076534921484E-02 +0.0000000000000000E+00
+0.6626879016038667E+03 +0.5785470553186628E-02 +0.0000000000000000E+00
+0.6627060425264400E+03 +0.5736971277008630E-02 +0.0000000000000000E+00
+0.6627241834490134E+03 +0.5642702845785988E-02 +0.0000000000000000E+00
+0.6627423243715867E+03 +0.5509493899785429E-02 +0.0000000000000000E+00
+0.6627604652941601E+03 +0.5347361090415640E-02 +0.0000000000000000E+00
+0.6627786062167334E+03 +0.5168109803266003E-02 +0.0000000000000000E+00
+0.6627967471393067E+03 +0.4983451970263642E-02 +0.0000000000000000E+00
+0.6628148880618801E+03 +0.4803232814775715E-02 +0.0000000000000000E+00
+0.6628330289844534E+03 +0.4634208421588929E-02 +0.0000000000000000E+00
+0.6628511699070267E+03 +0.4479533918228387E-02 +0.0000000000000000E+00
+0.6628693108296001E+03 +0.4338920526498237E-02 +0.0000000000000000E+00
+0.6628874517521734E+03 +0.4209351833006844E-02 +0.0000000000000000E+00
+0.6629055926747467E+03 +0.4086236021359669E-02 +0.0000000000000000E+00
+0.6629237335973201E+03 +0.3964814911219585E-02 +0.0000000000000000E+00
+0.6629418745198933E+03 +0.3841538395457931E-02 +0.0000000000000000E+00
+0.6629600154424667E+03 +0.3715038464852599E-02 +0.0000000000000000E+00
+0.6629781563650400E+03 +0.3586421642681911E-02 +0.0000000000000000E+00
+0.6629962972876134E+03 +0.3458852161485592E-02 +0.0000000000000000E+00
+0.6630144382101867E+03 +0.3336674053907490E-02 +0.0000000000000000E+00
+0.6630325791327600E+03 +0.3224442013496868E-02 +0.0000000000000000E+00
+0.6630507200553334E+03 +0.3126152575884241E-02 +0.0000000000000000E+00
+0.6630688609779068E+03 +0.3044787367914191E-02 +0.0000000000000000E+00
+0.6630870019004801E+03 +0.2982125861410633E-02 +0.0000000000000000E+00
+0.6631051428230534E+03 +0.2938716743479562E-02 +0.0000000000000000E+00
+0.6631232837456267E+03 +0.2913905305329394E-02 +0.0000000000000000E+00
+0.6631414246682001E+03 +0.2905863500185746E-02 +0.0000000000000000E+00
+0.6631595655907735E+03 +0.2911629384735230E-02 +0.0000000000000000E+00
+0.6631777065133467E+03 +0.2927213470233658E-02 +0.0000000000000000E+00
+0.6631958474359201E+03 +0.2947852599775713E-02 +0.0000000000000000E+00
+0.6632139883584933E+03 +0.2968467986047896E-02 +0.0000000000000000E+00
+0.6632321292810667E+03 +0.2984307012298249E-02 +0.0000000000000000E+00
+0.6632502702036400E+03 +0.2991647358981722E-02 +0.0000000000000000E+00
+0.6632684111262133E+03 +0.2988378140549266E-02 +0.0000000000000000E+00
+0.6632865520487867E+03 +0.2974293197074811E-02 +0.0000000000000000E+00
+0.6633046929713601E+03 +0.2951022671809697E-02 +0.0000000000000000E+00
+0.6633228338939334E+03 +0.2921632604706487E-02 +0.0000000000000000E+00
+0.6633409748165067E+03 +0.2889997389138556E-02 +0.0000000000000000E+00
+0.6633591157390800E+03 +0.2860091380476515E-02 +0.0000000000000000E+00
+0.6633772566616534E+03 +0.2835352942455098E-02 +0.0000000000000000E+00
+0.6633953975842268E+03 +0.2818238930157862E-02 +0.0000000000000000E+00
+0.6634135385068000E+03 +0.2810017361365066E-02 +0.0000000000000000E+00
+0.6634316794293734E+03 +0.2810770075584226E-02 +0.0000000000000000E+00
+0.6634498203519468E+03 +0.2819526816242779E-02 +0.0000000000000000E+00
+0.6634679612745201E+03 +0.2834444367443254E-02 +0.0000000000000000E+00
+0.6634861021970934E+03 +0.2852978856396474E-02 +0.0000000000000000E+00
+0.6635042431196667E+03 +0.2872057432300968E-02 +0.0000000000000000E+00
+0.6635223840422400E+03 +0.2888301692054990E-02 +0.0000000000000000E+00
+0.6635405249648134E+03 +0.2898353920283915E-02 +0.0000000000000000E+00
+0.6635586658873867E+03 +0.2899302908296753E-02 +0.0000000000000000E+00
+0.6635768068099600E+03 +0.2889136420001402E-02 +0.0000000000000000E+00
+0.6635949477325333E+03 +0.2867111702747877E-02 +0.0000000000000000E+00
+0.6636130886551067E+03 +0.2833946348432340E-02 +0.0000000000000000E+00
+0.6636312295776801E+03 +0.2791764991015014E-02 +0.0000000000000000E+00
+0.6636493705002533E+03 +0.2743779768623188E-02 +0.0000000000000000E+00
+0.6636675114228267E+03 +0.2693745413667425E-02 +0.0000000000000000E+00
+0.6636856523454001E+03 +0.2645304735074981E-02 +0.0000000000000000E+00
+0.6637037932679734E+03 +0.2601383322613638E-02 +0.0000000000000000E+00
+0.6637219341905467E+03 +0.2563772897351082E-02 +0.0000000000000000E+00
+0.6637400751131200E+03 +0.2532978851979908E-02 +0.0000000000000000E+00
+0.6637582160356934E+03 +0.2508338244192011E-02 +0.0000000000000000E+00
+0.6637763569582668E+03 +0.2488357802018377E-02 +0.0000000000000000E+00
+0.6637944978808401E+03 +0.2471173660580217E-02 +0.0000000000000000E+00
+0.6638126388034134E+03 +0.2455001275029620E-02 +0.0000000000000000E+00
+0.6638307797259868E+03 +0.2438453066446558E-02 +0.0000000000000000E+00
+0.6638489206485600E+03 +0.2420670423234753E-02 +0.0000000000000000E+00
+0.6638670615711334E+03 +0.2401311759648200E-02 +0.0000000000000000E+00
+0.6638852024937066E+03 +0.2380488997119491E-02 +0.0000000000000000E+00
+0.6639033434162800E+03 +0.2358715565118972E-02 +0.0000000000000000E+00
+0.6639214843388534E+03 +0.2336861368962394E-02 +0.0000000000000000E+00
+0.6639396252614267E+03 +0.2316076631205255E-02 +0.0000000000000000E+00
+0.6639577661840000E+03 +0.2297670896966063E-02 +0.0000000000000000E+00
+0.6639759071065733E+03 +0.2282975055226021E-02 +0.0000000000000000E+00
+0.6639940480291467E+03 +0.2273226152330380E-02 +0.0000000000000000E+00
+0.6640121889517201E+03 +0.2269494809784028E-02 +0.0000000000000000E+00
+0.6640303298742934E+03 +0.2272651933378430E-02 +0.0000000000000000E+00
+0.6640484707968667E+03 +0.2283363068160709E-02 +0.0000000000000000E+00
+0.6640666117194401E+03 +0.2302099828812408E-02 +0.0000000000000000E+00
+0.6640847526420134E+03 +0.2329156322243275E-02 +0.0000000000000000E+00
+0.6641028935645868E+03 +0.2364649725506348E-02 +0.0000000000000000E+00
+0.6641210344871600E+03 +0.2408473030686130E-02 +0.0000000000000000E+00
+0.6641391754097334E+03 +0.2460167182207634E-02 +0.0000000000000000E+00
+0.6641573163323067E+03 +0.2518703323410151E-02 +0.0000000000000000E+00
+0.6641754572548800E+03 +0.2582215012179413E-02 +0.0000000000000000E+00
+0.6641935981774534E+03 +0.2647775443638546E-02 +0.0000000000000000E+00
+0.6642117391000266E+03 +0.2711343923668594E-02 +0.0000000000000000E+00
+0.6642298800226000E+03 +0.2767984575954429E-02 +0.0000000000000000E+00
+0.6642480209451734E+03 +0.2812387053740704E-02 +0.0000000000000000E+00
+0.6642661618677467E+03 +0.2839617898768255E-02 +0.0000000000000000E+00
+0.6642843027903200E+03 +0.2845941328294931E-02 +0.0000000000000000E+00
+0.6643024437128934E+03 +0.2829505618372970E-02 +0.0000000000000000E+00
+0.6643205846354667E+03 +0.2790713036491675E-02 +0.0000000000000000E+00
+0.6643387255580401E+03 +0.2732171092225236E-02 +0.0000000000000000E+00
+0.6643568664806133E+03 +0.2658235089358567E-02 +0.0000000000000000E+00
+0.6643750074031867E+03 +0.2574260487157084E-02 +0.0000000000000000E+00
+0.6643931483257601E+03 +0.2485752792971803E-02 +0.0000000000000000E+00
+0.6644112892483334E+03 +0.2397609541603969E-02 +0.0000000000000000E+00
+0.6644294301709068E+03 +0.2313595492100981E-02 +0.0000000000000000E+00
+0.6644475710934801E+03 +0.2236108559584527E-02 +0.0000000000000000E+00
+0.6644657120160533E+03 +0.2166219304918226E-02 +0.0000000000000000E+00
+0.6644838529386267E+03 +0.2103921894407081E-02 +0.0000000000000000E+00
+0.6645019938612000E+03 +0.2048514171867333E-02 +0.0000000000000000E+00
+0.6645201347837733E+03 +0.1999014829863096E-02 +0.0000000000000000E+00
+0.6645382757063467E+03 +0.1954523587929426E-02 +0.0000000000000000E+00
+0.6645564166289200E+03 +0.1914445178652341E-02 +0.0000000000000000E+00
+0.6645745575514934E+03 +0.1878536668427788E-02 +0.0000000000000000E+00
+0.6645926984740667E+03 +0.1846791908223809E-02 +0.0000000000000000E+00
+0.6646108393966400E+03 +0.1819225430138284E-02 +0.0000000000000000E+00
+0.6646289803192134E+03 +0.1795640412826819E-02 +0.0000000000000000E+00
+0.6646471212417867E+03 +0.1775456618016937E-02 +0.0000000000000000E+00
+0.6646652621643601E+03 +0.1757648270758348E-02 +0.0000000000000000E+00
+0.6646834030869334E+03 +0.1740816123712725E-02 +0.0000000000000000E+00
+0.6647015440095067E+03 +0.1723394353885483E-02 +0.0000000000000000E+00
+0.6647196849320801E+03 +0.1703959277970549E-02 +0.0000000000000000E+00
+0.6647378258546535E+03 +0.1681561196750038E-02 +0.0000000000000000E+00
+0.6647559667772267E+03 +0.1655969038926950E-02 +0.0000000000000000E+00
+0.6647741076998001E+03 +0.1627735509871194E-02 +0.0000000000000000E+00
+0.6647922486223733E+03 +0.1598062438046759E-02 +0.0000000000000000E+00
+0.6648103895449467E+03 +0.1568530402343480E-02 +0.0000000000000000E+00
+0.6648285304675201E+03 +0.1540800689743039E-02 +0.0000000000000000E+00
+0.6648466713900933E+03 +0.1516382391822828E-02 +0.0000000000000000E+00
+0.6648648123126667E+03 +0.1496505802230018E-02 +0.0000000000000000E+00
+0.6648829532352401E+03 +0.1482091711297762E-02 +0.0000000000000000E+00
+0.6649010941578134E+03 +0.1473777931785538E-02 +0.0000000000000000E+00
+0.6649192350803867E+03 +0.1471962381938423E-02 +0.0000000000000000E+00
+0.6649373760029600E+03 +0.1476836132887109E-02 +0.0000000000000000E+00
+0.6649555169255334E+03 +0.1488398035130963E-02 +0.0000000000000000E+00
+0.6649736578481068E+03 +0.1506458499766179E-02 +0.0000000000000000E+00
+0.6649917987706800E+03 +0.1530651319493898E-02 +0.0000000000000000E+00
+0.6650099396932534E+03 +0.1560474916623028E-02 +0.0000000000000000E+00
+0.6650280806158268E+03 +0.1595372783718760E-02 +0.0000000000000000E+00
+0.6650462215384001E+03 +0.1634838588780136E-02 +0.0000000000000000E+00
+0.6650643624609735E+03 +0.1678507313157595E-02 +0.0000000000000000E+00
+0.6650825033835467E+03 +0.1726186479604131E-02 +0.0000000000000000E+00
+0.6651006443061200E+03 +0.1777796544737678E-02 +0.0000000000000000E+00
+0.6651187852286934E+03 +0.1833216789085250E-02 +0.0000000000000000E+00
+0.6651369261512667E+03 +0.1892060415688951E-02 +0.0000000000000000E+00
+0.6651550670738400E+03 +0.1953429422188526E-02 +0.0000000000000000E+00
+0.6651732079964133E+03 +0.2015729607824208E-02 +0.0000000000000000E+00
+0.6651913489189867E+03 +0.2076648205026345E-02 +0.0000000000000000E+00
+0.6652094898415601E+03 +0.2133383806571923E-02 +0.0000000000000000E+00
+0.6652276307641333E+03 +0.2183146112381164E-02 +0.0000000000000000E+00
+0.6652457716867067E+03 +0.2223818315744011E-02 +0.0000000000000000E+00
+0.6652639126092801E+03 +0.2254553286686106E-02 +0.0000000000000000E+00
+0.6652820535318534E+03 +0.2276041749387840E-02 +0.0000000000000000E+00
+0.6653001944544268E+03 +0.2290297025511350E-02 +0.0000000000000000E+00
+0.6653183353770000E+03 +0.2300001160101752E-02 +0.0000000000000000E+00
+0.6653364762995734E+03 +0.2307632158744982E-02 +0.0000000000000000E+00
+0.6653546172221468E+03 +0.2314649711303801E-02 +0.0000000000000000E+00
+0.6653727581447201E+03 +0.2320962674391000E-02 +0.0000000000000000E+00
+0.6653908990672934E+03 +0.2324804516498211E-02 +0.0000000000000000E+00
+0.6654090399898668E+03 +0.2323052041764532E-02 +0.0000000000000000E+00
+0.6654271809124400E+03 +0.2311933486006302E-02 +0.0000000000000000E+00
+0.6654453218350134E+03 +0.2287965777775407E-02 +0.0000000000000000E+00
+0.6654634627575866E+03 +0.2248862201012791E-02 +0.0000000000000000E+00
+0.6654816036801600E+03 +0.2194131886488065E-02 +0.0000000000000000E+00
+0.6654997446027334E+03 +0.2125198096714125E-02 +0.0000000000000000E+00
+0.6655178855253067E+03 +0.2045048647575948E-02 +0.0000000000000000E+00
+0.6655360264478801E+03 +0.1957591749095136E-02 +0.0000000000000000E+00
+0.6655541673704533E+03 +0.1866948283299964E-02 +0.0000000000000000E+00
+0.6655723082930267E+03 +0.1776869923581443E-02 +0.0000000000000000E+00
+0.6655904492156001E+03 +0.1690380829420880E-02 +0.0000000000000000E+00
+0.6656085901381734E+03 +0.1609647880979462E-02 +0.0000000000000000E+00
+0.6656267310607467E+03 +0.1536020938099064E-02 +0.0000000000000000E+00
+0.6656448719833201E+03 +0.1470161918640068E-02 +0.0000000000000000E+00
+0.6656630129058934E+03 +0.1412194807866501E-02 +0.0000000000000000E+00
+0.6656811538284668E+03 +0.1361841356942410E-02 +0.0000000000000000E+00
+0.6656992947510400E+03 +0.1318538416302915E-02 +0.0000000000000000E+00
+0.6657174356736134E+03 +0.1281547273416347E-02 +0.0000000000000000E+00
+0.6657355765961867E+03 +0.1250060108014915E-02 +0.0000000000000000E+00
+0.6657537175187600E+03 +0.1223293580774492E-02 +0.0000000000000000E+00
+0.6657718584413334E+03 +0.1200550596995786E-02 +0.0000000000000000E+00
+0.6657899993639066E+03 +0.1181239119767911E-02 +0.0000000000000000E+00
+0.6658081402864800E+03 +0.1164857382901569E-02 +0.0000000000000000E+00
+0.6658262812090534E+03 +0.1150971339855056E-02 +0.0000000000000000E+00
+0.6658444221316267E+03 +0.1139208867121651E-02 +0.0000000000000000E+00
+0.6658625630542000E+03 +0.1129277961763070E-02 +0.0000000000000000E+00
+0.6658807039767734E+03 +0.1120996716832288E-02 +0.0000000000000000E+00
+0.6658988448993467E+03 +0.1114313068633899E-02 +0.0000000000000000E+00
+0.6659169858219201E+03 +0.1109295045163711E-02 +0.0000000000000000E+00
+0.6659351267444935E+03 +0.1106085028869672E-02 +0.0000000000000000E+00
+0.6659532676670667E+03 +0.1104830181517226E-02 +0.0000000000000000E+00
+0.6659714085896401E+03 +0.1105618125409927E-02 +0.0000000000000000E+00
+0.6659895495122134E+03 +0.1108451750735008E-02 +0.0000000000000000E+00
+0.6660076904347868E+03 +0.1113283093393630E-02 +0.0000000000000000E+00
+0.6660258313573601E+03 +0.1120097882880292E-02 +0.0000000000000000E+00
+0.6660439722799333E+03 +0.1129014149321361E-02 +0.0000000000000000E+00
+0.6660621132025067E+03 +0.1140346957211907E-02 +0.0000000000000000E+00
+0.6660802541250800E+03 +0.1154605027555072E-02 +0.0000000000000000E+00
+0.6660983950476533E+03 +0.1172416722513922E-02 +0.0000000000000000E+00
+0.6661165359702267E+03 +0.1194414511439769E-02 +0.0000000000000000E+00
+0.6661346768928000E+03 +0.1221122177511981E-02 +0.0000000000000000E+00
+0.6661528178153734E+03 +0.1252883308281774E-02 +0.0000000000000000E+00
+0.6661709587379468E+03 +0.1289849741167346E-02 +0.0000000000000000E+00
+0.6661890996605200E+03 +0.1332023330152958E-02 +0.0000000000000000E+00
+0.6662072405830934E+03 +0.1379319184134390E-02 +0.0000000000000000E+00
+0.6662253815056667E+03 +0.1431599529503623E-02 +0.0000000000000000E+00
+0.6662435224282401E+03 +0.1488625827072013E-02 +0.0000000000000000E+00
+0.6662616633508134E+03 +0.1549903094625871E-02 +0.0000000000000000E+00
+0.6662798042733867E+03 +0.1614441066100406E-02 +0.0000000000000000E+00
+0.6662979451959601E+03 +0.1680511906522682E-02 +0.0000000000000000E+00
+0.6663160861185335E+03 +0.1745519983629001E-02 +0.0000000000000000E+00
+0.6663342270411067E+03 +0.1806098661560777E-02 +0.0000000000000000E+00
+0.6663523679636801E+03 +0.1858499728748230E-02 +0.0000000000000000E+00
+0.6663705088862533E+03 +0.1899237262166972E-02 +0.0000000000000000E+00
+0.6663886498088267E+03 +0.1925813058510966E-02 +0.0000000000000000E+00
+0.6664067907314001E+03 +0.1937255869491950E-02 +0.0000000000000000E+00
+0.6664249316539733E+03 +0.1934235963860695E-02 +0.0000000000000000E+00
+0.6664430725765467E+03 +0.1918688282657587E-02 +0.0000000000000000E+00
+0.6664612134991200E+03 +0.1893101692032302E-02 +0.0000000000000000E+00
+0.6664793544216934E+03 +0.1859772992704989E-02 +0.0000000000000000E+00
+0.6664974953442667E+03 +0.1820310485824746E-02 +0.0000000000000000E+00
+0.6665156362668400E+03 +0.1775533724100102E-02 +0.0000000000000000E+00
+0.6665337771894134E+03 +0.1725736343913663E-02 +0.0000000000000000E+00
+0.6665519181119868E+03 +0.1671134023368638E-02 +0.0000000000000000E+00
+0.6665700590345601E+03 +0.1612262926994386E-02 +0.0000000000000000E+00
+0.6665881999571334E+03 +0.1550148752622953E-02 +0.0000000000000000E+00
+0.6666063408797067E+03 +0.1486203950428075E-02 +0.0000000000000000E+00
+0.6666244818022801E+03 +0.1421950593945570E-02 +0.0000000000000000E+00
+0.6666426227248534E+03 +0.1358730057267141E-02 +0.0000000000000000E+00
+0.6666607636474267E+03 +0.1297529053516679E-02 +0.0000000000000000E+00
+0.6666789045700000E+03 +0.1238966011769098E-02 +0.0000000000000000E+00
+0.6666970454925734E+03 +0.1183399003517039E-02 +0.0000000000000000E+00
+0.6667151864151467E+03 +0.1131073234577564E-02 +0.0000000000000000E+00
+0.6667333273377200E+03 +0.1082231842145613E-02 +0.0000000000000000E+00
+0.6667514682602933E+03 +0.1037154340348050E-02 +0.0000000000000000E+00
+0.6667696091828667E+03 +0.9961334176753637E-03 +0.0000000000000000E+00
+0.6667877501054401E+03 +0.9594261474470287E-03 +0.0000000000000000E+00
+0.6668058910280134E+03 +0.9272129890703419E-03 +0.0000000000000000E+00
+0.6668240319505867E+03 +0.8995800463785461E-03 +0.0000000000000000E+00
+0.6668421728731601E+03 +0.8765240025725327E-03 +0.0000000000000000E+00
+0.6668603137957334E+03 +0.8579727542347365E-03 +0.0000000000000000E+00
+0.6668784547183068E+03 +0.8438153730372982E-03 +0.0000000000000000E+00
+0.6668965956408800E+03 +0.8339366597054862E-03 +0.0000000000000000E+00
+0.6669147365634534E+03 +0.8282513040452743E-03 +0.0000000000000000E+00
+0.6669328774860268E+03 +0.8267317610922750E-03 +0.0000000000000000E+00
+0.6669510184086001E+03 +0.8294247657103970E-03 +0.0000000000000000E+00
+0.6669691593311734E+03 +0.8364543340906427E-03 +0.0000000000000000E+00
+0.6669873002537466E+03 +0.8480123996280435E-03 +0.0000000000000000E+00
+0.6670054411763200E+03 +0.8643401375187747E-03 +0.0000000000000000E+00
+0.6670235820988934E+03 +0.8857031558956684E-03 +0.0000000000000000E+00
+0.6670417230214667E+03 +0.9123626485627808E-03 +0.0000000000000000E+00
+0.6670598639440400E+03 +0.9445431169323114E-03 +0.0000000000000000E+00
+0.6670780048666134E+03 +0.9823961807970748E-03 +0.0000000000000000E+00
+0.6670961457891867E+03 +0.1025960019601992E-02 +0.0000000000000000E+00
+0.6671142867117601E+03 +0.1075115665702834E-02 +0.0000000000000000E+00
+0.6671324276343333E+03 +0.1129544891686689E-02 +0.0000000000000000E+00
+0.6671505685569067E+03 +0.1188698555552355E-02 +0.0000000000000000E+00
+0.6671687094794801E+03 +0.1251785093357966E-02 +0.0000000000000000E+00
+0.6671868504020534E+03 +0.1317781515684928E-02 +0.0000000000000000E+00
+0.6672049913246268E+03 +0.1385454046505771E-02 +0.0000000000000000E+00
+0.6672231322472001E+03 +0.1453362842403637E-02 +0.0000000000000000E+00
+0.6672412731697734E+03 +0.1519830266192230E-02 +0.0000000000000000E+00
+0.6672594140923468E+03 +0.1582880189299985E-02 +0.0000000000000000E+00
+0.6672775550149200E+03 +0.1640193268260657E-02 +0.0000000000000000E+00
+0.6672956959374934E+03 +0.1689146027353155E-02 +0.0000000000000000E+00
+0.6673138368600667E+03 +0.1726990468680232E-02 +0.0000000000000000E+00
+0.6673319777826400E+03 +0.1751181758371044E-02 +0.0000000000000000E+00
+0.6673501187052134E+03 +0.1759793048153954E-02 +0.0000000000000000E+00
+0.6673682596277866E+03 +0.1751906575555363E-02 +0.0000000000000000E+00
+0.6673864005503600E+03 +0.1727868365710771E-02 +0.0000000000000000E+00
+0.6674045414729334E+03 +0.1689334699202283E-02 +0.0000000000000000E+00
+0.6674226823955067E+03 +0.1639094605403078E-02 +0.0000000000000000E+00
+0.6674408233180800E+03 +0.1580706787361859E-02 +0.0000000000000000E+00
+0.6674589642406534E+03 +0.1518035952243424E-02 +0.0000000000000000E+00
+0.6674771051632267E+03 +0.1454799058325439E-02 +0.0000000000000000E+00
+0.6674952460858001E+03 +0.1394219646359861E-02 +0.0000000000000000E+00
+0.6675133870083735E+03 +0.1338841015344753E-02 +0.0000000000000000E+00
+0.6675315279309467E+03 +0.1290492114253635E-02 +0.0000000000000000E+00
+0.6675496688535201E+03 +0.1250360397557022E-02 +0.0000000000000000E+00
+0.6675678097760934E+03 +0.1219113245758971E-02 +0.0000000000000000E+00
+0.6675859506986667E+03 +0.1197017635383157E-02 +0.0000000000000000E+00
+0.6676040916212401E+03 +0.1184025449059133E-02 +0.0000000000000000E+00
+0.6676222325438133E+03 +0.1179810866541686E-02 +0.0000000000000000E+00
+0.6676403734663867E+03 +0.1183762670111973E-02 +0.0000000000000000E+00
+0.6676585143889600E+03 +0.1194947284924971E-02 +0.0000000000000000E+00
+0.6676766553115334E+03 +0.1212068954657922E-02 +0.0000000000000000E+00
+0.6676947962341067E+03 +0.1233461700784644E-02 +0.0000000000000000E+00
+0.6677129371566800E+03 +0.1257149527263791E-02 +0.0000000000000000E+00
+0.6677310780792534E+03 +0.1280998037940160E-02 +0.0000000000000000E+00
+0.6677492190018268E+03 +0.1302945600991257E-02 +0.0000000000000000E+00
+0.6677673599244000E+03 +0.1321253760847112E-02 +0.0000000000000000E+00
+0.6677855008469734E+03 +0.1334684962749487E-02 +0.0000000000000000E+00
+0.6678036417695467E+03 +0.1342535572712622E-02 +0.0000000000000000E+00
+0.6678217826921201E+03 +0.1344525712997788E-02 +0.0000000000000000E+00
+0.6678399236146934E+03 +0.1340627537968105E-02 +0.0000000000000000E+00
+0.6678580645372667E+03 +0.1330939425362130E-02 +0.0000000000000000E+00
+0.6678762054598401E+03 +0.1315666045627149E-02 +0.0000000000000000E+00
+0.6678943463824135E+03 +0.1295182042294358E-02 +0.0000000000000000E+00
+0.6679124873049867E+03 +0.1270101173554648E-02 +0.0000000000000000E+00
+0.6679306282275600E+03 +0.1241278643120817E-02 +0.0000000000000000E+00
+0.6679487691501333E+03 +0.1209728846663146E-02 +0.0000000000000000E+00
+0.6679669100727067E+03 +0.1176497205652164E-02 +0.0000000000000000E+00
+0.6679850509952801E+03 +0.1142543528174945E-02 +0.0000000000000000E+00
+0.6680031919178533E+03 +0.1108673506575924E-02 +0.0000000000000000E+00
+0.6680213328404267E+03 +0.1075521749898931E-02 +0.0000000000000000E+00
+0.6680394737630000E+03 +0.1043567850981968E-02 +0.0000000000000000E+00
+0.6680576146855734E+03 +0.1013160560882295E-02 +0.0000000000000000E+00
+0.6680757556081467E+03 +0.9845297174140670E-03 +0.0000000000000000E+00
+0.6680938965307200E+03 +0.9577792841249707E-03 +0.0000000000000000E+00
+0.6681120374532934E+03 +0.9328735975705350E-03 +0.0000000000000000E+00
+0.6681301783758668E+03 +0.9096407476906082E-03 +0.0000000000000000E+00
+0.6681483192984401E+03 +0.8878108070938984E-03 +0.0000000000000000E+00
+0.6681664602210134E+03 +0.8670846409882240E-03 +0.0000000000000000E+00
+0.6681846011435867E+03 +0.8472067266847218E-03 +0.0000000000000000E+00
+0.6682027420661601E+03 +0.8280091948098653E-03 +0.0000000000000000E+00
+0.6682208829887334E+03 +0.8094093987203882E-03 +0.0000000000000000E+00
+0.6682390239113067E+03 +0.7913701737564300E-03 +0.0000000000000000E+00
+0.6682571648338800E+03 +0.7738525510213564E-03 +0.0000000000000000E+00
+0.6682753057564533E+03 +0.7567912250706962E-03 +0.0000000000000000E+00
+0.6682934466790267E+03 +0.7401043289675508E-03 +0.0000000000000000E+00
+0.6683115876016001E+03 +0.7237256024433050E-03 +0.0000000000000000E+00
+0.6683297285241733E+03 +0.7076352397392290E-03 +0.0000000000000000E+00
+0.6683478694467467E+03 +0.6918711276561274E-03 +0.0000000000000000E+00
+0.6683660103693201E+03 +0.6765171744712215E-03 +0.0000000000000000E+00
+0.6683841512918934E+03 +0.6616782504998233E-03 +0.0000000000000000E+00
+0.6684022922144667E+03 +0.6474561162312419E-03 +0.0000000000000000E+00
+0.6684204331370400E+03 +0.6339384509624908E-03 +0.0000000000000000E+00
+0.6684385740596134E+03 +0.6212059520391967E-03 +0.0000000000000000E+00
+0.6684567149821868E+03 +0.6093525168134825E-03 +0.0000000000000000E+00
+0.6684748559047600E+03 +0.5985049883157193E-03 +0.0000000000000000E+00
+0.6684929968273334E+03 +0.5888274984100371E-03 +0.0000000000000000E+00
+0.6685111377499068E+03 +0.5805031091216048E-03 +0.0000000000000000E+00
+0.6685292786724801E+03 +0.5736978013016799E-03 +0.0000000000000000E+00
+0.6685474195950534E+03 +0.5685213609434607E-03 +0.0000000000000000E+00
+0.6685655605176266E+03 +0.5650013842271038E-03 +0.0000000000000000E+00
+0.6685837014402000E+03 +0.5630803110740141E-03 +0.0000000000000000E+00
+0.6686018423627734E+03 +0.5626343196031929E-03 +0.0000000000000000E+00
+0.6686199832853467E+03 +0.5635017898174765E-03 +0.0000000000000000E+00
+0.6686381242079200E+03 +0.5655033128391771E-03 +0.0000000000000000E+00
+0.6686562651304934E+03 +0.5684392370094151E-03 +0.0000000000000000E+00
+0.6686744060530667E+03 +0.5720639485236971E-03 +0.0000000000000000E+00
+0.6686925469756401E+03 +0.5760513340690120E-03 +0.0000000000000000E+00
+0.6687106878982133E+03 +0.5799738728337535E-03 +0.0000000000000000E+00
+0.6687288288207867E+03 +0.5833140691175280E-03 +0.0000000000000000E+00
+0.6687469697433601E+03 +0.5855143301143032E-03 +0.0000000000000000E+00
+0.6687651106659334E+03 +0.5860568678166030E-03 +0.0000000000000000E+00
+0.6687832515885068E+03 +0.5845545024244718E-03 +0.0000000000000000E+00
+0.6688013925110801E+03 +0.5808281707045749E-03 +0.0000000000000000E+00
+0.6688195334336534E+03 +0.5749475579983211E-03 +0.0000000000000000E+00
+0.6688376743562268E+03 +0.5672191854284550E-03 +0.0000000000000000E+00
+0.6688558152788000E+03 +0.5581223932068279E-03 +0.0000000000000000E+00
+0.6688739562013734E+03 +0.5482126433394665E-03 +0.0000000000000000E+00
+0.6688920971239467E+03 +0.5380229365177689E-03 +0.0000000000000000E+00
+0.6689102380465200E+03 +0.5279910248719604E-03 +0.0000000000000000E+00
+0.6689283789690934E+03 +0.5184253904769209E-03 +0.0000000000000000E+00
+0.6689465198916668E+03 +0.5095062791032829E-03 +0.0000000000000000E+00
+0.6689646608142400E+03 +0.5013080177507570E-03 +0.0000000000000000E+00
+0.6689828017368134E+03 +0.4938277620397478E-03 +0.0000000000000000E+00
+0.6690009426593867E+03 +0.4870104509432572E-03 +0.0000000000000000E+00
+0.6690190835819601E+03 +0.4807656536229124E-03 +0.0000000000000000E+00
+0.6690372245045334E+03 +0.4749769006617672E-03 +0.0000000000000000E+00
+0.6690553654271067E+03 +0.4695074751380127E-03 +0.0000000000000000E+00
+0.6690735063496801E+03 +0.4642079691492154E-03 +0.0000000000000000E+00
+0.6690916472722535E+03 +0.4589294769666342E-03 +0.0000000000000000E+00
+0.6691097881948267E+03 +0.4535423110165997E-03 +0.0000000000000000E+00
+0.6691279291174001E+03 +0.4479554463774082E-03 +0.0000000000000000E+00
+0.6691460700399734E+03 +0.4421294156487038E-03 +0.0000000000000000E+00
+0.6691642109625467E+03 +0.4360772149974712E-03 +0.0000000000000000E+00
+0.6691823518851201E+03 +0.4298534483850258E-03 +0.0000000000000000E+00
+0.6692004928076933E+03 +0.4235380287852581E-03 +0.0000000000000000E+00
+0.6692186337302667E+03 +0.4172229437632656E-03 +0.0000000000000000E+00
+0.6692367746528400E+03 +0.4110068349646395E-03 +0.0000000000000000E+00
+0.6692549155754134E+03 +0.4049948776699085E-03 +0.0000000000000000E+00
+0.6692730564979867E+03 +0.3992963667660188E-03 +0.0000000000000000E+00
+0.6692911974205600E+03 +0.3940137455755173E-03 +0.0000000000000000E+00
+0.6693093383431334E+03 +0.3892234012773257E-03 +0.0000000000000000E+00
+0.6693274792657068E+03 +0.3849551706438848E-03 +0.0000000000000000E+00
+0.6693456201882800E+03 +0.3811797867547249E-03 +0.0000000000000000E+00
+0.6693637611108534E+03 +0.3778108157787515E-03 +0.0000000000000000E+00
+0.6693819020334267E+03 +0.3747218836414585E-03 +0.0000000000000000E+00
+0.6694000429560001E+03 +0.3717736091801037E-03 +0.0000000000000000E+00
+0.6694181838785735E+03 +0.3688402906955715E-03 +0.0000000000000000E+00
+0.6694363248011467E+03 +0.3658266763969617E-03 +0.0000000000000000E+00
+0.6694544657237201E+03 +0.3626707526999970E-03 +0.0000000000000000E+00
+0.6694726066462935E+03 +0.3593362769757484E-03 +0.0000000000000000E+00
+0.6694907475688667E+03 +0.3558034404687098E-03 +0.0000000000000000E+00
+0.6695088884914400E+03 +0.3520645595349434E-03 +0.0000000000000000E+00
+0.6695270294140133E+03 +0.3481261810124218E-03 +0.0000000000000000E+00
+0.6695451703365867E+03 +0.3440145773416410E-03 +0.0000000000000000E+00
+0.6695633112591601E+03 +0.3397812973339092E-03 +0.0000000000000000E+00
+0.6695814521817333E+03 +0.3355073945828770E-03 +0.0000000000000000E+00
+0.6695995931043067E+03 +0.3313053871126857E-03 +0.0000000000000000E+00
+0.6696177340268800E+03 +0.3273162785044652E-03 +0.0000000000000000E+00
+0.6696358749494534E+03 +0.3236984423087492E-03 +0.0000000000000000E+00
+0.6696540158720268E+03 +0.3206084522707491E-03 +0.0000000000000000E+00
+0.6696721567946000E+03 +0.3181789546433119E-03 +0.0000000000000000E+00
+0.6696902977171734E+03 +0.3165007812396233E-03 +0.0000000000000000E+00
+0.6697084386397468E+03 +0.3156136542754537E-03 +0.0000000000000000E+00
+0.6697265795623201E+03 +0.3155043981656910E-03 +0.0000000000000000E+00
+0.6697447204848934E+03 +0.3161076855044075E-03 +0.0000000000000000E+00
+0.6697628614074667E+03 +0.3173047083679601E-03 +0.0000000000000000E+00
+0.6697810023300401E+03 +0.3189197494116365E-03 +0.0000000000000000E+00
+0.6697991432526134E+03 +0.3207207568144303E-03 +0.0000000000000000E+00
+0.6698172841751867E+03 +0.3224333203080008E-03 +0.0000000000000000E+00
+0.6698354250977600E+03 +0.3237740818261173E-03 +0.0000000000000000E+00
+0.6698535660203333E+03 +0.3244995447220289E-03 +0.0000000000000000E+00
+0.6698717069429067E+03 +0.3244548857496490E-03 +0.0000000000000000E+00
+0.6698898478654801E+03 +0.3236029804717954E-03 +0.0000000000000000E+00
+0.6699079887880533E+03 +0.3220210100602859E-03 +0.0000000000000000E+00
+0.6699261297106267E+03 +0.3198669496447034E-03 +0.0000000000000000E+00
+0.6699442706332001E+03 +0.3173316224367149E-03 +0.0000000000000000E+00
+0.6699624115557734E+03 +0.3145965174631548E-03 +0.0000000000000000E+00
+0.6699805524783467E+03 +0.3118120989808011E-03 +0.0000000000000000E+00
+0.6699986934009200E+03 +0.3090996890416271E-03 +0.0000000000000000E+00
+0.6700168343234934E+03 +0.3065682158880557E-03 +0.0000000000000000E+00
+0.6700349752460668E+03 +0.3043312523762874E-03 +0.0000000000000000E+00
+0.6700531161686401E+03 +0.3025128821105616E-03 +0.0000000000000000E+00
+0.6700712570912134E+03 +0.3012403542631382E-03 +0.0000000000000000E+00
+0.6700893980137868E+03 +0.3006302020745256E-03 +0.0000000000000000E+00
+0.6701075389363600E+03 +0.3007767693362696E-03 +0.0000000000000000E+00
+0.6701256798589334E+03 +0.3017478287075982E-03 +0.0000000000000000E+00
+0.6701438207815066E+03 +0.3035856727724490E-03 +0.0000000000000000E+00
+0.6701619617040800E+03 +0.3063083168522259E-03 +0.0000000000000000E+00
+0.6701801026266534E+03 +0.3099057728788133E-03 +0.0000000000000000E+00
+0.6701982435492267E+03 +0.3143293369323367E-03 +0.0000000000000000E+00
+0.6702163844718000E+03 +0.3194755999508790E-03 +0.0000000000000000E+00
+0.6702345253943733E+03 +0.3251707255356186E-03 +0.0000000000000000E+00
+0.6702526663169467E+03 +0.3311640753779605E-03 +0.0000000000000000E+00
+0.6702708072395201E+03 +0.3371418188917309E-03 +0.0000000000000000E+00
+0.6702889481620934E+03 +0.3427678539005780E-03 +0.0000000000000000E+00
+0.6703070890846667E+03 +0.3477495479221234E-03 +0.0000000000000000E+00
+0.6703252300072401E+03 +0.3519121999463053E-03 +0.0000000000000000E+00
+0.6703433709298134E+03 +0.3552565282018058E-03 +0.0000000000000000E+00
+0.6703615118523868E+03 +0.3579762379627906E-03 +0.0000000000000000E+00
+0.6703796527749601E+03 +0.3604286985951043E-03 +0.0000000000000000E+00
+0.6703977936975334E+03 +0.3630714712937516E-03 +0.0000000000000000E+00
+0.6704159346201068E+03 +0.3663884236521319E-03 +0.0000000000000000E+00
+0.6704340755426800E+03 +0.3708265695892215E-03 +0.0000000000000000E+00
+0.6704522164652533E+03 +0.3767536344590987E-03 +0.0000000000000000E+00
+0.6704703573878267E+03 +0.3844351632761244E-03 +0.0000000000000000E+00
+0.6704884983104000E+03 +0.3940240110548753E-03 +0.0000000000000000E+00
+0.6705066392329734E+03 +0.4055548564971832E-03 +0.0000000000000000E+00
+0.6705247801555468E+03 +0.4189400862799898E-03 +0.0000000000000000E+00
+0.6705429210781200E+03 +0.4339688089470266E-03 +0.0000000000000000E+00
+0.6705610620006934E+03 +0.4503158248088676E-03 +0.0000000000000000E+00
+0.6705792029232667E+03 +0.4675696525827222E-03 +0.0000000000000000E+00
+0.6705973438458401E+03 +0.4852854335894346E-03 +0.0000000000000000E+00
+0.6706154847684134E+03 +0.5030586849086832E-03 +0.0000000000000000E+00
+0.6706336256909867E+03 +0.5206033143373737E-03 +0.0000000000000000E+00
+0.6706517666135601E+03 +0.5378107835280585E-03 +0.0000000000000000E+00
+0.6706699075361335E+03 +0.5547738655153453E-03 +0.0000000000000000E+00
+0.6706880484587068E+03 +0.5717750277638802E-03 +0.0000000000000000E+00
+0.6707061893812801E+03 +0.5892534693079914E-03 +0.0000000000000000E+00
+0.6707243303038534E+03 +0.6077657310801390E-03 +0.0000000000000000E+00
+0.6707424712264267E+03 +0.6279443270664606E-03 +0.0000000000000000E+00
+0.6707606121490001E+03 +0.6504482273517733E-03 +0.0000000000000000E+00
+0.6707787530715733E+03 +0.6758971794432920E-03 +0.0000000000000000E+00
+0.6707968939941467E+03 +0.7047879682746589E-03 +0.0000000000000000E+00
+0.6708150349167200E+03 +0.7373979854967720E-03 +0.0000000000000000E+00
+0.6708331758392934E+03 +0.7736857788493894E-03 +0.0000000000000000E+00
+0.6708513167618667E+03 +0.8132014952418017E-03 +0.0000000000000000E+00
+0.6708694576844400E+03 +0.8550261892891920E-03 +0.0000000000000000E+00
+0.6708875986070134E+03 +0.8977676031488842E-03 +0.0000000000000000E+00
+0.6709057395295868E+03 +0.9396439604563655E-03 +0.0000000000000000E+00
+0.6709238804521600E+03 +0.9786748788540630E-03 +0.0000000000000000E+00
+0.6709420213747334E+03 +0.1012962720800804E-02 +0.0000000000000000E+00
+0.6709601622973067E+03 +0.1040998343935064E-02 +0.0000000000000000E+00
+0.6709783032198801E+03 +0.1061891873451053E-02 +0.0000000000000000E+00
+0.6709964441424535E+03 +0.1075443570592578E-02 +0.0000000000000000E+00
+0.6710145850650267E+03 +0.1082035740125571E-02 +0.0000000000000000E+00
+0.6710327259876001E+03 +0.1082406853620280E-02 +0.0000000000000000E+00
+0.6710508669101735E+03 +0.1077411996461065E-02 +0.0000000000000000E+00
+0.6710690078327467E+03 +0.1067856890362596E-02 +0.0000000000000000E+00
+0.6710871487553200E+03 +0.1054438877982295E-02 +0.0000000000000000E+00
+0.6711052896778933E+03 +0.1037777679429381E-02 +0.0000000000000000E+00
+0.6711234306004667E+03 +0.1018492550524776E-02 +0.0000000000000000E+00
+0.6711415715230401E+03 +0.9972775503381773E-03 +0.0000000000000000E+00
+0.6711597124456134E+03 +0.9749357664912768E-03 +0.0000000000000000E+00
+0.6711778533681867E+03 +0.9523544556817162E-03 +0.0000000000000000E+00
+0.6711959942907600E+03 +0.9304299612622668E-03 +0.0000000000000000E+00
+0.6712141352133334E+03 +0.9099711405527882E-03 +0.0000000000000000E+00
+0.6712322761359068E+03 +0.8916146093024603E-03 +0.0000000000000000E+00
+0.6712504170584800E+03 +0.8757766447399658E-03 +0.0000000000000000E+00
+0.6712685579810534E+03 +0.8626514921176551E-03 +0.0000000000000000E+00
+0.6712866989036268E+03 +0.8522488993041148E-03 +0.0000000000000000E+00
+0.6713048398262001E+03 +0.8444494586397791E-03 +0.0000000000000000E+00
+0.6713229807487734E+03 +0.8390504920352069E-03 +0.0000000000000000E+00
+0.6713411216713467E+03 +0.8357819757536390E-03 +0.0000000000000000E+00
+0.6713592625939201E+03 +0.8342900704422698E-03 +0.0000000000000000E+00
+0.6713774035164934E+03 +0.8341070348053612E-03 +0.0000000000000000E+00
+0.6713955444390667E+03 +0.8346387567447671E-03 +0.0000000000000000E+00
+0.6714136853616400E+03 +0.8351966056882908E-03 +0.0000000000000000E+00
+0.6714318262842133E+03 +0.8350806370117103E-03 +0.0000000000000000E+00
+0.6714499672067867E+03 +0.8336968065324772E-03 +0.0000000000000000E+00
+0.6714681081293601E+03 +0.8306728298395529E-03 +0.0000000000000000E+00
+0.6714862490519333E+03 +0.8259321288308118E-03 +0.0000000000000000E+00
+0.6715043899745067E+03 +0.8196960524403702E-03 +0.0000000000000000E+00
+0.6715225308970801E+03 +0.8124104248887389E-03 +0.0000000000000000E+00
+0.6715406718196534E+03 +0.8046231331219657E-03 +0.0000000000000000E+00
+0.6715588127422267E+03 +0.7968566990891807E-03 +0.0000000000000000E+00
+0.6715769536648000E+03 +0.7895125180327834E-03 +0.0000000000000000E+00
+0.6715950945873734E+03 +0.7828194139045213E-03 +0.0000000000000000E+00
+0.6716132355099468E+03 +0.7768173173912387E-03 +0.0000000000000000E+00
+0.6716313764325201E+03 +0.7713599556870546E-03 +0.0000000000000000E+00
+0.6716495173550934E+03 +0.7661273711876714E-03 +0.0000000000000000E+00
+0.6716676582776668E+03 +0.7606506175076783E-03 +0.0000000000000000E+00
+0.6716857992002400E+03 +0.7543577284567641E-03 +0.0000000000000000E+00
+0.6717039401228134E+03 +0.7466467669103556E-03 +0.0000000000000000E+00
+0.6717220810453866E+03 +0.7369799297938799E-03 +0.0000000000000000E+00
+0.6717402219679600E+03 +0.7249803610464677E-03 +0.0000000000000000E+00
+0.6717583628905334E+03 +0.7105089528658185E-03 +0.0000000000000000E+00
+0.6717765038131067E+03 +0.6937034718620997E-03 +0.0000000000000000E+00
+0.6717946447356801E+03 +0.6749714742480051E-03 +0.0000000000000000E+00
+0.6718127856582533E+03 +0.6549368712376197E-03 +0.0000000000000000E+00
+0.6718309265808267E+03 +0.6343480789116863E-03 +0.0000000000000000E+00
+0.6718490675034001E+03 +0.6139650121349521E-03 +0.0000000000000000E+00
+0.6718672084259734E+03 +0.5944496112286160E-03 +0.0000000000000000E+00
+0.6718853493485467E+03 +0.5762840767878890E-03 +0.0000000000000000E+00
+0.6719034902711201E+03 +0.5597309574069346E-03 +0.0000000000000000E+00
+0.6719216311936934E+03 +0.5448352299619499E-03 +0.0000000000000000E+00
+0.6719397721162668E+03 +0.5314580926416995E-03 +0.0000000000000000E+00
+0.6719579130388400E+03 +0.5193288833626420E-03 +0.0000000000000000E+00
+0.6719760539614134E+03 +0.5081036634972779E-03 +0.0000000000000000E+00
+0.6719941948839868E+03 +0.4974226976971643E-03 +0.0000000000000000E+00
+0.6720123358065600E+03 +0.4869616860854963E-03 +0.0000000000000000E+00
+0.6720304767291334E+03 +0.4764727950084981E-03 +0.0000000000000000E+00
+0.6720486176517066E+03 +0.4658118769728474E-03 +0.0000000000000000E+00
+0.6720667585742800E+03 +0.4549484227924452E-03 +0.0000000000000000E+00
+0.6720848994968534E+03 +0.4439559981164469E-03 +0.0000000000000000E+00
+0.6721030404194267E+03 +0.4329845578738904E-03 +0.0000000000000000E+00
+0.6721211813420000E+03 +0.4222213676586065E-03 +0.0000000000000000E+00
+0.6721393222645734E+03 +0.4118508578820803E-03 +0.0000000000000000E+00
+0.6721574631871467E+03 +0.4020225821478640E-03 +0.0000000000000000E+00
+0.6721756041097201E+03 +0.3928313506163204E-03 +0.0000000000000000E+00
+0.6721937450322934E+03 +0.3843085870593508E-03 +0.0000000000000000E+00
+0.6722118859548667E+03 +0.3764223460113619E-03 +0.0000000000000000E+00
+0.6722300268774401E+03 +0.3690849387397753E-03 +0.0000000000000000E+00
+0.6722481678000134E+03 +0.3621687017974238E-03 +0.0000000000000000E+00
+0.6722663087225868E+03 +0.3555296606229946E-03 +0.0000000000000000E+00
+0.6722844496451601E+03 +0.3490360332485293E-03 +0.0000000000000000E+00
+0.6723025905677334E+03 +0.3425957383050280E-03 +0.0000000000000000E+00
+0.6723207314903067E+03 +0.3361759004570240E-03 +0.0000000000000000E+00
+0.6723388724128801E+03 +0.3298084320072606E-03 +0.0000000000000000E+00
+0.6723570133354533E+03 +0.3235793473838402E-03 +0.0000000000000000E+00
+0.6723751542580267E+03 +0.3176047657344704E-03 +0.0000000000000000E+00
+0.6723932951806000E+03 +0.3120011214763681E-03 +0.0000000000000000E+00
+0.6724114361031734E+03 +0.3068583503715383E-03 +0.0000000000000000E+00
+0.6724295770257468E+03 +0.3022224522484157E-03 +0.0000000000000000E+00
+0.6724477179483200E+03 +0.2980898695672590E-03 +0.0000000000000000E+00
+0.6724658588708934E+03 +0.2944127276323251E-03 +0.0000000000000000E+00
+0.6724839997934668E+03 +0.2911119437428377E-03 +0.0000000000000000E+00
+0.6725021407160401E+03 +0.2880942659679976E-03 +0.0000000000000000E+00
+0.6725202816386134E+03 +0.2852691890187247E-03 +0.0000000000000000E+00
+0.6725384225611867E+03 +0.2825625024034119E-03 +0.0000000000000000E+00
+0.6725565634837601E+03 +0.2799247491578209E-03 +0.0000000000000000E+00
+0.6725747044063335E+03 +0.2773342023203120E-03 +0.0000000000000000E+00
+0.6725928453289067E+03 +0.2747943787830383E-03 +0.0000000000000000E+00
+0.6726109862514801E+03 +0.2723261606793088E-03 +0.0000000000000000E+00
+0.6726291271740533E+03 +0.2699554658463261E-03 +0.0000000000000000E+00
+0.6726472680966267E+03 +0.2676991044227598E-03 +0.0000000000000000E+00
+0.6726654090192000E+03 +0.2655524994216922E-03 +0.0000000000000000E+00
+0.6726835499417733E+03 +0.2634822077273637E-03 +0.0000000000000000E+00
+0.6727016908643467E+03 +0.2614243002925123E-03 +0.0000000000000000E+00
+0.6727198317869201E+03 +0.2592882113352366E-03 +0.0000000000000000E+00
+0.6727379727094934E+03 +0.2569653159742890E-03 +0.0000000000000000E+00
+0.6727561136320667E+03 +0.2543414569592870E-03 +0.0000000000000000E+00
+0.6727742545546400E+03 +0.2513118657530934E-03 +0.0000000000000000E+00
+0.6727923954772134E+03 +0.2477956721913455E-03 +0.0000000000000000E+00
+0.6728105363997868E+03 +0.2437469289123466E-03 +0.0000000000000000E+00
+0.6728286773223600E+03 +0.2391604613916573E-03 +0.0000000000000000E+00
+0.6728468182449334E+03 +0.2340726518305124E-03 +0.0000000000000000E+00
+0.6728649591675068E+03 +0.2285579389870651E-03 +0.0000000000000000E+00
+0.6728831000900801E+03 +0.2227215358370842E-03 +0.0000000000000000E+00
+0.6729012410126535E+03 +0.2166889138743716E-03 +0.0000000000000000E+00
+0.6729193819352267E+03 +0.2105933367772613E-03 +0.0000000000000000E+00
+0.6729375228578001E+03 +0.2045632767794748E-03 +0.0000000000000000E+00
+0.6729556637803734E+03 +0.1987113432534485E-03 +0.0000000000000000E+00
+0.6729738047029467E+03 +0.1931258834254041E-03 +0.0000000000000000E+00
+0.6729919456255200E+03 +0.1878662544170499E-03 +0.0000000000000000E+00
+0.6730100865480933E+03 +0.1829626321916145E-03 +0.0000000000000000E+00
+0.6730282274706667E+03 +0.1784204093086857E-03 +0.0000000000000000E+00
+0.6730463683932401E+03 +0.1742276267578160E-03 +0.0000000000000000E+00
+0.6730645093158133E+03 +0.1703623647846952E-03 +0.0000000000000000E+00
+0.6730826502383867E+03 +0.1667969011145069E-03 +0.0000000000000000E+00
+0.6731007911609601E+03 +0.1634972870049021E-03 +0.0000000000000000E+00
+0.6731189320835334E+03 +0.1604197672657448E-03 +0.0000000000000000E+00
+0.6731370730061068E+03 +0.1575073138393866E-03 +0.0000000000000000E+00
+0.6731552139286800E+03 +0.1546894450808946E-03 +0.0000000000000000E+00
+0.6731733548512534E+03 +0.1518869332988114E-03 +0.0000000000000000E+00
+0.6731914957738268E+03 +0.1490209607522759E-03 +0.0000000000000000E+00
+0.6732096366964001E+03 +0.1460244394693219E-03 +0.0000000000000000E+00
+0.6732277776189734E+03 +0.1428520935106642E-03 +0.0000000000000000E+00
+0.6732459185415468E+03 +0.1394861312486398E-03 +0.0000000000000000E+00
+0.6732640594641200E+03 +0.1359360417548358E-03 +0.0000000000000000E+00
+0.6732822003866934E+03 +0.1322333855473317E-03 +0.0000000000000000E+00
+0.6733003413092666E+03 +0.1284241148534502E-03 +0.0000000000000000E+00
+0.6733184822318400E+03 +0.1245611570788491E-03 +0.0000000000000000E+00
+0.6733366231544134E+03 +0.1206988684729814E-03 +0.0000000000000000E+00
+0.6733547640769867E+03 +0.1168893835404126E-03 +0.0000000000000000E+00
+0.6733729049995601E+03 +0.1131798792944861E-03 +0.0000000000000000E+00
+0.6733910459221333E+03 +0.1096098837713072E-03 +0.0000000000000000E+00
+0.6734091868447067E+03 +0.1062086858433251E-03 +0.0000000000000000E+00
+0.6734273277672801E+03 +0.1029937307237249E-03 +0.0000000000000000E+00
+0.6734454686898534E+03 +0.9997082254910943E-04 +0.0000000000000000E+00
+0.6734636096124267E+03 +0.9713605128096889E-04 +0.0000000000000000E+00
+0.6734817505350001E+03 +0.9447847718594430E-04 +0.0000000000000000E+00
+0.6734998914575734E+03 +0.9198258238099518E-04 +0.0000000000000000E+00
+0.6735180323801468E+03 +0.8963028448701426E-04 +0.0000000000000000E+00
+0.6735361733027202E+03 +0.8740297643220109E-04 +0.0000000000000000E+00
+0.6735543142252934E+03 +0.8528380337830341E-04 +0.0000000000000000E+00
+0.6735724551478667E+03 +0.8325947242803527E-04 +0.0000000000000000E+00
+0.6735905960704400E+03 +0.8132042985325253E-04 +0.0000000000000000E+00
+0.6736087369930134E+03 +0.7945900176915504E-04 +0.0000000000000000E+00
+0.6736268779155866E+03 +0.7766661198603425E-04 +0.0000000000000000E+00
+0.6736450188381600E+03 +0.7593217770233328E-04 +0.0000000000000000E+00
+0.6736631597607334E+03 +0.7424333154012504E-04 +0.0000000000000000E+00
+0.6736813006833067E+03 +0.7259043368836225E-04 +0.0000000000000000E+00
+0.6736994416058800E+03 +0.7097152128053010E-04 +0.0000000000000000E+00
+0.6737175825284534E+03 +0.6939561275191508E-04 +0.0000000000000000E+00
+0.6737357234510267E+03 +0.6788263873664429E-04 +0.0000000000000000E+00
+0.6737538643736001E+03 +0.6646007054760848E-04 +0.0000000000000000E+00
+0.6737720052961735E+03 +0.6515778879240001E-04 +0.0000000000000000E+00
+0.6737901462187467E+03 +0.6400304228518832E-04 +0.0000000000000000E+00
+0.6738082871413201E+03 +0.6301665117987228E-04 +0.0000000000000000E+00
+0.6738264280638934E+03 +0.6221064721658893E-04 +0.0000000000000000E+00
+0.6738445689864668E+03 +0.6158691878763067E-04 +0.0000000000000000E+00
+0.6738627099090401E+03 +0.6113630878234598E-04 +0.0000000000000000E+00
+0.6738808508316134E+03 +0.6083787675558197E-04 +0.0000000000000000E+00
+0.6738989917541867E+03 +0.6065848529703644E-04 +0.0000000000000000E+00
+0.6739171326767600E+03 +0.6055331655848471E-04 +0.0000000000000000E+00
+0.6739352735993333E+03 +0.6046818086838691E-04 +0.0000000000000000E+00
+0.6739534145219067E+03 +0.6034435082453643E-04 +0.0000000000000000E+00
+0.6739715554444800E+03 +0.6012600816956370E-04 +0.0000000000000000E+00
+0.6739896963670534E+03 +0.5976928545691515E-04 +0.0000000000000000E+00
+0.6740078372896268E+03 +0.5925069821347147E-04 +0.0000000000000000E+00
+0.6740259782122000E+03 +0.5857219603841430E-04 +0.0000000000000000E+00
+0.6740441191347734E+03 +0.5776079019783523E-04 +0.0000000000000000E+00
+0.6740622600573467E+03 +0.5686270682664065E-04 +0.0000000000000000E+00
+0.6740804009799201E+03 +0.5593418616775008E-04 +0.0000000000000000E+00
+0.6740985419024934E+03 +0.5503201546713266E-04 +0.0000000000000000E+00
+0.6741166828250667E+03 +0.5420619173553060E-04 +0.0000000000000000E+00
+0.6741348237476401E+03 +0.5349552830039639E-04 +0.0000000000000000E+00
+0.6741529646702135E+03 +0.5292566650101395E-04 +0.0000000000000000E+00
+0.6741711055927868E+03 +0.5250840694350050E-04 +0.0000000000000000E+00
+0.6741892465153601E+03 +0.5224144341331697E-04 +0.0000000000000000E+00
+0.6742073874379333E+03 +0.5210811256835433E-04 +0.0000000000000000E+00
+0.6742255283605067E+03 +0.5207738107916770E-04 +0.0000000000000000E+00
+0.6742436692830801E+03 +0.5210480402110771E-04 +0.0000000000000000E+00
+0.6742618102056533E+03 +0.5213541263758548E-04 +0.0000000000000000E+00
+0.6742799511282267E+03 +0.5210917361744788E-04 +0.0000000000000000E+00
+0.6742980920508001E+03 +0.5196867456885303E-04 +0.0000000000000000E+00
+0.6743162329733734E+03 +0.5166734852212913E-04 +0.0000000000000000E+00
+0.6743343738959467E+03 +0.5117571014002576E-04 +0.0000000000000000E+00
+0.6743525148185200E+03 +0.5048359632030643E-04 +0.0000000000000000E+00
+0.6743706557410934E+03 +0.4959823433774572E-04 +0.0000000000000000E+00
+0.6743887966636668E+03 +0.4853986956226940E-04 +0.0000000000000000E+00
+0.6744069375862400E+03 +0.4733724787178676E-04 +0.0000000000000000E+00
+0.6744250785088134E+03 +0.4602422663648340E-04 +0.0000000000000000E+00
+0.6744432194313868E+03 +0.4463732904031084E-04 +0.0000000000000000E+00
+0.6744613603539601E+03 +0.4321345014473995E-04 +0.0000000000000000E+00
+0.6744795012765335E+03 +0.4178736881494390E-04 +0.0000000000000000E+00
+0.6744976421991067E+03 +0.4038942164393977E-04 +0.0000000000000000E+00
+0.6745157831216801E+03 +0.3904391428358059E-04 +0.0000000000000000E+00
+0.6745339240442534E+03 +0.3776855159556691E-04 +0.0000000000000000E+00
+0.6745520649668267E+03 +0.3657476825190214E-04 +0.0000000000000000E+00
+0.6745702058894000E+03 +0.3546863451459354E-04 +0.0000000000000000E+00
+0.6745883468119733E+03 +0.3445201173819671E-04 +0.0000000000000000E+00
+0.6746064877345467E+03 +0.3352372307234444E-04 +0.0000000000000000E+00
+0.6746246286571201E+03 +0.3268060020637097E-04 +0.0000000000000000E+00
+0.6746427695796934E+03 +0.3191833944618057E-04 +0.0000000000000000E+00
+0.6746609105022667E+03 +0.3123214999749900E-04 +0.0000000000000000E+00
+0.6746790514248401E+03 +0.3061720796018845E-04 +0.0000000000000000E+00
+0.6746971923474134E+03 +0.3006894442267802E-04 +0.0000000000000000E+00
+0.6747153332699868E+03 +0.2958319897786008E-04 +0.0000000000000000E+00
+0.6747334741925600E+03 +0.2915626545066072E-04 +0.0000000000000000E+00
+0.6747516151151334E+03 +0.2878484896806615E-04 +0.0000000000000000E+00
+0.6747697560377068E+03 +0.2846594651369456E-04 +0.0000000000000000E+00
+0.6747878969602801E+03 +0.2819666042029745E-04 +0.0000000000000000E+00
+0.6748060378828534E+03 +0.2797395988192269E-04 +0.0000000000000000E+00
+0.6748241788054268E+03 +0.2779442362474379E-04 +0.0000000000000000E+00
