 open ../../species//Al.xml
 
Info(writegeom):
 EXCITING lattice vectors and atomic positions written to geometry.xml
Info(fermisurf):      1 of    256 k-points
Info(fermisurf):      2 of    256 k-points
Info(fermisurf):      3 of    256 k-points
Info(fermisurf):      4 of    256 k-points
Info(fermisurf):      5 of    256 k-points
Info(fermisurf):      6 of    256 k-points
Info(fermisurf):      7 of    256 k-points
Info(fermisurf):      8 of    256 k-points
Info(fermisurf):      9 of    256 k-points
Info(fermisurf):     10 of    256 k-points
Info(fermisurf):     11 of    256 k-points
Info(fermisurf):     12 of    256 k-points
Info(fermisurf):     13 of    256 k-points
Info(fermisurf):     14 of    256 k-points
Info(fermisurf):     15 of    256 k-points
Info(fermisurf):     16 of    256 k-points
Info(fermisurf):     17 of    256 k-points
Info(fermisurf):     18 of    256 k-points
Info(fermisurf):     19 of    256 k-points
Info(fermisurf):     20 of    256 k-points
Info(fermisurf):     21 of    256 k-points
Info(fermisurf):     22 of    256 k-points
Info(fermisurf):     23 of    256 k-points
Info(fermisurf):     24 of    256 k-points
Info(fermisurf):     25 of    256 k-points
Info(fermisurf):     26 of    256 k-points
Info(fermisurf):     27 of    256 k-points
Info(fermisurf):     28 of    256 k-points
Info(fermisurf):     29 of    256 k-points
Info(fermisurf):     30 of    256 k-points
Info(fermisurf):     31 of    256 k-points
Info(fermisurf):     32 of    256 k-points
Info(fermisurf):     33 of    256 k-points
Info(fermisurf):     34 of    256 k-points
Info(fermisurf):     35 of    256 k-points
Info(fermisurf):     36 of    256 k-points
Info(fermisurf):     37 of    256 k-points
Info(fermisurf):     38 of    256 k-points
Info(fermisurf):     39 of    256 k-points
Info(fermisurf):     40 of    256 k-points
Info(fermisurf):     41 of    256 k-points
Info(fermisurf):     42 of    256 k-points
Info(fermisurf):     43 of    256 k-points
Info(fermisurf):     44 of    256 k-points
Info(fermisurf):     45 of    256 k-points
Info(fermisurf):     46 of    256 k-points
Info(fermisurf):     47 of    256 k-points
Info(fermisurf):     48 of    256 k-points
Info(fermisurf):     49 of    256 k-points
Info(fermisurf):     50 of    256 k-points
Info(fermisurf):     51 of    256 k-points
Info(fermisurf):     52 of    256 k-points
Info(fermisurf):     53 of    256 k-points
Info(fermisurf):     54 of    256 k-points
Info(fermisurf):     55 of    256 k-points
Info(fermisurf):     56 of    256 k-points
Info(fermisurf):     57 of    256 k-points
Info(fermisurf):     58 of    256 k-points
Info(fermisurf):     59 of    256 k-points
Info(fermisurf):     60 of    256 k-points
Info(fermisurf):     61 of    256 k-points
Info(fermisurf):     62 of    256 k-points
Info(fermisurf):     63 of    256 k-points
Info(fermisurf):     64 of    256 k-points
Info(fermisurf):     65 of    256 k-points
Info(fermisurf):     66 of    256 k-points
Info(fermisurf):     67 of    256 k-points
Info(fermisurf):     68 of    256 k-points
Info(fermisurf):     69 of    256 k-points
Info(fermisurf):     70 of    256 k-points
Info(fermisurf):     71 of    256 k-points
Info(fermisurf):     72 of    256 k-points
Info(fermisurf):     73 of    256 k-points
Info(fermisurf):     74 of    256 k-points
Info(fermisurf):     75 of    256 k-points
Info(fermisurf):     76 of    256 k-points
Info(fermisurf):     77 of    256 k-points
Info(fermisurf):     78 of    256 k-points
Info(fermisurf):     79 of    256 k-points
Info(fermisurf):     80 of    256 k-points
Info(fermisurf):     81 of    256 k-points
Info(fermisurf):     82 of    256 k-points
Info(fermisurf):     83 of    256 k-points
Info(fermisurf):     84 of    256 k-points
Info(fermisurf):     85 of    256 k-points
Info(fermisurf):     86 of    256 k-points
Info(fermisurf):     87 of    256 k-points
Info(fermisurf):     88 of    256 k-points
Info(fermisurf):     89 of    256 k-points
Info(fermisurf):     90 of    256 k-points
Info(fermisurf):     91 of    256 k-points
Info(fermisurf):     92 of    256 k-points
Info(fermisurf):     93 of    256 k-points
Info(fermisurf):     94 of    256 k-points
Info(fermisurf):     95 of    256 k-points
Info(fermisurf):     96 of    256 k-points
Info(fermisurf):     97 of    256 k-points
Info(fermisurf):     98 of    256 k-points
Info(fermisurf):     99 of    256 k-points
Info(fermisurf):    100 of    256 k-points
Info(fermisurf):    101 of    256 k-points
Info(fermisurf):    102 of    256 k-points
Info(fermisurf):    103 of    256 k-points
Info(fermisurf):    104 of    256 k-points
Info(fermisurf):    105 of    256 k-points
Info(fermisurf):    106 of    256 k-points
Info(fermisurf):    107 of    256 k-points
Info(fermisurf):    108 of    256 k-points
Info(fermisurf):    109 of    256 k-points
Info(fermisurf):    110 of    256 k-points
Info(fermisurf):    111 of    256 k-points
Info(fermisurf):    112 of    256 k-points
Info(fermisurf):    113 of    256 k-points
Info(fermisurf):    114 of    256 k-points
Info(fermisurf):    115 of    256 k-points
Info(fermisurf):    116 of    256 k-points
Info(fermisurf):    117 of    256 k-points
Info(fermisurf):    118 of    256 k-points
Info(fermisurf):    119 of    256 k-points
Info(fermisurf):    120 of    256 k-points
Info(fermisurf):    121 of    256 k-points
Info(fermisurf):    122 of    256 k-points
Info(fermisurf):    123 of    256 k-points
Info(fermisurf):    124 of    256 k-points
Info(fermisurf):    125 of    256 k-points
Info(fermisurf):    126 of    256 k-points
Info(fermisurf):    127 of    256 k-points
Info(fermisurf):    128 of    256 k-points
Info(fermisurf):    129 of    256 k-points
Info(fermisurf):    130 of    256 k-points
Info(fermisurf):    131 of    256 k-points
Info(fermisurf):    132 of    256 k-points
Info(fermisurf):    133 of    256 k-points
Info(fermisurf):    134 of    256 k-points
Info(fermisurf):    135 of    256 k-points
Info(fermisurf):    136 of    256 k-points
Info(fermisurf):    137 of    256 k-points
Info(fermisurf):    138 of    256 k-points
Info(fermisurf):    139 of    256 k-points
Info(fermisurf):    140 of    256 k-points
Info(fermisurf):    141 of    256 k-points
Info(fermisurf):    142 of    256 k-points
Info(fermisurf):    143 of    256 k-points
Info(fermisurf):    144 of    256 k-points
Info(fermisurf):    145 of    256 k-points
Info(fermisurf):    146 of    256 k-points
Info(fermisurf):    147 of    256 k-points
Info(fermisurf):    148 of    256 k-points
Info(fermisurf):    149 of    256 k-points
Info(fermisurf):    150 of    256 k-points
Info(fermisurf):    151 of    256 k-points
Info(fermisurf):    152 of    256 k-points
Info(fermisurf):    153 of    256 k-points
Info(fermisurf):    154 of    256 k-points
Info(fermisurf):    155 of    256 k-points
Info(fermisurf):    156 of    256 k-points
Info(fermisurf):    157 of    256 k-points
Info(fermisurf):    158 of    256 k-points
Info(fermisurf):    159 of    256 k-points
Info(fermisurf):    160 of    256 k-points
Info(fermisurf):    161 of    256 k-points
Info(fermisurf):    162 of    256 k-points
Info(fermisurf):    163 of    256 k-points
Info(fermisurf):    164 of    256 k-points
Info(fermisurf):    165 of    256 k-points
Info(fermisurf):    166 of    256 k-points
Info(fermisurf):    167 of    256 k-points
Info(fermisurf):    168 of    256 k-points
Info(fermisurf):    169 of    256 k-points
Info(fermisurf):    170 of    256 k-points
Info(fermisurf):    171 of    256 k-points
Info(fermisurf):    172 of    256 k-points
Info(fermisurf):    173 of    256 k-points
Info(fermisurf):    174 of    256 k-points
Info(fermisurf):    175 of    256 k-points
Info(fermisurf):    176 of    256 k-points
Info(fermisurf):    177 of    256 k-points
Info(fermisurf):    178 of    256 k-points
Info(fermisurf):    179 of    256 k-points
Info(fermisurf):    180 of    256 k-points
Info(fermisurf):    181 of    256 k-points
Info(fermisurf):    182 of    256 k-points
Info(fermisurf):    183 of    256 k-points
Info(fermisurf):    184 of    256 k-points
Info(fermisurf):    185 of    256 k-points
Info(fermisurf):    186 of    256 k-points
Info(fermisurf):    187 of    256 k-points
Info(fermisurf):    188 of    256 k-points
Info(fermisurf):    189 of    256 k-points
Info(fermisurf):    190 of    256 k-points
Info(fermisurf):    191 of    256 k-points
Info(fermisurf):    192 of    256 k-points
Info(fermisurf):    193 of    256 k-points
Info(fermisurf):    194 of    256 k-points
Info(fermisurf):    195 of    256 k-points
Info(fermisurf):    196 of    256 k-points
Info(fermisurf):    197 of    256 k-points
Info(fermisurf):    198 of    256 k-points
Info(fermisurf):    199 of    256 k-points
Info(fermisurf):    200 of    256 k-points
Info(fermisurf):    201 of    256 k-points
Info(fermisurf):    202 of    256 k-points
Info(fermisurf):    203 of    256 k-points
Info(fermisurf):    204 of    256 k-points
Info(fermisurf):    205 of    256 k-points
Info(fermisurf):    206 of    256 k-points
Info(fermisurf):    207 of    256 k-points
Info(fermisurf):    208 of    256 k-points
Info(fermisurf):    209 of    256 k-points
Info(fermisurf):    210 of    256 k-points
Info(fermisurf):    211 of    256 k-points
Info(fermisurf):    212 of    256 k-points
Info(fermisurf):    213 of    256 k-points
Info(fermisurf):    214 of    256 k-points
Info(fermisurf):    215 of    256 k-points
Info(fermisurf):    216 of    256 k-points
Info(fermisurf):    217 of    256 k-points
Info(fermisurf):    218 of    256 k-points
Info(fermisurf):    219 of    256 k-points
Info(fermisurf):    220 of    256 k-points
Info(fermisurf):    221 of    256 k-points
Info(fermisurf):    222 of    256 k-points
Info(fermisurf):    223 of    256 k-points
Info(fermisurf):    224 of    256 k-points
Info(fermisurf):    225 of    256 k-points
Info(fermisurf):    226 of    256 k-points
Info(fermisurf):    227 of    256 k-points
Info(fermisurf):    228 of    256 k-points
Info(fermisurf):    229 of    256 k-points
Info(fermisurf):    230 of    256 k-points
Info(fermisurf):    231 of    256 k-points
Info(fermisurf):    232 of    256 k-points
Info(fermisurf):    233 of    256 k-points
Info(fermisurf):    234 of    256 k-points
Info(fermisurf):    235 of    256 k-points
Info(fermisurf):    236 of    256 k-points
Info(fermisurf):    237 of    256 k-points
Info(fermisurf):    238 of    256 k-points
Info(fermisurf):    239 of    256 k-points
Info(fermisurf):    240 of    256 k-points
Info(fermisurf):    241 of    256 k-points
Info(fermisurf):    242 of    256 k-points
Info(fermisurf):    243 of    256 k-points
Info(fermisurf):    244 of    256 k-points
Info(fermisurf):    245 of    256 k-points
Info(fermisurf):    246 of    256 k-points
Info(fermisurf):    247 of    256 k-points
Info(fermisurf):    248 of    256 k-points
Info(fermisurf):    249 of    256 k-points
Info(fermisurf):    250 of    256 k-points
Info(fermisurf):    251 of    256 k-points
Info(fermisurf):    252 of    256 k-points
Info(fermisurf):    253 of    256 k-points
Info(fermisurf):    254 of    256 k-points
Info(fermisurf):    255 of    256 k-points
Info(fermisurf):    256 of    256 k-points
 
Info(fermisurf):
 3D Fermi surface data written to FERMISURF.OUT
 in terms of the product of eigenvalues minus the Fermi energy
 
