# Loss function L(Q,w) and dynamical structure factor S(Q,w)
#
# L(Q,w)= -Im(1/eps_m(Q,w) [1]
# S(Q,w)= L(Q,w)*|Q|^2*/(4 pi^2 n_val) [Energy^-1]
#
# Momentum transfer Q=G+q in lattice coordinates
# G:   0   0   0
# q:   0.0000000   0.0000000   0.0000000
# Momentum transfer Q=G+q in Cartesian coordinates
# G:   0.0000000   0.0000000   0.0000000
# q:   0.0000000   0.0000000   0.0000000
# Norm2(G+q)   0.0000000
#
#   Frequency/(eV/hbar)                  L(Q,w)             S(Q,w)*1000
+0.8163415157999999E+01 +0.5225749055331946E-02 +0.0000000000000000E+00
+0.8179288465251666E+01 +0.5249460739494945E-02 +0.0000000000000000E+00
+0.8195161772503333E+01 +0.5273322573210414E-02 +0.0000000000000000E+00
+0.8211035079755000E+01 +0.5297336110406069E-02 +0.0000000000000000E+00
+0.8226908387006667E+01 +0.5321502926239865E-02 +0.0000000000000000E+00
+0.8242781694258333E+01 +0.5345824617464093E-02 +0.0000000000000000E+00
+0.8258655001510000E+01 +0.5370302802797076E-02 +0.0000000000000000E+00
+0.8274528308761667E+01 +0.5394939123302451E-02 +0.0000000000000000E+00
+0.8290401616013334E+01 +0.5419735242776292E-02 +0.0000000000000000E+00
+0.8306274923264999E+01 +0.5444692848142316E-02 +0.0000000000000000E+00
+0.8322148230516667E+01 +0.5469813649855229E-02 +0.0000000000000000E+00
+0.8338021537768334E+01 +0.5495099382312558E-02 +0.0000000000000000E+00
+0.8353894845020001E+01 +0.5520551804275069E-02 +0.0000000000000000E+00
+0.8369768152271666E+01 +0.5546172699296071E-02 +0.0000000000000000E+00
+0.8385641459523333E+01 +0.5571963876159682E-02 +0.0000000000000000E+00
+0.8401514766775000E+01 +0.5597927169328481E-02 +0.0000000000000000E+00
+0.8417388074026668E+01 +0.5624064439400575E-02 +0.0000000000000000E+00
+0.8433261381278333E+01 +0.5650377573576417E-02 +0.0000000000000000E+00
+0.8449134688530000E+01 +0.5676868486135670E-02 +0.0000000000000000E+00
+0.8465007995781667E+01 +0.5703539118924189E-02 +0.0000000000000000E+00
+0.8480881303033334E+01 +0.5730391441851616E-02 +0.0000000000000000E+00
+0.8496754610285000E+01 +0.5757427453399582E-02 +0.0000000000000000E+00
+0.8512627917536665E+01 +0.5784649181141032E-02 +0.0000000000000000E+00
+0.8528501224788334E+01 +0.5812058682270785E-02 +0.0000000000000000E+00
+0.8544374532040001E+01 +0.5839658044147740E-02 +0.0000000000000000E+00
+0.8560247839291668E+01 +0.5867449384848842E-02 +0.0000000000000000E+00
+0.8576121146543333E+01 +0.5895434853735322E-02 +0.0000000000000000E+00
+0.8591994453794999E+01 +0.5923616632031441E-02 +0.0000000000000000E+00
+0.8607867761046666E+01 +0.5951996933415913E-02 +0.0000000000000000E+00
+0.8623741068298333E+01 +0.5980578004626634E-02 +0.0000000000000000E+00
+0.8639614375550000E+01 +0.6009362126078773E-02 +0.0000000000000000E+00
+0.8655487682801667E+01 +0.6038351612496717E-02 +0.0000000000000000E+00
+0.8671360990053333E+01 +0.6067548813560242E-02 +0.0000000000000000E+00
+0.8687234297305000E+01 +0.6096956114565226E-02 +0.0000000000000000E+00
+0.8703107604556667E+01 +0.6126575937099258E-02 +0.0000000000000000E+00
+0.8718980911808334E+01 +0.6156410739732663E-02 +0.0000000000000000E+00
+0.8734854219060001E+01 +0.6186463018725214E-02 +0.0000000000000000E+00
+0.8750727526311668E+01 +0.6216735308749001E-02 +0.0000000000000000E+00
+0.8766600833563334E+01 +0.6247230183627954E-02 +0.0000000000000000E+00
+0.8782474140814999E+01 +0.6277950257094269E-02 +0.0000000000000000E+00
+0.8798347448066666E+01 +0.6308898183562466E-02 +0.0000000000000000E+00
+0.8814220755318333E+01 +0.6340076658921331E-02 +0.0000000000000000E+00
+0.8830094062570002E+01 +0.6371488421344274E-02 +0.0000000000000000E+00
+0.8845967369821667E+01 +0.6403136252118706E-02 +0.0000000000000000E+00
+0.8861840677073333E+01 +0.6435022976494833E-02 +0.0000000000000000E+00
+0.8877713984325000E+01 +0.6467151464554441E-02 +0.0000000000000000E+00
+0.8893587291576667E+01 +0.6499524632100221E-02 +0.0000000000000000E+00
+0.8909460598828334E+01 +0.6532145441566238E-02 +0.0000000000000000E+00
+0.8925333906079999E+01 +0.6565016902949989E-02 +0.0000000000000000E+00
+0.8941207213331667E+01 +0.6598142074766887E-02 +0.0000000000000000E+00
+0.8957080520583334E+01 +0.6631524065027539E-02 +0.0000000000000000E+00
+0.8972953827835001E+01 +0.6665166032238620E-02 +0.0000000000000000E+00
+0.8988827135086666E+01 +0.6699071186427975E-02 +0.0000000000000000E+00
+0.9004700442338333E+01 +0.6733242790194579E-02 +0.0000000000000000E+00
+0.9020573749590001E+01 +0.6767684159784104E-02 +0.0000000000000000E+00
+0.9036447056841668E+01 +0.6802398666190805E-02 +0.0000000000000000E+00
+0.9052320364093333E+01 +0.6837389736286493E-02 +0.0000000000000000E+00
+0.9068193671345000E+01 +0.6872660853977326E-02 +0.0000000000000000E+00
+0.9084066978596667E+01 +0.6908215561389311E-02 +0.0000000000000000E+00
+0.9099940285848334E+01 +0.6944057460083133E-02 +0.0000000000000000E+00
+0.9115813593100000E+01 +0.6980190212299474E-02 +0.0000000000000000E+00
+0.9131686900351667E+01 +0.7016617542235480E-02 +0.0000000000000000E+00
+0.9147560207603334E+01 +0.7053343237353240E-02 +0.0000000000000000E+00
+0.9163433514855001E+01 +0.7090371149721473E-02 +0.0000000000000000E+00
+0.9179306822106668E+01 +0.7127705197391164E-02 +0.0000000000000000E+00
+0.9195180129358333E+01 +0.7165349365806225E-02 +0.0000000000000000E+00
+0.9211053436609999E+01 +0.7203307709250260E-02 +0.0000000000000000E+00
+0.9226926743861666E+01 +0.7241584352330408E-02 +0.0000000000000000E+00
+0.9242800051113335E+01 +0.7280183491499585E-02 +0.0000000000000000E+00
+0.9258673358365000E+01 +0.7319109396617871E-02 +0.0000000000000000E+00
+0.9274546665616667E+01 +0.7358366412554804E-02 +0.0000000000000000E+00
+0.9290419972868333E+01 +0.7397958960833209E-02 +0.0000000000000000E+00
+0.9306293280120000E+01 +0.7437891541316280E-02 +0.0000000000000000E+00
+0.9322166587371667E+01 +0.7478168733938979E-02 +0.0000000000000000E+00
+0.9338039894623332E+01 +0.7518795200485250E-02 +0.0000000000000000E+00
+0.9353913201875001E+01 +0.7559775686412367E-02 +0.0000000000000000E+00
+0.9369786509126667E+01 +0.7601115022723858E-02 +0.0000000000000000E+00
+0.9385659816378334E+01 +0.7642818127892718E-02 +0.0000000000000000E+00
+0.9401533123629999E+01 +0.7684890009836123E-02 +0.0000000000000000E+00
+0.9417406430881666E+01 +0.7727335767943563E-02 +0.0000000000000000E+00
+0.9433279738133335E+01 +0.7770160595159980E-02 +0.0000000000000000E+00
+0.9449153045385001E+01 +0.7813369780125522E-02 +0.0000000000000000E+00
+0.9465026352636666E+01 +0.7856968709373927E-02 +0.0000000000000000E+00
+0.9480899659888333E+01 +0.7900962869591209E-02 +0.0000000000000000E+00
+0.9496772967140000E+01 +0.7945357849936704E-02 +0.0000000000000000E+00
+0.9512646274391667E+01 +0.7990159344428410E-02 +0.0000000000000000E+00
+0.9528519581643332E+01 +0.8035373154394634E-02 +0.0000000000000000E+00
+0.9544392888895000E+01 +0.8081005190994313E-02 +0.0000000000000000E+00
+0.9560266196146667E+01 +0.8127061477808072E-02 +0.0000000000000000E+00
+0.9576139503398334E+01 +0.8173548153502148E-02 +0.0000000000000000E+00
+0.9592012810649999E+01 +0.8220471474568114E-02 +0.0000000000000000E+00
+0.9607886117901666E+01 +0.8267837818140313E-02 +0.0000000000000000E+00
+0.9623759425153333E+01 +0.8315653684893964E-02 +0.0000000000000000E+00
+0.9639632732405000E+01 +0.8363925702026428E-02 +0.0000000000000000E+00
+0.9655506039656668E+01 +0.8412660626324509E-02 +0.0000000000000000E+00
+0.9671379346908333E+01 +0.8461865347320581E-02 +0.0000000000000000E+00
+0.9687252654160000E+01 +0.8511546890540803E-02 +0.0000000000000000E+00
+0.9703125961411667E+01 +0.8561712420847967E-02 +0.0000000000000000E+00
+0.9718999268663334E+01 +0.8612369245883069E-02 +0.0000000000000000E+00
+0.9734872575915000E+01 +0.8663524819607950E-02 +0.0000000000000000E+00
+0.9750745883166667E+01 +0.8715186745953406E-02 +0.0000000000000000E+00
+0.9766619190418334E+01 +0.8767362782575949E-02 +0.0000000000000000E+00
+0.9782492497670001E+01 +0.8820060844726821E-02 +0.0000000000000000E+00
+0.9798365804921666E+01 +0.8873289009237655E-02 +0.0000000000000000E+00
+0.9814239112173333E+01 +0.8927055518626534E-02 +0.0000000000000000E+00
+0.9830112419424999E+01 +0.8981368785328712E-02 +0.0000000000000000E+00
+0.9845985726676668E+01 +0.9036237396056492E-02 +0.0000000000000000E+00
+0.9861859033928333E+01 +0.9091670116292840E-02 +0.0000000000000000E+00
+0.9877732341180000E+01 +0.9147675894923348E-02 +0.0000000000000000E+00
+0.9893605648431667E+01 +0.9204263869011926E-02 +0.0000000000000000E+00
+0.9909478955683333E+01 +0.9261443368724680E-02 +0.0000000000000000E+00
+0.9925352262935000E+01 +0.9319223922408172E-02 +0.0000000000000000E+00
+0.9941225570186665E+01 +0.9377615261827062E-02 +0.0000000000000000E+00
+0.9957098877438334E+01 +0.9436627327567289E-02 +0.0000000000000000E+00
+0.9972972184690001E+01 +0.9496270274610599E-02 +0.0000000000000000E+00
+0.9988845491941667E+01 +0.9556554478087155E-02 +0.0000000000000000E+00
+0.1000471879919333E+02 +0.9617490539212410E-02 +0.0000000000000000E+00
+0.1002059210644500E+02 +0.9679089291415473E-02 +0.0000000000000000E+00
+0.1003646541369667E+02 +0.9741361806665801E-02 +0.0000000000000000E+00
+0.1005233872094833E+02 +0.9804319402005938E-02 +0.0000000000000000E+00
+0.1006821202820000E+02 +0.9867973646298326E-02 +0.0000000000000000E+00
+0.1008408533545167E+02 +0.9932336367193460E-02 +0.0000000000000000E+00
+0.1009995864270333E+02 +0.9997419658329204E-02 +0.0000000000000000E+00
+0.1011583194995500E+02 +0.1006323588676869E-01 +0.0000000000000000E+00
+0.1013170525720667E+02 +0.1012979770068745E-01 +0.0000000000000000E+00
+0.1014757856445833E+02 +0.1019711803731820E-01 +0.0000000000000000E+00
+0.1016345187171000E+02 +0.1026521013116433E-01 +0.0000000000000000E+00
+0.1017932517896167E+02 +0.1033408752249201E-01 +0.0000000000000000E+00
+0.1019519848621333E+02 +0.1040376406611243E-01 +0.0000000000000000E+00
+0.1021107179346500E+02 +0.1047425394046521E-01 +0.0000000000000000E+00
+0.1022694510071667E+02 +0.1054557165701532E-01 +0.0000000000000000E+00
+0.1024281840796833E+02 +0.1061773206997612E-01 +0.0000000000000000E+00
+0.1025869171522000E+02 +0.1069075038637140E-01 +0.0000000000000000E+00
+0.1027456502247167E+02 +0.1076464217645059E-01 +0.0000000000000000E+00
+0.1029043832972333E+02 +0.1083942338447121E-01 +0.0000000000000000E+00
+0.1030631163697500E+02 +0.1091511033986381E-01 +0.0000000000000000E+00
+0.1032218494422667E+02 +0.1099171976879516E-01 +0.0000000000000000E+00
+0.1033805825147833E+02 +0.1106926880614608E-01 +0.0000000000000000E+00
+0.1035393155873000E+02 +0.1114777500792173E-01 +0.0000000000000000E+00
+0.1036980486598167E+02 +0.1122725636411157E-01 +0.0000000000000000E+00
+0.1038567817323333E+02 +0.1130773131201915E-01 +0.0000000000000000E+00
+0.1040155148048500E+02 +0.1138921875008065E-01 +0.0000000000000000E+00
+0.1041742478773667E+02 +0.1147173805219372E-01 +0.0000000000000000E+00
+0.1043329809498833E+02 +0.1155530908257824E-01 +0.0000000000000000E+00
+0.1044917140224000E+02 +0.1163995221119204E-01 +0.0000000000000000E+00
+0.1046504470949167E+02 +0.1172568832972572E-01 +0.0000000000000000E+00
+0.1048091801674333E+02 +0.1181253886820206E-01 +0.0000000000000000E+00
+0.1049679132399500E+02 +0.1190052581220624E-01 +0.0000000000000000E+00
+0.1051266463124667E+02 +0.1198967172077519E-01 +0.0000000000000000E+00
+0.1052853793849833E+02 +0.1207999974497520E-01 +0.0000000000000000E+00
+0.1054441124575000E+02 +0.1217153364719851E-01 +0.0000000000000000E+00
+0.1056028455300167E+02 +0.1226429782121175E-01 +0.0000000000000000E+00
+0.1057615786025333E+02 +0.1235831731298973E-01 +0.0000000000000000E+00
+0.1059203116750500E+02 +0.1245361784237089E-01 +0.0000000000000000E+00
+0.1060790447475667E+02 +0.1255022582557184E-01 +0.0000000000000000E+00
+0.1062377778200833E+02 +0.1264816839860096E-01 +0.0000000000000000E+00
+0.1063965108926000E+02 +0.1274747344161246E-01 +0.0000000000000000E+00
+0.1065552439651167E+02 +0.1284816960424535E-01 +0.0000000000000000E+00
+0.1067139770376333E+02 +0.1295028633199354E-01 +0.0000000000000000E+00
+0.1068727101101500E+02 +0.1305385389365564E-01 +0.0000000000000000E+00
+0.1070314431826667E+02 +0.1315890340991663E-01 +0.0000000000000000E+00
+0.1071901762551833E+02 +0.1326546688311504E-01 +0.0000000000000000E+00
+0.1073489093277000E+02 +0.1337357722825343E-01 +0.0000000000000000E+00
+0.1075076424002167E+02 +0.1348326830531248E-01 +0.0000000000000000E+00
+0.1076663754727333E+02 +0.1359457495293248E-01 +0.0000000000000000E+00
+0.1078251085452500E+02 +0.1370753302353004E-01 +0.0000000000000000E+00
+0.1079838416177667E+02 +0.1382217941992049E-01 +0.0000000000000000E+00
+0.1081425746902833E+02 +0.1393855213352217E-01 +0.0000000000000000E+00
+0.1083013077628000E+02 +0.1405669028422153E-01 +0.0000000000000000E+00
+0.1084600408353167E+02 +0.1417663416198364E-01 +0.0000000000000000E+00
+0.1086187739078333E+02 +0.1429842527029684E-01 +0.0000000000000000E+00
+0.1087775069803500E+02 +0.1442210637154597E-01 +0.0000000000000000E+00
+0.1089362400528667E+02 +0.1454772153441440E-01 +0.0000000000000000E+00
+0.1090949731253833E+02 +0.1467531618341959E-01 +0.0000000000000000E+00
+0.1092537061979000E+02 +0.1480493715069544E-01 +0.0000000000000000E+00
+0.1094124392704167E+02 +0.1493663273013928E-01 +0.0000000000000000E+00
+0.1095711723429333E+02 +0.1507045273405018E-01 +0.0000000000000000E+00
+0.1097299054154500E+02 +0.1520644855239180E-01 +0.0000000000000000E+00
+0.1098886384879667E+02 +0.1534467321482193E-01 +0.0000000000000000E+00
+0.1100473715604833E+02 +0.1548518145563958E-01 +0.0000000000000000E+00
+0.1102061046330000E+02 +0.1562802978180948E-01 +0.0000000000000000E+00
+0.1103648377055167E+02 +0.1577327654423434E-01 +0.0000000000000000E+00
+0.1105235707780333E+02 +0.1592098201245609E-01 +0.0000000000000000E+00
+0.1106823038505500E+02 +0.1607120845297854E-01 +0.0000000000000000E+00
+0.1108410369230667E+02 +0.1622402021141629E-01 +0.0000000000000000E+00
+0.1109997699955833E+02 +0.1637948379868905E-01 +0.0000000000000000E+00
+0.1111585030681000E+02 +0.1653766798149293E-01 +0.0000000000000000E+00
+0.1113172361406167E+02 +0.1669864387729793E-01 +0.0000000000000000E+00
+0.1114759692131333E+02 +0.1686248505413533E-01 +0.0000000000000000E+00
+0.1116347022856500E+02 +0.1702926763545797E-01 +0.0000000000000000E+00
+0.1117934353581667E+02 +0.1719907041037445E-01 +0.0000000000000000E+00
+0.1119521684306833E+02 +0.1737197494958016E-01 +0.0000000000000000E+00
+0.1121109015032000E+02 +0.1754806572732841E-01 +0.0000000000000000E+00
+0.1122696345757167E+02 +0.1772743024981126E-01 +0.0000000000000000E+00
+0.1124283676482333E+02 +0.1791015919034299E-01 +0.0000000000000000E+00
+0.1125871007207500E+02 +0.1809634653176947E-01 +0.0000000000000000E+00
+0.1127458337932667E+02 +0.1828608971655494E-01 +0.0000000000000000E+00
+0.1129045668657833E+02 +0.1847948980503126E-01 +0.0000000000000000E+00
+0.1130632999383000E+02 +0.1867665164233023E-01 +0.0000000000000000E+00
+0.1132220330108167E+02 +0.1887768403455740E-01 +0.0000000000000000E+00
+0.1133807660833333E+02 +0.1908269993480656E-01 +0.0000000000000000E+00
+0.1135394991558500E+02 +0.1929181663966123E-01 +0.0000000000000000E+00
+0.1136982322283667E+02 +0.1950515599687545E-01 +0.0000000000000000E+00
+0.1138569653008833E+02 +0.1972284462498185E-01 +0.0000000000000000E+00
+0.1140156983734000E+02 +0.1994501414563053E-01 +0.0000000000000000E+00
+0.1141744314459167E+02 +0.2017180142952678E-01 +0.0000000000000000E+00
+0.1143331645184333E+02 +0.2040334885690236E-01 +0.0000000000000000E+00
+0.1144918975909500E+02 +0.2063980459353136E-01 +0.0000000000000000E+00
+0.1146506306634667E+02 +0.2088132288338149E-01 +0.0000000000000000E+00
+0.1148093637359833E+02 +0.2112806435908166E-01 +0.0000000000000000E+00
+0.1149680968085000E+02 +0.2138019637148245E-01 +0.0000000000000000E+00
+0.1151268298810167E+02 +0.2163789333969449E-01 +0.0000000000000000E+00
+0.1152855629535333E+02 +0.2190133712310387E-01 +0.0000000000000000E+00
+0.1154442960260500E+02 +0.2217071741699334E-01 +0.0000000000000000E+00
+0.1156030290985667E+02 +0.2244623217353674E-01 +0.0000000000000000E+00
+0.1157617621710833E+02 +0.2272808805009027E-01 +0.0000000000000000E+00
+0.1159204952436000E+02 +0.2301650088687069E-01 +0.0000000000000000E+00
+0.1160792283161167E+02 +0.2331169621630069E-01 +0.0000000000000000E+00
+0.1162379613886333E+02 +0.2361390980650541E-01 +0.0000000000000000E+00
+0.1163966944611500E+02 +0.2392338824167164E-01 +0.0000000000000000E+00
+0.1165554275336667E+02 +0.2424038954223438E-01 +0.0000000000000000E+00
+0.1167141606061833E+02 +0.2456518382813105E-01 +0.0000000000000000E+00
+0.1168728936787000E+02 +0.2489805402867500E-01 +0.0000000000000000E+00
+0.1170316267512167E+02 +0.2523929664293875E-01 +0.0000000000000000E+00
+0.1171903598237333E+02 +0.2558922255492195E-01 +0.0000000000000000E+00
+0.1173490928962500E+02 +0.2594815790819741E-01 +0.0000000000000000E+00
+0.1175078259687667E+02 +0.2631644504520445E-01 +0.0000000000000000E+00
+0.1176665590412833E+02 +0.2669444351688166E-01 +0.0000000000000000E+00
+0.1178252921138000E+02 +0.2708253116892047E-01 +0.0000000000000000E+00
+0.1179840251863167E+02 +0.2748110531157909E-01 +0.0000000000000000E+00
+0.1181427582588333E+02 +0.2789058398073163E-01 +0.0000000000000000E+00
+0.1183014913313500E+02 +0.2831140729865564E-01 +0.0000000000000000E+00
+0.1184602244038667E+02 +0.2874403894399142E-01 +0.0000000000000000E+00
+0.1186189574763833E+02 +0.2918896774134948E-01 +0.0000000000000000E+00
+0.1187776905489000E+02 +0.2964670938222531E-01 +0.0000000000000000E+00
+0.1189364236214167E+02 +0.3011780829020660E-01 +0.0000000000000000E+00
+0.1190951566939333E+02 +0.3060283964496508E-01 +0.0000000000000000E+00
+0.1192538897664500E+02 +0.3110241158122148E-01 +0.0000000000000000E+00
+0.1194126228389667E+02 +0.3161716758080202E-01 +0.0000000000000000E+00
+0.1195713559114833E+02 +0.3214778907808516E-01 +0.0000000000000000E+00
+0.1197300889840000E+02 +0.3269499830161644E-01 +0.0000000000000000E+00
+0.1198888220565167E+02 +0.3325956137748427E-01 +0.0000000000000000E+00
+0.1200475551290333E+02 +0.3384229172323990E-01 +0.0000000000000000E+00
+0.1202062882015500E+02 +0.3444405376478136E-01 +0.0000000000000000E+00
+0.1203650212740667E+02 +0.3506576701273682E-01 +0.0000000000000000E+00
+0.1205237543465833E+02 +0.3570841053956032E-01 +0.0000000000000000E+00
+0.1206824874191000E+02 +0.3637302790384538E-01 +0.0000000000000000E+00
+0.1208412204916167E+02 +0.3706073257433966E-01 +0.0000000000000000E+00
+0.1209999535641333E+02 +0.3777271391287133E-01 +0.0000000000000000E+00
+0.1211586866366500E+02 +0.3851024378291476E-01 +0.0000000000000000E+00
+0.1213174197091667E+02 +0.3927468385887976E-01 +0.0000000000000000E+00
+0.1214761527816833E+02 +0.4006749372036299E-01 +0.0000000000000000E+00
+0.1216348858542000E+02 +0.4089023982549726E-01 +0.0000000000000000E+00
+0.1217936189267167E+02 +0.4174460546796103E-01 +0.0000000000000000E+00
+0.1219523519992333E+02 +0.4263240183281363E-01 +0.0000000000000000E+00
+0.1221110850717500E+02 +0.4355558027645576E-01 +0.0000000000000000E+00
+0.1222698181442667E+02 +0.4451624596464525E-01 +0.0000000000000000E+00
+0.1224285512167833E+02 +0.4551667300798213E-01 +0.0000000000000000E+00
+0.1225872842893000E+02 +0.4655932123406116E-01 +0.0000000000000000E+00
+0.1227460173618167E+02 +0.4764685472572269E-01 +0.0000000000000000E+00
+0.1229047504343333E+02 +0.4878216222975167E-01 +0.0000000000000000E+00
+0.1230634835068500E+02 +0.4996837949145873E-01 +0.0000000000000000E+00
+0.1232222165793667E+02 +0.5120891348551121E-01 +0.0000000000000000E+00
+0.1233809496518833E+02 +0.5250746837443074E-01 +0.0000000000000000E+00
+0.1235396827244000E+02 +0.5386807280852297E-01 +0.0000000000000000E+00
+0.1236984157969167E+02 +0.5529510785047636E-01 +0.0000000000000000E+00
+0.1238571488694333E+02 +0.5679333431909282E-01 +0.0000000000000000E+00
+0.1240158819419500E+02 +0.5836791764198050E-01 +0.0000000000000000E+00
+0.1241746150144667E+02 +0.6002444731873850E-01 +0.0000000000000000E+00
+0.1243333480869833E+02 +0.6176894675467107E-01 +0.0000000000000000E+00
+0.1244920811595000E+02 +0.6360786747994279E-01 +0.0000000000000000E+00
+0.1246508142320167E+02 +0.6554805963142621E-01 +0.0000000000000000E+00
+0.1248095473045333E+02 +0.6759670819148511E-01 +0.0000000000000000E+00
+0.1249682803770500E+02 +0.6976122224877593E-01 +0.0000000000000000E+00
+0.1251270134495667E+02 +0.7204906327345112E-01 +0.0000000000000000E+00
+0.1252857465220833E+02 +0.7446749943593410E-01 +0.0000000000000000E+00
+0.1254444795946000E+02 +0.7702327829251530E-01 +0.0000000000000000E+00
+0.1256032126671167E+02 +0.7972222204324104E-01 +0.0000000000000000E+00
+0.1257619457396333E+02 +0.8256877015565191E-01 +0.0000000000000000E+00
+0.1259206788121500E+02 +0.8556552442637430E-01 +0.0000000000000000E+00
+0.1260794118846667E+02 +0.8871289044485596E-01 +0.0000000000000000E+00
+0.1262381449571833E+02 +0.9200895293574013E-01 +0.0000000000000000E+00
+0.1263968780297000E+02 +0.9544976167765948E-01 +0.0000000000000000E+00
+0.1265556111022167E+02 +0.9903022054100839E-01 +0.0000000000000000E+00
+0.1267143441747333E+02 +0.1027457292237477E+00 +0.0000000000000000E+00
+0.1268730772472500E+02 +0.1065945809346322E+00 +0.0000000000000000E+00
+0.1270318103197667E+02 +0.1105808551805690E+00 +0.0000000000000000E+00
+0.1271905433922833E+02 +0.1147172380999635E+00 +0.0000000000000000E+00
+0.1273492764648000E+02 +0.1190270300339679E+00 +0.0000000000000000E+00
+0.1275080095373167E+02 +0.1235447372388814E+00 +0.0000000000000000E+00
+0.1276667426098333E+02 +0.1283151010021695E+00 +0.0000000000000000E+00
+0.1278254756823500E+02 +0.1333909746364740E+00 +0.0000000000000000E+00
+0.1279842087548667E+02 +0.1388308160564262E+00 +0.0000000000000000E+00
+0.1281429418273833E+02 +0.1446965636669195E+00 +0.0000000000000000E+00
+0.1283016748999000E+02 +0.1510523816370283E+00 +0.0000000000000000E+00
+0.1284604079724167E+02 +0.1579644010450167E+00 +0.0000000000000000E+00
+0.1286191410449333E+02 +0.1655013160822125E+00 +0.0000000000000000E+00
+0.1287778741174500E+02 +0.1737355779504236E+00 +0.0000000000000000E+00
+0.1289366071899667E+02 +0.1827449321899806E+00 +0.0000000000000000E+00
+0.1290953402624833E+02 +0.1926141062222267E+00 +0.0000000000000000E+00
+0.1292540733350000E+02 +0.2034365222252874E+00 +0.0000000000000000E+00
+0.1294128064075167E+02 +0.2153159588151919E+00 +0.0000000000000000E+00
+0.1295715394800333E+02 +0.2283681042909353E+00 +0.0000000000000000E+00
+0.1297302725525500E+02 +0.2427219340840654E+00 +0.0000000000000000E+00
+0.1298890056250667E+02 +0.2585208067871151E+00 +0.0000000000000000E+00
+0.1300477386975833E+02 +0.2759231058206102E+00 +0.0000000000000000E+00
+0.1302064717701000E+02 +0.2951021530794710E+00 +0.0000000000000000E+00
+0.1303652048426167E+02 +0.3162449791248002E+00 +0.0000000000000000E+00
+0.1305239379151333E+02 +0.3395493420344796E+00 +0.0000000000000000E+00
+0.1306826709876500E+02 +0.3652181353542499E+00 +0.0000000000000000E+00
+0.1308414040601667E+02 +0.3934500134785186E+00 +0.0000000000000000E+00
+0.1310001371326833E+02 +0.4244247082458584E+00 +0.0000000000000000E+00
+0.1311588702052000E+02 +0.4582811717259215E+00 +0.0000000000000000E+00
+0.1313176032777167E+02 +0.4950864885324355E+00 +0.0000000000000000E+00
+0.1314763363502333E+02 +0.5347937059435846E+00 +0.0000000000000000E+00
+0.1316350694227500E+02 +0.5771877428512570E+00 +0.0000000000000000E+00
+0.1317938024952667E+02 +0.6218209352392946E+00 +0.0000000000000000E+00
+0.1319525355677833E+02 +0.6679441746657341E+00 +0.0000000000000000E+00
+0.1321112686403000E+02 +0.7144462759562038E+00 +0.0000000000000000E+00
+0.1322700017128167E+02 +0.7598223621860144E+00 +0.0000000000000000E+00
+0.1324287347853333E+02 +0.8021988007834273E+00 +0.0000000000000000E+00
+0.1325874678578500E+02 +0.8394421310290536E+00 +0.0000000000000000E+00
+0.1327462009303667E+02 +0.8693659631561852E+00 +0.0000000000000000E+00
+0.1329049340028833E+02 +0.8900200173010727E+00 +0.0000000000000000E+00
+0.1330636670754000E+02 +0.9000062316460964E+00 +0.0000000000000000E+00
+0.1332224001479167E+02 +0.8987371935624979E+00 +0.0000000000000000E+00
+0.1333811332204333E+02 +0.8865542465712274E+00 +0.0000000000000000E+00
+0.1335398662929500E+02 +0.8646642582370621E+00 +0.0000000000000000E+00
+0.1336985993654667E+02 +0.8349173497551176E+00 +0.0000000000000000E+00
+0.1338573324379833E+02 +0.7994992600591854E+00 +0.0000000000000000E+00
+0.1340160655105000E+02 +0.7606266262083479E+00 +0.0000000000000000E+00
+0.1341747985830167E+02 +0.7203115237123441E+00 +0.0000000000000000E+00
+0.1343335316555333E+02 +0.6802228430998410E+00 +0.0000000000000000E+00
+0.1344922647280500E+02 +0.6416379975639042E+00 +0.0000000000000000E+00
+0.1346509978005667E+02 +0.6054598974981235E+00 +0.0000000000000000E+00
+0.1348097308730833E+02 +0.5722705290679883E+00 +0.0000000000000000E+00
+0.1349684639456000E+02 +0.5423977625111263E+00 +0.0000000000000000E+00
+0.1351271970181167E+02 +0.5159801360217384E+00 +0.0000000000000000E+00
+0.1352859300906333E+02 +0.4930216527093304E+00 +0.0000000000000000E+00
+0.1354446631631500E+02 +0.4734337651889149E+00 +0.0000000000000000E+00
+0.1356033962356667E+02 +0.4570647668444013E+00 +0.0000000000000000E+00
+0.1357621293081833E+02 +0.4437183461294719E+00 +0.0000000000000000E+00
+0.1359208623807000E+02 +0.4331636946355601E+00 +0.0000000000000000E+00
+0.1360795954532167E+02 +0.4251397124378173E+00 +0.0000000000000000E+00
+0.1362383285257333E+02 +0.4193557499859117E+00 +0.0000000000000000E+00
+0.1363970615982500E+02 +0.4154910883154289E+00 +0.0000000000000000E+00
+0.1365557946707667E+02 +0.4131951450971469E+00 +0.0000000000000000E+00
+0.1367145277432833E+02 +0.4120904282577372E+00 +0.0000000000000000E+00
+0.1368732608158000E+02 +0.4117806183534528E+00 +0.0000000000000000E+00
+0.1370319938883167E+02 +0.4118663672143205E+00 +0.0000000000000000E+00
+0.1371907269608333E+02 +0.4119703190473127E+00 +0.0000000000000000E+00
+0.1373494600333500E+02 +0.4117694947855000E+00 +0.0000000000000000E+00
+0.1375081931058667E+02 +0.4110281340823616E+00 +0.0000000000000000E+00
+0.1376669261783833E+02 +0.4096202352513956E+00 +0.0000000000000000E+00
+0.1378256592509000E+02 +0.4075319503242978E+00 +0.0000000000000000E+00
+0.1379843923234167E+02 +0.4048408232344533E+00 +0.0000000000000000E+00
+0.1381431253959333E+02 +0.4016785324736806E+00 +0.0000000000000000E+00
+0.1383018584684500E+02 +0.3981908239327990E+00 +0.0000000000000000E+00
+0.1384605915409666E+02 +0.3945087309765167E+00 +0.0000000000000000E+00
+0.1386193246134833E+02 +0.3907390377404241E+00 +0.0000000000000000E+00
+0.1387780576860000E+02 +0.3869727148328466E+00 +0.0000000000000000E+00
+0.1389367907585167E+02 +0.3833022865394369E+00 +0.0000000000000000E+00
+0.1390955238310333E+02 +0.3798362240240044E+00 +0.0000000000000000E+00
+0.1392542569035500E+02 +0.3767014342147237E+00 +0.0000000000000000E+00
+0.1394129899760667E+02 +0.3740317130133807E+00 +0.0000000000000000E+00
+0.1395717230485833E+02 +0.3719467955358271E+00 +0.0000000000000000E+00
+0.1397304561211000E+02 +0.3705300146285460E+00 +0.0000000000000000E+00
+0.1398891891936167E+02 +0.3698116136881025E+00 +0.0000000000000000E+00
+0.1400479222661333E+02 +0.3697609155375787E+00 +0.0000000000000000E+00
+0.1402066553386500E+02 +0.3702863498745750E+00 +0.0000000000000000E+00
+0.1403653884111667E+02 +0.3712399886909941E+00 +0.0000000000000000E+00
+0.1405241214836833E+02 +0.3724238066689183E+00 +0.0000000000000000E+00
+0.1406828545562000E+02 +0.3735978888837428E+00 +0.0000000000000000E+00
+0.1408415876287167E+02 +0.3744942020342459E+00 +0.0000000000000000E+00
+0.1410003207012333E+02 +0.3748405786942341E+00 +0.0000000000000000E+00
+0.1411590537737500E+02 +0.3743964710782488E+00 +0.0000000000000000E+00
+0.1413177868462667E+02 +0.3729955594163441E+00 +0.0000000000000000E+00
+0.1414765199187833E+02 +0.3705838826515669E+00 +0.0000000000000000E+00
+0.1416352529913000E+02 +0.3672401499943034E+00 +0.0000000000000000E+00
+0.1417939860638167E+02 +0.3631695526949697E+00 +0.0000000000000000E+00
+0.1419527191363333E+02 +0.3586717835995130E+00 +0.0000000000000000E+00
+0.1421114522088500E+02 +0.3540929503524570E+00 +0.0000000000000000E+00
+0.1422701852813667E+02 +0.3497750352074516E+00 +0.0000000000000000E+00
+0.1424289183538833E+02 +0.3460145756114984E+00 +0.0000000000000000E+00
+0.1425876514264000E+02 +0.3430368838741196E+00 +0.0000000000000000E+00
+0.1427463844989167E+02 +0.3409868115060918E+00 +0.0000000000000000E+00
+0.1429051175714334E+02 +0.3399337119367061E+00 +0.0000000000000000E+00
+0.1430638506439500E+02 +0.3398868123542178E+00 +0.0000000000000000E+00
+0.1432225837164667E+02 +0.3408166276487306E+00 +0.0000000000000000E+00
+0.1433813167889834E+02 +0.3426775420650955E+00 +0.0000000000000000E+00
+0.1435400498615000E+02 +0.3454263678858374E+00 +0.0000000000000000E+00
+0.1436987829340167E+02 +0.3490323831573571E+00 +0.0000000000000000E+00
+0.1438575160065333E+02 +0.3534766711111682E+00 +0.0000000000000000E+00
+0.1440162490790500E+02 +0.3587421238342097E+00 +0.0000000000000000E+00
+0.1441749821515667E+02 +0.3647988336235369E+00 +0.0000000000000000E+00
+0.1443337152240833E+02 +0.3715912922342466E+00 +0.0000000000000000E+00
+0.1444924482966000E+02 +0.3790331682442299E+00 +0.0000000000000000E+00
+0.1446511813691167E+02 +0.3870127111096930E+00 +0.0000000000000000E+00
+0.1448099144416333E+02 +0.3954079090308964E+00 +0.0000000000000000E+00
+0.1449686475141500E+02 +0.4041066368043177E+00 +0.0000000000000000E+00
+0.1451273805866667E+02 +0.4130247015211738E+00 +0.0000000000000000E+00
+0.1452861136591833E+02 +0.4221152971838066E+00 +0.0000000000000000E+00
+0.1454448467317000E+02 +0.4313670579366545E+00 +0.0000000000000000E+00
+0.1456035798042167E+02 +0.4407928862250096E+00 +0.0000000000000000E+00
+0.1457623128767333E+02 +0.4504151944019468E+00 +0.0000000000000000E+00
+0.1459210459492500E+02 +0.4602532182196873E+00 +0.0000000000000000E+00
+0.1460797790217667E+02 +0.4703149673867201E+00 +0.0000000000000000E+00
+0.1462385120942833E+02 +0.4805923945100809E+00 +0.0000000000000000E+00
+0.1463972451668000E+02 +0.4910561811387809E+00 +0.0000000000000000E+00
+0.1465559782393167E+02 +0.5016478028772714E+00 +0.0000000000000000E+00
+0.1467147113118333E+02 +0.5122707119056000E+00 +0.0000000000000000E+00
+0.1468734443843500E+02 +0.5227867129476813E+00 +0.0000000000000000E+00
+0.1470321774568667E+02 +0.5330242621694460E+00 +0.0000000000000000E+00
+0.1471909105293833E+02 +0.5428007162145074E+00 +0.0000000000000000E+00
+0.1473496436019000E+02 +0.5519524804291168E+00 +0.0000000000000000E+00
+0.1475083766744167E+02 +0.5603606067300885E+00 +0.0000000000000000E+00
+0.1476671097469333E+02 +0.5679595271138249E+00 +0.0000000000000000E+00
+0.1478258428194500E+02 +0.5747241328741256E+00 +0.0000000000000000E+00
+0.1479845758919667E+02 +0.5806410291061304E+00 +0.0000000000000000E+00
+0.1481433089644833E+02 +0.5856770675935514E+00 +0.0000000000000000E+00
+0.1483020420370000E+02 +0.5897583825776178E+00 +0.0000000000000000E+00
+0.1484607751095167E+02 +0.5927673000663307E+00 +0.0000000000000000E+00
+0.1486195081820333E+02 +0.5945570653758180E+00 +0.0000000000000000E+00
+0.1487782412545500E+02 +0.5949792470836142E+00 +0.0000000000000000E+00
+0.1489369743270666E+02 +0.5939169237781936E+00 +0.0000000000000000E+00
+0.1490957073995833E+02 +0.5913168550403081E+00 +0.0000000000000000E+00
+0.1492544404721000E+02 +0.5872141383792252E+00 +0.0000000000000000E+00
+0.1494131735446167E+02 +0.5817433135960407E+00 +0.0000000000000000E+00
+0.1495719066171333E+02 +0.5751316501906354E+00 +0.0000000000000000E+00
+0.1497306396896500E+02 +0.5676741516176542E+00 +0.0000000000000000E+00
+0.1498893727621667E+02 +0.5596948935213243E+00 +0.0000000000000000E+00
+0.1500481058346833E+02 +0.5515037829872378E+00 +0.0000000000000000E+00
+0.1502068389072000E+02 +0.5433596500678053E+00 +0.0000000000000000E+00
+0.1503655719797167E+02 +0.5354487242226619E+00 +0.0000000000000000E+00
+0.1505243050522333E+02 +0.5278826287783135E+00 +0.0000000000000000E+00
+0.1506830381247500E+02 +0.5207140191723066E+00 +0.0000000000000000E+00
+0.1508417711972667E+02 +0.5139631124300420E+00 +0.0000000000000000E+00
+0.1510005042697833E+02 +0.5076460769427208E+00 +0.0000000000000000E+00
+0.1511592373423000E+02 +0.5017970597333024E+00 +0.0000000000000000E+00
+0.1513179704148166E+02 +0.4964791512939921E+00 +0.0000000000000000E+00
+0.1514767034873333E+02 +0.4917844890892692E+00 +0.0000000000000000E+00
+0.1516354365598500E+02 +0.4878277474004410E+00 +0.0000000000000000E+00
+0.1517941696323667E+02 +0.4847384034240990E+00 +0.0000000000000000E+00
+0.1519529027048833E+02 +0.4826551280710040E+00 +0.0000000000000000E+00
+0.1521116357774000E+02 +0.4817222884049649E+00 +0.0000000000000000E+00
+0.1522703688499167E+02 +0.4820863331307783E+00 +0.0000000000000000E+00
+0.1524291019224333E+02 +0.4838898319555349E+00 +0.0000000000000000E+00
+0.1525878349949500E+02 +0.4872623271574640E+00 +0.0000000000000000E+00
+0.1527465680674666E+02 +0.4923084471987638E+00 +0.0000000000000000E+00
+0.1529053011399833E+02 +0.4990942002297136E+00 +0.0000000000000000E+00
+0.1530640342125000E+02 +0.5076322607894990E+00 +0.0000000000000000E+00
+0.1532227672850167E+02 +0.5178669243264343E+00 +0.0000000000000000E+00
+0.1533815003575333E+02 +0.5296595708168651E+00 +0.0000000000000000E+00
+0.1535402334300500E+02 +0.5427761462186994E+00 +0.0000000000000000E+00
+0.1536989665025667E+02 +0.5568794163187240E+00 +0.0000000000000000E+00
+0.1538576995750833E+02 +0.5715302057071310E+00 +0.0000000000000000E+00
+0.1540164326476000E+02 +0.5862024516400972E+00 +0.0000000000000000E+00
+0.1541751657201166E+02 +0.6003153073412940E+00 +0.0000000000000000E+00
+0.1543338987926333E+02 +0.6132810173218060E+00 +0.0000000000000000E+00
+0.1544926318651500E+02 +0.6245609129591697E+00 +0.0000000000000000E+00
+0.1546513649376667E+02 +0.6337167597448602E+00 +0.0000000000000000E+00
+0.1548100980101833E+02 +0.6404445369911801E+00 +0.0000000000000000E+00
+0.1549688310827000E+02 +0.6445838017955429E+00 +0.0000000000000000E+00
+0.1551275641552167E+02 +0.6461048855444107E+00 +0.0000000000000000E+00
+0.1552862972277333E+02 +0.6450826164464205E+00 +0.0000000000000000E+00
+0.1554450303002500E+02 +0.6416657739399757E+00 +0.0000000000000000E+00
+0.1556037633727667E+02 +0.6360478923698683E+00 +0.0000000000000000E+00
+0.1557624964452833E+02 +0.6284418151179020E+00 +0.0000000000000000E+00
+0.1559212295178000E+02 +0.6190599633532647E+00 +0.0000000000000000E+00
+0.1560799625903167E+02 +0.6081031649937989E+00 +0.0000000000000000E+00
+0.1562386956628333E+02 +0.5957601826202736E+00 +0.0000000000000000E+00
+0.1563974287353500E+02 +0.5822168560579608E+00 +0.0000000000000000E+00
+0.1565561618078667E+02 +0.5676699098491136E+00 +0.0000000000000000E+00
+0.1567148948803833E+02 +0.5523385751413808E+00 +0.0000000000000000E+00
+0.1568736279529000E+02 +0.5364682912525306E+00 +0.0000000000000000E+00
+0.1570323610254167E+02 +0.5203240414957379E+00 +0.0000000000000000E+00
+0.1571910940979333E+02 +0.5041747355515059E+00 +0.0000000000000000E+00
+0.1573498271704500E+02 +0.4882730889724956E+00 +0.0000000000000000E+00
+0.1575085602429667E+02 +0.4728367890321190E+00 +0.0000000000000000E+00
+0.1576672933154834E+02 +0.4580360574526448E+00 +0.0000000000000000E+00
+0.1578260263880000E+02 +0.4439903629661426E+00 +0.0000000000000000E+00
+0.1579847594605167E+02 +0.4307739523834547E+00 +0.0000000000000000E+00
+0.1581434925330333E+02 +0.4184272457424513E+00 +0.0000000000000000E+00
+0.1583022256055500E+02 +0.4069698372294288E+00 +0.0000000000000000E+00
+0.1584609586780667E+02 +0.3964110823410733E+00 +0.0000000000000000E+00
+0.1586196917505833E+02 +0.3867557566291004E+00 +0.0000000000000000E+00
+0.1587784248231000E+02 +0.3780044826510107E+00 +0.0000000000000000E+00
+0.1589371578956167E+02 +0.3701507336428387E+00 +0.0000000000000000E+00
+0.1590958909681333E+02 +0.3631773342025917E+00 +0.0000000000000000E+00
+0.1592546240406500E+02 +0.3570549878515278E+00 +0.0000000000000000E+00
+0.1594133571131667E+02 +0.3517437847141741E+00 +0.0000000000000000E+00
+0.1595720901856833E+02 +0.3471968514227277E+00 +0.0000000000000000E+00
+0.1597308232582000E+02 +0.3433643054206068E+00 +0.0000000000000000E+00
+0.1598895563307167E+02 +0.3401959341805620E+00 +0.0000000000000000E+00
+0.1600482894032333E+02 +0.3376422359125000E+00 +0.0000000000000000E+00
+0.1602070224757500E+02 +0.3356547334857117E+00 +0.0000000000000000E+00
+0.1603657555482667E+02 +0.3341868753488508E+00 +0.0000000000000000E+00
+0.1605244886207833E+02 +0.3331960968806335E+00 +0.0000000000000000E+00
+0.1606832216933000E+02 +0.3326463654504109E+00 +0.0000000000000000E+00
+0.1608419547658167E+02 +0.3325097747937924E+00 +0.0000000000000000E+00
+0.1610006878383333E+02 +0.3327660299336481E+00 +0.0000000000000000E+00
+0.1611594209108500E+02 +0.3333997079039230E+00 +0.0000000000000000E+00
+0.1613181539833667E+02 +0.3343962638523308E+00 +0.0000000000000000E+00
+0.1614768870558834E+02 +0.3357382376401626E+00 +0.0000000000000000E+00
+0.1616356201284000E+02 +0.3374027856984070E+00 +0.0000000000000000E+00
+0.1617943532009167E+02 +0.3393608131192311E+00 +0.0000000000000000E+00
+0.1619530862734333E+02 +0.3415772811913549E+00 +0.0000000000000000E+00
+0.1621118193459500E+02 +0.3440122797803137E+00 +0.0000000000000000E+00
+0.1622705524184667E+02 +0.3466230584312640E+00 +0.0000000000000000E+00
+0.1624292854909833E+02 +0.3493675536636576E+00 +0.0000000000000000E+00
+0.1625880185635000E+02 +0.3522092397069037E+00 +0.0000000000000000E+00
+0.1627467516360167E+02 +0.3551215845866187E+00 +0.0000000000000000E+00
+0.1629054847085333E+02 +0.3580893277160918E+00 +0.0000000000000000E+00
+0.1630642177810500E+02 +0.3611045494074042E+00 +0.0000000000000000E+00
+0.1632229508535666E+02 +0.3641581170363379E+00 +0.0000000000000000E+00
+0.1633816839260833E+02 +0.3672300303297191E+00 +0.0000000000000000E+00
+0.1635404169986000E+02 +0.3702834737496106E+00 +0.0000000000000000E+00
+0.1636991500711167E+02 +0.3732660933319618E+00 +0.0000000000000000E+00
+0.1638578831436333E+02 +0.3761187952318955E+00 +0.0000000000000000E+00
+0.1640166162161500E+02 +0.3787888206835286E+00 +0.0000000000000000E+00
+0.1641753492886667E+02 +0.3812416365721674E+00 +0.0000000000000000E+00
+0.1643340823611834E+02 +0.3834663216581653E+00 +0.0000000000000000E+00
+0.1644928154337000E+02 +0.3854716332033209E+00 +0.0000000000000000E+00
+0.1646515485062167E+02 +0.3872737271888351E+00 +0.0000000000000000E+00
+0.1648102815787333E+02 +0.3888798779233234E+00 +0.0000000000000000E+00
+0.1649690146512500E+02 +0.3902740141522305E+00 +0.0000000000000000E+00
+0.1651277477237667E+02 +0.3914089197039677E+00 +0.0000000000000000E+00
+0.1652864807962833E+02 +0.3922072311610968E+00 +0.0000000000000000E+00
+0.1654452138688000E+02 +0.3925704775194440E+00 +0.0000000000000000E+00
+0.1656039469413167E+02 +0.3923937997851306E+00 +0.0000000000000000E+00
+0.1657626800138333E+02 +0.3915838964053499E+00 +0.0000000000000000E+00
+0.1659214130863500E+02 +0.3900780310423372E+00 +0.0000000000000000E+00
+0.1660801461588667E+02 +0.3878613520310502E+00 +0.0000000000000000E+00
+0.1662388792313833E+02 +0.3849784724485923E+00 +0.0000000000000000E+00
+0.1663976123039000E+02 +0.3815349461821401E+00 +0.0000000000000000E+00
+0.1665563453764167E+02 +0.3776864551572986E+00 +0.0000000000000000E+00
+0.1667150784489333E+02 +0.3736176803068848E+00 +0.0000000000000000E+00
+0.1668738115214500E+02 +0.3695165700596724E+00 +0.0000000000000000E+00
+0.1670325445939666E+02 +0.3655508279577036E+00 +0.0000000000000000E+00
+0.1671912776664833E+02 +0.3618516586201420E+00 +0.0000000000000000E+00
+0.1673500107390000E+02 +0.3585066726556266E+00 +0.0000000000000000E+00
+0.1675087438115167E+02 +0.3555611692003657E+00 +0.0000000000000000E+00
+0.1676674768840333E+02 +0.3530257154647198E+00 +0.0000000000000000E+00
+0.1678262099565500E+02 +0.3508879285039093E+00 +0.0000000000000000E+00
+0.1679849430290666E+02 +0.3491269180133333E+00 +0.0000000000000000E+00
+0.1681436761015834E+02 +0.3477291024879048E+00 +0.0000000000000000E+00
+0.1683024091741000E+02 +0.3467035574736810E+00 +0.0000000000000000E+00
+0.1684611422466167E+02 +0.3460939920962357E+00 +0.0000000000000000E+00
+0.1686198753191333E+02 +0.3459839314989283E+00 +0.0000000000000000E+00
+0.1687786083916500E+02 +0.3464927325240728E+00 +0.0000000000000000E+00
+0.1689373414641667E+02 +0.3477626677458516E+00 +0.0000000000000000E+00
+0.1690960745366833E+02 +0.3499402079916323E+00 +0.0000000000000000E+00
+0.1692548076092000E+02 +0.3531562233002616E+00 +0.0000000000000000E+00
+0.1694135406817167E+02 +0.3575094234810865E+00 +0.0000000000000000E+00
+0.1695722737542333E+02 +0.3630555378422681E+00 +0.0000000000000000E+00
+0.1697310068267500E+02 +0.3698026316643232E+00 +0.0000000000000000E+00
+0.1698897398992667E+02 +0.3777114529013594E+00 +0.0000000000000000E+00
+0.1700484729717833E+02 +0.3866990607392308E+00 +0.0000000000000000E+00
+0.1702072060443000E+02 +0.3966439827208992E+00 +0.0000000000000000E+00
+0.1703659391168167E+02 +0.4073913995178435E+00 +0.0000000000000000E+00
+0.1705246721893333E+02 +0.4187571969191401E+00 +0.0000000000000000E+00
+0.1706834052618500E+02 +0.4305303624602850E+00 +0.0000000000000000E+00
+0.1708421383343666E+02 +0.4424744467467694E+00 +0.0000000000000000E+00
+0.1710008714068833E+02 +0.4543304516721173E+00 +0.0000000000000000E+00
+0.1711596044794000E+02 +0.4658245044663466E+00 +0.0000000000000000E+00
+0.1713183375519167E+02 +0.4766826828097046E+00 +0.0000000000000000E+00
+0.1714770706244333E+02 +0.4866520040578451E+00 +0.0000000000000000E+00
+0.1716358036969500E+02 +0.4955224693243690E+00 +0.0000000000000000E+00
+0.1717945367694667E+02 +0.5031430798926588E+00 +0.0000000000000000E+00
+0.1719532698419833E+02 +0.5094268236212883E+00 +0.0000000000000000E+00
+0.1721120029145000E+02 +0.5143445966968184E+00 +0.0000000000000000E+00
+0.1722707359870166E+02 +0.5179123455316912E+00 +0.0000000000000000E+00
+0.1724294690595333E+02 +0.5201766565661798E+00 +0.0000000000000000E+00
+0.1725882021320500E+02 +0.5212020192567984E+00 +0.0000000000000000E+00
+0.1727469352045667E+02 +0.5210606861645953E+00 +0.0000000000000000E+00
+0.1729056682770833E+02 +0.5198253901601606E+00 +0.0000000000000000E+00
+0.1730644013496000E+02 +0.5175657212340846E+00 +0.0000000000000000E+00
+0.1732231344221167E+02 +0.5143489404116087E+00 +0.0000000000000000E+00
+0.1733818674946333E+02 +0.5102445175239638E+00 +0.0000000000000000E+00
+0.1735406005671500E+02 +0.5053297361615834E+00 +0.0000000000000000E+00
+0.1736993336396667E+02 +0.4996931857982743E+00 +0.0000000000000000E+00
+0.1738580667121833E+02 +0.4934346293806898E+00 +0.0000000000000000E+00
+0.1740167997847000E+02 +0.4866623882337768E+00 +0.0000000000000000E+00
+0.1741755328572167E+02 +0.4794909187546843E+00 +0.0000000000000000E+00
+0.1743342659297333E+02 +0.4720405543778911E+00 +0.0000000000000000E+00
+0.1744929990022500E+02 +0.4644391291906534E+00 +0.0000000000000000E+00
+0.1746517320747667E+02 +0.4568230179806713E+00 +0.0000000000000000E+00
+0.1748104651472833E+02 +0.4493343215126417E+00 +0.0000000000000000E+00
+0.1749691982198000E+02 +0.4421118782781990E+00 +0.0000000000000000E+00
+0.1751279312923167E+02 +0.4352760642988668E+00 +0.0000000000000000E+00
+0.1752866643648333E+02 +0.4289100331052098E+00 +0.0000000000000000E+00
+0.1754453974373500E+02 +0.4230421238434754E+00 +0.0000000000000000E+00
+0.1756041305098667E+02 +0.4176348563308172E+00 +0.0000000000000000E+00
+0.1757628635823833E+02 +0.4125849023716276E+00 +0.0000000000000000E+00
+0.1759215966549000E+02 +0.4077357699786555E+00 +0.0000000000000000E+00
+0.1760803297274166E+02 +0.4029012290998445E+00 +0.0000000000000000E+00
+0.1762390627999333E+02 +0.3978939295226793E+00 +0.0000000000000000E+00
+0.1763977958724500E+02 +0.3925518735453615E+00 +0.0000000000000000E+00
+0.1765565289449667E+02 +0.3867566328344229E+00 +0.0000000000000000E+00
+0.1767152620174833E+02 +0.3804409872499315E+00 +0.0000000000000000E+00
+0.1768739950900000E+02 +0.3735877399976477E+00 +0.0000000000000000E+00
+0.1770327281625167E+02 +0.3662234201481676E+00 +0.0000000000000000E+00
+0.1771914612350334E+02 +0.3584099152158132E+00 +0.0000000000000000E+00
+0.1773501943075500E+02 +0.3502353543807187E+00 +0.0000000000000000E+00
+0.1775089273800667E+02 +0.3418046351072596E+00 +0.0000000000000000E+00
+0.1776676604525833E+02 +0.3332303070365307E+00 +0.0000000000000000E+00
+0.1778263935251000E+02 +0.3246251854964731E+00 +0.0000000000000000E+00
+0.1779851265976167E+02 +0.3160979768744986E+00 +0.0000000000000000E+00
+0.1781438596701333E+02 +0.3077520785900315E+00 +0.0000000000000000E+00
+0.1783025927426500E+02 +0.2996862213796800E+00 +0.0000000000000000E+00
+0.1784613258151667E+02 +0.2919947866394366E+00 +0.0000000000000000E+00
+0.1786200588876833E+02 +0.2847660832273057E+00 +0.0000000000000000E+00
+0.1787787919602000E+02 +0.2780783435997668E+00 +0.0000000000000000E+00
+0.1789375250327167E+02 +0.2719947629258050E+00 +0.0000000000000000E+00
+0.1790962581052333E+02 +0.2665596536712506E+00 +0.0000000000000000E+00
+0.1792549911777500E+02 +0.2617973992997256E+00 +0.0000000000000000E+00
+0.1794137242502667E+02 +0.2577146545337687E+00 +0.0000000000000000E+00
+0.1795724573227833E+02 +0.2543047799223933E+00 +0.0000000000000000E+00
+0.1797311903953000E+02 +0.2515524923649544E+00 +0.0000000000000000E+00
+0.1798899234678166E+02 +0.2494366557088544E+00 +0.0000000000000000E+00
+0.1800486565403333E+02 +0.2479301039843581E+00 +0.0000000000000000E+00
+0.1802073896128500E+02 +0.2469969380520747E+00 +0.0000000000000000E+00
+0.1803661226853666E+02 +0.2465890959243452E+00 +0.0000000000000000E+00
+0.1805248557578833E+02 +0.2466445112717064E+00 +0.0000000000000000E+00
+0.1806835888304000E+02 +0.2470886482795967E+00 +0.0000000000000000E+00
+0.1808423219029167E+02 +0.2478399293217664E+00 +0.0000000000000000E+00
+0.1810010549754334E+02 +0.2488181131148056E+00 +0.0000000000000000E+00
+0.1811597880479500E+02 +0.2499535968872623E+00 +0.0000000000000000E+00
+0.1813185211204667E+02 +0.2511952989260551E+00 +0.0000000000000000E+00
+0.1814772541929833E+02 +0.2525153217756053E+00 +0.0000000000000000E+00
+0.1816359872655000E+02 +0.2539097184208275E+00 +0.0000000000000000E+00
+0.1817947203380167E+02 +0.2553958370309356E+00 +0.0000000000000000E+00
+0.1819534534105333E+02 +0.2570074165664348E+00 +0.0000000000000000E+00
+0.1821121864830500E+02 +0.2587886904100702E+00 +0.0000000000000000E+00
+0.1822709195555667E+02 +0.2607884089730076E+00 +0.0000000000000000E+00
+0.1824296526280833E+02 +0.2630542496361832E+00 +0.0000000000000000E+00
+0.1825883857006000E+02 +0.2656278281364456E+00 +0.0000000000000000E+00
+0.1827471187731167E+02 +0.2685405276930766E+00 +0.0000000000000000E+00
+0.1829058518456333E+02 +0.2718104353785945E+00 +0.0000000000000000E+00
+0.1830645849181500E+02 +0.2754405718481678E+00 +0.0000000000000000E+00
+0.1832233179906667E+02 +0.2794182851826365E+00 +0.0000000000000000E+00
+0.1833820510631833E+02 +0.2837153872855084E+00 +0.0000000000000000E+00
+0.1835407841357000E+02 +0.2882886175802773E+00 +0.0000000000000000E+00
+0.1836995172082166E+02 +0.2930803632820163E+00 +0.0000000000000000E+00
+0.1838582502807333E+02 +0.2980199946818228E+00 +0.0000000000000000E+00
+0.1840169833532500E+02 +0.3030263388486669E+00 +0.0000000000000000E+00
+0.1841757164257667E+02 +0.3080115414989528E+00 +0.0000000000000000E+00
+0.1843344494982833E+02 +0.3128859890214650E+00 +0.0000000000000000E+00
+0.1844931825708000E+02 +0.3175634336200503E+00 +0.0000000000000000E+00
+0.1846519156433167E+02 +0.3219652783992436E+00 +0.0000000000000000E+00
+0.1848106487158334E+02 +0.3260231174035666E+00 +0.0000000000000000E+00
+0.1849693817883500E+02 +0.3296788385149757E+00 +0.0000000000000000E+00
+0.1851281148608667E+02 +0.3328818212662390E+00 +0.0000000000000000E+00
+0.1852868479333833E+02 +0.3355833377852361E+00 +0.0000000000000000E+00
+0.1854455810059000E+02 +0.3377295083097281E+00 +0.0000000000000000E+00
+0.1856043140784167E+02 +0.3392556792115877E+00 +0.0000000000000000E+00
+0.1857630471509333E+02 +0.3400857405483556E+00 +0.0000000000000000E+00
+0.1859217802234500E+02 +0.3401386806970299E+00 +0.0000000000000000E+00
+0.1860805132959667E+02 +0.3393417761456929E+00 +0.0000000000000000E+00
+0.1862392463684833E+02 +0.3376467789832172E+00 +0.0000000000000000E+00
+0.1863979794410000E+02 +0.3350441553955488E+00 +0.0000000000000000E+00
+0.1865567125135166E+02 +0.3315715581204366E+00 +0.0000000000000000E+00
+0.1867154455860333E+02 +0.3273152562686250E+00 +0.0000000000000000E+00
+0.1868741786585500E+02 +0.3224053734511589E+00 +0.0000000000000000E+00
+0.1870329117310667E+02 +0.3170065106014624E+00 +0.0000000000000000E+00
+0.1871916448035833E+02 +0.3113051409490813E+00 +0.0000000000000000E+00
+0.1873503778761000E+02 +0.3054950881189009E+00 +0.0000000000000000E+00
+0.1875091109486167E+02 +0.2997627369836763E+00 +0.0000000000000000E+00
+0.1876678440211333E+02 +0.2942738410155230E+00 +0.0000000000000000E+00
+0.1878265770936500E+02 +0.2891633851637443E+00 +0.0000000000000000E+00
+0.1879853101661667E+02 +0.2845291233458298E+00 +0.0000000000000000E+00
+0.1881440432386833E+02 +0.2804287430395969E+00 +0.0000000000000000E+00
+0.1883027763112000E+02 +0.2768804869899706E+00 +0.0000000000000000E+00
+0.1884615093837167E+02 +0.2738672514840183E+00 +0.0000000000000000E+00
+0.1886202424562333E+02 +0.2713440548048852E+00 +0.0000000000000000E+00
+0.1887789755287500E+02 +0.2692479104915615E+00 +0.0000000000000000E+00
+0.1889377086012666E+02 +0.2675078660251909E+00 +0.0000000000000000E+00
+0.1890964416737833E+02 +0.2660522769432234E+00 +0.0000000000000000E+00
+0.1892551747463000E+02 +0.2648112163959913E+00 +0.0000000000000000E+00
+0.1894139078188167E+02 +0.2637142543080704E+00 +0.0000000000000000E+00
+0.1895726408913333E+02 +0.2626864790824305E+00 +0.0000000000000000E+00
+0.1897313739638500E+02 +0.2616469420462080E+00 +0.0000000000000000E+00
+0.1898901070363667E+02 +0.2605127528218330E+00 +0.0000000000000000E+00
+0.1900488401088834E+02 +0.2592092561860663E+00 +0.0000000000000000E+00
+0.1902075731814000E+02 +0.2576835592669536E+00 +0.0000000000000000E+00
+0.1903663062539167E+02 +0.2559168061097401E+00 +0.0000000000000000E+00
+0.1905250393264333E+02 +0.2539308894858742E+00 +0.0000000000000000E+00
+0.1906837723989500E+02 +0.2517873796965878E+00 +0.0000000000000000E+00
+0.1908425054714667E+02 +0.2495790584732653E+00 +0.0000000000000000E+00
+0.1910012385439833E+02 +0.2474162865118817E+00 +0.0000000000000000E+00
+0.1911599716165000E+02 +0.2454109985178511E+00 +0.0000000000000000E+00
+0.1913187046890167E+02 +0.2436607878931741E+00 +0.0000000000000000E+00
+0.1914774377615333E+02 +0.2422350415948472E+00 +0.0000000000000000E+00
+0.1916361708340500E+02 +0.2411648408862237E+00 +0.0000000000000000E+00
+0.1917949039065666E+02 +0.2404382300585611E+00 +0.0000000000000000E+00
+0.1919536369790833E+02 +0.2400020286861425E+00 +0.0000000000000000E+00
+0.1921123700516000E+02 +0.2397702895614604E+00 +0.0000000000000000E+00
+0.1922711031241167E+02 +0.2396378824046367E+00 +0.0000000000000000E+00
+0.1924298361966333E+02 +0.2394961256566324E+00 +0.0000000000000000E+00
+0.1925885692691500E+02 +0.2392467764399687E+00 +0.0000000000000000E+00
+0.1927473023416666E+02 +0.2388115828370531E+00 +0.0000000000000000E+00
+0.1929060354141833E+02 +0.2381366521525201E+00 +0.0000000000000000E+00
+0.1930647684867000E+02 +0.2371928695586566E+00 +0.0000000000000000E+00
+0.1932235015592167E+02 +0.2359743009763613E+00 +0.0000000000000000E+00
+0.1933822346317333E+02 +0.2344957546257639E+00 +0.0000000000000000E+00
+0.1935409677042500E+02 +0.2327894497029742E+00 +0.0000000000000000E+00
+0.1936997007767667E+02 +0.2309002792208218E+00 +0.0000000000000000E+00
+0.1938584338492833E+02 +0.2288798415442794E+00 +0.0000000000000000E+00
+0.1940171669218000E+02 +0.2267805556980286E+00 +0.0000000000000000E+00
+0.1941758999943167E+02 +0.2246517070389685E+00 +0.0000000000000000E+00
+0.1943346330668333E+02 +0.2225386631599153E+00 +0.0000000000000000E+00
+0.1944933661393500E+02 +0.2204850834390669E+00 +0.0000000000000000E+00
+0.1946520992118667E+02 +0.2185365562308958E+00 +0.0000000000000000E+00
+0.1948108322843833E+02 +0.2167434934080409E+00 +0.0000000000000000E+00
+0.1949695653569000E+02 +0.2151615708008245E+00 +0.0000000000000000E+00
+0.1951282984294167E+02 +0.2138492366647474E+00 +0.0000000000000000E+00
+0.1952870315019333E+02 +0.2128631591485654E+00 +0.0000000000000000E+00
+0.1954457645744500E+02 +0.2122532954615941E+00 +0.0000000000000000E+00
+0.1956044976469666E+02 +0.2120592348666717E+00 +0.0000000000000000E+00
+0.1957632307194833E+02 +0.2123087181869479E+00 +0.0000000000000000E+00
+0.1959219637920000E+02 +0.2130181674294633E+00 +0.0000000000000000E+00
+0.1960806968645167E+02 +0.2141941526401590E+00 +0.0000000000000000E+00
+0.1962394299370333E+02 +0.2158343857681087E+00 +0.0000000000000000E+00
+0.1963981630095500E+02 +0.2179272214583474E+00 +0.0000000000000000E+00
+0.1965568960820666E+02 +0.2204495512106334E+00 +0.0000000000000000E+00
+0.1967156291545833E+02 +0.2233639120231395E+00 +0.0000000000000000E+00
+0.1968743622271000E+02 +0.2266161260191872E+00 +0.0000000000000000E+00
+0.1970330952996167E+02 +0.2301346725889677E+00 +0.0000000000000000E+00
+0.1971918283721333E+02 +0.2338324489505220E+00 +0.0000000000000000E+00
+0.1973505614446500E+02 +0.2376109553340283E+00 +0.0000000000000000E+00
+0.1975092945171667E+02 +0.2413665132076104E+00 +0.0000000000000000E+00
+0.1976680275896833E+02 +0.2449978966488900E+00 +0.0000000000000000E+00
+0.1978267606622000E+02 +0.2484145596645431E+00 +0.0000000000000000E+00
+0.1979854937347167E+02 +0.2515443971722119E+00 +0.0000000000000000E+00
+0.1981442268072333E+02 +0.2543398508894654E+00 +0.0000000000000000E+00
+0.1983029598797500E+02 +0.2567814229927284E+00 +0.0000000000000000E+00
+0.1984616929522667E+02 +0.2588783428641817E+00 +0.0000000000000000E+00
+0.1986204260247833E+02 +0.2606669560485880E+00 +0.0000000000000000E+00
+0.1987791590973000E+02 +0.2622078823132692E+00 +0.0000000000000000E+00
+0.1989378921698167E+02 +0.2635827677099662E+00 +0.0000000000000000E+00
+0.1990966252423334E+02 +0.2648906436923868E+00 +0.0000000000000000E+00
+0.1992553583148500E+02 +0.2662431096533601E+00 +0.0000000000000000E+00
+0.1994140913873666E+02 +0.2677574257831778E+00 +0.0000000000000000E+00
+0.1995728244598833E+02 +0.2695472575271092E+00 +0.0000000000000000E+00
+0.1997315575324000E+02 +0.2717117537424271E+00 +0.0000000000000000E+00
+0.1998902906049167E+02 +0.2743242807489954E+00 +0.0000000000000000E+00
+0.2000490236774333E+02 +0.2774223009491573E+00 +0.0000000000000000E+00
+0.2002077567499500E+02 +0.2809997805170272E+00 +0.0000000000000000E+00
+0.2003664898224667E+02 +0.2850033274863455E+00 +0.0000000000000000E+00
+0.2005252228949833E+02 +0.2893329688788187E+00 +0.0000000000000000E+00
+0.2006839559675000E+02 +0.2938479494312277E+00 +0.0000000000000000E+00
+0.2008426890400166E+02 +0.2983771584759402E+00 +0.0000000000000000E+00
+0.2010014221125333E+02 +0.3027329001981645E+00 +0.0000000000000000E+00
+0.2011601551850500E+02 +0.3067259557316520E+00 +0.0000000000000000E+00
+0.2013188882575667E+02 +0.3101795579016538E+00 +0.0000000000000000E+00
+0.2014776213300833E+02 +0.3129402806446581E+00 +0.0000000000000000E+00
+0.2016363544026000E+02 +0.3148849011726305E+00 +0.0000000000000000E+00
+0.2017950874751167E+02 +0.3159235815875950E+00 +0.0000000000000000E+00
+0.2019538205476333E+02 +0.3160006810358956E+00 +0.0000000000000000E+00
+0.2021125536201500E+02 +0.3150948482014834E+00 +0.0000000000000000E+00
+0.2022712866926667E+02 +0.3132197138590496E+00 +0.0000000000000000E+00
+0.2024300197651833E+02 +0.3104255435065744E+00 +0.0000000000000000E+00
+0.2025887528377000E+02 +0.3068008474414192E+00 +0.0000000000000000E+00
+0.2027474859102167E+02 +0.3024718185118353E+00 +0.0000000000000000E+00
+0.2029062189827333E+02 +0.2975973923638047E+00 +0.0000000000000000E+00
+0.2030649520552500E+02 +0.2923589979549306E+00 +0.0000000000000000E+00
+0.2032236851277667E+02 +0.2869460382428104E+00 +0.0000000000000000E+00
+0.2033824182002833E+02 +0.2815396418978587E+00 +0.0000000000000000E+00
+0.2035411512728000E+02 +0.2762974999481908E+00 +0.0000000000000000E+00
+0.2036998843453167E+02 +0.2713418208825266E+00 +0.0000000000000000E+00
+0.2038586174178333E+02 +0.2667513734574395E+00 +0.0000000000000000E+00
+0.2040173504903500E+02 +0.2625578979358201E+00 +0.0000000000000000E+00
+0.2041760835628667E+02 +0.2587470064448054E+00 +0.0000000000000000E+00
+0.2043348166353833E+02 +0.2552637692332578E+00 +0.0000000000000000E+00
+0.2044935497079000E+02 +0.2520230467514220E+00 +0.0000000000000000E+00
+0.2046522827804166E+02 +0.2489239773242029E+00 +0.0000000000000000E+00
+0.2048110158529333E+02 +0.2458669199774325E+00 +0.0000000000000000E+00
+0.2049697489254500E+02 +0.2427700119986466E+00 +0.0000000000000000E+00
+0.2051284819979667E+02 +0.2395819641048694E+00 +0.0000000000000000E+00
+0.2052872150704833E+02 +0.2362882902676950E+00 +0.0000000000000000E+00
+0.2054459481430000E+02 +0.2329098672689926E+00 +0.0000000000000000E+00
+0.2056046812155166E+02 +0.2294949051500748E+00 +0.0000000000000000E+00
+0.2057634142880334E+02 +0.2261071108685527E+00 +0.0000000000000000E+00
+0.2059221473605500E+02 +0.2228133586113472E+00 +0.0000000000000000E+00
+0.2060808804330667E+02 +0.2196735399461127E+00 +0.0000000000000000E+00
+0.2062396135055833E+02 +0.2167339892754012E+00 +0.0000000000000000E+00
+0.2063983465781000E+02 +0.2140246020313158E+00 +0.0000000000000000E+00
+0.2065570796506167E+02 +0.2115589193053028E+00 +0.0000000000000000E+00
+0.2067158127231333E+02 +0.2093361882328364E+00 +0.0000000000000000E+00
+0.2068745457956500E+02 +0.2073445903645411E+00 +0.0000000000000000E+00
+0.2070332788681667E+02 +0.2055651329500723E+00 +0.0000000000000000E+00
+0.2071920119406833E+02 +0.2039758001929995E+00 +0.0000000000000000E+00
+0.2073507450132000E+02 +0.2025553947276866E+00 +0.0000000000000000E+00
+0.2075094780857167E+02 +0.2012863081037979E+00 +0.0000000000000000E+00
+0.2076682111582333E+02 +0.2001555679678803E+00 +0.0000000000000000E+00
+0.2078269442307500E+02 +0.1991540046171829E+00 +0.0000000000000000E+00
+0.2079856773032667E+02 +0.1982740192433087E+00 +0.0000000000000000E+00
+0.2081444103757833E+02 +0.1975068615085499E+00 +0.0000000000000000E+00
+0.2083031434483000E+02 +0.1968403267341613E+00 +0.0000000000000000E+00
+0.2084618765208166E+02 +0.1962574042842284E+00 +0.0000000000000000E+00
+0.2086206095933333E+02 +0.1957358709501496E+00 +0.0000000000000000E+00
+0.2087793426658500E+02 +0.1952484059008908E+00 +0.0000000000000000E+00
+0.2089380757383666E+02 +0.1947627194717576E+00 +0.0000000000000000E+00
+0.2090968088108833E+02 +0.1942414717435248E+00 +0.0000000000000000E+00
+0.2092555418834000E+02 +0.1936422280327540E+00 +0.0000000000000000E+00
+0.2094142749559167E+02 +0.1929180525655610E+00 +0.0000000000000000E+00
+0.2095730080284333E+02 +0.1920193381038208E+00 +0.0000000000000000E+00
+0.2097317411009500E+02 +0.1908970892653966E+00 +0.0000000000000000E+00
+0.2098904741734667E+02 +0.1895073245711417E+00 +0.0000000000000000E+00
+0.2100492072459833E+02 +0.1878158054205443E+00 +0.0000000000000000E+00
+0.2102079403185000E+02 +0.1858021088130473E+00 +0.0000000000000000E+00
+0.2103666733910167E+02 +0.1834621758840457E+00 +0.0000000000000000E+00
+0.2105254064635333E+02 +0.1808088552165431E+00 +0.0000000000000000E+00
+0.2106841395360500E+02 +0.1778705027270945E+00 +0.0000000000000000E+00
+0.2108428726085667E+02 +0.1746881720848379E+00 +0.0000000000000000E+00
+0.2110016056810833E+02 +0.1713120963748272E+00 +0.0000000000000000E+00
+0.2111603387536000E+02 +0.1677979894638880E+00 +0.0000000000000000E+00
+0.2113190718261167E+02 +0.1642034089950189E+00 +0.0000000000000000E+00
+0.2114778048986333E+02 +0.1605842879989920E+00 +0.0000000000000000E+00
+0.2116365379711500E+02 +0.1569918111344832E+00 +0.0000000000000000E+00
+0.2117952710436667E+02 +0.1534699255003798E+00 +0.0000000000000000E+00
+0.2119540041161833E+02 +0.1500537795367514E+00 +0.0000000000000000E+00
+0.2121127371887000E+02 +0.1467692633677790E+00 +0.0000000000000000E+00
+0.2122714702612167E+02 +0.1436336458856577E+00 +0.0000000000000000E+00
+0.2124302033337333E+02 +0.1406571083706795E+00 +0.0000000000000000E+00
+0.2125889364062500E+02 +0.1378447839353532E+00 +0.0000000000000000E+00
+0.2127476694787667E+02 +0.1351987920198376E+00 +0.0000000000000000E+00
+0.2129064025512833E+02 +0.1327197973013121E+00 +0.0000000000000000E+00
+0.2130651356238000E+02 +0.1304078421210875E+00 +0.0000000000000000E+00
+0.2132238686963167E+02 +0.1282625024437754E+00 +0.0000000000000000E+00
+0.2133826017688333E+02 +0.1262826476070106E+00 +0.0000000000000000E+00
+0.2135413348413500E+02 +0.1244661456591521E+00 +0.0000000000000000E+00
+0.2137000679138666E+02 +0.1228097539445662E+00 +0.0000000000000000E+00
+0.2138588009863833E+02 +0.1213092499769709E+00 +0.0000000000000000E+00
+0.2140175340589000E+02 +0.1199596939991806E+00 +0.0000000000000000E+00
+0.2141762671314167E+02 +0.1187556526408723E+00 +0.0000000000000000E+00
+0.2143350002039333E+02 +0.1176912760960199E+00 +0.0000000000000000E+00
+0.2144937332764500E+02 +0.1167602581343233E+00 +0.0000000000000000E+00
+0.2146524663489667E+02 +0.1159558183534224E+00 +0.0000000000000000E+00
+0.2148111994214834E+02 +0.1152708472408002E+00 +0.0000000000000000E+00
+0.2149699324940000E+02 +0.1146982465917518E+00 +0.0000000000000000E+00
+0.2151286655665166E+02 +0.1142313631770874E+00 +0.0000000000000000E+00
+0.2152873986390333E+02 +0.1138643505406825E+00 +0.0000000000000000E+00
+0.2154461317115500E+02 +0.1135923384387859E+00 +0.0000000000000000E+00
+0.2156048647840667E+02 +0.1134113948970301E+00 +0.0000000000000000E+00
+0.2157635978565833E+02 +0.1133183537303846E+00 +0.0000000000000000E+00
+0.2159223309291000E+02 +0.1133106087059744E+00 +0.0000000000000000E+00
+0.2160810640016167E+02 +0.1133859577869095E+00 +0.0000000000000000E+00
+0.2162397970741333E+02 +0.1135425498050590E+00 +0.0000000000000000E+00
+0.2163985301466500E+02 +0.1137789546650165E+00 +0.0000000000000000E+00
+0.2165572632191667E+02 +0.1140943405006046E+00 +0.0000000000000000E+00
+0.2167159962916833E+02 +0.1144886974582967E+00 +0.0000000000000000E+00
+0.2168747293642000E+02 +0.1149630175621223E+00 +0.0000000000000000E+00
+0.2170334624367167E+02 +0.1155193457554965E+00 +0.0000000000000000E+00
+0.2171921955092333E+02 +0.1161606600627163E+00 +0.0000000000000000E+00
+0.2173509285817500E+02 +0.1168905962541598E+00 +0.0000000000000000E+00
+0.2175096616542666E+02 +0.1177130766381993E+00 +0.0000000000000000E+00
+0.2176683947267833E+02 +0.1186319195095406E+00 +0.0000000000000000E+00
+0.2178271277993000E+02 +0.1196504988632836E+00 +0.0000000000000000E+00
+0.2179858608718167E+02 +0.1207715068081913E+00 +0.0000000000000000E+00
+0.2181445939443333E+02 +0.1219968571285999E+00 +0.0000000000000000E+00
+0.2183033270168500E+02 +0.1233277628570600E+00 +0.0000000000000000E+00
+0.2184620600893667E+02 +0.1247650167779591E+00 +0.0000000000000000E+00
+0.2186207931618834E+02 +0.1263094857670914E+00 +0.0000000000000000E+00
+0.2187795262344000E+02 +0.1279627841213740E+00 +0.0000000000000000E+00
+0.2189382593069167E+02 +0.1297280222575380E+00 +0.0000000000000000E+00
+0.2190969923794333E+02 +0.1316104678557478E+00 +0.0000000000000000E+00
+0.2192557254519500E+02 +0.1336179520643220E+00 +0.0000000000000000E+00
+0.2194144585244667E+02 +0.1357609244966658E+00 +0.0000000000000000E+00
+0.2195731915969833E+02 +0.1380521780227399E+00 +0.0000000000000000E+00
+0.2197319246695000E+02 +0.1405063663842930E+00 +0.0000000000000000E+00
+0.2198906577420167E+02 +0.1431394763920465E+00 +0.0000000000000000E+00
+0.2200493908145333E+02 +0.1459683843336926E+00 +0.0000000000000000E+00
+0.2202081238870500E+02 +0.1490105491767763E+00 +0.0000000000000000E+00
+0.2203668569595666E+02 +0.1522838132589902E+00 +0.0000000000000000E+00
+0.2205255900320833E+02 +0.1558062344215327E+00 +0.0000000000000000E+00
+0.2206843231046000E+02 +0.1595958879843768E+00 +0.0000000000000000E+00
+0.2208430561771167E+02 +0.1636706473223730E+00 +0.0000000000000000E+00
+0.2210017892496333E+02 +0.1680480359958347E+00 +0.0000000000000000E+00
+0.2211605223221500E+02 +0.1727452859664108E+00 +0.0000000000000000E+00
+0.2213192553946666E+02 +0.1777797041552287E+00 +0.0000000000000000E+00
+0.2214779884671833E+02 +0.1831693599854480E+00 +0.0000000000000000E+00
+0.2216367215397000E+02 +0.1889340079171170E+00 +0.0000000000000000E+00
+0.2217954546122166E+02 +0.1950960930451998E+00 +0.0000000000000000E+00
+0.2219541876847333E+02 +0.2016816651714942E+00 +0.0000000000000000E+00
+0.2221129207572500E+02 +0.2087210345350791E+00 +0.0000000000000000E+00
+0.2222716538297667E+02 +0.2162490266770212E+00 +0.0000000000000000E+00
+0.2224303869022834E+02 +0.2243047269151182E+00 +0.0000000000000000E+00
+0.2225891199748000E+02 +0.2329306349298227E+00 +0.0000000000000000E+00
+0.2227478530473167E+02 +0.2421711591537636E+00 +0.0000000000000000E+00
+0.2229065861198333E+02 +0.2520703569685454E+00 +0.0000000000000000E+00
+0.2230653191923500E+02 +0.2626687698470900E+00 +0.0000000000000000E+00
+0.2232240522648667E+02 +0.2739991245780701E+00 +0.0000000000000000E+00
+0.2233827853373833E+02 +0.2860806140347981E+00 +0.0000000000000000E+00
+0.2235415184099000E+02 +0.2989115175322331E+00 +0.0000000000000000E+00
+0.2237002514824167E+02 +0.3124601584315838E+00 +0.0000000000000000E+00
+0.2238589845549333E+02 +0.3266546451594751E+00 +0.0000000000000000E+00
+0.2240177176274500E+02 +0.3413724448448114E+00 +0.0000000000000000E+00
+0.2241764506999666E+02 +0.3564315364470992E+00 +0.0000000000000000E+00
+0.2243351837724833E+02 +0.3715856590948685E+00 +0.0000000000000000E+00
+0.2244939168450000E+02 +0.3865268991793375E+00 +0.0000000000000000E+00
+0.2246526499175167E+02 +0.4008991023798161E+00 +0.0000000000000000E+00
+0.2248113829900333E+02 +0.4143245315789910E+00 +0.0000000000000000E+00
+0.2249701160625500E+02 +0.4264431304399468E+00 +0.0000000000000000E+00
+0.2251288491350667E+02 +0.4369590847502893E+00 +0.0000000000000000E+00
+0.2252875822075833E+02 +0.4456850366372048E+00 +0.0000000000000000E+00
+0.2254463152801000E+02 +0.4525728660165765E+00 +0.0000000000000000E+00
+0.2256050483526166E+02 +0.4577227127813301E+00 +0.0000000000000000E+00
+0.2257637814251333E+02 +0.4613678224406914E+00 +0.0000000000000000E+00
+0.2259225144976500E+02 +0.4638392910955256E+00 +0.0000000000000000E+00
+0.2260812475701667E+02 +0.4655195515098978E+00 +0.0000000000000000E+00
+0.2262399806426833E+02 +0.4667953645300136E+00 +0.0000000000000000E+00
+0.2263987137152000E+02 +0.4680200342533541E+00 +0.0000000000000000E+00
+0.2265574467877166E+02 +0.4694910468978725E+00 +0.0000000000000000E+00
+0.2267161798602333E+02 +0.4714444229785801E+00 +0.0000000000000000E+00
+0.2268749129327500E+02 +0.4740623104745542E+00 +0.0000000000000000E+00
+0.2270336460052667E+02 +0.4774872028765885E+00 +0.0000000000000000E+00
+0.2271923790777833E+02 +0.4818354333793748E+00 +0.0000000000000000E+00
+0.2273511121503000E+02 +0.4872041574735212E+00 +0.0000000000000000E+00
+0.2275098452228167E+02 +0.4936690618661811E+00 +0.0000000000000000E+00
+0.2276685782953334E+02 +0.5012734072953168E+00 +0.0000000000000000E+00
+0.2278273113678500E+02 +0.5100117493505990E+00 +0.0000000000000000E+00
+0.2279860444403667E+02 +0.5198132442310701E+00 +0.0000000000000000E+00
+0.2281447775128833E+02 +0.5305297602654517E+00 +0.0000000000000000E+00
+0.2283035105854000E+02 +0.5419332618994790E+00 +0.0000000000000000E+00
+0.2284622436579167E+02 +0.5537252869067697E+00 +0.0000000000000000E+00
+0.2286209767304333E+02 +0.5655588797460884E+00 +0.0000000000000000E+00
+0.2287797098029500E+02 +0.5770702650854155E+00 +0.0000000000000000E+00
+0.2289384428754667E+02 +0.5879145233528221E+00 +0.0000000000000000E+00
+0.2290971759479833E+02 +0.5977977947842945E+00 +0.0000000000000000E+00
+0.2292559090205000E+02 +0.6064992205023881E+00 +0.0000000000000000E+00
+0.2294146420930166E+02 +0.6138789692910589E+00 +0.0000000000000000E+00
+0.2295733751655333E+02 +0.6198729456024897E+00 +0.0000000000000000E+00
+0.2297321082380500E+02 +0.6244782387354832E+00 +0.0000000000000000E+00
+0.2298908413105667E+02 +0.6277348552246367E+00 +0.0000000000000000E+00
+0.2300495743830833E+02 +0.6297087754183506E+00 +0.0000000000000000E+00
+0.2302083074556000E+02 +0.6304797038894052E+00 +0.0000000000000000E+00
+0.2303670405281166E+02 +0.6301349943200428E+00 +0.0000000000000000E+00
+0.2305257736006334E+02 +0.6287697431171880E+00 +0.0000000000000000E+00
+0.2306845066731500E+02 +0.6264920657092770E+00 +0.0000000000000000E+00
+0.2308432397456666E+02 +0.6234317788483612E+00 +0.0000000000000000E+00
+0.2310019728181833E+02 +0.6197497746093448E+00 +0.0000000000000000E+00
+0.2311607058907000E+02 +0.6156444446246243E+00 +0.0000000000000000E+00
+0.2313194389632167E+02 +0.6113513841724060E+00 +0.0000000000000000E+00
+0.2314781720357334E+02 +0.6071340890268937E+00 +0.0000000000000000E+00
+0.2316369051082500E+02 +0.6032663497474231E+00 +0.0000000000000000E+00
+0.2317956381807667E+02 +0.6000102479529611E+00 +0.0000000000000000E+00
+0.2319543712532833E+02 +0.5975954102419404E+00 +0.0000000000000000E+00
+0.2321131043258000E+02 +0.5962046404734032E+00 +0.0000000000000000E+00
+0.2322718373983167E+02 +0.5959686253262148E+00 +0.0000000000000000E+00
+0.2324305704708333E+02 +0.5969692367332823E+00 +0.0000000000000000E+00
+0.2325893035433500E+02 +0.5992482654560539E+00 +0.0000000000000000E+00
+0.2327480366158667E+02 +0.6028171481782670E+00 +0.0000000000000000E+00
+0.2329067696883833E+02 +0.6076638323001645E+00 +0.0000000000000000E+00
+0.2330655027609000E+02 +0.6137550808813637E+00 +0.0000000000000000E+00
+0.2332242358334166E+02 +0.6210352322789630E+00 +0.0000000000000000E+00
+0.2333829689059333E+02 +0.6294243414291513E+00 +0.0000000000000000E+00
+0.2335417019784500E+02 +0.6388187952281768E+00 +0.0000000000000000E+00
+0.2337004350509667E+02 +0.6490959312460065E+00 +0.0000000000000000E+00
+0.2338591681234833E+02 +0.6601218467597143E+00 +0.0000000000000000E+00
+0.2340179011960000E+02 +0.6717597622490272E+00 +0.0000000000000000E+00
+0.2341766342685166E+02 +0.6838759241341327E+00 +0.0000000000000000E+00
+0.2343353673410333E+02 +0.6963412086968763E+00 +0.0000000000000000E+00
+0.2344941004135500E+02 +0.7090286773716027E+00 +0.0000000000000000E+00
+0.2346528334860666E+02 +0.7218093410200552E+00 +0.0000000000000000E+00
+0.2348115665585833E+02 +0.7345493937752811E+00 +0.0000000000000000E+00
+0.2349702996311000E+02 +0.7471115879557827E+00 +0.0000000000000000E+00
+0.2351290327036167E+02 +0.7593613149547199E+00 +0.0000000000000000E+00
+0.2352877657761334E+02 +0.7711753834579795E+00 +0.0000000000000000E+00
+0.2354464988486500E+02 +0.7824501106561171E+00 +0.0000000000000000E+00
+0.2356052319211667E+02 +0.7931061745062100E+00 +0.0000000000000000E+00
+0.2357639649936833E+02 +0.8030900119807254E+00 +0.0000000000000000E+00
+0.2359226980662000E+02 +0.8123734645629133E+00 +0.0000000000000000E+00
+0.2360814311387167E+02 +0.8209534352421315E+00 +0.0000000000000000E+00
+0.2362401642112333E+02 +0.8288517772795554E+00 +0.0000000000000000E+00
+0.2363988972837500E+02 +0.8361140292496084E+00 +0.0000000000000000E+00
+0.2365576303562667E+02 +0.8428054334465636E+00 +0.0000000000000000E+00
+0.2367163634287833E+02 +0.8490042023380594E+00 +0.0000000000000000E+00
+0.2368750965013000E+02 +0.8547940594197966E+00 +0.0000000000000000E+00
+0.2370338295738166E+02 +0.8602589072319237E+00 +0.0000000000000000E+00
+0.2371925626463333E+02 +0.8654811501599369E+00 +0.0000000000000000E+00
+0.2373512957188500E+02 +0.8705425997523488E+00 +0.0000000000000000E+00
+0.2375100287913667E+02 +0.8755251399453741E+00 +0.0000000000000000E+00
+0.2376687618638833E+02 +0.8805090125769350E+00 +0.0000000000000000E+00
+0.2378274949364000E+02 +0.8855692448519566E+00 +0.0000000000000000E+00
+0.2379862280089167E+02 +0.8907731575295508E+00 +0.0000000000000000E+00
+0.2381449610814333E+02 +0.8961819989822031E+00 +0.0000000000000000E+00
+0.2383036941539500E+02 +0.9018574471035496E+00 +0.0000000000000000E+00
+0.2384624272264666E+02 +0.9078708603907875E+00 +0.0000000000000000E+00
+0.2386211602989833E+02 +0.9143117608062149E+00 +0.0000000000000000E+00
+0.2387798933715000E+02 +0.9212925379134085E+00 +0.0000000000000000E+00
+0.2389386264440167E+02 +0.9289476474006900E+00 +0.0000000000000000E+00
+0.2390973595165334E+02 +0.9374264647804882E+00 +0.0000000000000000E+00
+0.2392560925890500E+02 +0.9468794386128427E+00 +0.0000000000000000E+00
+0.2394148256615667E+02 +0.9574380725681670E+00 +0.0000000000000000E+00
+0.2395735587340833E+02 +0.9691909838068573E+00 +0.0000000000000000E+00
+0.2397322918066000E+02 +0.9821603366599317E+00 +0.0000000000000000E+00
+0.2398910248791166E+02 +0.9962843473193351E+00 +0.0000000000000000E+00
+0.2400497579516333E+02 +0.1011411521543748E+01 +0.0000000000000000E+00
+0.2402084910241500E+02 +0.1027310573118912E+01 +0.0000000000000000E+00
+0.2403672240966667E+02 +0.1043696795421402E+01 +0.0000000000000000E+00
+0.2405259571691834E+02 +0.1060271610401962E+01 +0.0000000000000000E+00
+0.2406846902417000E+02 +0.1076768061775418E+01 +0.0000000000000000E+00
+0.2408434233142167E+02 +0.1092992421921912E+01 +0.0000000000000000E+00
+0.2410021563867333E+02 +0.1108852013600273E+01 +0.0000000000000000E+00
+0.2411608894592500E+02 +0.1124362209208298E+01 +0.0000000000000000E+00
+0.2413196225317667E+02 +0.1139630594758744E+01 +0.0000000000000000E+00
+0.2414783556042833E+02 +0.1154821861643122E+01 +0.0000000000000000E+00
+0.2416370886768000E+02 +0.1170111507052984E+01 +0.0000000000000000E+00
+0.2417958217493167E+02 +0.1185638925452023E+01 +0.0000000000000000E+00
+0.2419545548218333E+02 +0.1201470677717710E+01 +0.0000000000000000E+00
+0.2421132878943500E+02 +0.1217582670725640E+01 +0.0000000000000000E+00
+0.2422720209668666E+02 +0.1233865783188038E+01 +0.0000000000000000E+00
+0.2424307540393833E+02 +0.1250153480132085E+01 +0.0000000000000000E+00
+0.2425894871119000E+02 +0.1266263259010836E+01 +0.0000000000000000E+00
+0.2427482201844167E+02 +0.1282038596466600E+01 +0.0000000000000000E+00
+0.2429069532569333E+02 +0.1297377254692782E+01 +0.0000000000000000E+00
+0.2430656863294500E+02 +0.1312236997865918E+01 +0.0000000000000000E+00
+0.2432244194019666E+02 +0.1326619450838185E+01 +0.0000000000000000E+00
+0.2433831524744834E+02 +0.1340542338915229E+01 +0.0000000000000000E+00
+0.2435418855470000E+02 +0.1354014556610019E+01 +0.0000000000000000E+00
+0.2437006186195167E+02 +0.1367025310419414E+01 +0.0000000000000000E+00
+0.2438593516920333E+02 +0.1379550193563980E+01 +0.0000000000000000E+00
+0.2440180847645500E+02 +0.1391568327057733E+01 +0.0000000000000000E+00
+0.2441768178370667E+02 +0.1403080024768758E+01 +0.0000000000000000E+00
+0.2443355509095834E+02 +0.1414115562029115E+01 +0.0000000000000000E+00
+0.2444942839821000E+02 +0.1424731312762194E+01 +0.0000000000000000E+00
+0.2446530170546167E+02 +0.1434996525556928E+01 +0.0000000000000000E+00
+0.2448117501271333E+02 +0.1444978691102281E+01 +0.0000000000000000E+00
+0.2449704831996500E+02 +0.1454735509903888E+01 +0.0000000000000000E+00
+0.2451292162721666E+02 +0.1464317118549160E+01 +0.0000000000000000E+00
+0.2452879493446833E+02 +0.1473776043292570E+01 +0.0000000000000000E+00
+0.2454466824172000E+02 +0.1483177705192366E+01 +0.0000000000000000E+00
+0.2456054154897167E+02 +0.1492603529041821E+01 +0.0000000000000000E+00
+0.2457641485622333E+02 +0.1502142038702335E+01 +0.0000000000000000E+00
+0.2459228816347500E+02 +0.1511869038537941E+01 +0.0000000000000000E+00
+0.2460816147072666E+02 +0.1521823375083371E+01 +0.0000000000000000E+00
+0.2462403477797833E+02 +0.1531987377915524E+01 +0.0000000000000000E+00
+0.2463990808523000E+02 +0.1542279832870793E+01 +0.0000000000000000E+00
+0.2465578139248167E+02 +0.1552565201587398E+01 +0.0000000000000000E+00
+0.2467165469973333E+02 +0.1562678178481932E+01 +0.0000000000000000E+00
+0.2468752800698500E+02 +0.1572459699955017E+01 +0.0000000000000000E+00
+0.2470340131423666E+02 +0.1581799440391626E+01 +0.0000000000000000E+00
+0.2471927462148833E+02 +0.1590679187989815E+01 +0.0000000000000000E+00
+0.2473514792874000E+02 +0.1599210107590508E+01 +0.0000000000000000E+00
+0.2475102123599167E+02 +0.1607655568751135E+01 +0.0000000000000000E+00
+0.2476689454324333E+02 +0.1616432156523383E+01 +0.0000000000000000E+00
+0.2478276785049500E+02 +0.1626085962739874E+01 +0.0000000000000000E+00
+0.2479864115774667E+02 +0.1637248001030322E+01 +0.0000000000000000E+00
+0.2481451446499833E+02 +0.1650578500823123E+01 +0.0000000000000000E+00
+0.2483038777225000E+02 +0.1666712164072088E+01 +0.0000000000000000E+00
+0.2484626107950167E+02 +0.1686214425371336E+01 +0.0000000000000000E+00
+0.2486213438675333E+02 +0.1709553624405643E+01 +0.0000000000000000E+00
+0.2487800769400500E+02 +0.1737088228473040E+01 +0.0000000000000000E+00
+0.2489388100125666E+02 +0.1769064303771435E+01 +0.0000000000000000E+00
+0.2490975430850833E+02 +0.1805617766748157E+01 +0.0000000000000000E+00
+0.2492562761576000E+02 +0.1846778264269065E+01 +0.0000000000000000E+00
+0.2494150092301167E+02 +0.1892474981528487E+01 +0.0000000000000000E+00
+0.2495737423026334E+02 +0.1942546970780162E+01 +0.0000000000000000E+00
+0.2497324753751500E+02 +0.1996760378105114E+01 +0.0000000000000000E+00
+0.2498912084476666E+02 +0.2054832468587466E+01 +0.0000000000000000E+00
+0.2500499415201833E+02 +0.2116459139962900E+01 +0.0000000000000000E+00
+0.2502086745927000E+02 +0.2181340551840118E+01 +0.0000000000000000E+00
+0.2503674076652167E+02 +0.2249199824393372E+01 +0.0000000000000000E+00
+0.2505261407377333E+02 +0.2319792445391918E+01 +0.0000000000000000E+00
+0.2506848738102500E+02 +0.2392907805384140E+01 +0.0000000000000000E+00
+0.2508436068827667E+02 +0.2468367357019805E+01 +0.0000000000000000E+00
+0.2510023399552833E+02 +0.2546024714762485E+01 +0.0000000000000000E+00
+0.2511610730278000E+02 +0.2625770751364689E+01 +0.0000000000000000E+00
+0.2513198061003166E+02 +0.2707541813865040E+01 +0.0000000000000000E+00
+0.2514785391728333E+02 +0.2791323847105794E+01 +0.0000000000000000E+00
+0.2516372722453500E+02 +0.2877143159227118E+01 +0.0000000000000000E+00
+0.2517960053178667E+02 +0.2965038378375334E+01 +0.0000000000000000E+00
+0.2519547383903833E+02 +0.3055016582061925E+01 +0.0000000000000000E+00
+0.2521134714629000E+02 +0.3147004769805283E+01 +0.0000000000000000E+00
+0.2522722045354167E+02 +0.3240810876811376E+01 +0.0000000000000000E+00
+0.2524309376079333E+02 +0.3336104989445744E+01 +0.0000000000000000E+00
+0.2525896706804500E+02 +0.3432424007253588E+01 +0.0000000000000000E+00
+0.2527484037529666E+02 +0.3529196218525648E+01 +0.0000000000000000E+00
+0.2529071368254833E+02 +0.3625779551853840E+01 +0.0000000000000000E+00
+0.2530658698980000E+02 +0.3721509060580972E+01 +0.0000000000000000E+00
+0.2532246029705167E+02 +0.3815752579881950E+01 +0.0000000000000000E+00
+0.2533833360430334E+02 +0.3907973922011257E+01 +0.0000000000000000E+00
+0.2535420691155500E+02 +0.3997797784400909E+01 +0.0000000000000000E+00
+0.2537008021880667E+02 +0.4085061984818581E+01 +0.0000000000000000E+00
+0.2538595352605833E+02 +0.4169837127644122E+01 +0.0000000000000000E+00
+0.2540182683331000E+02 +0.4252397275213234E+01 +0.0000000000000000E+00
+0.2541770014056166E+02 +0.4333138614736142E+01 +0.0000000000000000E+00
+0.2543357344781333E+02 +0.4412462012315553E+01 +0.0000000000000000E+00
+0.2544944675506500E+02 +0.4490652521039122E+01 +0.0000000000000000E+00
+0.2546532006231667E+02 +0.4567797080265662E+01 +0.0000000000000000E+00
+0.2548119336956833E+02 +0.4643775535460696E+01 +0.0000000000000000E+00
+0.2549706667682000E+02 +0.4718339141736381E+01 +0.0000000000000000E+00
+0.2551293998407166E+02 +0.4791261251863236E+01 +0.0000000000000000E+00
+0.2552881329132333E+02 +0.4862518945608384E+01 +0.0000000000000000E+00
+0.2554468659857500E+02 +0.4932453677093998E+01 +0.0000000000000000E+00
+0.2556055990582667E+02 +0.5001867728024477E+01 +0.0000000000000000E+00
+0.2557643321307833E+02 +0.5072034921962798E+01 +0.0000000000000000E+00
+0.2559230652033000E+02 +0.5144626668840303E+01 +0.0000000000000000E+00
+0.2560817982758167E+02 +0.5221569539900575E+01 +0.0000000000000000E+00
+0.2562405313483334E+02 +0.5304857892184868E+01 +0.0000000000000000E+00
+0.2563992644208500E+02 +0.5396348383301095E+01 +0.0000000000000000E+00
+0.2565579974933667E+02 +0.5497563922012964E+01 +0.0000000000000000E+00
+0.2567167305658833E+02 +0.5609530292090187E+01 +0.0000000000000000E+00
+0.2568754636384000E+02 +0.5732657744255687E+01 +0.0000000000000000E+00
+0.2570341967109167E+02 +0.5866665810868168E+01 +0.0000000000000000E+00
+0.2571929297834333E+02 +0.6010540064171575E+01 +0.0000000000000000E+00
+0.2573516628559500E+02 +0.6162510546223573E+01 +0.0000000000000000E+00
+0.2575103959284667E+02 +0.6320052996348577E+01 +0.0000000000000000E+00
+0.2576691290009833E+02 +0.6479929736440423E+01 +0.0000000000000000E+00
+0.2578278620735000E+02 +0.6638298892453768E+01 +0.0000000000000000E+00
+0.2579865951460166E+02 +0.6790921224106964E+01 +0.0000000000000000E+00
+0.2581453282185333E+02 +0.6933478104367532E+01 +0.0000000000000000E+00
+0.2583040612910500E+02 +0.7061981009919487E+01 +0.0000000000000000E+00
+0.2584627943635667E+02 +0.7173209292490185E+01 +0.0000000000000000E+00
+0.2586215274360833E+02 +0.7265077362618373E+01 +0.0000000000000000E+00
+0.2587802605086000E+02 +0.7336828614705745E+01 +0.0000000000000000E+00
+0.2589389935811166E+02 +0.7388993948538167E+01 +0.0000000000000000E+00
+0.2590977266536333E+02 +0.7423124123885601E+01 +0.0000000000000000E+00
+0.2592564597261500E+02 +0.7441374067564551E+01 +0.0000000000000000E+00
+0.2594151927986667E+02 +0.7446054650111599E+01 +0.0000000000000000E+00
+0.2595739258711833E+02 +0.7439265841296370E+01 +0.0000000000000000E+00
+0.2597326589437000E+02 +0.7422692931139348E+01 +0.0000000000000000E+00
+0.2598913920162167E+02 +0.7397594978358008E+01 +0.0000000000000000E+00
+0.2600501250887334E+02 +0.7364951937214963E+01 +0.0000000000000000E+00
+0.2602088581612499E+02 +0.7325681297727780E+01 +0.0000000000000000E+00
+0.2603675912337667E+02 +0.7280810667765808E+01 +0.0000000000000000E+00
+0.2605263243062833E+02 +0.7231516466570259E+01 +0.0000000000000000E+00
+0.2606850573788000E+02 +0.7179004839897396E+01 +0.0000000000000000E+00
+0.2608437904513167E+02 +0.7124288748880064E+01 +0.0000000000000000E+00
+0.2610025235238333E+02 +0.7067966809545316E+01 +0.0000000000000000E+00
+0.2611612565963500E+02 +0.7010110788039293E+01 +0.0000000000000000E+00
+0.2613199896688667E+02 +0.6950320735747322E+01 +0.0000000000000000E+00
+0.2614787227413833E+02 +0.6887932392610551E+01 +0.0000000000000000E+00
+0.2616374558139000E+02 +0.6822293995527127E+01 +0.0000000000000000E+00
+0.2617961888864166E+02 +0.6752998431096078E+01 +0.0000000000000000E+00
+0.2619549219589333E+02 +0.6679973704231147E+01 +0.0000000000000000E+00
+0.2621136550314500E+02 +0.6603389854694472E+01 +0.0000000000000000E+00
+0.2622723881039667E+02 +0.6523410417144206E+01 +0.0000000000000000E+00
+0.2624311211764833E+02 +0.6439877509532066E+01 +0.0000000000000000E+00
+0.2625898542490000E+02 +0.6352052536240759E+01 +0.0000000000000000E+00
+0.2627485873215166E+02 +0.6258525193218754E+01 +0.0000000000000000E+00
+0.2629073203940333E+02 +0.6157348674751301E+01 +0.0000000000000000E+00
+0.2630660534665500E+02 +0.6046375474263201E+01 +0.0000000000000000E+00
+0.2632247865390666E+02 +0.5923691562069365E+01 +0.0000000000000000E+00
+0.2633835196115833E+02 +0.5788013896590016E+01 +0.0000000000000000E+00
+0.2635422526841000E+02 +0.5638942379644035E+01 +0.0000000000000000E+00
+0.2637009857566167E+02 +0.5477024855784419E+01 +0.0000000000000000E+00
+0.2638597188291333E+02 +0.5303662463122595E+01 +0.0000000000000000E+00
+0.2640184519016500E+02 +0.5120917145091354E+01 +0.0000000000000000E+00
+0.2641771849741667E+02 +0.4931276844597478E+01 +0.0000000000000000E+00
+0.2643359180466833E+02 +0.4737409084897360E+01 +0.0000000000000000E+00
+0.2644946511192000E+02 +0.4541918111172301E+01 +0.0000000000000000E+00
+0.2646533841917167E+02 +0.4347125025176284E+01 +0.0000000000000000E+00
+0.2648121172642333E+02 +0.4154903933834737E+01 +0.0000000000000000E+00
+0.2649708503367500E+02 +0.3966610992660332E+01 +0.0000000000000000E+00
+0.2651295834092667E+02 +0.3783124927527797E+01 +0.0000000000000000E+00
+0.2652883164817834E+02 +0.3604980728531218E+01 +0.0000000000000000E+00
+0.2654470495543000E+02 +0.3432541645051898E+01 +0.0000000000000000E+00
+0.2656057826268166E+02 +0.3266141156489338E+01 +0.0000000000000000E+00
+0.2657645156993333E+02 +0.3106146628386290E+01 +0.0000000000000000E+00
+0.2659232487718500E+02 +0.2952939059658269E+01 +0.0000000000000000E+00
+0.2660819818443667E+02 +0.2806843732755800E+01 +0.0000000000000000E+00
+0.2662407149168833E+02 +0.2668063290162425E+01 +0.0000000000000000E+00
+0.2663994479894000E+02 +0.2536653097922930E+01 +0.0000000000000000E+00
+0.2665581810619167E+02 +0.2412550108989099E+01 +0.0000000000000000E+00
+0.2667169141344333E+02 +0.2295638036045888E+01 +0.0000000000000000E+00
+0.2668756472069500E+02 +0.2185816593202689E+01 +0.0000000000000000E+00
+0.2670343802794666E+02 +0.2083045099116757E+01 +0.0000000000000000E+00
+0.2671931133519833E+02 +0.1987346192452363E+01 +0.0000000000000000E+00
+0.2673518464245000E+02 +0.1898773799514065E+01 +0.0000000000000000E+00
+0.2675105794970167E+02 +0.1817361404119856E+01 +0.0000000000000000E+00
+0.2676693125695333E+02 +0.1743068380532732E+01 +0.0000000000000000E+00
+0.2678280456420500E+02 +0.1675736392313943E+01 +0.0000000000000000E+00
+0.2679867787145666E+02 +0.1615060317421753E+01 +0.0000000000000000E+00
+0.2681455117870833E+02 +0.1560573280317669E+01 +0.0000000000000000E+00
+0.2683042448596000E+02 +0.1511644488362412E+01 +0.0000000000000000E+00
+0.2684629779321166E+02 +0.1467490423011504E+01 +0.0000000000000000E+00
+0.2686217110046333E+02 +0.1427202089099774E+01 +0.0000000000000000E+00
+0.2687804440771500E+02 +0.1389791147638253E+01 +0.0000000000000000E+00
+0.2689391771496667E+02 +0.1354254680395492E+01 +0.0000000000000000E+00
+0.2690979102221834E+02 +0.1319652826677171E+01 +0.0000000000000000E+00
+0.2692566432947000E+02 +0.1285188162690788E+01 +0.0000000000000000E+00
+0.2694153763672167E+02 +0.1250273249970853E+01 +0.0000000000000000E+00
+0.2695741094397333E+02 +0.1214574215502143E+01 +0.0000000000000000E+00
+0.2697328425122500E+02 +0.1178022300403033E+01 +0.0000000000000000E+00
+0.2698915755847667E+02 +0.1140790452165518E+01 +0.0000000000000000E+00
+0.2700503086572833E+02 +0.1103237865310233E+01 +0.0000000000000000E+00
+0.2702090417298000E+02 +0.1065831710688729E+01 +0.0000000000000000E+00
+0.2703677748023167E+02 +0.1029060383489832E+01 +0.0000000000000000E+00
+0.2705265078748333E+02 +0.9933538609217027E+00 +0.0000000000000000E+00
+0.2706852409473500E+02 +0.9590234271723566E+00 +0.0000000000000000E+00
+0.2708439740198666E+02 +0.9262271907519575E+00 +0.0000000000000000E+00
+0.2710027070923833E+02 +0.8949625775935868E+00 +0.0000000000000000E+00
+0.2711614401649000E+02 +0.8650838874615037E+00 +0.0000000000000000E+00
+0.2713201732374167E+02 +0.8363413121783223E+00 +0.0000000000000000E+00
+0.2714789063099333E+02 +0.8084357404195843E+00 +0.0000000000000000E+00
+0.2716376393824500E+02 +0.7810803302108207E+00 +0.0000000000000000E+00
+0.2717963724549666E+02 +0.7540564694890941E+00 +0.0000000000000000E+00
+0.2719551055274833E+02 +0.7272512211442996E+00 +0.0000000000000000E+00
