     8 : nkpt
   137 : nstsv
 
     1  0.1666666667E-01  0.5000000000E-01  0.8333333333E-01 : k-point, vkl
 (state, eigenvalue and occupancy below)
     1 -0.2441884538       2.000000000    
     2  0.1718287165       2.000000000    
     3  0.1834811687       2.000000000    
     4  0.1889558177       2.000000000    
     5  0.2828847532       0.000000000    
     6  0.2951416239       0.000000000    
     7  0.2969710300       0.000000000    
     8  0.3287446095       0.000000000    
     9  0.4616177385       0.000000000    
    10  0.4783633935       0.000000000    
    11  0.4865614187       0.000000000    
    12  0.5996598221       0.000000000    
    13  0.6079644971       0.000000000    
    14  0.6212413975       0.000000000    
    15  0.7660644362       0.000000000    
    16   1.000359629       0.000000000    
    17   1.007959036       0.000000000    
    18   1.034417304       0.000000000    
    19   1.058345004       0.000000000    
    20   1.062703098       0.000000000    
    21   1.145343102       0.000000000    
    22   1.151714351       0.000000000    
    23   1.156482369       0.000000000    
    24   1.312976923       0.000000000    
    25   1.321131869       0.000000000    
    26   1.335415077       0.000000000    
    27   1.437993177       0.000000000    
    28   1.449315402       0.000000000    
    29   1.459242525       0.000000000    
    30   1.572476378       0.000000000    
    31   1.596528694       0.000000000    
    32   1.606173832       0.000000000    
    33   1.651090726       0.000000000    
    34   1.681700710       0.000000000    
    35   1.754492352       0.000000000    
    36   1.762685190       0.000000000    
    37   1.764806383       0.000000000    
    38   1.812524590       0.000000000    
    39   1.815710239       0.000000000    
    40   1.842684113       0.000000000    
    41   1.846925828       0.000000000    
    42   1.887493905       0.000000000    
    43   1.898432247       0.000000000    
    44   1.912848259       0.000000000    
    45   1.921702220       0.000000000    
    46   1.946536669       0.000000000    
    47   1.977101598       0.000000000    
    48   1.984236610       0.000000000    
    49   2.004585526       0.000000000    
    50   2.017583032       0.000000000    
    51   2.028755044       0.000000000    
    52   2.040444791       0.000000000    
    53   2.069893511       0.000000000    
    54   2.102857688       0.000000000    
    55   2.155929511       0.000000000    
    56   2.191757023       0.000000000    
    57   2.214080338       0.000000000    
    58   2.311460643       0.000000000    
    59   2.362511163       0.000000000    
    60   2.597216038       0.000000000    
    61   2.648921752       0.000000000    
    62   2.853728268       0.000000000    
    63   2.911664328       0.000000000    
    64   2.922422778       0.000000000    
    65   2.924263163       0.000000000    
    66   2.941872358       0.000000000    
    67   2.942515927       0.000000000    
    68   2.945719211       0.000000000    
    69   2.959862459       0.000000000    
    70   3.029076181       0.000000000    
    71   3.032563547       0.000000000    
    72   3.039640257       0.000000000    
    73   3.072575593       0.000000000    
    74   3.278327677       0.000000000    
    75   3.313959912       0.000000000    
    76   3.364271297       0.000000000    
    77   3.371341651       0.000000000    
    78   3.393243603       0.000000000    
    79   3.405683690       0.000000000    
    80   3.429276218       0.000000000    
    81   3.432781034       0.000000000    
    82   3.447365321       0.000000000    
    83   3.477238414       0.000000000    
    84   3.501476616       0.000000000    
    85   3.507834482       0.000000000    
    86   3.513662971       0.000000000    
    87   3.525883902       0.000000000    
    88   3.541660294       0.000000000    
    89   3.547158726       0.000000000    
    90   3.555051759       0.000000000    
    91   3.577338158       0.000000000    
    92   3.585593760       0.000000000    
    93   3.606976903       0.000000000    
    94   3.612122043       0.000000000    
    95   3.628981044       0.000000000    
    96   3.639306586       0.000000000    
    97   3.647504474       0.000000000    
    98   3.653468147       0.000000000    
    99   3.660821590       0.000000000    
   100   3.691850590       0.000000000    
   101   3.714898648       0.000000000    
   102   3.748282622       0.000000000    
   103   3.786011001       0.000000000    
   104   3.797187127       0.000000000    
   105   3.800700139       0.000000000    
   106   3.853236358       0.000000000    
   107   3.860227418       0.000000000    
   108   3.863108292       0.000000000    
   109   3.883715394       0.000000000    
   110   3.930471253       0.000000000    
   111   3.947576145       0.000000000    
   112   3.956945551       0.000000000    
   113   4.131449930       0.000000000    
   114   4.138234402       0.000000000    
   115   4.151559392       0.000000000    
   116   4.182690718       0.000000000    
   117   4.227632805       0.000000000    
   118   4.283327478       0.000000000    
   119   4.329058798       0.000000000    
   120   4.373543179       0.000000000    
   121   4.389735046       0.000000000    
   122   4.398613468       0.000000000    
   123   4.423986982       0.000000000    
   124   4.642256285       0.000000000    
   125   5.596553210       0.000000000    
   126   5.878648276       0.000000000    
   127   5.881401808       0.000000000    
   128   5.885713870       0.000000000    
   129   6.098091670       0.000000000    
   130   6.457355810       0.000000000    
   131   6.470310994       0.000000000    
   132   6.669339409       0.000000000    
   133   7.007115675       0.000000000    
   134   7.386626728       0.000000000    
   135   7.404901145       0.000000000    
   136   7.411532202       0.000000000    
   137   7.543621818       0.000000000    
 
 
     2  0.5166666667      0.5000000000E-01  0.8333333333E-01 : k-point, vkl
 (state, eigenvalue and occupancy below)
     1 -0.1601609055       2.000000000    
     2 -0.6059008094E-01   2.000000000    
     3  0.1303295533       2.000000000    
     4  0.1458586280       2.000000000    
     5  0.2620559408       0.000000000    
     6  0.3110807423       0.000000000    
     7  0.3237476967       0.000000000    
     8  0.4785578891       0.000000000    
     9  0.5339894685       0.000000000    
    10  0.5626970763       0.000000000    
    11  0.5995640032       0.000000000    
    12  0.6297305691       0.000000000    
    13  0.6474104601       0.000000000    
    14  0.6882403102       0.000000000    
    15  0.8745379593       0.000000000    
    16  0.9353507469       0.000000000    
    17  0.9484498273       0.000000000    
    18  0.9797032579       0.000000000    
    19  0.9951782056       0.000000000    
    20   1.017177800       0.000000000    
    21   1.129620553       0.000000000    
    22   1.135281873       0.000000000    
    23   1.161417330       0.000000000    
    24   1.206562249       0.000000000    
    25   1.217283024       0.000000000    
    26   1.253404484       0.000000000    
    27   1.329513306       0.000000000    
    28   1.346930413       0.000000000    
    29   1.404936288       0.000000000    
    30   1.408855045       0.000000000    
    31   1.425877370       0.000000000    
    32   1.455955767       0.000000000    
    33   1.561961315       0.000000000    
    34   1.591042019       0.000000000    
    35   1.656207212       0.000000000    
    36   1.689136238       0.000000000    
    37   1.755161999       0.000000000    
    38   1.804722036       0.000000000    
    39   1.866616310       0.000000000    
    40   1.886382376       0.000000000    
    41   1.935948777       0.000000000    
    42   1.948146650       0.000000000    
    43   1.976175439       0.000000000    
    44   2.006978984       0.000000000    
    45   2.031892742       0.000000000    
    46   2.099335629       0.000000000    
    47   2.130027643       0.000000000    
    48   2.208299490       0.000000000    
    49   2.233960184       0.000000000    
    50   2.245278276       0.000000000    
    51   2.302238660       0.000000000    
    52   2.319132541       0.000000000    
    53   2.336576149       0.000000000    
    54   2.400157252       0.000000000    
    55   2.419134523       0.000000000    
    56   2.471926137       0.000000000    
    57   2.502173366       0.000000000    
    58   2.535006339       0.000000000    
    59   2.541496313       0.000000000    
    60   2.573626326       0.000000000    
    61   2.585169149       0.000000000    
    62   2.603874385       0.000000000    
    63   2.639360795       0.000000000    
    64   2.644822969       0.000000000    
    65   2.674029125       0.000000000    
    66   2.702299428       0.000000000    
    67   2.716516379       0.000000000    
    68   2.768492429       0.000000000    
    69   2.779215815       0.000000000    
    70   2.810173899       0.000000000    
    71   2.845372242       0.000000000    
    72   2.880776078       0.000000000    
    73   2.905916720       0.000000000    
    74   2.921062850       0.000000000    
    75   2.983600233       0.000000000    
    76   3.014499452       0.000000000    
    77   3.053868096       0.000000000    
    78   3.096134034       0.000000000    
    79   3.172103301       0.000000000    
    80   3.206220763       0.000000000    
    81   3.244505370       0.000000000    
    82   3.338733256       0.000000000    
    83   3.372177778       0.000000000    
    84   3.385780819       0.000000000    
    85   3.432893638       0.000000000    
    86   3.477513239       0.000000000    
    87   3.490492211       0.000000000    
    88   3.504898841       0.000000000    
    89   3.523774560       0.000000000    
    90   3.557771472       0.000000000    
    91   3.579062417       0.000000000    
    92   3.587416698       0.000000000    
    93   3.619606855       0.000000000    
    94   3.633105974       0.000000000    
    95   3.668001439       0.000000000    
    96   3.701602022       0.000000000    
    97   3.727131152       0.000000000    
    98   3.743188899       0.000000000    
    99   3.802091520       0.000000000    
   100   3.826292037       0.000000000    
   101   3.827347792       0.000000000    
   102   3.866152165       0.000000000    
   103   3.901146840       0.000000000    
   104   3.926446483       0.000000000    
   105   3.940773859       0.000000000    
   106   3.955695543       0.000000000    
   107   3.979122337       0.000000000    
   108   3.993130130       0.000000000    
   109   4.011606718       0.000000000    
   110   4.072093022       0.000000000    
   111   4.092709186       0.000000000    
   112   4.103176005       0.000000000    
   113   4.142567086       0.000000000    
   114   4.177536453       0.000000000    
   115   4.260384199       0.000000000    
   116   4.301479825       0.000000000    
   117   4.359343725       0.000000000    
   118   4.363110623       0.000000000    
   119   4.399886641       0.000000000    
   120   4.433781162       0.000000000    
   121   4.440541529       0.000000000    
   122   4.469251074       0.000000000    
   123   4.487328254       0.000000000    
   124   4.563247709       0.000000000    
   125   4.571678874       0.000000000    
   126   5.625237540       0.000000000    
   127   5.987692770       0.000000000    
   128   6.002732211       0.000000000    
   129   6.185998044       0.000000000    
   130   6.284416161       0.000000000    
   131   6.342297163       0.000000000    
   132   6.638811446       0.000000000    
   133   6.733991917       0.000000000    
   134   6.915587393       0.000000000    
   135   7.350565423       0.000000000    
   136   7.578438069       0.000000000    
   137   7.831964812       0.000000000    
 
 
     3  0.1666666667E-01  0.5500000000      0.8333333333E-01 : k-point, vkl
 (state, eigenvalue and occupancy below)
     1 -0.1588909429       2.000000000    
     2 -0.6193810780E-01   2.000000000    
     3  0.1283191754       2.000000000    
     4  0.1456458107       2.000000000    
     5  0.2628957837       0.000000000    
     6  0.3119300602       0.000000000    
     7  0.3236121413       0.000000000    
     8  0.4798730458       0.000000000    
     9  0.5412836008       0.000000000    
    10  0.5551741163       0.000000000    
    11  0.5965829626       0.000000000    
    12  0.6368837667       0.000000000    
    13  0.6493482901       0.000000000    
    14  0.6828411194       0.000000000    
    15  0.8841574799       0.000000000    
    16  0.9283442404       0.000000000    
    17  0.9552132004       0.000000000    
    18  0.9827917263       0.000000000    
    19  0.9895529171       0.000000000    
    20   1.010690838       0.000000000    
    21   1.134671659       0.000000000    
    22   1.136405187       0.000000000    
    23   1.155287314       0.000000000    
    24   1.208983799       0.000000000    
    25   1.214920434       0.000000000    
    26   1.251440337       0.000000000    
    27   1.327533174       0.000000000    
    28   1.341266080       0.000000000    
    29   1.410685310       0.000000000    
    30   1.411628453       0.000000000    
    31   1.422348030       0.000000000    
    32   1.456472861       0.000000000    
    33   1.562350160       0.000000000    
    34   1.592178581       0.000000000    
    35   1.650232607       0.000000000    
    36   1.695154614       0.000000000    
    37   1.744156513       0.000000000    
    38   1.813530212       0.000000000    
    39   1.869436857       0.000000000    
    40   1.889292788       0.000000000    
    41   1.940048537       0.000000000    
    42   1.951931071       0.000000000    
    43   1.977677298       0.000000000    
    44   2.007635159       0.000000000    
    45   2.034828260       0.000000000    
    46   2.099817175       0.000000000    
    47   2.128136812       0.000000000    
    48   2.210610342       0.000000000    
    49   2.225264918       0.000000000    
    50   2.255691315       0.000000000    
    51   2.302071055       0.000000000    
    52   2.315115087       0.000000000    
    53   2.335699755       0.000000000    
    54   2.408059240       0.000000000    
    55   2.415273238       0.000000000    
    56   2.475550594       0.000000000    
    57   2.502247349       0.000000000    
    58   2.528033337       0.000000000    
    59   2.544485945       0.000000000    
    60   2.573373550       0.000000000    
    61   2.588106128       0.000000000    
    62   2.596795967       0.000000000    
    63   2.641540127       0.000000000    
    64   2.653528086       0.000000000    
    65   2.668147563       0.000000000    
    66   2.701724430       0.000000000    
    67   2.720387490       0.000000000    
    68   2.773350120       0.000000000    
    69   2.785641373       0.000000000    
    70   2.799332432       0.000000000    
    71   2.856087218       0.000000000    
    72   2.890794004       0.000000000    
    73   2.901964284       0.000000000    
    74   2.925540877       0.000000000    
    75   2.979334579       0.000000000    
    76   3.013632637       0.000000000    
    77   3.045041621       0.000000000    
    78   3.080982763       0.000000000    
    79   3.167621014       0.000000000    
    80   3.207375967       0.000000000    
    81   3.251880480       0.000000000    
    82   3.339272668       0.000000000    
    83   3.354742089       0.000000000    
    84   3.396658580       0.000000000    
    85   3.436114694       0.000000000    
    86   3.474167406       0.000000000    
    87   3.486792064       0.000000000    
    88   3.504704028       0.000000000    
    89   3.526314624       0.000000000    
    90   3.555334854       0.000000000    
    91   3.567320847       0.000000000    
    92   3.598307134       0.000000000    
    93   3.621920499       0.000000000    
    94   3.634758557       0.000000000    
    95   3.665254663       0.000000000    
    96   3.708761951       0.000000000    
    97   3.723968422       0.000000000    
    98   3.740705805       0.000000000    
    99   3.808110580       0.000000000    
   100   3.824159801       0.000000000    
   101   3.834462562       0.000000000    
   102   3.869688112       0.000000000    
   103   3.901070273       0.000000000    
   104   3.930780657       0.000000000    
   105   3.952851958       0.000000000    
   106   3.961767459       0.000000000    
   107   3.988111036       0.000000000    
   108   3.994606847       0.000000000    
   109   4.008033583       0.000000000    
   110   4.066252465       0.000000000    
   111   4.089266558       0.000000000    
   112   4.118090336       0.000000000    
   113   4.160365362       0.000000000    
   114   4.164732175       0.000000000    
   115   4.263202870       0.000000000    
   116   4.300153739       0.000000000    
   117   4.361650659       0.000000000    
   118   4.406985454       0.000000000    
   119   4.414407907       0.000000000    
   120   4.436229576       0.000000000    
   121   4.468933429       0.000000000    
   122   4.488439488       0.000000000    
   123   4.565244733       0.000000000    
   124   5.578829039       0.000000000    
   125   5.770970590       0.000000000    
   126   5.991086560       0.000000000    
   127   6.184865512       0.000000000    
   128   6.249548447       0.000000000    
   129   6.282426334       0.000000000    
   130   6.303209249       0.000000000    
   131   6.580721399       0.000000000    
   132   6.868165025       0.000000000    
   133   7.207983042       0.000000000    
   134   7.441825263       0.000000000    
   135   7.726141610       0.000000000    
   136   7.848140311       0.000000000    
   137   8.054508057       0.000000000    
 
 
     4  0.5166666667      0.5500000000      0.8333333333E-01 : k-point, vkl
 (state, eigenvalue and occupancy below)
     1 -0.9837202280E-01   2.000000000    
     2 -0.8868760189E-01   2.000000000    
     3  0.7503875092E-01   2.000000000    
     4  0.8755599955E-01   2.000000000    
     5  0.2209750307       0.000000000    
     6  0.2366003796       0.000000000    
     7  0.5330977723       0.000000000    
     8  0.5426295829       0.000000000    
     9  0.5720389258       0.000000000    
    10  0.5826399840       0.000000000    
    11  0.6616360047       0.000000000    
    12  0.6745150035       0.000000000    
    13  0.6911388545       0.000000000    
    14  0.7052239915       0.000000000    
    15  0.8457860234       0.000000000    
    16  0.8634803996       0.000000000    
    17  0.9031469917       0.000000000    
    18  0.9165439128       0.000000000    
    19  0.9511315160       0.000000000    
    20  0.9668388556       0.000000000    
    21  0.9911405704       0.000000000    
    22   1.008084871       0.000000000    
    23   1.093989090       0.000000000    
    24   1.115186078       0.000000000    
    25   1.290240903       0.000000000    
    26   1.310373860       0.000000000    
    27   1.385032604       0.000000000    
    28   1.427808448       0.000000000    
    29   1.453583204       0.000000000    
    30   1.476879079       0.000000000    
    31   1.490047226       0.000000000    
    32   1.505815601       0.000000000    
    33   1.618732896       0.000000000    
    34   1.642867218       0.000000000    
    35   1.648923055       0.000000000    
    36   1.675842977       0.000000000    
    37   1.702013974       0.000000000    
    38   1.744480343       0.000000000    
    39   1.778860204       0.000000000    
    40   1.789673347       0.000000000    
    41   1.869992888       0.000000000    
    42   1.895486173       0.000000000    
    43   2.016384400       0.000000000    
    44   2.039854967       0.000000000    
    45   2.111558378       0.000000000    
    46   2.142696155       0.000000000    
    47   2.173907157       0.000000000    
    48   2.191166539       0.000000000    
    49   2.326114480       0.000000000    
    50   2.336064300       0.000000000    
    51   2.350965356       0.000000000    
    52   2.354209019       0.000000000    
    53   2.375159694       0.000000000    
    54   2.390339810       0.000000000    
    55   2.410775911       0.000000000    
    56   2.444884136       0.000000000    
    57   2.474658156       0.000000000    
    58   2.497916053       0.000000000    
    59   2.531926120       0.000000000    
    60   2.548647418       0.000000000    
    61   2.576971158       0.000000000    
    62   2.606290316       0.000000000    
    63   2.615699295       0.000000000    
    64   2.625751155       0.000000000    
    65   2.777454853       0.000000000    
    66   2.796675226       0.000000000    
    67   2.833053129       0.000000000    
    68   2.844785898       0.000000000    
    69   2.856279473       0.000000000    
    70   2.880712459       0.000000000    
    71   2.923057512       0.000000000    
    72   2.942216925       0.000000000    
    73   2.965370120       0.000000000    
    74   2.977176743       0.000000000    
    75   3.019320322       0.000000000    
    76   3.041071335       0.000000000    
    77   3.112547640       0.000000000    
    78   3.120854691       0.000000000    
    79   3.144727189       0.000000000    
    80   3.153012543       0.000000000    
    81   3.179072602       0.000000000    
    82   3.190595105       0.000000000    
    83   3.233986802       0.000000000    
    84   3.239506367       0.000000000    
    85   3.302324959       0.000000000    
    86   3.307477600       0.000000000    
    87   3.321035740       0.000000000    
    88   3.328883079       0.000000000    
    89   3.350934763       0.000000000    
    90   3.359500278       0.000000000    
    91   3.384134060       0.000000000    
    92   3.395470770       0.000000000    
    93   3.576726315       0.000000000    
    94   3.589556242       0.000000000    
    95   3.625399571       0.000000000    
    96   3.650965162       0.000000000    
    97   3.728763930       0.000000000    
    98   3.743114384       0.000000000    
    99   3.759930359       0.000000000    
   100   3.768899970       0.000000000    
   101   3.794368536       0.000000000    
   102   3.887328856       0.000000000    
   103   3.893707302       0.000000000    
   104   3.911273623       0.000000000    
   105   3.985823970       0.000000000    
   106   3.998189962       0.000000000    
   107   4.005678716       0.000000000    
   108   4.033921151       0.000000000    
   109   4.055725503       0.000000000    
   110   4.083887614       0.000000000    
   111   4.130495437       0.000000000    
   112   4.149421198       0.000000000    
   113   4.213277081       0.000000000    
   114   4.234414670       0.000000000    
   115   4.289779093       0.000000000    
   116   4.313573615       0.000000000    
   117   4.476109493       0.000000000    
   118   5.352641776       0.000000000    
   119   5.438080550       0.000000000    
   120   5.758603775       0.000000000    
   121   5.839187922       0.000000000    
   122   6.031003822       0.000000000    
   123   6.036314769       0.000000000    
   124   6.203951441       0.000000000    
   125   6.392384592       0.000000000    
   126   6.889697552       0.000000000    
   127   6.955595441       0.000000000    
   128   7.231530118       0.000000000    
   129   7.240533881       0.000000000    
   130   7.774113019       0.000000000    
   131   7.810638693       0.000000000    
   132   8.154052634       0.000000000    
   133   8.166753517       0.000000000    
   134   8.234446054       0.000000000    
   135   8.326149673       0.000000000    
   136   21.53860189       0.000000000    
   137   21.63785146       0.000000000    
 
 
     5  0.1666666667E-01  0.5000000000E-01  0.5833333333     : k-point, vkl
 (state, eigenvalue and occupancy below)
     1 -0.1671688920       2.000000000    
     2 -0.5306585749E-01   2.000000000    
     3  0.1413310262       2.000000000    
     4  0.1501165498       2.000000000    
     5  0.2536410682       0.000000000    
     6  0.3141610943       0.000000000    
     7  0.3184639602       0.000000000    
     8  0.4739217679       0.000000000    
     9  0.5293704188       0.000000000    
    10  0.5527818554       0.000000000    
    11  0.5971877026       0.000000000    
    12  0.6247102729       0.000000000    
    13  0.6608262227       0.000000000    
    14  0.6932746748       0.000000000    
    15  0.8440707054       0.000000000    
    16  0.9168877655       0.000000000    
    17  0.9461617648       0.000000000    
    18  0.9838339470       0.000000000    
    19   1.029139082       0.000000000    
    20   1.038222210       0.000000000    
    21   1.099870902       0.000000000    
    22   1.149463422       0.000000000    
    23   1.187661687       0.000000000    
    24   1.200188073       0.000000000    
    25   1.217418304       0.000000000    
    26   1.261870012       0.000000000    
    27   1.351224168       0.000000000    
    28   1.369936073       0.000000000    
    29   1.387142197       0.000000000    
    30   1.409226921       0.000000000    
    31   1.427484326       0.000000000    
    32   1.447796247       0.000000000    
    33   1.562676864       0.000000000    
    34   1.580082347       0.000000000    
    35   1.683110617       0.000000000    
    36   1.698382913       0.000000000    
    37   1.764252293       0.000000000    
    38   1.797113497       0.000000000    
    39   1.849241907       0.000000000    
    40   1.860394964       0.000000000    
    41   1.905813043       0.000000000    
    42   1.917959849       0.000000000    
    43   1.982930799       0.000000000    
    44   2.010966897       0.000000000    
    45   2.018994372       0.000000000    
    46   2.123766032       0.000000000    
    47   2.139055793       0.000000000    
    48   2.199313565       0.000000000    
    49   2.235027501       0.000000000    
    50   2.240725028       0.000000000    
    51   2.291706115       0.000000000    
    52   2.340213199       0.000000000    
    53   2.343083304       0.000000000    
    54   2.389554926       0.000000000    
    55   2.406157289       0.000000000    
    56   2.461448002       0.000000000    
    57   2.510828299       0.000000000    
    58   2.532640905       0.000000000    
    59   2.548073805       0.000000000    
    60   2.560241969       0.000000000    
    61   2.589261786       0.000000000    
    62   2.604296927       0.000000000    
    63   2.631006431       0.000000000    
    64   2.647943397       0.000000000    
    65   2.652480567       0.000000000    
    66   2.717080523       0.000000000    
    67   2.738137106       0.000000000    
    68   2.743043119       0.000000000    
    69   2.794141135       0.000000000    
    70   2.810754219       0.000000000    
    71   2.821493087       0.000000000    
    72   2.841138797       0.000000000    
    73   2.864380372       0.000000000    
    74   2.950473778       0.000000000    
    75   3.011843087       0.000000000    
    76   3.025557528       0.000000000    
    77   3.115498249       0.000000000    
    78   3.146309158       0.000000000    
    79   3.206545260       0.000000000    
    80   3.214715386       0.000000000    
    81   3.232324163       0.000000000    
    82   3.366309726       0.000000000    
    83   3.404004494       0.000000000    
    84   3.407460583       0.000000000    
    85   3.440772099       0.000000000    
    86   3.469567584       0.000000000    
    87   3.495306335       0.000000000    
    88   3.513309759       0.000000000    
    89   3.515542377       0.000000000    
    90   3.548990877       0.000000000    
    91   3.571763187       0.000000000    
    92   3.580180819       0.000000000    
    93   3.602143594       0.000000000    
    94   3.640545732       0.000000000    
    95   3.679195444       0.000000000    
    96   3.701851043       0.000000000    
    97   3.739136775       0.000000000    
    98   3.759892097       0.000000000    
    99   3.784427204       0.000000000    
   100   3.830577594       0.000000000    
   101   3.841604387       0.000000000    
   102   3.865451472       0.000000000    
   103   3.893907486       0.000000000    
   104   3.912503209       0.000000000    
   105   3.922028191       0.000000000    
   106   3.963344075       0.000000000    
   107   3.975590590       0.000000000    
   108   3.987364897       0.000000000    
   109   4.034545899       0.000000000    
   110   4.087807717       0.000000000    
   111   4.102006862       0.000000000    
   112   4.104154982       0.000000000    
   113   4.162068285       0.000000000    
   114   4.205128820       0.000000000    
   115   4.241018932       0.000000000    
   116   4.274811931       0.000000000    
   117   4.349587860       0.000000000    
   118   4.362383101       0.000000000    
   119   4.404101587       0.000000000    
   120   4.436895942       0.000000000    
   121   4.446194019       0.000000000    
   122   4.526424753       0.000000000    
   123   4.563513179       0.000000000    
   124   5.654341340       0.000000000    
   125   5.738412217       0.000000000    
   126   5.965338805       0.000000000    
   127   6.204576317       0.000000000    
   128   6.279533358       0.000000000    
   129   6.289303971       0.000000000    
   130   6.431535295       0.000000000    
   131   6.449741534       0.000000000    
   132   6.897802367       0.000000000    
   133   7.326411004       0.000000000    
   134   7.445934067       0.000000000    
   135   7.717743268       0.000000000    
   136   7.731758449       0.000000000    
   137   7.851882397       0.000000000    
 
 
     6  0.5166666667      0.5000000000E-01  0.5833333333     : k-point, vkl
 (state, eigenvalue and occupancy below)
     1 -0.1073748407       2.000000000    
     2 -0.7950753171E-01   2.000000000    
     3  0.8004326314E-01   2.000000000    
     4  0.8441584364E-01   2.000000000    
     5  0.2238264275       0.000000000    
     6  0.2317100259       0.000000000    
     7  0.5236993964       0.000000000    
     8  0.5463383954       0.000000000    
     9  0.5749938506       0.000000000    
    10  0.5989109062       0.000000000    
    11  0.6451979724       0.000000000    
    12  0.6770895484       0.000000000    
    13  0.6820561991       0.000000000    
    14  0.7129379841       0.000000000    
    15  0.8352977204       0.000000000    
    16  0.8752801644       0.000000000    
    17  0.8904522664       0.000000000    
    18  0.9172879732       0.000000000    
    19  0.9547868468       0.000000000    
    20  0.9597990684       0.000000000    
    21  0.9999456938       0.000000000    
    22   1.015950507       0.000000000    
    23   1.093645336       0.000000000    
    24   1.119317002       0.000000000    
    25   1.294475998       0.000000000    
    26   1.301229944       0.000000000    
    27   1.391610683       0.000000000    
    28   1.416505134       0.000000000    
    29   1.468226610       0.000000000    
    30   1.469827303       0.000000000    
    31   1.481075231       0.000000000    
    32   1.517189167       0.000000000    
    33   1.632209636       0.000000000    
    34   1.644460749       0.000000000    
    35   1.654468824       0.000000000    
    36   1.669706052       0.000000000    
    37   1.708967292       0.000000000    
    38   1.725568552       0.000000000    
    39   1.780123874       0.000000000    
    40   1.784687570       0.000000000    
    41   1.872577787       0.000000000    
    42   1.883150666       0.000000000    
    43   2.023455397       0.000000000    
    44   2.033715987       0.000000000    
    45   2.106003823       0.000000000    
    46   2.141511928       0.000000000    
    47   2.156956620       0.000000000    
    48   2.207362867       0.000000000    
    49   2.311936943       0.000000000    
    50   2.343938078       0.000000000    
    51   2.349313234       0.000000000    
    52   2.357135214       0.000000000    
    53   2.380278228       0.000000000    
    54   2.410627178       0.000000000    
    55   2.417320971       0.000000000    
    56   2.438432693       0.000000000    
    57   2.486498399       0.000000000    
    58   2.491846420       0.000000000    
    59   2.513755465       0.000000000    
    60   2.543892211       0.000000000    
    61   2.576612727       0.000000000    
    62   2.601099333       0.000000000    
    63   2.622087793       0.000000000    
    64   2.634470364       0.000000000    
    65   2.780579316       0.000000000    
    66   2.790474407       0.000000000    
    67   2.825440343       0.000000000    
    68   2.848508426       0.000000000    
    69   2.860215842       0.000000000    
    70   2.888274354       0.000000000    
    71   2.917665420       0.000000000    
    72   2.924975867       0.000000000    
    73   2.977707882       0.000000000    
    74   2.985067225       0.000000000    
    75   3.039708855       0.000000000    
    76   3.071993461       0.000000000    
    77   3.078334264       0.000000000    
    78   3.099816896       0.000000000    
    79   3.117027664       0.000000000    
    80   3.139391703       0.000000000    
    81   3.191012986       0.000000000    
    82   3.197245116       0.000000000    
    83   3.214322721       0.000000000    
    84   3.224585969       0.000000000    
    85   3.301588200       0.000000000    
    86   3.320749269       0.000000000    
    87   3.325408325       0.000000000    
    88   3.326078986       0.000000000    
    89   3.355065739       0.000000000    
    90   3.375198137       0.000000000    
    91   3.396501798       0.000000000    
    92   3.414848755       0.000000000    
    93   3.577914433       0.000000000    
    94   3.608767373       0.000000000    
    95   3.639702090       0.000000000    
    96   3.650413009       0.000000000    
    97   3.717661872       0.000000000    
    98   3.744151654       0.000000000    
    99   3.758850251       0.000000000    
   100   3.770657112       0.000000000    
   101   3.824829706       0.000000000    
   102   3.860066359       0.000000000    
   103   3.904253355       0.000000000    
   104   3.940556803       0.000000000    
   105   3.976195669       0.000000000    
   106   3.985040872       0.000000000    
   107   3.999524010       0.000000000    
   108   4.009854093       0.000000000    
   109   4.067881047       0.000000000    
   110   4.093825529       0.000000000    
   111   4.100822252       0.000000000    
   112   4.143361042       0.000000000    
   113   4.220681547       0.000000000    
   114   4.248626428       0.000000000    
   115   4.272766159       0.000000000    
   116   4.301702464       0.000000000    
   117   4.438580587       0.000000000    
   118   5.351845998       0.000000000    
   119   5.439894343       0.000000000    
   120   5.765326954       0.000000000    
   121   5.836566022       0.000000000    
   122   6.025379819       0.000000000    
   123   6.035171574       0.000000000    
   124   6.203433738       0.000000000    
   125   6.392002419       0.000000000    
   126   6.924867123       0.000000000    
   127   6.927970032       0.000000000    
   128   7.215563232       0.000000000    
   129   7.256868122       0.000000000    
   130   7.751885306       0.000000000    
   131   7.848129037       0.000000000    
   132   8.150378374       0.000000000    
   133   8.160004898       0.000000000    
   134   8.219270629       0.000000000    
   135   8.332619333       0.000000000    
   136   21.53714620       0.000000000    
   137   21.64112054       0.000000000    
 
 
     7  0.1666666667E-01  0.5500000000      0.5833333333     : k-point, vkl
 (state, eigenvalue and occupancy below)
     1 -0.1259358728       2.000000000    
     2 -0.6001723236E-01   2.000000000    
     3  0.8780716607E-01   2.000000000    
     4  0.8988153724E-01   2.000000000    
     5  0.2130853720       0.000000000    
     6  0.2282931544       0.000000000    
     7  0.5254121005       0.000000000    
     8  0.5316740404       0.000000000    
     9  0.6163490109       0.000000000    
    10  0.6205800479       0.000000000    
    11  0.6221651395       0.000000000    
    12  0.6373581639       0.000000000    
    13  0.6936528337       0.000000000    
    14  0.7055703241       0.000000000    
    15  0.8224313710       0.000000000    
    16  0.8606609116       0.000000000    
    17  0.8719780431       0.000000000    
    18  0.8936379121       0.000000000    
    19  0.9731706801       0.000000000    
    20  0.9924507021       0.000000000    
    21   1.006869102       0.000000000    
    22   1.037428219       0.000000000    
    23   1.093437194       0.000000000    
    24   1.148943007       0.000000000    
    25   1.282526921       0.000000000    
    26   1.285337472       0.000000000    
    27   1.363156556       0.000000000    
    28   1.448375423       0.000000000    
    29   1.462667430       0.000000000    
    30   1.496173835       0.000000000    
    31   1.506599529       0.000000000    
    32   1.507482128       0.000000000    
    33   1.639331761       0.000000000    
    34   1.654106529       0.000000000    
    35   1.683560492       0.000000000    
    36   1.693401931       0.000000000    
    37   1.699045930       0.000000000    
    38   1.706416717       0.000000000    
    39   1.750759622       0.000000000    
    40   1.763126570       0.000000000    
    41   1.846687902       0.000000000    
    42   1.852110463       0.000000000    
    43   2.023059422       0.000000000    
    44   2.043771980       0.000000000    
    45   2.058649916       0.000000000    
    46   2.117360647       0.000000000    
    47   2.168403418       0.000000000    
    48   2.231012128       0.000000000    
    49   2.304373538       0.000000000    
    50   2.342659737       0.000000000    
    51   2.363169240       0.000000000    
    52   2.376057086       0.000000000    
    53   2.383633764       0.000000000    
    54   2.390484887       0.000000000    
    55   2.411441733       0.000000000    
    56   2.472674241       0.000000000    
    57   2.480856418       0.000000000    
    58   2.493831599       0.000000000    
    59   2.533963884       0.000000000    
    60   2.548647413       0.000000000    
    61   2.574778409       0.000000000    
    62   2.599964830       0.000000000    
    63   2.621796325       0.000000000    
    64   2.634605724       0.000000000    
    65   2.773134244       0.000000000    
    66   2.796217530       0.000000000    
    67   2.815665867       0.000000000    
    68   2.835614219       0.000000000    
    69   2.858335175       0.000000000    
    70   2.863657313       0.000000000    
    71   2.935030770       0.000000000    
    72   2.946474072       0.000000000    
    73   2.983714508       0.000000000    
    74   2.993499306       0.000000000    
    75   3.043132491       0.000000000    
    76   3.056722184       0.000000000    
    77   3.081009982       0.000000000    
    78   3.092343159       0.000000000    
    79   3.105462862       0.000000000    
    80   3.112255917       0.000000000    
    81   3.147421256       0.000000000    
    82   3.159848958       0.000000000    
    83   3.164432102       0.000000000    
    84   3.228206175       0.000000000    
    85   3.284126682       0.000000000    
    86   3.297932520       0.000000000    
    87   3.326410986       0.000000000    
    88   3.334842468       0.000000000    
    89   3.416730188       0.000000000    
    90   3.426600010       0.000000000    
    91   3.451942366       0.000000000    
    92   3.463960390       0.000000000    
    93   3.600733946       0.000000000    
    94   3.661071091       0.000000000    
    95   3.689076943       0.000000000    
    96   3.696622102       0.000000000    
    97   3.740503086       0.000000000    
    98   3.741981279       0.000000000    
    99   3.772195532       0.000000000    
   100   3.847542872       0.000000000    
   101   3.859063838       0.000000000    
   102   3.873829312       0.000000000    
   103   3.888133750       0.000000000    
   104   3.906854736       0.000000000    
   105   3.933123725       0.000000000    
   106   3.974102109       0.000000000    
   107   3.984299159       0.000000000    
   108   4.010541844       0.000000000    
   109   4.031448322       0.000000000    
   110   4.049961223       0.000000000    
   111   4.062833565       0.000000000    
   112   4.114384819       0.000000000    
   113   4.197533253       0.000000000    
   114   4.204675094       0.000000000    
   115   4.244992799       0.000000000    
   116   4.273503807       0.000000000    
   117   4.450432143       0.000000000    
   118   4.514118781       0.000000000    
   119   5.346865915       0.000000000    
   120   5.431441284       0.000000000    
   121   5.781769137       0.000000000    
   122   5.826831847       0.000000000    
   123   6.023152572       0.000000000    
   124   6.200793771       0.000000000    
   125   6.350560625       0.000000000    
   126   6.381071483       0.000000000    
   127   6.866996963       0.000000000    
   128   6.995630279       0.000000000    
   129   7.189735942       0.000000000    
   130   7.310371257       0.000000000    
   131   7.980061808       0.000000000    
   132   8.069170691       0.000000000    
   133   8.141757016       0.000000000    
   134   8.151994826       0.000000000    
   135   8.186789930       0.000000000    
   136   8.301291356       0.000000000    
   137   21.63284734       0.000000000    
 
 
     8  0.5166666667      0.5500000000      0.5833333333     : k-point, vkl
 (state, eigenvalue and occupancy below)
     1 -0.1643575234       2.000000000    
     2 -0.5609181451E-01   2.000000000    
     3  0.1370996034       2.000000000    
     4  0.1476996329       2.000000000    
     5  0.2575297731       0.000000000    
     6  0.3121147755       0.000000000    
     7  0.3213818674       0.000000000    
     8  0.4752505801       0.000000000    
     9  0.5273351238       0.000000000    
    10  0.5637456003       0.000000000    
    11  0.6088450107       0.000000000    
    12  0.6136256136       0.000000000    
    13  0.6517439582       0.000000000    
    14  0.6952133073       0.000000000    
    15  0.8542065871       0.000000000    
    16  0.9236243850       0.000000000    
    17  0.9579235995       0.000000000    
    18  0.9700239525       0.000000000    
    19   1.018355839       0.000000000    
    20   1.030613060       0.000000000    
    21   1.111808935       0.000000000    
    22   1.140631070       0.000000000    
    23   1.178410515       0.000000000    
    24   1.203243977       0.000000000    
    25   1.218974025       0.000000000    
    26   1.259126935       0.000000000    
    27   1.341579118       0.000000000    
    28   1.359847299       0.000000000    
    29   1.394305205       0.000000000    
    30   1.408949340       0.000000000    
    31   1.427797468       0.000000000    
    32   1.451321562       0.000000000    
    33   1.562919637       0.000000000    
    34   1.584896567       0.000000000    
    35   1.668223413       0.000000000    
    36   1.697013223       0.000000000    
    37   1.760369171       0.000000000    
    38   1.799904839       0.000000000    
    39   1.855756925       0.000000000    
    40   1.871103797       0.000000000    
    41   1.920225634       0.000000000    
    42   1.931693601       0.000000000    
    43   1.979399182       0.000000000    
    44   2.009433417       0.000000000    
    45   2.025126429       0.000000000    
    46   2.113509916       0.000000000    
    47   2.135784451       0.000000000    
    48   2.201174087       0.000000000    
    49   2.237988972       0.000000000    
    50   2.241386185       0.000000000    
    51   2.297222028       0.000000000    
    52   2.332862134       0.000000000    
    53   2.339455164       0.000000000    
    54   2.389766537       0.000000000    
    55   2.415445861       0.000000000    
    56   2.464242661       0.000000000    
    57   2.509080996       0.000000000    
    58   2.535707114       0.000000000    
    59   2.545176411       0.000000000    
    60   2.569687432       0.000000000    
    61   2.581016735       0.000000000    
    62   2.617357798       0.000000000    
    63   2.626785844       0.000000000    
    64   2.649294547       0.000000000    
    65   2.667986528       0.000000000    
    66   2.691849677       0.000000000    
    67   2.735583481       0.000000000    
    68   2.751346551       0.000000000    
    69   2.786556485       0.000000000    
    70   2.811156285       0.000000000    
    71   2.834919148       0.000000000    
    72   2.847784393       0.000000000    
    73   2.887371854       0.000000000    
    74   2.937031811       0.000000000    
    75   3.000947145       0.000000000    
    76   3.020746022       0.000000000    
    77   3.091086407       0.000000000    
    78   3.130305825       0.000000000    
    79   3.196664535       0.000000000    
    80   3.217574539       0.000000000    
    81   3.225464209       0.000000000    
    82   3.353753608       0.000000000    
    83   3.387578785       0.000000000    
    84   3.395180059       0.000000000    
    85   3.437908542       0.000000000    
    86   3.480478987       0.000000000    
    87   3.488316726       0.000000000    
    88   3.514958392       0.000000000    
    89   3.521836584       0.000000000    
    90   3.552954712       0.000000000    
    91   3.575311491       0.000000000    
    92   3.582378937       0.000000000    
    93   3.616722567       0.000000000    
    94   3.625290208       0.000000000    
    95   3.683769739       0.000000000    
    96   3.702530868       0.000000000    
    97   3.734221384       0.000000000    
    98   3.754445532       0.000000000    
    99   3.788289111       0.000000000    
   100   3.830842813       0.000000000    
   101   3.837962784       0.000000000    
   102   3.866561363       0.000000000    
   103   3.896609348       0.000000000    
   104   3.919666783       0.000000000    
   105   3.929955156       0.000000000    
   106   3.963724584       0.000000000    
   107   3.977655139       0.000000000    
   108   3.993325972       0.000000000    
   109   4.026799291       0.000000000    
   110   4.079591060       0.000000000    
   111   4.104554104       0.000000000    
   112   4.110896920       0.000000000    
   113   4.133446625       0.000000000    
   114   4.200750882       0.000000000    
   115   4.257025419       0.000000000    
   116   4.288447429       0.000000000    
   117   4.360596114       0.000000000    
   118   4.363457064       0.000000000    
   119   4.400511432       0.000000000    
   120   4.437296212       0.000000000    
   121   4.466130524       0.000000000    
   122   4.494312422       0.000000000    
   123   4.569148042       0.000000000    
   124   5.556448979       0.000000000    
   125   5.888535285       0.000000000    
   126   5.980424225       0.000000000    
   127   6.172477463       0.000000000    
   128   6.283450607       0.000000000    
   129   6.309228790       0.000000000    
   130   6.338987649       0.000000000    
   131   6.448076812       0.000000000    
   132   6.850769780       0.000000000    
   133   7.251832249       0.000000000    
   134   7.441310317       0.000000000    
   135   7.712098553       0.000000000    
   136   7.823345939       0.000000000    
   137   7.903865751       0.000000000    
 
