     8 : nkpt
    10 : nstsv
 
     1  0.1666666667E-01  0.5000000000E-01  0.8333333333E-01 : k-point, vkl
 (state, eigenvalue and occupancy below)
     1 -0.2441884502       2.000000000    
     2  0.1718287153       2.000000000    
     3  0.1834811730       2.000000000    
     4  0.1889558193       2.000000000    
     5  0.2828847591       0.000000000    
     6  0.2951416196       0.000000000    
     7  0.2969710317       0.000000000    
     8  0.3287446144       0.000000000    
     9  0.4616177359       0.000000000    
    10  0.4783633922       0.000000000    
 
 
     2  0.5166666667      0.5000000000E-01  0.8333333333E-01 : k-point, vkl
 (state, eigenvalue and occupancy below)
     1 -0.1601609035       2.000000000    
     2 -0.6059007693E-01   2.000000000    
     3  0.1303295544       2.000000000    
     4  0.1458586279       2.000000000    
     5  0.2620559405       0.000000000    
     6  0.3110807417       0.000000000    
     7  0.3237476969       0.000000000    
     8  0.4785578852       0.000000000    
     9  0.5339894668       0.000000000    
    10  0.5626970803       0.000000000    
 
 
     3  0.1666666667E-01  0.5500000000      0.8333333333E-01 : k-point, vkl
 (state, eigenvalue and occupancy below)
     1 -0.1588909448       2.000000000    
     2 -0.6193810884E-01   2.000000000    
     3  0.1283191803       2.000000000    
     4  0.1456458150       2.000000000    
     5  0.2628957889       0.000000000    
     6  0.3119300579       0.000000000    
     7  0.3236121426       0.000000000    
     8  0.4798730492       0.000000000    
     9  0.5412835986       0.000000000    
    10  0.5551741149       0.000000000    
 
 
     4  0.5166666667      0.5500000000      0.8333333333E-01 : k-point, vkl
 (state, eigenvalue and occupancy below)
     1 -0.9837202240E-01   2.000000000    
     2 -0.8868760386E-01   2.000000000    
     3  0.7503875210E-01   2.000000000    
     4  0.8755600151E-01   2.000000000    
     5  0.2209750296       0.000000000    
     6  0.2366003768       0.000000000    
     7  0.5330977703       0.000000000    
     8  0.5426295809       0.000000000    
     9  0.5720389254       0.000000000    
    10  0.5826399828       0.000000000    
 
 
     5  0.1666666667E-01  0.5000000000E-01  0.5833333333     : k-point, vkl
 (state, eigenvalue and occupancy below)
     1 -0.1671688871       2.000000000    
     2 -0.5306585839E-01   2.000000000    
     3  0.1413310281       2.000000000    
     4  0.1501165455       2.000000000    
     5  0.2536410681       0.000000000    
     6  0.3141610974       0.000000000    
     7  0.3184639603       0.000000000    
     8  0.4739217718       0.000000000    
     9  0.5293704209       0.000000000    
    10  0.5527818529       0.000000000    
 
 
     6  0.5166666667      0.5000000000E-01  0.5833333333     : k-point, vkl
 (state, eigenvalue and occupancy below)
     1 -0.1073748417       2.000000000    
     2 -0.7950752837E-01   2.000000000    
     3  0.8004326452E-01   2.000000000    
     4  0.8441584659E-01   2.000000000    
     5  0.2238264246       0.000000000    
     6  0.2317100273       0.000000000    
     7  0.5236993923       0.000000000    
     8  0.5463383925       0.000000000    
     9  0.5749938504       0.000000000    
    10  0.5989109040       0.000000000    
 
 
     7  0.1666666667E-01  0.5500000000      0.5833333333     : k-point, vkl
 (state, eigenvalue and occupancy below)
     1 -0.1259358747       2.000000000    
     2 -0.6001723091E-01   2.000000000    
     3  0.8780716567E-01   2.000000000    
     4  0.8988153588E-01   2.000000000    
     5  0.2130853710       0.000000000    
     6  0.2282931512       0.000000000    
     7  0.5254121047       0.000000000    
     8  0.5316740410       0.000000000    
     9  0.6163490135       0.000000000    
    10  0.6205800526       0.000000000    
 
 
     8  0.5166666667      0.5500000000      0.5833333333     : k-point, vkl
 (state, eigenvalue and occupancy below)
     1 -0.1643575252       2.000000000    
     2 -0.5609181485E-01   2.000000000    
     3  0.1370996091       2.000000000    
     4  0.1476996291       2.000000000    
     5  0.2575297709       0.000000000    
     6  0.3121147752       0.000000000    
     7  0.3213818724       0.000000000    
     8  0.4752505808       0.000000000    
     9  0.5273351242       0.000000000    
    10  0.5637456046       0.000000000    
 
