   0.000000000       21.53695529       1.412413542       45.42436515    
  0.4535233333E-01   21.87543784       1.461024530       44.57681412    
  0.9070466667E-01   22.22554088       1.512238388       44.03748200    
  0.1360570000       22.58788212       1.566247000       43.81556714    
  0.1814093333       22.96312419       1.623260459       43.65347475    
  0.2267616667       23.35197890       1.683509198       43.57705825    
  0.2721140000       23.75521183       1.747246424       43.55552359    
  0.3174663333       24.17364757       1.814750889       43.58230259    
  0.3628186667       24.60817551       1.886330083       43.65076350    
  0.4081710000       25.05975638       1.962323889       43.75767251    
  0.4535233333       25.52942958       2.043108807       43.90080973    
  0.4988756667       26.01832139       2.129102835       44.07893587    
  0.5442280000       26.52765428       2.220771127       44.29141556    
  0.5895803333       27.05875743       2.318632592       44.53809843    
  0.6349326667       27.61307861       2.423267584       44.81921737    
  0.6802850000       28.19219777       2.535326936       45.13533509    
  0.7256373333       28.79784244       2.655542575       45.48731065    
  0.7709896667       29.43190536       2.784740073       45.87628291    
  0.8163420000       30.09646468       2.923853542       46.30366526    
  0.8616943333       30.79380714       3.073943374       46.77114962    
  0.9070466667       31.52645482       3.236217487       47.28071815    
  0.9523990000       32.29719602       3.412056893       47.83466187    
  0.9977513333       33.10912103       3.603046608       48.43560618    
   1.043103667       33.96566378       3.811013242       49.08654340    
   1.088456000       34.87065035       4.038070962       49.79087289    
   1.133808333       35.82835570       4.286678048       50.55244948    
   1.179160667       36.84357021       4.559706911       51.37564142    
   1.224513000       37.92167795       4.860531375       52.26539924    
   1.269865333       39.06874890       5.193136265       53.22733705    
   1.315217667       40.29164786       5.562256040       54.26782845    
   1.360570000       41.59816321       5.973551582       55.39411901    
   1.405922333       42.99715921       6.433837591       56.61445782    
   1.451274667       44.49875576       6.951377695       57.93825011    
   1.496627000       46.11453981       7.536271145       59.37623251    
   1.541979333       47.85781211       8.200964644       60.94067060    
   1.587331667       49.74387083       8.960937061       62.64557505    
   1.632684000       51.79032944       9.835625686       64.50692518    
   1.678036333       54.01745619       10.84969384       66.54287486    
   1.723388667       56.44850205       12.03478635       68.77388941    
   1.768741000       59.10994400       13.43198969       71.22271212    
   1.814093333       62.03148969       15.09531935       73.91396486    
   1.859445667       65.24553077       17.09671326       76.87300893    
   1.904798000       68.78541642       19.53323366       80.12335315    
   1.950150333       72.68128759       22.53746873       83.68124881    
   1.995502667       76.95095050       26.29240235       87.54488449    
   2.040855000       81.58076004       31.05193875       91.67331923    
   2.086207333       86.48665137       37.16663870       95.94633650    
   2.131559667       91.43694979       45.10742632       100.0906465    
   2.176912000       95.90736703       55.45825538       103.5541630    
   2.222264333       98.84081131       68.79079277       105.3283984    
   2.267616667       98.37399573       85.22212341       103.8214927    
   2.312969000       91.95340339       103.4164247       97.15660891    
   2.358321333       77.85582653       119.4761754       84.46600192    
   2.403673667       58.21341270       128.0675308       67.71985711    
   2.449026000       39.44845999       127.1697322       51.53361968    
   2.494378333       27.07927953       120.6160978       39.92682127    
   2.539730667       21.66474729       114.2202826       33.64489961    
   2.585083000       20.22666620       111.6614045       30.64023929    
   2.630435333       18.92252577       113.7023983       27.93255234    
   2.675787667       14.68387615       118.6725155       23.12860984    
   2.721140000       6.643548986       123.5051030       15.48868233    
   2.766492333      -3.598279366       126.1752871       5.882112237    
   2.811844667      -14.60279766       127.0629025      -4.786320408    
   2.857197000      -26.96845429       126.4676922      -16.55612480    
   2.902549333      -40.92989772       122.5269440      -29.13696163    
   2.947901667      -53.95962822       113.6167076      -40.70226429    
   2.993254000      -62.96394029       101.1828421      -49.11331752    
   3.038606333      -67.27978127       88.21225754      -53.69838724    
   3.083958667      -68.15084704       76.66081877      -55.21803667    
   3.129311000      -67.10424219       67.09572492      -54.84125462    
   3.174663333      -65.21257391       59.24729101      -53.46720086    
   3.220015667      -62.87230027       52.64261321      -51.53575165    
   3.265368000      -60.15373265       47.15402538      -49.24802240    
   3.310720333      -57.38901530       42.86085901      -46.91046966    
   3.356072667      -55.19236889       39.44859738      -44.92370250    
   3.401425000      -53.72308274       35.85639546      -43.25366418    
   3.446777333      -51.64550832       31.33094070      -41.05358577    
   3.492129667      -47.75491635       27.24040336      -37.65866324    
   3.537482000      -42.85498765       24.85803418      -33.39033055    
   3.582834333      -37.27954400       24.67673642      -28.99705476    
   3.628186667      -34.67792760       28.42104935      -26.63934307    
   3.673539000      -34.94729502       29.32073327      -26.29590822    
   3.718891333      -34.76876018       29.83791447      -26.22632484    
   3.764243667      -35.18812554       30.26143255      -26.58296017    
   3.809596000      -36.11798083       30.09397488      -27.34422372    
   3.854948333      -37.12758593       29.24316173      -28.21832616    
   3.900300667      -37.97695806       27.87822325      -28.98138524    
   3.945653000      -38.56328139       26.10108707      -29.50215898    
   3.991005333      -38.73483756       24.02743332      -29.66528338    
   4.036357667      -38.42634644       21.87806721      -29.41763643    
   4.081710000      -37.70688584       19.81501485      -28.79024845    
   4.127062333      -36.63163995       17.91047971      -27.82902521    
   4.172414667      -35.23152455       16.25687327      -26.57733343    
   4.217767000      -33.58944695       14.94948778      -25.10581915    
   4.263119333      -31.80286178       14.03270023      -23.49935554    
   4.308471667      -29.94280760       13.54764110      -21.83911381    
   4.353824000      -28.10400149       13.58361844      -20.23738872    
   4.399176333      -26.50940992       14.27341048      -18.92229556    
   4.444528667      -25.72239391       15.62492204      -18.33236180    
   4.489881000      -26.49887294       16.65575839      -18.71803280    
   4.535233333      -27.43472666       15.67497988      -19.13689987    
   4.580585667      -26.55207194       14.39283274      -18.61377881    
   4.625938000      -25.19169870       14.31104628      -17.63101697    
   4.671290333      -24.32062976       14.89299854      -16.91177757    
   4.716642667      -23.95855464       15.58313940      -16.58344201    
   4.761995000      -23.85668059       16.21886185      -16.52667727    
   4.807347333      -23.93325402       16.95105298      -16.70781511    
   4.852699667      -24.43558436       17.85193806      -17.28242143    
   4.898052000      -25.64372938       18.60993015      -18.40372298    
   4.943404333      -27.43439460       18.68266710      -19.95163812    
   4.988756667      -29.25275889       17.81751175      -21.53086328    
   5.034109000      -30.60106632       16.24575243      -22.75775526    
   5.079461333      -31.31269305       14.35584626      -23.46262400    
   5.124813667      -31.43735779       12.45322700      -23.65814930    
   5.170166000      -31.10820877       10.72867725      -23.44511127    
   5.215518333      -30.48220234       9.289899545      -22.95951972    
   5.260870667      -29.74420391       8.174959539      -22.35716326    
   5.306223000      -29.07609816       7.278381758      -21.76248727    
   5.351575333      -28.45516593       6.409686282      -21.17774030    
   5.396927667      -27.75080012       5.575814924      -20.53915894    
   5.442280000      -26.97129527       4.863182695      -19.84176541    
   5.487632333      -26.17724385       4.286232362      -19.12546142    
   5.532984667      -25.40520506       3.822485227      -18.42249600    
   5.578337000      -24.67025961       3.446913601      -17.74910190    
   5.623689333      -23.97753838       3.139298222      -17.11192525    
   5.669041667      -23.32748460       2.883680960      -16.51260752    
   5.714394000      -22.71779461       2.667769551      -15.94996868    
   5.759746333      -22.14492200       2.482613658      -15.42141782    
   5.805098667      -21.60519009       2.321845234      -14.92395651    
   5.850451000      -21.09525497       2.180855372      -14.45469410    
   5.895803333      -20.61221384       2.056204105      -14.01102843    
   5.941155667      -20.15357535       1.945211717      -13.59066311    
   5.986508000      -19.71714075       1.845713127      -13.19154674    
   6.031860333      -19.30091165       1.755978195      -12.81181848    
   6.077212667      -18.90310076       1.674677594      -12.44981185    
   6.122565000      -18.52218808       1.600789552      -12.10408513    
   6.167917333      -18.15691285       1.533443002      -11.77340646    
   6.213269667      -17.80615305       1.471819949      -11.45667563    
   6.258622000      -17.46882842       1.415193244      -11.15285645    
   6.303974333      -17.14391221       1.362975723      -10.86097131    
   6.349326667      -16.83046664       1.314705998      -10.58012077    
   6.394679000      -16.52764838       1.270012387      -10.30948941    
   6.440031333      -16.23469623       1.228586933      -10.04833779    
   6.485383667      -15.95091629       1.190171097      -9.795990478    
   6.530736000      -15.67566973       1.154548000      -9.551825230    
   6.576088333      -15.40836306       1.121537893      -9.315264007    
   6.621440667      -15.14844031       1.090995484      -9.085765616    
   6.666793000      -14.89537628       1.062808674      -8.862819425    
   6.712145333      -14.64867061       1.036898661      -8.645939864    
   6.757497667      -14.40784229       1.013221617      -8.434661478    
   6.802850000      -14.17242445      0.9917723268      -8.228534480    
   6.848202333      -13.94195950      0.9725904942      -8.027120857    
   6.893554667      -13.71599448      0.9557709175      -7.829991277    
   6.938907000      -13.49407705      0.9414799390      -7.636723688    
   6.984259333      -13.27575387      0.9299829372      -7.446906355    
   7.029611667      -13.06057843      0.9216910451      -7.260153450    
   7.074964000      -12.84814936      0.9172356099      -7.076152479    
   7.120316333      -12.63822252      0.9175586874      -6.894774402    
   7.165668667      -12.43093158      0.9239562714      -6.716265316    
   7.211021000      -12.22709296      0.9380024500      -6.541508463    
   7.256373333      -12.02860640      0.9613112855      -6.372351397    
   7.301725667      -11.83899512      0.9948664481      -6.211921283    
   7.347078000      -11.66357496       1.037345701      -6.064407234    
   7.392430333      -11.50751432       1.082673669      -5.933207655    
   7.437782667      -11.37075926       1.120376067      -5.817643036    
   7.483135000      -11.24625785       1.141065912      -5.711447064    
   7.528487333      -11.11926634       1.137469752      -5.601656979    
   7.573839667      -10.96700278       1.120859100      -5.474232043    
   7.619192000      -10.78871776       1.116224509      -5.326759136    
   7.664544333      -10.59642847       1.135474033      -5.167105180    
   7.709896667      -10.39988801       1.182655770      -5.003937631    
   7.755249000      -10.20648653       1.260759045      -4.844874875    
   7.800601333      -10.02398305       1.374709882      -4.698640107    
   7.845953667      -9.866101351       1.532512512      -4.579609851    
   7.891306000      -9.762133295       1.738958212      -4.513407976    
   7.936658333      -9.759550029       1.972138795      -4.533438202    
   7.982010667      -9.887871422       2.154693388      -4.651573091    
   8.027363000      -10.08884295       2.191539687      -4.821342548    
   8.072715333      -10.24055759       2.078453610      -4.959445631    
   8.118067667      -10.27935636       1.902546262      -5.015369765    
   8.163420000      -10.22643646       1.741497794      -4.995854729    
   8.208772333      -10.12943808       1.620830386      -4.933111008    
   8.254124667      -10.02053342       1.530668264      -4.852602759    
   8.299477000      -9.906659984       1.453576754      -4.762651215    
   8.344829333      -9.780061087       1.383726111      -4.660543829    
   8.390181667      -9.635862987       1.329307420      -4.544456256    
   8.435534000      -9.481624819       1.300607248      -4.420207861    
   8.480886333      -9.331857521       1.296764558      -4.297573376    
   8.526238667      -9.192049079       1.304303975      -4.179984180    
   8.571591000      -9.049857285       1.315081905      -4.060437803    
   8.616943333      -8.891832504       1.341540929      -3.931574946    
   8.662295667      -8.722096177       1.407254143      -3.798375922    
   8.707648000      -8.565888286       1.530827449      -3.682064265    
   8.753000333      -8.465164978       1.707963366      -3.613650735    
   8.798352667      -8.448744284       1.895146598      -3.611615626    
   8.843705000      -8.496329534       2.053187358      -3.669518588    
   8.889057333      -8.603210301       2.179063703      -3.781435560    
   8.934409667      -8.777158240       2.217786703      -3.932431813    
   8.979762000      -8.916187609       2.105615935      -4.048713177    
   9.025114333      -8.884807470       1.957264578      -4.060639347    
   9.070466667      -8.772857409       1.952240781      -4.020087916    
   9.115819000      -8.759360933       2.058251238      -4.038513502    
   9.161171333      -8.883638134       2.131463203      -4.150913326    
   9.206523667      -9.060568397       2.075928248      -4.301975895    
   9.251876000      -9.177161318       1.908092948      -4.414085874    
   9.297228333      -9.194537998       1.712835628      -4.453348390    
   9.342580667      -9.145069720       1.549784258      -4.436317520    
   9.387933000      -9.073692013       1.430929000      -4.395664912    
   9.433285333      -9.010082282       1.341709267      -4.355886570    
   9.478637667      -8.965369621       1.256889060      -4.325935608    
   9.523990000      -8.927226112       1.150105589      -4.296094310    
   9.569342333      -8.861140974       1.019494240      -4.244508607    
   9.614694667      -8.750768702      0.9009528373      -4.162051190    
   9.660047000      -8.624000915      0.8228171481      -4.065560450    
   9.705399333      -8.514011360      0.7716732977      -3.976344447    
   9.750751667      -8.419613953      0.7170184974      -3.895407980    
   9.796104000      -8.316217470      0.6552444718      -3.809934679    
   9.841456333      -8.199735530      0.6047970246      -3.715940692    
   9.886808667      -8.082269126      0.5704524623      -3.619780558    
   9.932161000      -7.968877458      0.5464310131      -3.525788879    
   9.977513333      -7.857943463      0.5294137580      -3.433893399    
   10.02286567      -7.747906332      0.5201823471      -3.343379289    
   10.06821800      -7.639450860      0.5206301960      -3.254904396    
   10.11357033      -7.534741469      0.5320727116      -3.170384601    
   10.15892267      -7.436715301      0.5551377076      -3.092584393    
   10.20427500      -7.349434003      0.5898112330      -3.025242243    
   10.24962733      -7.278775810      0.6338978631      -2.973054512    
   10.29497967      -7.230332782      0.6799201954      -2.939620426    
   10.34033200      -7.202877607      0.7159327980      -2.923436732    
   10.38568433      -7.186181417      0.7349422070      -2.917492327    
   10.43103667      -7.171633951      0.7399407647      -2.915185107    
   10.47638900      -7.157342049      0.7338387818      -2.913339407    
   10.52174133      -7.141157412      0.7183572307      -2.910360793    
   10.56709367      -7.123422880      0.6941403339      -2.905164302    
   10.61244600      -7.101272501      0.6593588406      -2.895300964    
   10.65779833      -7.069388091      0.6155788525      -2.876797805    
   10.70315067      -7.024016701      0.5683263974      -2.846943671    
   10.74850300      -6.965923137      0.5245005995      -2.806235717    
   10.79385533      -6.899567133      0.4882767808      -2.757871285    
   10.83920767      -6.829475459      0.4599892822      -2.705396129    
   10.88456000      -6.757983605      0.4383137911      -2.651072178    
   10.92991233      -6.686022351      0.4224966906      -2.596120705    
   10.97526467      -6.614719306      0.4122941238      -2.541652027    
   11.02061700      -6.545633088      0.4067971411      -2.488843184    
   11.06596933      -6.479636896      0.4036250229      -2.438096857    
   11.11132167      -6.414967177      0.3997195456      -2.387832348    
   11.15667400      -6.346766632      0.3942372320      -2.334359399    
   11.20202633      -6.269101604      0.3906371043      -2.273245897    
   11.24737867      -6.176424608      0.3982068611      -2.201468823    
   11.29273100      -6.068858193      0.4378445416      -2.123927246    
   11.33808333      -5.976553269      0.5399948288      -2.068737256    
   11.38343567      -5.975431908      0.6857475868      -2.081108492    
   11.42878800      -6.076887354      0.7653814461      -2.161355269    
   11.47414033      -6.177928978      0.7353534739      -2.249496235    
   11.51949267      -6.219252403      0.6537399934      -2.298837445    
   11.56484500      -6.209446686      0.5696087686      -2.306712633    
   11.61019733      -6.170299792      0.4993158184      -2.287042678    
   11.65554967      -6.115779665      0.4433940332      -2.251191181    
   11.70090200      -6.050169357      0.3997838454      -2.204362557    
   11.74625433      -5.974768483      0.3752442706      -2.151892999    
   11.79160667      -5.910976472      0.3755804652      -2.107304374    
   11.83695900      -5.871624249      0.3702993301      -2.075399308    
   11.88231133      -5.824370885      0.3457439034      -2.040857125    
   11.92766367      -5.760284645      0.3299289657      -1.996696837    
   11.97301600      -5.696911752      0.3288913487      -1.951598652    
   12.01836833      -5.640907315      0.3359369016      -1.911921754    
   12.06372067      -5.593314007      0.3456530393      -1.879131222    
   12.10907300      -5.552728676      0.3534042830      -1.852084292    
   12.15442533      -5.514860426      0.3566069469      -1.827659886    
   12.19977767      -5.475175095      0.3573473385      -1.802849178    
   12.24513000      -5.433550910      0.3604707577      -1.777577550    
   12.29048233      -5.394499384      0.3683206855      -1.754909583    
   12.33583467      -5.363137953      0.3777898029      -1.738164329    
   12.38118700      -5.339796520      0.3815170414      -1.727138150    
   12.42653933      -5.317652940      0.3746562608      -1.717127418    
   12.47189167      -5.289240848      0.3601265664      -1.702850241    
   12.51724400      -5.252777370      0.3441668130      -1.682503452    
   12.56259633      -5.210867250      0.3307495073      -1.657564368    
   12.60794867      -5.166741540      0.3200252733      -1.630170787    
   12.65330100      -5.121010565      0.3099322011      -1.600830112    
   12.69865333      -5.071386770      0.3001165419      -1.568393521    
   12.74400567      -5.016764597      0.2934775766      -1.532390696    
   12.78935800      -4.959373329      0.2922027830      -1.494183248    
   12.83471033      -4.901169412      0.2955115786      -1.455199639    
   12.88006267      -4.841945619      0.3027385581      -1.415802438    
   12.92541500      -4.781712814      0.3144595237      -1.376226948    
   12.97076733      -4.721227045      0.3308972403      -1.337082085    
   13.01611967      -4.661048897      0.3513245910      -1.298767565    
   13.06147200      -4.600548013      0.3742074974      -1.260656611    
   13.10682433      -4.536823570      0.3975629279      -1.220012697    
   13.15217667      -4.461979967      0.4204323947      -1.170331873    
   13.19752900      -4.360809383      0.4488016525      -1.100391670    
   13.24288133      -4.209256160      0.5078984288     -0.9972323087    
   13.28823367      -3.992421912      0.6841431465     -0.8770165735    
   13.33358600      -3.866023953       1.138475593     -0.8862157399    
   13.37893833      -4.230587972       1.644145168      -1.198944297    
   13.42429067      -4.794681233       1.652964166      -1.678963568    
   13.46964300      -5.103201988       1.422229750      -2.008765545    
   13.51499533      -5.221931095       1.170617028      -2.383095934    
   13.56034767      -5.249119973      0.9696549556      -2.530902971    
 
## Date (YYYY-MM-DD): 2009-07-16
## Time (hh:mm:ss)  : 11:37:09
# version           : 0.9.224
# version (xs)      : 0.091
# efermi (H,eV)     :    0.202574    5.512329
# vgqlmt            :    0.000000    0.000000    0.000000
# ivgmt             :       0       0       0
# vql               :    0.000000    0.000000    0.000000
# fxctype           :       8
# alphalrc          :    0.000000
# alphalrcdyn       :    0.000000
# betalrcdyn        :    0.000000
# intraband         :       F
# aresdf            :       F
# aresfxc           :       F
# torddf            :       F
# tordfxc           :       F
# acont             :       F
# nwacont           :     300
# broad (H,eV)      :    0.007000    0.190480
# scissor (H,eV)    :    0.000000    0.000000
# nwdos             :     300
# ngq               :     113
# gqmax             :    3.000000
# gmaxvr            :   12.000000
# rgkmax            :    6.000000
# gkmax             :    3.000000
# ngridk            :       2       2       2
# vkloff            :    0.033333    0.100000    0.166667
# reducek           :       F
# nmatmax           :     145
# ngkmax            :     125
# nlotot            :      20
# nlomax            :       4
# nst1              :       4
# nst2              :       6
# nstlbse           :       4       6
# nstsv             :      10
# evlmincut (H,eV)  :   -0.098372   -2.676840
# evlmaxcut (H,eV)  :    0.478363   13.016938
# evlmin (H,eV)     :   -0.244188   -6.644710
# evlmax (H,eV)     :    0.620580   16.886852
# evlhpo (H,eV)     :    4    0.188956    5.141752
# evllpu (H,eV)     :    5    0.213085    5.798351
# ksgap             :       T
# lmaxapw           :      10
# lmaxapwwf         :       2
# lmaxmat           :       5
# lmaxvr            :       7
# lmaxinr           :       2
# lolmax            :       2
# lmaxemat          :       2
# lmaxalda          :       3
# lradstp           :       4
# tevout            :       T
# fastpmat          :       T
# fastemat          :       T
# nosym             :       T
# dfoffdiag         :       F
 
