   0.000000000       21.54516133       1.414082915       45.44211673    
  0.4535233333E-01   21.88404073       1.462812897       44.59356353    
  0.9070466667E-01   22.23456862       1.514156553       44.05364444    
  0.1360570000       22.59736519       1.568306966       43.83154914    
  0.1814093333       22.97309586       1.625475582       43.66937259    
  0.2267616667       23.36247551       1.685894374       43.59300378    
  0.2721140000       23.76627313       1.749818292       43.57161153    
  0.3174663333       24.18531713       1.817528082       43.59862189    
  0.3628186667       24.62050116       1.889333510       43.66739709    
  0.4081710000       25.07279073       1.965577065       43.77470216    
  0.4535233333       25.54323056       2.046638243       43.91831776    
  0.4988756667       26.03295292       2.132938492       44.09700696    
  0.5442280000       26.54318704       2.224946953       44.31013819    
  0.5895803333       27.07526969       2.323187157       44.55756620    
  0.6349326667       27.63065728       2.428244834       44.83953036    
  0.6802850000       28.21093950       2.540777087       45.15660124    
  0.7256373333       28.81785496       2.661523190       45.50964724    
  0.7709896667       29.45330902       2.791317349       45.89981821    
  0.8163420000       30.11939426       2.931103865       46.32854036    
  0.8616943333       30.81841391       3.081955204       46.79752056    
  0.9070466667       31.55290902       3.245093657       47.30875826    
  0.9523990000       32.32568969       3.421917416       47.86456455    
  0.9977513333       33.13987144       3.614032140       48.46758813    
   1.043103667       33.99891738       3.823289364       49.12084834    
   1.088456000       34.90668749       4.051833515       49.82777593    
   1.133808333       35.86749622       4.302159820       50.59226224    
   1.179160667       36.88618010       4.577186068       51.41871809    
   1.224513000       37.96817725       4.880342180       52.31214362    
   1.269865333       39.11962117       5.215682792       53.27821092    
   1.315217667       40.34745138       5.588029871       54.32336130    
   1.360570000       41.65954446       6.003154830       55.45491947    
   1.405922333       43.06486876       6.468013109       56.68122685    
   1.451274667       44.57366708       6.991049099       58.01179604    
   1.496627000       46.19767124       7.582596350       59.45748775    
   1.541979333       47.95035194       8.255408215       61.03070953    
   1.587331667       49.84720509       9.025369060       62.74563144    
   1.632684000       51.90607058       9.912458214       64.61840615    
   1.678036333       54.14746858       10.94207183       66.66736513    
   1.723388667       56.59491563       12.14685723       68.91313390    
   1.768741000       59.27513797       13.56928873       71.37855398    
   1.814093333       62.21801024       15.26532575       74.08819581    
   1.859445667       65.45587091       17.30965858       77.06704966    
   1.904798000       69.02151462       19.80327985       80.33760781    
   1.950150333       72.94345934       22.88441154       83.91383639    
   1.995502667       77.23568154       26.74406624       87.78918532    
   2.040855000       81.87623034       31.64729569       91.91329802    
   2.086207333       86.76382278       37.95904528       96.14784123    
   2.131559667       91.63243662       46.16519673       100.1860637    
   2.176912000       95.89319991       56.85352397       103.4186541    
   2.222264333       98.38221940       70.55311850       104.7550639    
   2.267616667       97.11217414       87.21495259       102.5353190    
   2.312969000       89.54633538       105.1353435       94.96108327    
   2.358321333       74.43583464       120.0277627       81.55890628    
   2.403673667       54.77520806       126.8154272       64.85273163    
   2.449026000       37.22339434       124.5503573       49.57724053    
   2.494378333       26.47984181       117.7817214       39.22796720    
   2.539730667       22.24247960       112.0925819       33.91797694    
   2.585083000       21.21550782       110.5907717       31.29535773    
   2.630435333       19.59591319       113.5339278       28.39055615    
   2.675787667       14.60704158       118.8458832       23.05578632    
   2.721140000       5.925376972       123.3620451       14.94219435    
   2.766492333      -4.480373132       125.4506477       5.177405980    
   2.811844667      -15.32637457       125.8539388      -5.367605912    
   2.857197000      -27.35416406       124.8102443      -16.79352144    
   2.902549333      -40.57371963       120.5332670      -28.74285595    
   2.947901667      -52.54336923       111.9519536      -39.53907997    
   2.993254000      -60.96067735       100.6948681      -47.55979867    
   3.038606333      -65.75341389       89.05523035      -52.52338328    
   3.083958667      -67.94576073       78.13332038      -55.04706462    
   3.129311000      -68.32082560       68.09767153      -55.74691583    
   3.174663333      -67.15800104       58.95807791      -54.94950248    
   3.220015667      -64.61911367       50.98081041      -52.89389734    
   3.265368000      -61.13667768       44.48159816      -49.96093602    
   3.310720333      -57.30143560       39.47403630      -46.62347369    
   3.356072667      -53.53448399       35.66322933      -43.23809439    
   3.401425000      -49.93844399       32.70753012      -39.93989307    
   3.446777333      -46.43606184       30.46696787      -36.73107170    
   3.492129667      -43.03274196       28.99828638      -33.65026067    
   3.537482000      -39.90555112       28.35033312      -30.84216487    
   3.582834333      -37.28600860       28.43941269      -28.49673526    
   3.628186667      -35.35645660       29.09460119      -26.78158369    
   3.673539000      -34.27956607       30.09937071      -25.83438336    
   3.718891333      -34.18115209       31.10085588      -25.72357551    
   3.764243667      -34.94662067       31.62154483      -26.33038367    
   3.809596000      -36.14205226       31.35709912      -27.32881325    
   3.854948333      -37.32226143       30.37539305      -28.37330841    
   3.900300667      -38.29454431       28.88310431      -29.26116920    
   3.945653000      -38.97714231       26.98800448      -29.88166832    
   3.991005333      -39.24295883       24.79646590      -30.13342623    
   4.036357667      -39.01918223       22.49228228      -29.95447296    
   4.081710000      -38.31869868       20.23703381      -29.34240976    
   4.127062333      -37.17013084       18.17157179      -28.33013880    
   4.172414667      -35.65563887       16.44685201      -26.99479623    
   4.217767000      -33.92482176       15.15545139      -25.45813185    
   4.263119333      -32.12066464       14.31209238      -23.84671950    
   4.308471667      -30.35695097       13.91186811      -22.27509800    
   4.353824000      -28.76675548       13.94440111      -20.86758334    
   4.399176333      -27.52213495       14.33335244      -19.76221167    
   4.444528667      -26.76343564       14.86675480      -19.05162972    
   4.489881000      -26.44133509       15.23069201      -18.68144152    
   4.535233333      -26.24728512       15.24571441      -18.43279269    
   4.580585667      -25.86311199       15.06908931      -18.08706176    
   4.625938000      -25.25643717       15.01801165      -17.60797021    
   4.671290333      -24.62980229       15.26666035      -17.12731310    
   4.716642667      -24.18487965       15.78468381      -16.79995666    
   4.761995000      -24.01219478       16.48937015      -16.72712082    
   4.807347333      -24.20620306       17.34830951      -17.00830054    
   4.852699667      -24.96429485       18.23602023      -17.77431062    
   4.898052000      -26.39199416       18.77255908      -19.05697938    
   4.943404333      -28.21387739       18.52421326      -20.63403690    
   4.988756667      -29.89799070       17.40373275      -22.11283023    
   5.034109000      -31.05037018       15.67712779      -23.17080676    
   5.079461333      -31.53487745       13.71401106      -23.67637537    
   5.124813667      -31.42286431       11.84009801      -23.67130527    
   5.170166000      -30.91224762       10.25162122      -23.30546084    
   5.215518333      -30.22549619       8.994880556      -22.75686188    
   5.260870667      -29.53005233       7.997192553      -22.16326051    
   5.306223000      -28.88516219       7.132536003      -21.58154474    
   5.351575333      -28.24939799       6.316682414      -20.99622172    
   5.396927667      -27.56724096       5.552456737      -20.37485366    
   5.442280000      -26.83417742       4.878387735      -19.71286218    
   5.487632333      -26.08043874       4.312954827      -19.03111359    
   5.532984667      -25.33648862       3.849397909      -18.35429905    
   5.578337000      -24.62072059       3.470382734      -17.69945314    
   5.623689333      -23.94118454       3.158055514      -17.07525502    
   5.669041667      -23.29983391       2.897571035      -16.48475529    
   5.714394000      -22.69560044       2.677493737      -15.92789093    
   5.759746333      -22.12612267       2.489233475      -15.40308758    
   5.805098667      -21.58861898       2.326356331      -14.90814771    
   5.850451000      -21.08029884       2.184009239      -14.44070757    
   5.895803333      -20.59854085       2.058489869      -13.99845813    
   5.941155667      -20.14095732       1.946937342      -13.57924237    
   5.986508000      -19.70540529       1.847112190      -13.18109003    
   6.031860333      -19.28997404       1.757239508      -12.80222152    
   6.077212667      -18.89296319       1.675896252      -12.44103758    
   6.122565000      -18.51285851       1.601929393      -12.09610318    
   6.167917333      -18.14830848       1.534395784      -11.76612976    
   6.213269667      -17.79810289       1.472517474      -11.44995793    
   6.258622000      -17.46115387       1.415648132      -11.14654146    
   6.303974333      -17.13647933       1.363247583      -10.85493289    
   6.349326667      -16.82318860       1.314862332      -10.57427078    
   6.394679000      -16.52046997       1.270110601      -10.30376847    
   6.440031333      -16.22757985       1.228670800      -10.04270422    
   6.485383667      -15.94383334       1.190272698      -9.790412488    
   6.530736000      -15.66859587       1.154690748      -9.546276256    
   6.576088333      -15.40127584       1.121739218      -9.309720113    
   6.621440667      -15.14131793       1.091268919      -9.080204103    
   6.666793000      -14.88819706       1.063165408      -8.857218128    
   6.712145333      -14.64141276       1.037348726      -8.640276860    
   6.757497667      -14.40048408       1.013774823      -8.428915163    
   6.802850000      -14.16494474      0.9924390182      -8.222684066    
   6.848202333      -13.93433903      0.9733820863      -8.021147553    
   6.893554667      -13.70821855      0.9566999006      -7.823880686    
   6.938907000      -13.48614088      0.9425580415      -7.630470149    
   6.984259333      -13.26767201      0.9312134582      -7.440519359    
   7.029611667      -13.05239639      0.9230460744      -7.253662255    
   7.074964000      -12.83994236      0.9186038473      -7.069593601    
   7.120316333      -12.63003832      0.9186638808      -6.888130301    
   7.165668667      -12.42262879      0.9243055494      -6.709328986    
   7.211021000      -12.21810127      0.9369676636      -6.533697953    
   7.256373333      -12.01769210      0.9583950418      -6.362539933    
   7.301725667      -11.82409652      0.9902370529      -6.198391864    
   7.347078000      -11.64205195       1.032867174      -6.045277789    
   7.392430333      -11.47795942       1.083013450      -5.907951473    
   7.437782667      -11.33645624       1.131008817      -5.788829260    
   7.483135000      -11.21288223       1.162440416      -5.683061079    
   7.528487333      -11.08959508       1.169608794      -5.577481744    
   7.573839667      -10.94766939       1.161948307      -5.458411539    
   7.619192000      -10.78142086       1.158558572      -5.320786051    
   7.664544333      -10.59720085       1.174826915      -5.168713097    
   7.709896667      -10.40514386       1.219308135      -5.010572632    
   7.755249000      -10.21540651       1.296908002      -4.855928362    
   7.800601333      -10.03904926       1.411874725      -4.715911621    
   7.845953667      -9.892101839       1.568291164      -4.606058088    
   7.891306000      -9.801240836       1.764107649      -4.549015493    
   7.936658333      -9.801733039       1.974963091      -4.569770164    
   7.982010667      -9.911633796       2.139776293      -4.675326776    
   8.027363000      -10.08967163       2.184809207      -4.830479821    
   8.072715333      -10.24118353       2.092648435      -4.967471732    
   8.118067667      -10.29710776       1.923997672      -5.034380229    
   8.163420000      -10.25886952       1.753189376      -5.025578093    
   8.208772333      -10.16515469       1.616043797      -4.965714794    
   8.254124667      -10.04966085       1.512040144      -4.880386675    
   8.299477000      -9.925238462       1.427371032      -4.781800518    
   8.344829333      -9.788814468       1.354167144      -4.670562011    
   8.390181667      -9.635518122       1.296569866      -4.544970985    
   8.435534000      -9.468466579       1.263453630      -4.407928305    
   8.480886333      -9.296895003       1.259338372      -4.266594132    
   8.526238667      -9.129424662       1.282617865      -4.128082559    
   8.571591000      -8.969782634       1.329839601      -3.996609836    
   8.616943333      -8.819044910       1.402125703      -3.875306082    
   8.662295667      -8.684169839       1.505058282      -3.771293951    
   8.707648000      -8.581153144       1.638975207      -3.697240759    
   8.753000333      -8.527063110       1.791571010      -3.666089724    
   8.798352667      -8.530073404       1.940217447      -3.683798015    
   8.843705000      -8.584517118       2.059545294      -3.745182768    
   8.889057333      -8.671051075       2.129832599      -3.833868674    
   8.934409667      -8.759606065       2.144870038      -3.925764264    
   8.979762000      -8.820007278       2.123289488      -3.999766285    
   9.025114333      -8.849791145       2.103921122      -4.055018369    
   9.070466667      -8.883944776       2.108526355      -4.114642145    
   9.115819000      -8.961068376       2.112983175      -4.202589866    
   9.161171333      -9.076938517       2.065137864      -4.313840282    
   9.206523667      -9.179412605       1.940761350      -4.413054321    
   9.251876000      -9.221244612       1.770060130      -4.466660535    
   9.297228333      -9.198639131       1.600556120      -4.468596605    
   9.342580667      -9.136312656       1.459355462      -4.435021549    
   9.387933000      -9.061184670       1.348953982      -4.386471518    
   9.433285333      -8.989337011       1.258022539      -4.336564000    
   9.478637667      -8.924332417       1.172110712      -4.289045559    
   9.523990000      -8.859070080       1.080753626      -4.239291085    
   9.569342333      -8.781885938      0.9845858905      -4.179673403    
   9.614694667      -8.688347930      0.8933526152      -4.106886695    
   9.660047000      -8.583273115      0.8145031006      -4.023701431    
   9.705399333      -8.472727475      0.7490223573      -3.934637305    
   9.750751667      -8.359862664      0.6957276770      -3.842877148    
   9.796104000      -8.246890571      0.6540835991      -3.750755465    
   9.841456333      -8.136548447      0.6229347436      -3.660523345    
   9.886808667      -8.030674832      0.5993985384      -3.573559782    
   9.932161000      -7.928423339      0.5803261194      -3.489395763    
   9.977513333      -7.827099722      0.5650234713      -3.406365028    
   10.02286567      -7.725136755      0.5555181651      -3.323453988    
   10.06821800      -7.623280873      0.5543815322      -3.241282093    
   10.11357033      -7.523763051      0.5634220263      -3.161800076    
   10.15892267      -7.429691729      0.5836165331      -3.087867352    
   10.20427500      -7.345222082      0.6150034883      -3.023236402    
   10.24962733      -7.275888449      0.6554696285      -2.972379827    
   10.29497967      -7.226810930      0.6982780383      -2.938682294    
   10.34033200      -7.197075623      0.7327915514      -2.920993731    
   10.38568433      -7.177833500      0.7527765886      -2.913319946    
   10.43103667      -7.161696775      0.7610281211      -2.910225745    
   10.47638900      -7.148743702      0.7605181713      -2.910187741    
   10.52174133      -7.139038407      0.7485292855      -2.912062786    
   10.56709367      -7.127702478      0.7226023734      -2.912115361    
   10.61244600      -7.109003289      0.6841892205      -2.905602774    
   10.65779833      -7.078320227      0.6370747376      -2.888623647    
   10.70315067      -7.033088353      0.5875118105      -2.859282740    
   10.74850300      -6.974923918      0.5420948434      -2.818691922    
   10.79385533      -6.908231993      0.5045623719      -2.770140987    
   10.83920767      -6.837261640      0.4754557002      -2.717079384    
   10.88456000      -6.764479347      0.4539136265      -2.661893013    
   10.92991233      -6.691231329      0.4395215181      -2.606169486    
   10.97526467      -6.619214992      0.4322175136      -2.551533909    
   11.02061700      -6.550639080      0.4310928123      -2.499762833    
   11.06596933      -6.487042870      0.4337015036      -2.451941426    
   11.11132167      -6.427598420      0.4370765548      -2.407492516    
   11.15667400      -6.369482707      0.4404807277      -2.364629789    
   11.20202633      -6.311026559      0.4459792624      -2.322223610    
   11.24737867      -6.252947194      0.4558926395      -2.280741678    
   11.29273100      -6.196960344      0.4717393517      -2.241765038    
   11.33808333      -6.145727202      0.4949957636      -2.207969813    
   11.38343567      -6.104492247      0.5262330145      -2.183829892    
   11.42878800      -6.080946005      0.5612246910      -2.174748768    
   11.47414033      -6.079315302      0.5876166532      -2.182570765    
   11.51949267      -6.091459720      0.5904830161      -2.200494161    
   11.56484500      -6.098865723      0.5662709300      -2.215236476    
   11.61019733      -6.087950488      0.5261304135      -2.216370436    
   11.65554967      -6.057671803      0.4841483298      -2.201896589    
   11.70090200      -6.014287304      0.4486860052      -2.175874393    
   11.74625433      -5.965033124      0.4216473252      -2.143770084    
   11.79160667      -5.914412655      0.4008066747      -2.109319594    
   11.83695900      -5.863096418      0.3834787209      -2.073634898    
   11.88231133      -5.810044732      0.3692954403      -2.036514816    
   11.92766367      -5.755392128      0.3597264834      -1.998348412    
   11.97301600      -5.701190244      0.3559145098      -1.960785005    
   12.01836833      -5.650347604      0.3571046940      -1.926000448    
   12.06372067      -5.604675000      0.3602653386      -1.895211041    
   12.10907300      -5.562840895      0.3617373522      -1.867423892    
   12.15442533      -5.520915087      0.3607105635      -1.840059250    
   12.19977767      -5.476387372      0.3602864538      -1.811488822    
   12.24513000      -5.430697972      0.3642664625      -1.782779091    
   12.29048233      -5.388090495      0.3740324372      -1.757141274    
   12.33583467      -5.353395880      0.3871088350      -1.738034021    
   12.38118700      -5.328619827      0.3968205107      -1.726423207    
   12.42653933      -5.309026006      0.3960846694      -1.718640859    
   12.47189167      -5.285469763      0.3845081265      -1.708332103    
   12.51724400      -5.252778006      0.3686577710      -1.691532464    
   12.56259633      -5.212575339      0.3548706159      -1.668796598    
   12.60794867      -5.168976841      0.3449402582      -1.642798207    
   12.65330100      -5.124206033      0.3373011679      -1.615245422    
   12.69865333      -5.077515390      0.3304329270      -1.585939258    
   12.74400567      -5.027246970      0.3250189313      -1.553976875    
   12.78935800      -4.973104354      0.3230757661      -1.519212762    
   12.83471033      -4.916091017      0.3261345086      -1.482419833    
   12.88006267      -4.857309044      0.3349146004      -1.444629185    
   12.92541500      -4.797569958      0.3500648439      -1.406839128    
   12.97076733      -4.737960833      0.3725301150      -1.370315005    
   13.01611967      -4.680380653      0.4029993074      -1.336873787    
   13.06147200      -4.627142885      0.4408517439      -1.308475785    
   13.10682433      -4.579095635      0.4838966427      -1.285975321    
   13.15217667      -4.533886428      0.5310688464      -1.268474509    
   13.19752900      -4.488669269      0.5863848734      -1.255464475    
   13.24288133      -4.445980829      0.6581158415      -1.250858961    
   13.28823367      -4.416854732      0.7534406756      -1.265324828    
   13.33358600      -4.420449148      0.8716084845      -1.316489490    
   13.37893833      -4.478056243      0.9953989840      -1.420184369    
   13.42429067      -4.595984904       1.088618017      -1.594595975    
   13.46964300      -4.749070462       1.115565520      -1.779444279    
   13.51499533      -4.893355103       1.069355773      -2.150257718    
   13.56034767      -4.996323297      0.9721109147      -2.353578404    
 
## Date (YYYY-MM-DD): 2009-07-16
## Time (hh:mm:ss)  : 11:36:12
# version           : 0.9.224
# version (xs)      : 0.091
# efermi (H,eV)     :    0.202574    5.512329
# vgqlmt            :    0.000000    0.000000    0.000000
# ivgmt             :       0       0       0
# vql               :    0.000000    0.000000    0.000000
# fxctype           :       8
# alphalrc          :    0.000000
# alphalrcdyn       :    0.000000
# betalrcdyn        :    0.000000
# intraband         :       F
# aresdf            :       F
# aresfxc           :       F
# torddf            :       F
# tordfxc           :       F
# acont             :       F
# nwacont           :     300
# broad (H,eV)      :    0.007000    0.190480
# scissor (H,eV)    :    0.000000    0.000000
# nwdos             :     300
# ngq               :     113
# gqmax             :    3.000000
# gmaxvr            :   12.000000
# rgkmax            :    6.000000
# gkmax             :    3.000000
# ngridk            :       2       2       2
# vkloff            :    0.033333    0.100000    0.166667
# reducek           :       F
# nmatmax           :     145
# ngkmax            :     125
# nlotot            :      20
# nlomax            :       4
# nst1              :       4
# nst2              :       4
# nstlbse           :       4       6
# nstsv             :      10
# evlmincut (H,eV)  :   -0.098372   -2.676840
# evlmaxcut (H,eV)  :    0.478363   13.016938
# evlmin (H,eV)     :   -0.244188   -6.644710
# evlmax (H,eV)     :    0.620580   16.886852
# evlhpo (H,eV)     :    4    0.188956    5.141752
# evllpu (H,eV)     :    5    0.213085    5.798351
# ksgap             :       T
# lmaxapw           :      10
# lmaxapwwf         :       2
# lmaxmat           :       5
# lmaxvr            :       7
# lmaxinr           :       2
# lolmax            :       2
# lmaxemat          :       2
# lmaxalda          :       3
# lradstp           :       4
# tevout            :       T
# fastpmat          :       T
# fastemat          :       T
# nosym             :       F
# dfoffdiag         :       F
 
