   0.000000000       14.91026654      0.8754449031       30.92552586    
  0.4535233333E-01   15.12010818      0.9032207964       30.40020907    
  0.9070466667E-01   15.33659752      0.9323740040       30.06396528    
  0.1360570000       15.56006233      0.9629987704       29.92322951    
  0.1814093333       15.79085262      0.9951976462       29.81855953    
  0.2267616667       16.02934247       1.029082391       29.76579856    
  0.2721140000       16.27593226       1.064774993       29.74590090    
  0.3174663333       16.53105097       1.102408823       29.75474086    
  0.3628186667       16.79515881       1.142129949       29.78816566    
  0.4081710000       17.06875014       1.184098622       29.84410338    
  0.4535233333       17.35235673       1.228490985       29.92109878    
  0.4988756667       17.64655137       1.275501013       30.01828730    
  0.5442280000       17.95195195       1.325342751       30.13516209    
  0.5895803333       18.26922596       1.378252879       30.27149829    
  0.6349326667       18.59909568       1.434493671       30.42728836    
  0.6802850000       18.94234385       1.494356427       30.60270666    
  0.7256373333       19.29982023       1.558165449       30.79808607    
  0.7709896667       19.67244892       1.626282671       31.01390449    
  0.8163420000       20.06123671       1.699113077       31.25077789    
  0.8616943333       20.46728252       1.777111048       31.50945831    
  0.9070466667       20.89178828       1.860787842       31.79083586    
  0.9523990000       21.33607118       1.950720434       32.09594406    
  0.9977513333       21.80157791       2.047562012       32.42596841    
   1.043103667       22.28990089       2.152054488       32.78225783    
   1.088456000       22.80279701       2.265043493       33.16633937    
   1.133808333       23.34220937       2.387496420       33.57993608    
   1.179160667       23.91029237       2.520524263       34.02498869    
   1.224513000       24.50944097       2.665408184       34.50368125    
   1.269865333       25.14232485       2.823632011       35.01847163    
   1.315217667       25.81192828       2.996922252       35.57212733    
   1.360570000       26.52159698       3.187297657       36.16776773    
   1.405922333       27.27509324       3.397131030       36.80891368    
   1.451274667       28.07666087       3.629226884       37.49954571    
   1.496627000       28.93110198       3.886919717       38.24417236    
   1.541979333       29.84386767       4.174199419       39.04791008    
   1.587331667       30.82116542       4.495872642       39.91657635    
   1.632684000       31.87008565       4.857772364       40.85679754    
   1.678036333       32.99875053       5.267032640       41.87613235    
   1.723388667       34.21648718       5.732452494       42.98321051    
   1.768741000       35.53402605       6.264983035       44.18788336    
   1.814093333       36.96372164       6.878386805       45.50137770    
   1.859445667       38.51978437       7.590140556       46.93643295    
   1.904798000       40.21849660       8.422685599       48.50738151    
   1.950150333       42.07835226       9.405178883       50.23009275    
   1.995502667       44.11999436       10.57596924       52.12162719    
   2.040855000       46.36569412       11.98612235       54.19930788    
   2.086207333       48.83785831       13.70443959       56.47865507    
   2.131559667       51.55555229       15.82451229       58.96915680    
   2.176912000       54.52710170       18.47424773       61.66604314    
   2.222264333       57.73531407       21.82749572       64.53507210    
   2.267616667       61.11003601       26.11486784       67.48626819    
   2.312969000       64.48233285       31.62567200       70.33290833    
   2.358321333       67.51730726       38.68675146       72.73462664    
   2.403673667       69.62348885       47.59490345       74.12838330    
   2.449026000       69.85127077       58.43984806       73.67931206    
   2.494378333       66.92302191       70.71753042       70.38287108    
   2.539730667       59.77670177       82.87945630       63.53335110    
   2.585083000       48.66249666       92.69035944       53.38443713    
   2.630435333       35.20887244       98.78630518       41.09324495    
   2.675787667       20.82229314       100.9790214       27.92075234    
   2.721140000       6.689504749       98.92333155       15.13910468    
   2.766492333      -5.108864423       92.89037190       4.313655761    
   2.811844667      -13.11568050       84.95411578      -3.526322563    
   2.857197000      -17.95249520       77.24764401      -8.642322400    
   2.902549333      -20.93429309       70.33075318      -11.87443384    
   2.947901667      -22.54209850       63.99735161      -13.70921661    
   2.993254000      -22.82472313       58.46700991      -14.36129474    
   3.038606333      -22.23313971       54.13071440      -14.21057140    
   3.083958667      -21.41719231       50.93380891      -13.74206449    
   3.129311000      -20.68465109       48.47770238      -13.23215675    
   3.174663333      -19.95521056       46.54016371      -12.72163744    
   3.220015667      -19.26283612       45.23033969      -12.28951982    
   3.265368000      -18.94636891       44.49736025      -12.14745510    
   3.310720333      -19.14602372       43.93636530      -12.38593429    
   3.356072667      -19.59468092       43.32264960      -12.88178785    
   3.401425000      -20.18173319       42.85377172      -13.59423907    
   3.446777333      -21.25338807       42.57038042      -14.71189693    
   3.492129667      -23.04200077       41.95274509      -16.32603829    
   3.537482000      -25.12440154       40.43013683      -18.12815365    
   3.582834333      -26.77521652       38.02758893      -19.60668696    
   3.628186667      -27.60694327       35.26511185      -20.45620248    
   3.673539000      -27.74122593       32.65425886      -20.72188594    
   3.718891333      -27.51997741       30.34262637      -20.61704206    
   3.764243667      -27.09716640       28.18790701      -20.25783724    
   3.809596000      -26.35428686       26.12760912      -19.60179622    
   3.854948333      -25.19636877       24.35290270      -18.61518363    
   3.900300667      -23.76432996       23.10497424      -17.41188183    
   3.945653000      -22.34709585       22.45944909      -16.21378399    
   3.991005333      -21.20239832       22.28990107      -15.22374551    
   4.036357667      -20.42040790       22.36985332      -14.52859836    
   4.081710000      -19.93302018       22.56816665      -14.11765688    
   4.127062333      -19.74571170       22.91768819      -14.02066657    
   4.172414667      -20.07744921       23.34140761      -14.36204692    
   4.217767000      -21.04149307       23.40190807      -15.15515194    
   4.263119333      -22.22205230       22.62809085      -16.08205937    
   4.308471667      -22.92566920       21.11773330      -16.66685964    
   4.353824000      -22.86158713       19.44720604      -16.67598654    
   4.399176333      -22.24229563       18.07936869      -16.22046218    
   4.444528667      -21.40648089       17.12949222      -15.54143163    
   4.489881000      -20.56568149       16.50699018      -14.81690091    
   4.535233333      -19.78316624       16.08832588      -14.11643530    
   4.580585667      -19.03176441       15.79755946      -13.43427138    
   4.625938000      -18.25427628       15.63566203      -12.73873495    
   4.671290333      -17.42186721       15.67566477      -12.02026407    
   4.716642667      -16.58025659       16.03240547      -11.33044719    
   4.761995000      -15.87937860       16.80042683      -10.79948816    
   4.807347333      -15.54403426       17.97939979      -10.61527941    
   4.852699667      -15.81909069       19.44607264      -10.97991625    
   4.898052000      -16.92208250       20.91242656      -12.04722629    
   4.943404333      -18.88636654       21.90005780      -13.80560831    
   4.988756667      -21.38566193       21.92290203      -15.97440323    
   5.034109000      -23.78087934       20.79697507      -18.05598328    
   5.079461333      -25.44667800       18.84859179      -19.58509501    
   5.124813667      -26.20618927       16.72060457      -20.40771923    
   5.170166000      -26.36026969       14.87921708      -20.70921816    
   5.215518333      -26.32614367       13.38095960      -20.78249119    
   5.260870667      -26.30674363       12.00387311      -20.78734047    
   5.306223000      -26.21265931       10.55686520      -20.69047212    
   5.351575333      -25.87904016       9.074533130      -20.39462677    
   5.396927667      -25.27954076       7.707487062      -19.87756706    
   5.442280000      -24.50401004       6.551920169      -19.20004393    
   5.487632333      -23.65469848       5.619281187      -18.44317373    
   5.532984667      -22.80023533       4.878036342      -17.66849067    
   5.578337000      -21.97643368       4.287711652      -16.91196503    
   5.623689333      -21.19846114       3.812774226      -16.19109885    
   5.669041667      -20.47056571       3.425592531      -15.51257622    
   5.714394000      -19.79178507       3.105595700      -14.87740277    
   5.759746333      -19.15892859       2.837647006      -14.28384979    
   5.805098667      -18.56804548       2.610577926      -13.72902182    
   5.850451000      -18.01511372       2.416071105      -13.20965447    
   5.895803333      -17.49634154       2.247857691      -12.72250264    
   5.941155667      -17.00828000       2.101151832      -12.26451609    
   5.986508000      -16.54784640       1.972253366      -11.83290659    
   6.031860333      -16.11230730       1.858267154      -11.42516129    
   6.077212667      -15.69924545       1.756903012      -11.03903054    
   6.122565000      -15.30652215       1.666331556      -10.67250491    
   6.167917333      -14.93224039       1.585079203      -10.32378855    
   6.213269667      -14.57471102       1.511950912      -9.991272725    
   6.258622000      -14.23242261       1.445972858      -9.673510933    
   6.303974333      -13.90401505       1.386349643      -9.369196438    
   6.349326667      -13.58825645       1.332432326      -9.077142118    
   6.394679000      -13.28402302       1.283694678      -8.796262588    
   6.440031333      -12.99028133       1.239715905      -8.525558304    
   6.485383667      -12.70607259       1.200168686      -8.264101380    
   6.530736000      -12.43049855       1.164811830      -8.011022855    
   6.576088333      -12.16270858       1.133487328      -7.765501242    
   6.621440667      -11.90188796       1.106121914      -7.526752241    
   6.666793000      -11.64724704       1.082733805      -7.294019764    
   6.712145333      -11.39801165       1.063445823      -7.066568670    
   6.757497667      -11.15341548       1.048506979      -6.843680260    
   6.802850000      -10.91269599       1.038325743      -6.624652646    
   6.848202333      -10.67509752       1.033519940      -6.408810210    
   6.893554667      -10.43988882       1.034990536      -6.195530259    
   6.938907000      -10.20640970       1.044029401      -5.984302502    
   6.984259333      -9.974176378       1.062473198      -5.774851052    
   7.029611667      -9.743104214       1.092911882      -5.567374475    
   7.074964000      -9.513961970       1.138934690      -5.363002586    
   7.120316333      -9.289263446       1.205301213      -5.164624285    
   7.165668667      -9.074897332       1.297637664      -4.978242344    
   7.211021000      -8.882629677       1.420550288      -4.814673764    
   7.256373333      -8.732178504       1.571935709      -4.689996027    
   7.301725667      -8.647049563       1.732107520      -4.620217594    
   7.347078000      -8.634418265       1.856892551      -4.606048114    
   7.392430333      -8.658571952       1.900012680      -4.618610313    
   7.437782667      -8.654291897       1.858871019      -4.610877886    
   7.483135000      -8.579461001       1.777926460      -4.549605517    
   7.528487333      -8.433504082       1.706622806      -4.430134785    
   7.573839667      -8.235990954       1.675918333      -4.265988269    
   7.619192000      -8.008776417       1.701819551      -4.075749927    
   7.664544333      -7.771596816       1.794053656      -3.878261254    
   7.709896667      -7.544731026       1.961554354      -3.693973389    
   7.755249000      -7.354898805       2.213480964      -3.549312276    
   7.800601333      -7.242881693       2.554520255      -3.481986266    
   7.845953667      -7.270298754       2.969439096      -3.542928517    
   7.891306000      -7.509285287       3.390183591      -3.781232636    
   7.936658333      -7.980524081       3.671968406      -4.197037910    
   7.982010667      -8.567291654       3.663892711      -4.695962137    
   8.027363000      -9.059278780       3.357340548      -5.126854941    
   8.072715333      -9.325968585       2.895505972      -5.386945555    
   8.118067667      -9.377960410       2.429998306      -5.469508798    
   8.163420000      -9.289595489       2.036805089      -5.424023568    
   8.208772333      -9.128941870       1.730192220      -5.304974834    
   8.254124667      -8.938293599       1.498257757      -5.150675606    
   8.299477000      -8.739529758       1.324605197      -4.983316328    
   8.344829333      -8.543817389       1.195628878      -4.815104724    
   8.390181667      -8.357686440       1.100141094      -4.652975799    
   8.435534000      -8.184237640       1.027410529      -4.500051098    
   8.480886333      -8.021653536      0.9678282075      -4.355411283    
   8.526238667      -7.864203513      0.9167010126      -4.215366140    
   8.571591000      -7.707455212      0.8751213349      -4.076790882    
   8.616943333      -7.551030908      0.8458105656      -3.939144146    
   8.662295667      -7.396747832      0.8300781905      -3.803713149    
   8.707648000      -7.246639634      0.8280159619      -3.672310696    
   8.753000333      -7.102836468      0.8392567018      -3.546920551    
   8.798352667      -6.967903089      0.8625694706      -3.429671975    
   8.843705000      -6.844108589      0.8948400001      -3.322103058    
   8.889057333      -6.731002808      0.9309118676      -3.223396369    
   8.934409667      -6.622681403      0.9670793793      -3.129151819    
   8.979762000      -6.510666772       1.007266286      -3.033846857    
   9.025114333      -6.392083920       1.062936018      -2.936051952    
   9.070466667      -6.272896224       1.146648656      -2.841248571    
   9.115819000      -6.166450324       1.268470087      -2.761802872    
   9.161171333      -6.094761048       1.433643327      -2.717253831    
   9.206523667      -6.089302037       1.634028815      -2.732769894    
   9.251876000      -6.180532188       1.836195472      -2.829653370    
   9.297228333      -6.374150973       1.981884491      -3.008303019    
   9.342580667      -6.631612687       2.012407788      -3.235938221    
   9.387933000      -6.877815377       1.906601708      -3.454589920    
   9.433285333      -7.042952550       1.700048992      -3.610552422    
   9.478637667      -7.102666332       1.458072092      -3.681475195    
   9.523990000      -7.075482437       1.232762014      -3.677305954    
   9.569342333      -6.994226337       1.046890517      -3.622249166    
   9.614694667      -6.886056667      0.9025705566      -3.539027159    
   9.660047000      -6.767890236      0.7933475522      -3.443225529    
   9.705399333      -6.648452475      0.7113181831      -3.343765341    
   9.750751667      -6.531630360      0.6502594724      -3.245257241    
   9.796104000      -6.419511954      0.6060819209      -3.150332052    
   9.841456333      -6.314027585      0.5757281456      -3.061028588    
   9.886808667      -6.217073649      0.5559149618      -2.979023597    
   9.932161000      -6.129594765      0.5425754975      -2.905061151    
   9.977513333      -6.050564932      0.5316877005      -2.838387169    
   10.02286567      -5.977357535      0.5207829715      -2.777022067    
   10.06821800      -5.907073846      0.5095603747      -2.718774171    
   10.11357033      -5.838119290      0.4997042350      -2.662507417    
   10.15892267      -5.771635330      0.4929924751      -2.608893291    
   10.20427500      -5.710143416      0.4884678724      -2.559364464    
   10.24962733      -5.653834941      0.4826129097      -2.513819992    
   10.29497967      -5.599298282      0.4734384316      -2.470034587    
   10.34033200      -5.543466775      0.4630771552      -2.425997798    
   10.38568433      -5.487100116      0.4546090652      -2.382004104    
   10.43103667      -5.432984453      0.4482475467      -2.339731750    
   10.47638900      -5.382305163      0.4415022003      -2.299920561    
   10.52174133      -5.333430485      0.4322209321      -2.261534488    
   10.56709367      -5.284161776      0.4204577136      -2.222948335    
   10.61244600      -5.233333215      0.4069532755      -2.182937155    
   10.65779833      -5.179673855      0.3924754646      -2.140453542    
   10.70315067      -5.122150465      0.3790507363      -2.094892187    
   10.74850300      -5.061562025      0.3691839209      -2.046876188    
   10.79385533      -5.000100382      0.3640556792      -1.998036295    
   10.83920767      -4.939810353      0.3632120935      -1.950006324    
   10.88456000      -4.881759073      0.3654212017      -1.903759571    
   10.92991233      -4.826162572      0.3693957334      -1.859535475    
   10.97526467      -4.772461455      0.3740844803      -1.816947699    
   11.02061700      -4.719690885      0.3793731761      -1.775394220    
   11.06596933      -4.667761399      0.3857105221      -1.734678452    
   11.11132167      -4.616949175      0.3924016518      -1.694612226    
   11.15667400      -4.565645887      0.3982483467      -1.653891763    
   11.20202633      -4.510743491      0.4044672486      -1.610478642    
   11.24737867      -4.450808302      0.4151179807      -1.563504597    
   11.29273100      -4.387419843      0.4346940785      -1.514355012    
   11.33808333      -4.324329319      0.4667058505      -1.466435043    
   11.38343567      -4.267246389      0.5134673095      -1.424982968    
   11.42878800      -4.224493997      0.5748375094      -1.397110181    
   11.47414033      -4.206186576      0.6448920503      -1.390445178    
   11.51949267      -4.218681941      0.7089341140      -1.408648064    
   11.56484500      -4.255573835      0.7478750944      -1.445807716    
   11.61019733      -4.296533362      0.7517555601      -1.486620634    
   11.65554967      -4.320172382      0.7285269355      -1.515145506    
   11.70090200      -4.318318919      0.6974681815      -1.524539779    
   11.74625433      -4.297926200      0.6747639885      -1.518901630    
   11.79160667      -4.271753328      0.6654242534      -1.507345844    
   11.83695900      -4.248716029      0.6655121273      -1.497039806    
   11.88231133      -4.230693884      0.6698265431      -1.490720934    
   11.92766367      -4.217543759      0.6776296261      -1.489671258    
   11.97301600      -4.214010802      0.6890949966      -1.497438072    
   12.01836833      -4.226965879      0.6964244424      -1.517585161    
   12.06372067      -4.253380139      0.6844842544      -1.546621737    
   12.10907300      -4.276485744      0.6452123202      -1.572430553    
   12.15442533      -4.279246337      0.5868701829      -1.582579207    
   12.19977767      -4.257087081      0.5254634487      -1.572687502    
   12.24513000      -4.215900960      0.4725229671      -1.546250618    
   12.29048233      -4.163925242      0.4322474880      -1.509582600    
   12.33583467      -4.107687091      0.4045266174      -1.468331678    
   12.38118700      -4.051656789      0.3872597256      -1.426520900    
   12.42653933      -3.998142244      0.3773796469      -1.386355171    
   12.47189167      -3.947299431      0.3723415412      -1.348446216    
   12.51724400      -3.898810664      0.3712373869      -1.312918571    
   12.56259633      -3.853528828      0.3732687566      -1.280245867    
   12.60794867      -3.811817742      0.3757545580      -1.250258505    
   12.65330100      -3.770766291      0.3760148373      -1.220772017    
   12.69865333      -3.725778491      0.3752727188      -1.188706973    
   12.74400567      -3.675047731      0.3781490191      -1.152768664    
   12.78935800      -3.620487902      0.3888612708      -1.114328605    
   12.83471033      -3.565651972      0.4093291770      -1.076221166    
   12.88006267      -3.513792678      0.4393507216      -1.041226696    
   12.92541500      -3.466578704      0.4779818433      -1.011225632    
   12.97076733      -3.424847349      0.5259803892     -0.9879591692    
   13.01611967      -3.392370610      0.5858416643     -0.9752704575    
   13.06147200      -3.377594250      0.6567617588     -0.9796894598    
   13.10682433      -3.388491598      0.7299685228      -1.006826254    
   13.15217667      -3.424965855      0.7918918405      -1.056645005    
   13.19752900      -3.478483725      0.8323509788      -1.122902662    
   13.24288133      -3.537068087      0.8481589460      -1.196527360    
   13.28823367      -3.590095746      0.8439147326      -1.269822379    
   13.33358600      -3.634174370      0.8285223408      -1.341149512    
   13.37893833      -3.672710564      0.8077566133      -1.412472329    
   13.42429067      -3.710859650      0.7812359745      -1.497934943    
   13.46964300      -3.749939991      0.7427826068      -1.570567992    
   13.51499533      -3.782858364      0.6866445219      -1.758375042    
   13.56034767      -3.798678942      0.6156967109      -1.847361312    
 
## Date (YYYY-MM-DD): 2009-07-16
## Time (hh:mm:ss)  : 11:36:12
# version           : 0.9.224
# version (xs)      : 0.091
# efermi (H,eV)     :    0.202574    5.512329
# vgqlmt            :    0.000000    0.000000    0.000000
# ivgmt             :       0       0       0
# vql               :    0.000000    0.000000    0.000000
# fxctype           :       8
# alphalrc          :    0.000000
# alphalrcdyn       :    0.000000
# betalrcdyn        :    0.000000
# intraband         :       F
# aresdf            :       F
# aresfxc           :       F
# torddf            :       F
# tordfxc           :       F
# acont             :       F
# nwacont           :     300
# broad (H,eV)      :    0.007000    0.190480
# scissor (H,eV)    :    0.000000    0.000000
# nwdos             :     300
# ngq               :     113
# gqmax             :    3.000000
# gmaxvr            :   12.000000
# rgkmax            :    6.000000
# gkmax             :    3.000000
# ngridk            :       2       2       2
# vkloff            :    0.033333    0.100000    0.166667
# reducek           :       F
# nmatmax           :     145
# ngkmax            :     125
# nlotot            :      20
# nlomax            :       4
# nst1              :       4
# nst2              :       4
# nstlbse           :       4       6
# nstsv             :      10
# evlmincut (H,eV)  :   -0.098372   -2.676840
# evlmaxcut (H,eV)  :    0.478363   13.016938
# evlmin (H,eV)     :   -0.244188   -6.644710
# evlmax (H,eV)     :    0.620580   16.886852
# evlhpo (H,eV)     :    4    0.188956    5.141752
# evllpu (H,eV)     :    5    0.213085    5.798351
# ksgap             :       T
# lmaxapw           :      10
# lmaxapwwf         :       2
# lmaxmat           :       5
# lmaxvr            :       7
# lmaxinr           :       2
# lolmax            :       2
# lmaxemat          :       2
# lmaxalda          :       3
# lradstp           :       4
# tevout            :       T
# fastpmat          :       T
# fastemat          :       T
# nosym             :       F
# dfoffdiag         :       F
 
