   120 : ngq; G+q-point, vql, vqc, wqpt, ngq below
     1  0.5000000000       0.000000000       0.000000000      0.3061981144      0.3061981144     -0.3061981144      0.5303506913    
     2  0.5000000000       1.000000000       0.000000000      0.9185943432     -0.3061981144      0.3061981144       1.015544257    
     3  0.5000000000       0.000000000      -1.000000000      0.9185943432     -0.3061981144     -0.9185943432       1.334686637    
     4 -0.5000000000      -1.000000000      -1.000000000     -0.3061981144     -0.3061981144     -0.9185943432       1.015544257    
     5  0.5000000000      -1.000000000       0.000000000     -0.3061981144      0.9185943432     -0.9185943432       1.334686637    
     6 -0.5000000000       0.000000000       0.000000000     -0.3061981144     -0.3061981144      0.3061981144      0.5303506913    
     7  0.5000000000       0.000000000       1.000000000     -0.3061981144      0.9185943432      0.3061981144       1.015544257    
     8   1.500000000       1.000000000       1.000000000      0.9185943432      0.9185943432      0.3061981144       1.334686637    
     9   1.500000000       0.000000000       0.000000000      0.9185943432      0.9185943432     -0.9185943432       1.591052074    
    10  0.5000000000      -1.000000000      -1.000000000      0.3061981144      0.3061981144      -1.530990572       1.591052074    
    11 -0.5000000000       0.000000000      -1.000000000      0.3061981144     -0.9185943432     -0.3061981144       1.015544257    
    12  0.5000000000       1.000000000       1.000000000      0.3061981144      0.3061981144      0.9185943432       1.015544257    
    13   1.500000000       1.000000000       0.000000000       1.530990572      0.3061981144     -0.3061981144       1.591052074    
    14   1.500000000       0.000000000       1.000000000      0.3061981144       1.530990572     -0.3061981144       1.591052074    
    15 -0.5000000000      -1.000000000       0.000000000     -0.9185943432      0.3061981144     -0.3061981144       1.015544257    
    16   1.500000000       0.000000000      -1.000000000       1.530990572      0.3061981144      -1.530990572       2.186691919    
    17  0.5000000000       1.000000000      -1.000000000       1.530990572     -0.9185943432     -0.3061981144       1.811492474    
    18   1.500000000      -1.000000000       0.000000000      0.3061981144       1.530990572      -1.530990572       2.186691919    
    19  -1.500000000      -1.000000000      -1.000000000     -0.9185943432     -0.9185943432     -0.3061981144       1.334686637    
    20   1.500000000       1.000000000       2.000000000      0.3061981144       1.530990572      0.9185943432       1.811492474    
    21  0.5000000000      -1.000000000       1.000000000     -0.9185943432       1.530990572     -0.3061981144       1.811492474    
    22   1.500000000       2.000000000       1.000000000       1.530990572      0.3061981144      0.9185943432       1.811492474    
    23 -0.5000000000       1.000000000       0.000000000      0.3061981144     -0.9185943432      0.9185943432       1.334686637    
    24   2.500000000       1.000000000       1.000000000       1.530990572       1.530990572     -0.3061981144       2.186691919    
    25 -0.5000000000      -1.000000000      -2.000000000      0.3061981144     -0.9185943432      -1.530990572       1.811492474    
    26 -0.5000000000      -2.000000000      -1.000000000     -0.9185943432      0.3061981144      -1.530990572       1.811492474    
    27 -0.5000000000       0.000000000       1.000000000     -0.9185943432      0.3061981144      0.9185943432       1.334686637    
    28 -0.5000000000       0.000000000      -2.000000000      0.9185943432      -1.530990572     -0.9185943432       2.007875311    
    29   1.500000000       2.000000000       0.000000000       2.143386801     -0.3061981144      0.3061981144       2.186691919    
    30 -0.5000000000      -2.000000000      -2.000000000     -0.3061981144     -0.3061981144      -2.143386801       2.186691919    
    31  -1.500000000      -2.000000000      -1.000000000      -1.530990572     -0.3061981144     -0.9185943432       1.811492474    
    32   1.500000000      -1.000000000      -1.000000000      0.9185943432      0.9185943432      -2.143386801       2.506339584    
    33   2.500000000       2.000000000       1.000000000       2.143386801      0.9185943432      0.3061981144       2.351952344    
    34 -0.5000000000      -2.000000000       0.000000000      -1.530990572      0.9185943432     -0.9185943432       2.007875311    
    35  0.5000000000       2.000000000       1.000000000      0.9185943432     -0.3061981144       1.530990572       1.811492474    
    36  -1.500000000      -1.000000000      -2.000000000     -0.3061981144      -1.530990572     -0.9185943432       1.811492474    
    37   2.500000000       0.000000000       1.000000000      0.9185943432       2.143386801     -0.9185943432       2.506339584    
    38  0.5000000000      -1.000000000      -2.000000000      0.9185943432     -0.3061981144      -2.143386801       2.351952344    
    39 -0.5000000000      -1.000000000       1.000000000      -1.530990572      0.9185943432      0.3061981144       1.811492474    
    40   1.500000000      -1.000000000       1.000000000     -0.3061981144       2.143386801     -0.9185943432       2.351952344    
    41   1.500000000       0.000000000       2.000000000     -0.3061981144       2.143386801      0.3061981144       2.186691919    
    42  0.5000000000      -2.000000000      -1.000000000     -0.3061981144      0.9185943432      -2.143386801       2.351952344    
    43  0.5000000000       1.000000000       2.000000000     -0.3061981144      0.9185943432       1.530990572       1.811492474    
    44  -1.500000000       0.000000000      -1.000000000     -0.3061981144      -1.530990572      0.3061981144       1.591052074    
    45   2.500000000       1.000000000       0.000000000       2.143386801      0.9185943432     -0.9185943432       2.506339584    
    46   1.500000000       2.000000000       2.000000000      0.9185943432      0.9185943432       1.530990572       2.007875311    
    47   2.500000000       1.000000000       2.000000000      0.9185943432       2.143386801      0.3061981144       2.351952344    
    48   1.500000000       1.000000000      -1.000000000       2.143386801     -0.3061981144     -0.9185943432       2.351952344    
    49  -1.500000000      -1.000000000       0.000000000      -1.530990572     -0.3061981144      0.3061981144       1.591052074    
    50 -0.5000000000       1.000000000      -1.000000000      0.9185943432      -1.530990572      0.3061981144       1.811492474    
    51 -0.5000000000       1.000000000       1.000000000     -0.3061981144     -0.3061981144       1.530990572       1.591052074    
    52  -1.500000000       0.000000000       0.000000000     -0.9185943432     -0.9185943432      0.9185943432       1.591052074    
    53  0.5000000000       0.000000000       2.000000000     -0.9185943432       1.530990572      0.9185943432       2.007875311    
    54  0.5000000000       0.000000000      -2.000000000       1.530990572     -0.9185943432      -1.530990572       2.351952344    
    55  -1.500000000      -2.000000000      -2.000000000     -0.9185943432     -0.9185943432      -1.530990572       2.007875311    
    56  0.5000000000      -2.000000000       0.000000000     -0.9185943432       1.530990572      -1.530990572       2.351952344    
    57   2.500000000       2.000000000       2.000000000       1.530990572       1.530990572      0.9185943432       2.351952344    
    58   2.500000000       0.000000000       0.000000000       1.530990572       1.530990572      -1.530990572       2.651753456    
    59  0.5000000000       2.000000000       0.000000000       1.530990572     -0.9185943432      0.9185943432       2.007875311    
    60   2.500000000       2.000000000       0.000000000       2.755783029      0.3061981144     -0.3061981144       2.789597583    
    61   2.500000000       0.000000000       2.000000000      0.3061981144       2.755783029     -0.3061981144       2.789597583    
    62  -1.500000000       0.000000000      -2.000000000      0.3061981144      -2.143386801     -0.3061981144       2.186691919    
    63  0.5000000000      -2.000000000      -2.000000000      0.3061981144      0.3061981144      -2.755783029       2.789597583    
    64  0.5000000000       2.000000000       2.000000000      0.3061981144      0.3061981144       2.143386801       2.186691919    
    65  -1.500000000      -2.000000000       0.000000000      -2.143386801      0.3061981144     -0.3061981144       2.186691919    
    66  -1.500000000      -3.000000000      -2.000000000      -1.530990572     -0.3061981144      -2.143386801       2.651753456    
    67   2.500000000       3.000000000       2.000000000       2.143386801      0.9185943432       1.530990572       2.789597583    
    68 -0.5000000000       0.000000000       2.000000000      -1.530990572      0.9185943432       1.530990572       2.351952344    
    69  0.5000000000       1.000000000      -2.000000000       2.143386801      -1.530990572     -0.9185943432       2.789597583    
    70  -1.500000000       1.000000000       0.000000000     -0.3061981144      -1.530990572       1.530990572       2.186691919    
    71  -1.500000000       0.000000000       1.000000000      -1.530990572     -0.3061981144       1.530990572       2.186691919    
    72  0.5000000000       2.000000000      -1.000000000       2.143386801      -1.530990572      0.3061981144       2.651753456    
    73   1.500000000       1.000000000       3.000000000     -0.3061981144       2.143386801       1.530990572       2.651753456    
    74 -0.5000000000      -1.000000000      -3.000000000      0.9185943432      -1.530990572      -2.143386801       2.789597583    
    75  -1.500000000      -2.000000000      -3.000000000     -0.3061981144      -1.530990572      -2.143386801       2.651753456    
    76  0.5000000000      -1.000000000       2.000000000      -1.530990572       2.143386801      0.3061981144       2.651753456    
    77 -0.5000000000      -3.000000000      -1.000000000      -1.530990572      0.9185943432      -2.143386801       2.789597583    
    78 -0.5000000000       2.000000000       0.000000000      0.9185943432      -1.530990572       1.530990572       2.351952344    
    79   1.500000000       3.000000000       1.000000000       2.143386801     -0.3061981144       1.530990572       2.651753456    
    80  -2.500000000      -2.000000000      -2.000000000      -1.530990572      -1.530990572     -0.9185943432       2.351952344    
    81   2.500000000       2.000000000       3.000000000      0.9185943432       2.143386801       1.530990572       2.789597583    
    82  0.5000000000      -2.000000000       1.000000000      -1.530990572       2.143386801     -0.9185943432       2.789597583    
    83  -2.500000000      -1.000000000      -1.000000000      -1.530990572      -1.530990572      0.3061981144       2.186691919    
    84 -0.5000000000      -3.000000000      -2.000000000     -0.9185943432      0.3061981144      -2.755783029       2.920943847    
    85  -1.500000000      -3.000000000      -1.000000000      -2.143386801      0.3061981144      -1.530990572       2.651753456    
    86  -2.500000000      -1.000000000      -2.000000000     -0.9185943432      -2.143386801     -0.3061981144       2.351952344    
    87  -1.500000000      -1.000000000      -3.000000000      0.3061981144      -2.143386801      -1.530990572       2.651753456    
    88 -0.5000000000       1.000000000      -2.000000000       1.530990572      -2.143386801     -0.3061981144       2.651753456    
    89   1.500000000       2.000000000      -1.000000000       2.755783029     -0.9185943432     -0.3061981144       2.920943847    
    90   1.500000000       3.000000000       2.000000000       1.530990572      0.3061981144       2.143386801       2.651753456    
    91   2.500000000       1.000000000       3.000000000      0.3061981144       2.755783029      0.9185943432       2.920943847    
    92  -1.500000000      -1.000000000       1.000000000      -2.143386801      0.3061981144      0.9185943432       2.351952344    
    93  -1.500000000       1.000000000      -1.000000000      0.3061981144      -2.143386801      0.9185943432       2.351952344    
    94   2.500000000       3.000000000       1.000000000       2.755783029      0.3061981144      0.9185943432       2.920943847    
    95 -0.5000000000       1.000000000       2.000000000     -0.9185943432      0.3061981144       2.143386801       2.351952344    
    96  -2.500000000      -2.000000000      -1.000000000      -2.143386801     -0.9185943432     -0.3061981144       2.351952344    
    97   1.500000000       2.000000000       3.000000000      0.3061981144       1.530990572       2.143386801       2.651753456    
    98 -0.5000000000      -2.000000000       1.000000000      -2.143386801       1.530990572     -0.3061981144       2.651753456    
    99 -0.5000000000       2.000000000       1.000000000      0.3061981144     -0.9185943432       2.143386801       2.351952344    
   100   1.500000000      -1.000000000       2.000000000     -0.9185943432       2.755783029     -0.3061981144       2.920943847    
   101 -0.5000000000      -2.000000000      -3.000000000      0.3061981144     -0.9185943432      -2.755783029       2.920943847    
   102 -0.5000000000      -1.000000000       2.000000000      -2.143386801       1.530990572      0.9185943432       2.789597583    
   103  -2.500000000      -1.000000000       0.000000000      -2.143386801     -0.9185943432      0.9185943432       2.506339584    
   104  -2.500000000      -2.000000000      -3.000000000     -0.9185943432      -2.143386801      -1.530990572       2.789597583    
   105  -1.500000000       1.000000000       1.000000000     -0.9185943432     -0.9185943432       2.143386801       2.506339584    
   106  0.5000000000       1.000000000       3.000000000     -0.9185943432       1.530990572       2.143386801       2.789597583    
   107  -2.500000000      -3.000000000      -2.000000000      -2.143386801     -0.9185943432      -1.530990572       2.789597583    
   108  0.5000000000       3.000000000       1.000000000       1.530990572     -0.9185943432       2.143386801       2.789597583    
   109 -0.5000000000       2.000000000      -1.000000000       1.530990572      -2.143386801      0.9185943432       2.789597583    
   110  -2.500000000       0.000000000      -1.000000000     -0.9185943432      -2.143386801      0.9185943432       2.506339584    
   111  -2.500000000      -1.000000000      -3.000000000     -0.3061981144      -2.755783029     -0.9185943432       2.920943847    
   112  -1.500000000      -2.000000000       1.000000000      -2.755783029      0.9185943432      0.3061981144       2.920943847    
   113  0.5000000000       3.000000000       2.000000000      0.9185943432     -0.3061981144       2.755783029       2.920943847    
   114  -2.500000000       0.000000000       0.000000000      -1.530990572      -1.530990572       1.530990572       2.651753456    
   115  -2.500000000       0.000000000      -2.000000000     -0.3061981144      -2.755783029      0.3061981144       2.789597583    
   116  -1.500000000       1.000000000      -2.000000000      0.9185943432      -2.755783029      0.3061981144       2.920943847    
   117 -0.5000000000       2.000000000       2.000000000     -0.3061981144     -0.3061981144       2.755783029       2.789597583    
   118  -2.500000000      -3.000000000      -1.000000000      -2.755783029     -0.3061981144     -0.9185943432       2.920943847    
   119  0.5000000000       2.000000000       3.000000000     -0.3061981144      0.9185943432       2.755783029       2.920943847    
   120  -2.500000000      -2.000000000       0.000000000      -2.755783029     -0.3061981144      0.3061981144       2.789597583    
