   113 : ngq; G+q-point, vql, vqc, wqpt, ngq below
     1   0.000000000       0.000000000       0.000000000       0.000000000       0.000000000       0.000000000       0.000000000    
     2   0.000000000       1.000000000       0.000000000      0.6123962288     -0.6123962288      0.6123962288       1.060701383    
     3   0.000000000       0.000000000      -1.000000000      0.6123962288     -0.6123962288     -0.6123962288       1.060701383    
     4  -1.000000000      -1.000000000      -1.000000000     -0.6123962288     -0.6123962288     -0.6123962288       1.060701383    
     5   0.000000000      -1.000000000       0.000000000     -0.6123962288      0.6123962288     -0.6123962288       1.060701383    
     6  -1.000000000       0.000000000       0.000000000     -0.6123962288     -0.6123962288      0.6123962288       1.060701383    
     7   0.000000000       0.000000000       1.000000000     -0.6123962288      0.6123962288      0.6123962288       1.060701383    
     8   1.000000000       1.000000000       1.000000000      0.6123962288      0.6123962288      0.6123962288       1.060701383    
     9   1.000000000       0.000000000       0.000000000      0.6123962288      0.6123962288     -0.6123962288       1.060701383    
    10   0.000000000      -1.000000000      -1.000000000       0.000000000       0.000000000      -1.224792458       1.224792458    
    11  -1.000000000       0.000000000      -1.000000000       0.000000000      -1.224792458       0.000000000       1.224792458    
    12   0.000000000       1.000000000       1.000000000       0.000000000       0.000000000       1.224792458       1.224792458    
    13   1.000000000       1.000000000       0.000000000       1.224792458       0.000000000       0.000000000       1.224792458    
    14   1.000000000       0.000000000       1.000000000       0.000000000       1.224792458       0.000000000       1.224792458    
    15  -1.000000000      -1.000000000       0.000000000      -1.224792458       0.000000000       0.000000000       1.224792458    
    16   1.000000000       0.000000000      -1.000000000       1.224792458       0.000000000      -1.224792458       1.732118105    
    17   0.000000000       1.000000000      -1.000000000       1.224792458      -1.224792458       0.000000000       1.732118105    
    18   1.000000000      -1.000000000       0.000000000       0.000000000       1.224792458      -1.224792458       1.732118105    
    19  -2.000000000      -1.000000000      -1.000000000      -1.224792458      -1.224792458       0.000000000       1.732118105    
    20   1.000000000       1.000000000       2.000000000       0.000000000       1.224792458       1.224792458       1.732118105    
    21   0.000000000      -1.000000000       1.000000000      -1.224792458       1.224792458       0.000000000       1.732118105    
    22   1.000000000       2.000000000       1.000000000       1.224792458       0.000000000       1.224792458       1.732118105    
    23  -1.000000000       1.000000000       0.000000000       0.000000000      -1.224792458       1.224792458       1.732118105    
    24   2.000000000       1.000000000       1.000000000       1.224792458       1.224792458       0.000000000       1.732118105    
    25  -1.000000000      -1.000000000      -2.000000000       0.000000000      -1.224792458      -1.224792458       1.732118105    
    26  -1.000000000      -2.000000000      -1.000000000      -1.224792458       0.000000000      -1.224792458       1.732118105    
    27  -1.000000000       0.000000000       1.000000000      -1.224792458       0.000000000       1.224792458       1.732118105    
    28  -1.000000000       0.000000000      -2.000000000      0.6123962288      -1.837188686     -0.6123962288       2.031088514    
    29   1.000000000       2.000000000       0.000000000       1.837188686     -0.6123962288      0.6123962288       2.031088514    
    30  -1.000000000      -2.000000000      -2.000000000     -0.6123962288     -0.6123962288      -1.837188686       2.031088514    
    31  -2.000000000      -2.000000000      -1.000000000      -1.837188686     -0.6123962288     -0.6123962288       2.031088514    
    32   1.000000000      -1.000000000      -1.000000000      0.6123962288      0.6123962288      -1.837188686       2.031088514    
    33   2.000000000       2.000000000       1.000000000       1.837188686      0.6123962288      0.6123962288       2.031088514    
    34  -1.000000000      -2.000000000       0.000000000      -1.837188686      0.6123962288     -0.6123962288       2.031088514    
    35   0.000000000       2.000000000       1.000000000      0.6123962288     -0.6123962288       1.837188686       2.031088514    
    36  -2.000000000      -1.000000000      -2.000000000     -0.6123962288      -1.837188686     -0.6123962288       2.031088514    
    37   2.000000000       0.000000000       1.000000000      0.6123962288       1.837188686     -0.6123962288       2.031088514    
    38   0.000000000      -1.000000000      -2.000000000      0.6123962288     -0.6123962288      -1.837188686       2.031088514    
    39  -1.000000000      -1.000000000       1.000000000      -1.837188686      0.6123962288      0.6123962288       2.031088514    
    40   1.000000000      -1.000000000       1.000000000     -0.6123962288       1.837188686     -0.6123962288       2.031088514    
    41   1.000000000       0.000000000       2.000000000     -0.6123962288       1.837188686      0.6123962288       2.031088514    
    42   0.000000000      -2.000000000      -1.000000000     -0.6123962288      0.6123962288      -1.837188686       2.031088514    
    43   0.000000000       1.000000000       2.000000000     -0.6123962288      0.6123962288       1.837188686       2.031088514    
    44  -2.000000000       0.000000000      -1.000000000     -0.6123962288      -1.837188686      0.6123962288       2.031088514    
    45   2.000000000       1.000000000       0.000000000       1.837188686      0.6123962288     -0.6123962288       2.031088514    
    46   1.000000000       2.000000000       2.000000000      0.6123962288      0.6123962288       1.837188686       2.031088514    
    47   2.000000000       1.000000000       2.000000000      0.6123962288       1.837188686      0.6123962288       2.031088514    
    48   1.000000000       1.000000000      -1.000000000       1.837188686     -0.6123962288     -0.6123962288       2.031088514    
    49  -2.000000000      -1.000000000       0.000000000      -1.837188686     -0.6123962288      0.6123962288       2.031088514    
    50  -1.000000000       1.000000000      -1.000000000      0.6123962288      -1.837188686      0.6123962288       2.031088514    
    51  -1.000000000       1.000000000       1.000000000     -0.6123962288     -0.6123962288       1.837188686       2.031088514    
    52  -2.000000000       0.000000000       0.000000000      -1.224792458      -1.224792458       1.224792458       2.121402765    
    53   0.000000000       0.000000000       2.000000000      -1.224792458       1.224792458       1.224792458       2.121402765    
    54   0.000000000       0.000000000      -2.000000000       1.224792458      -1.224792458      -1.224792458       2.121402765    
    55  -2.000000000      -2.000000000      -2.000000000      -1.224792458      -1.224792458      -1.224792458       2.121402765    
    56   0.000000000      -2.000000000       0.000000000      -1.224792458       1.224792458      -1.224792458       2.121402765    
    57   2.000000000       2.000000000       2.000000000       1.224792458       1.224792458       1.224792458       2.121402765    
    58   2.000000000       0.000000000       0.000000000       1.224792458       1.224792458      -1.224792458       2.121402765    
    59   0.000000000       2.000000000       0.000000000       1.224792458      -1.224792458       1.224792458       2.121402765    
    60   2.000000000       2.000000000       0.000000000       2.449584915       0.000000000       0.000000000       2.449584915    
    61   2.000000000       0.000000000       2.000000000       0.000000000       2.449584915       0.000000000       2.449584915    
    62  -2.000000000       0.000000000      -2.000000000       0.000000000      -2.449584915       0.000000000       2.449584915    
    63   0.000000000      -2.000000000      -2.000000000       0.000000000       0.000000000      -2.449584915       2.449584915    
    64   0.000000000       2.000000000       2.000000000       0.000000000       0.000000000       2.449584915       2.449584915    
    65  -2.000000000      -2.000000000       0.000000000      -2.449584915       0.000000000       0.000000000       2.449584915    
    66   1.000000000       0.000000000      -2.000000000       1.837188686     -0.6123962288      -1.837188686       2.669373275    
    67  -2.000000000      -3.000000000      -2.000000000      -1.837188686     -0.6123962288      -1.837188686       2.669373275    
    68   2.000000000       3.000000000       2.000000000       1.837188686      0.6123962288       1.837188686       2.669373275    
    69  -1.000000000       0.000000000       2.000000000      -1.837188686      0.6123962288       1.837188686       2.669373275    
    70   0.000000000       1.000000000      -2.000000000       1.837188686      -1.837188686     -0.6123962288       2.669373275    
    71  -2.000000000       1.000000000       0.000000000     -0.6123962288      -1.837188686       1.837188686       2.669373275    
    72   3.000000000       1.000000000       1.000000000       1.837188686       1.837188686     -0.6123962288       2.669373275    
    73  -2.000000000       0.000000000       1.000000000      -1.837188686     -0.6123962288       1.837188686       2.669373275    
    74   0.000000000       2.000000000      -1.000000000       1.837188686      -1.837188686      0.6123962288       2.669373275    
    75   2.000000000      -1.000000000       0.000000000      0.6123962288       1.837188686      -1.837188686       2.669373275    
    76   1.000000000       1.000000000       3.000000000     -0.6123962288       1.837188686       1.837188686       2.669373275    
    77  -1.000000000      -1.000000000      -3.000000000      0.6123962288      -1.837188686      -1.837188686       2.669373275    
    78  -2.000000000      -2.000000000      -3.000000000     -0.6123962288      -1.837188686      -1.837188686       2.669373275    
    79   0.000000000      -1.000000000       2.000000000      -1.837188686       1.837188686      0.6123962288       2.669373275    
    80  -1.000000000      -3.000000000      -1.000000000      -1.837188686      0.6123962288      -1.837188686       2.669373275    
    81  -1.000000000       2.000000000       0.000000000      0.6123962288      -1.837188686       1.837188686       2.669373275    
    82   1.000000000       3.000000000       1.000000000       1.837188686     -0.6123962288       1.837188686       2.669373275    
    83   1.000000000      -2.000000000       0.000000000     -0.6123962288       1.837188686      -1.837188686       2.669373275    
    84  -3.000000000      -2.000000000      -2.000000000      -1.837188686      -1.837188686     -0.6123962288       2.669373275    
    85   3.000000000       2.000000000       2.000000000       1.837188686       1.837188686      0.6123962288       2.669373275    
    86   2.000000000       0.000000000      -1.000000000       1.837188686      0.6123962288      -1.837188686       2.669373275    
    87   2.000000000       2.000000000       3.000000000      0.6123962288       1.837188686       1.837188686       2.669373275    
    88   0.000000000      -2.000000000       1.000000000      -1.837188686       1.837188686     -0.6123962288       2.669373275    
    89  -3.000000000      -1.000000000      -1.000000000      -1.837188686      -1.837188686      0.6123962288       2.669373275    
    90  -1.000000000      -3.000000000      -2.000000000      -1.224792458     -0.2220446049E-15  -2.449584915       2.738719193    
    91  -2.000000000      -3.000000000      -1.000000000      -2.449584915     -0.1110223025E-15  -1.224792458       2.738719193    
    92  -3.000000000      -1.000000000      -2.000000000      -1.224792458      -2.449584915     -0.2220446049E-15   2.738719193    
    93  -2.000000000      -1.000000000      -3.000000000       0.000000000      -2.449584915      -1.224792458       2.738719193    
    94  -1.000000000       1.000000000      -2.000000000       1.224792458      -2.449584915       0.000000000       2.738719193    
    95   1.000000000      -1.000000000      -2.000000000       1.224792458       0.000000000      -2.449584915       2.738719193    
    96   1.000000000       2.000000000      -1.000000000       2.449584915      -1.224792458       0.000000000       2.738719193    
    97   1.000000000       3.000000000       2.000000000       1.224792458      0.2220446049E-15   2.449584915       2.738719193    
    98   3.000000000       1.000000000       2.000000000       1.224792458       2.449584915      0.2220446049E-15   2.738719193    
    99   2.000000000       1.000000000      -1.000000000       2.449584915       0.000000000      -1.224792458       2.738719193    
   100   2.000000000       1.000000000       3.000000000       0.000000000       2.449584915       1.224792458       2.738719193    
   101  -2.000000000      -1.000000000       1.000000000      -2.449584915       0.000000000       1.224792458       2.738719193    
   102  -2.000000000       1.000000000      -1.000000000       0.000000000      -2.449584915       1.224792458       2.738719193    
   103   2.000000000       3.000000000       1.000000000       2.449584915      0.1110223025E-15   1.224792458       2.738719193    
   104  -1.000000000       1.000000000       2.000000000      -1.224792458       0.000000000       2.449584915       2.738719193    
   105  -3.000000000      -2.000000000      -1.000000000      -2.449584915      -1.224792458     -0.1110223025E-15   2.738719193    
   106   1.000000000       2.000000000       3.000000000       0.000000000       1.224792458       2.449584915       2.738719193    
   107  -1.000000000      -2.000000000       1.000000000      -2.449584915       1.224792458       0.000000000       2.738719193    
   108   3.000000000       2.000000000       1.000000000       2.449584915       1.224792458      0.1110223025E-15   2.738719193    
   109   2.000000000      -1.000000000       1.000000000       0.000000000       2.449584915      -1.224792458       2.738719193    
   110   1.000000000      -2.000000000      -1.000000000       0.000000000       1.224792458      -2.449584915       2.738719193    
   111  -1.000000000       2.000000000       1.000000000       0.000000000      -1.224792458       2.449584915       2.738719193    
   112   1.000000000      -1.000000000       2.000000000      -1.224792458       2.449584915       0.000000000       2.738719193    
   113  -1.000000000      -2.000000000      -3.000000000       0.000000000      -1.224792458      -2.449584915       2.738719193    
