   0.000000000      0.3018274727E-02   0.000000000    
  0.4535233333E-01  0.3025780339E-02   0.000000000    
  0.9070466667E-01  0.3033415927E-02   0.000000000    
  0.1360570000      0.3041187928E-02   0.000000000    
  0.1814093333      0.3049103236E-02   0.000000000    
  0.2267616667      0.3057169247E-02   0.000000000    
  0.2721140000      0.3065393901E-02   0.000000000    
  0.3174663333      0.3073785738E-02   0.000000000    
  0.3628186667      0.3082353952E-02   0.000000000    
  0.4081710000      0.3091108460E-02   0.000000000    
  0.4535233333      0.3100059969E-02   0.000000000    
  0.4988756667      0.3109220063E-02   0.000000000    
  0.5442280000      0.3118601286E-02   0.000000000    
  0.5895803333      0.3128217257E-02   0.000000000    
  0.6349326667      0.3138082775E-02   0.000000000    
  0.6802850000      0.3148213960E-02   0.000000000    
  0.7256373333      0.3158628399E-02   0.000000000    
  0.7709896667      0.3169345323E-02   0.000000000    
  0.8163420000      0.3180385798E-02   0.000000000    
  0.8616943333      0.3191772958E-02   0.000000000    
  0.9070466667      0.3203532264E-02   0.000000000    
  0.9523990000      0.3215691806E-02   0.000000000    
  0.9977513333      0.3228282656E-02   0.000000000    
   1.043103667      0.3241339276E-02   0.000000000    
   1.088456000      0.3254900003E-02   0.000000000    
   1.133808333      0.3269007608E-02   0.000000000    
   1.179160667      0.3283709971E-02   0.000000000    
   1.224513000      0.3299060875E-02   0.000000000    
   1.269865333      0.3315120953E-02   0.000000000    
   1.315217667      0.3331958834E-02   0.000000000    
   1.360570000      0.3349652528E-02   0.000000000    
   1.405922333      0.3368291106E-02   0.000000000    
   1.451274667      0.3387976772E-02   0.000000000    
   1.496627000      0.3408827418E-02   0.000000000    
   1.541979333      0.3430979813E-02   0.000000000    
   1.587331667      0.3454593613E-02   0.000000000    
   1.632684000      0.3479856462E-02   0.000000000    
   1.678036333      0.3506990531E-02   0.000000000    
   1.723388667      0.3536261015E-02   0.000000000    
   1.768741000      0.3567987290E-02   0.000000000    
   1.814093333      0.3602557744E-02   0.000000000    
   1.859445667      0.3640449755E-02   0.000000000    
   1.904798000      0.3682256911E-02   0.000000000    
   1.950150333      0.3728726513E-02   0.000000000    
   1.995502667      0.3780811562E-02   0.000000000    
   2.040855000      0.3839742740E-02   0.000000000    
   2.086207333      0.3907126044E-02   0.000000000    
   2.131559667      0.3985067164E-02   0.000000000    
   2.176912000      0.4076303094E-02   0.000000000    
   2.222264333      0.4184257560E-02   0.000000000    
   2.267616667      0.4312787338E-02   0.000000000    
   2.312969000      0.4465207398E-02   0.000000000    
   2.358321333      0.4642592308E-02   0.000000000    
   2.403673667      0.4843490613E-02   0.000000000    
   2.449026000      0.5067837333E-02   0.000000000    
   2.494378333      0.5319483170E-02   0.000000000    
   2.539730667      0.5601786758E-02   0.000000000    
   2.585083000      0.5920780926E-02   0.000000000    
   2.630435333      0.6296960789E-02   0.000000000    
   2.675787667      0.6757565667E-02   0.000000000    
   2.721140000      0.7312603389E-02   0.000000000    
   2.766492333      0.7938740323E-02   0.000000000    
   2.811844667      0.8568242506E-02   0.000000000    
   2.857197000      0.9102889329E-02   0.000000000    
   2.902549333      0.9496706330E-02   0.000000000    
   2.947901667      0.9819735682E-02   0.000000000    
   2.993254000      0.1016595135E-01   0.000000000    
   3.038606333      0.1052188582E-01   0.000000000    
   3.083958667      0.1078132756E-01   0.000000000    
   3.129311000      0.1089301907E-01   0.000000000    
   3.174663333      0.1094898436E-01   0.000000000    
   3.220015667      0.1108995483E-01   0.000000000    
   3.265368000      0.1136650706E-01   0.000000000    
   3.310720333      0.1169059881E-01   0.000000000    
   3.356072667      0.1191646399E-01   0.000000000    
   3.401425000      0.1200735602E-01   0.000000000    
   3.446777333      0.1208749257E-01   0.000000000    
   3.492129667      0.1213208210E-01   0.000000000    
   3.537482000      0.1197969409E-01   0.000000000    
   3.582834333      0.1180929100E-01   0.000000000    
   3.628186667      0.1177051242E-01   0.000000000    
   3.673539000      0.1144069540E-01   0.000000000    
   3.718891333      0.1104858575E-01   0.000000000    
   3.764243667      0.1062216282E-01   0.000000000    
   3.809596000      0.1026132769E-01   0.000000000    
   3.854948333      0.1007402089E-01   0.000000000    
   3.900300667      0.1013303480E-01   0.000000000    
   3.945653000      0.1048613632E-01   0.000000000    
   3.991005333      0.1118231982E-01   0.000000000    
   4.036357667      0.1226597105E-01   0.000000000    
   4.081710000      0.1371726953E-01   0.000000000    
   4.127062333      0.1533886885E-01   0.000000000    
   4.172414667      0.1666395295E-01   0.000000000    
   4.217767000      0.1722302149E-01   0.000000000    
   4.263119333      0.1713438089E-01   0.000000000    
   4.308471667      0.1700948093E-01   0.000000000    
   4.353824000      0.1733577221E-01   0.000000000    
   4.399176333      0.1826122152E-01   0.000000000    
   4.444528667      0.1960401472E-01   0.000000000    
   4.489881000      0.2092016588E-01   0.000000000    
   4.535233333      0.2181807499E-01   0.000000000    
   4.580585667      0.2219497300E-01   0.000000000    
   4.625938000      0.2197507986E-01   0.000000000    
   4.671290333      0.2076859720E-01   0.000000000    
   4.716642667      0.1857333797E-01   0.000000000    
   4.761995000      0.1620864805E-01   0.000000000    
   4.807347333      0.1424796012E-01   0.000000000    
   4.852699667      0.1275861069E-01   0.000000000    
   4.898052000      0.1162586610E-01   0.000000000    
   4.943404333      0.1072569574E-01   0.000000000    
   4.988756667      0.1002131281E-01   0.000000000    
   5.034109000      0.9606886389E-02   0.000000000    
   5.079461333      0.9711286891E-02   0.000000000    
   5.124813667      0.1079012147E-01   0.000000000    
   5.170166000      0.1329109933E-01   0.000000000    
   5.215518333      0.1529143922E-01   0.000000000    
   5.260870667      0.1418440709E-01   0.000000000    
   5.306223000      0.1195401970E-01   0.000000000    
   5.351575333      0.1009630699E-01   0.000000000    
   5.396927667      0.8753914759E-02   0.000000000    
   5.442280000      0.7791342826E-02   0.000000000    
   5.487632333      0.7086755079E-02   0.000000000    
   5.532984667      0.6559706962E-02   0.000000000    
   5.578337000      0.6156575654E-02   0.000000000    
   5.623689333      0.5841053192E-02   0.000000000    
   5.669041667      0.5590221170E-02   0.000000000    
   5.714394000      0.5391064778E-02   0.000000000    
   5.759746333      0.5235225637E-02   0.000000000    
   5.805098667      0.5114161225E-02   0.000000000    
   5.850451000      0.5019019714E-02   0.000000000    
   5.895803333      0.4942680179E-02   0.000000000    
   5.941155667      0.4880137883E-02   0.000000000    
   5.986508000      0.4828125672E-02   0.000000000    
   6.031860333      0.4784756736E-02   0.000000000    
   6.077212667      0.4749153649E-02   0.000000000    
   6.122565000      0.4721173056E-02   0.000000000    
   6.167917333      0.4701189256E-02   0.000000000    
   6.213269667      0.4689471974E-02   0.000000000    
   6.258622000      0.4685334140E-02   0.000000000    
   6.303974333      0.4687395735E-02   0.000000000    
   6.349326667      0.4694601673E-02   0.000000000    
   6.394679000      0.4706604774E-02   0.000000000    
   6.440031333      0.4723551515E-02   0.000000000    
   6.485383667      0.4745783669E-02   0.000000000    
   6.530736000      0.4773684310E-02   0.000000000    
   6.576088333      0.4807711563E-02   0.000000000    
   6.621440667      0.4848487077E-02   0.000000000    
   6.666793000      0.4896844729E-02   0.000000000    
   6.712145333      0.4953872053E-02   0.000000000    
   6.757497667      0.5020996510E-02   0.000000000    
   6.802850000      0.5100176384E-02   0.000000000    
   6.848202333      0.5194326719E-02   0.000000000    
   6.893554667      0.5308226965E-02   0.000000000    
   6.938907000      0.5450054857E-02   0.000000000    
   6.984259333      0.5632597275E-02   0.000000000    
   7.029611667      0.5871713709E-02   0.000000000    
   7.074964000      0.6183054109E-02   0.000000000    
   7.120316333      0.6583129487E-02   0.000000000    
   7.165668667      0.7092068330E-02   0.000000000    
   7.211021000      0.7724180624E-02   0.000000000    
   7.256373333      0.8451634260E-02   0.000000000    
   7.301725667      0.9149836397E-02   0.000000000    
   7.347078000      0.9617293551E-02   0.000000000    
   7.392430333      0.9756163370E-02   0.000000000    
   7.437782667      0.9707804038E-02   0.000000000    
   7.483135000      0.9724393426E-02   0.000000000    
   7.528487333      0.9979198377E-02   0.000000000    
   7.573839667      0.1053483931E-01   0.000000000    
   7.619192000      0.1142196924E-01   0.000000000    
   7.664544333      0.1262311395E-01   0.000000000    
   7.709896667      0.1398783207E-01   0.000000000    
   7.755249000      0.1516235741E-01   0.000000000    
   7.800601333      0.1572892330E-01   0.000000000    
   7.845953667      0.1559464504E-01   0.000000000    
   7.891306000      0.1510282975E-01   0.000000000    
   7.936658333      0.1464820872E-01   0.000000000    
   7.982010667      0.1437057249E-01   0.000000000    
   8.027363000      0.1421591108E-01   0.000000000    
   8.072715333      0.1417491655E-01   0.000000000    
   8.118067667      0.1435946794E-01   0.000000000    
   8.163420000      0.1483780069E-01   0.000000000    
   8.208772333      0.1549657546E-01   0.000000000    
   8.254124667      0.1609919553E-01   0.000000000    
   8.299477000      0.1655305765E-01   0.000000000    
   8.344829333      0.1702238177E-01   0.000000000    
   8.390181667      0.1762207520E-01   0.000000000    
   8.435534000      0.1814066479E-01   0.000000000    
   8.480886333      0.1818245334E-01   0.000000000    
   8.526238667      0.1763224038E-01   0.000000000    
   8.571591000      0.1682445045E-01   0.000000000    
   8.616943333      0.1617295225E-01   0.000000000    
   8.662295667      0.1586706134E-01   0.000000000    
   8.707648000      0.1592677314E-01   0.000000000    
   8.753000333      0.1635210973E-01   0.000000000    
   8.798352667      0.1716502313E-01   0.000000000    
   8.843705000      0.1834273681E-01   0.000000000    
   8.889057333      0.1983916552E-01   0.000000000    
   8.934409667      0.2167334362E-01   0.000000000    
   8.979762000      0.2377205320E-01   0.000000000    
   9.025114333      0.2595994411E-01   0.000000000    
   9.070466667      0.2787416840E-01   0.000000000    
   9.115819000      0.2832970035E-01   0.000000000    
   9.161171333      0.2699797127E-01   0.000000000    
   9.206523667      0.2497240756E-01   0.000000000    
   9.251876000      0.2293626631E-01   0.000000000    
   9.297228333      0.2118088304E-01   0.000000000    
   9.342580667      0.1973669449E-01   0.000000000    
   9.387933000      0.1844719674E-01   0.000000000    
   9.433285333      0.1710680689E-01   0.000000000    
   9.478637667      0.1536922299E-01   0.000000000    
   9.523990000      0.1336413876E-01   0.000000000    
   9.569342333      0.1178512828E-01   0.000000000    
   9.614694667      0.1072357986E-01   0.000000000    
   9.660047000      0.9974774777E-02   0.000000000    
   9.705399333      0.9364390872E-02   0.000000000    
   9.750751667      0.8830495543E-02   0.000000000    
   9.796104000      0.8452069229E-02   0.000000000    
   9.841456333      0.8297091496E-02   0.000000000    
   9.886808667      0.8345323509E-02   0.000000000    
   9.932161000      0.8560661620E-02   0.000000000    
   9.977513333      0.8922435551E-02   0.000000000    
   10.02286567      0.9410704218E-02   0.000000000    
   10.06821800      0.9996619038E-02   0.000000000    
   10.11357033      0.1064731547E-01   0.000000000    
   10.15892267      0.1129184560E-01   0.000000000    
   10.20427500      0.1178568288E-01   0.000000000    
   10.24962733      0.1195809256E-01   0.000000000    
   10.29497967      0.1174497690E-01   0.000000000    
   10.34033200      0.1129940278E-01   0.000000000    
   10.38568433      0.1086700827E-01   0.000000000    
   10.43103667      0.1057212614E-01   0.000000000    
   10.47638900      0.1034801255E-01   0.000000000    
   10.52174133      0.1003719610E-01   0.000000000    
   10.56709367      0.9651596870E-02   0.000000000    
   10.61244600      0.9300060321E-02   0.000000000    
   10.65779833      0.9023007019E-02   0.000000000    
   10.70315067      0.8845165101E-02   0.000000000    
   10.74850300      0.8786617513E-02   0.000000000    
   10.79385533      0.8850599447E-02   0.000000000    
   10.83920767      0.9025496876E-02   0.000000000    
   10.88456000      0.9295883596E-02   0.000000000    
   10.92991233      0.9644503247E-02   0.000000000    
   10.97526467      0.1004858077E-01   0.000000000    
   11.02061700      0.1048675513E-01   0.000000000    
   11.06596933      0.1091815038E-01   0.000000000    
   11.11132167      0.1128657981E-01   0.000000000    
   11.15667400      0.1161332923E-01   0.000000000    
   11.20202633      0.1202318140E-01   0.000000000    
   11.24737867      0.1263062175E-01   0.000000000    
   11.29273100      0.1346389174E-01   0.000000000    
   11.33808333      0.1453003662E-01   0.000000000    
   11.38343567      0.1588737292E-01   0.000000000    
   11.42878800      0.1756884754E-01   0.000000000    
   11.47414033      0.1946404626E-01   0.000000000    
   11.51949267      0.2123472472E-01   0.000000000    
   11.56484500      0.2210812052E-01   0.000000000    
   11.61019733      0.2087231102E-01   0.000000000    
   11.65554967      0.1780747518E-01   0.000000000    
   11.70090200      0.1508429448E-01   0.000000000    
   11.74625433      0.1401024394E-01   0.000000000    
   11.79160667      0.1400560812E-01   0.000000000    
   11.83695900      0.1416298550E-01   0.000000000    
   11.88231133      0.1412499242E-01   0.000000000    
   11.92766367      0.1391899863E-01   0.000000000    
   11.97301600      0.1353776151E-01   0.000000000    
   12.01836833      0.1300142196E-01   0.000000000    
   12.06372067      0.1237362143E-01   0.000000000    
   12.10907300      0.1169610448E-01   0.000000000    
   12.15442533      0.1105166625E-01   0.000000000    
   12.19977767      0.1056542432E-01   0.000000000    
   12.24513000      0.1031759002E-01   0.000000000    
   12.29048233      0.1030833614E-01   0.000000000    
   12.33583467      0.1049722005E-01   0.000000000    
   12.38118700      0.1083214221E-01   0.000000000    
   12.42653933      0.1127460523E-01   0.000000000    
   12.47189167      0.1182618378E-01   0.000000000    
   12.51724400      0.1247197948E-01   0.000000000    
   12.56259633      0.1307460444E-01   0.000000000    
   12.60794867      0.1337988206E-01   0.000000000    
   12.65330100      0.1327395979E-01   0.000000000    
   12.69865333      0.1308428305E-01   0.000000000    
   12.74400567      0.1340960371E-01   0.000000000    
   12.78935800      0.1459746306E-01   0.000000000    
   12.83471033      0.1653000609E-01   0.000000000    
   12.88006267      0.1879778284E-01   0.000000000    
   12.92541500      0.2076880717E-01   0.000000000    
   12.97076733      0.2174387488E-01   0.000000000    
   13.01611967      0.2209291599E-01   0.000000000    
   13.06147200      0.2343382221E-01   0.000000000    
   13.10682433      0.2614818240E-01   0.000000000    
   13.15217667      0.2862653938E-01   0.000000000    
   13.19752900      0.2908629922E-01   0.000000000    
   13.24288133      0.2816017778E-01   0.000000000    
   13.28823367      0.2724257158E-01   0.000000000    
   13.33358600      0.2718870972E-01   0.000000000    
   13.37893833      0.2742775295E-01   0.000000000    
   13.42429067      0.8613749734E-03   0.000000000    
   13.46964300      0.8346184851E-02   0.000000000    
   13.51499533      0.1555078397E-01   0.000000000    
   13.56034767      0.1609243595E-01   0.000000000    
 
## Date (YYYY-MM-DD): 2009-07-16
## Time (hh:mm:ss)  : 11:37:09
# version           : 0.9.224
# version (xs)      : 0.091
# efermi (H,eV)     :    0.202574    5.512329
# vgqlmt            :    0.000000    0.000000    0.000000
# ivgmt             :       0       0       0
# vql               :    0.000000    0.000000    0.000000
# fxctype           :       8
# alphalrc          :    0.000000
# alphalrcdyn       :    0.000000
# betalrcdyn        :    0.000000
# intraband         :       F
# aresdf            :       F
# aresfxc           :       F
# torddf            :       F
# tordfxc           :       F
# acont             :       F
# nwacont           :     300
# broad (H,eV)      :    0.007000    0.190480
# scissor (H,eV)    :    0.000000    0.000000
# nwdos             :     300
# ngq               :     113
# gqmax             :    3.000000
# gmaxvr            :   12.000000
# rgkmax            :    6.000000
# gkmax             :    3.000000
# ngridk            :       2       2       2
# vkloff            :    0.033333    0.100000    0.166667
# reducek           :       F
# nmatmax           :     145
# ngkmax            :     125
# nlotot            :      20
# nlomax            :       4
# nst1              :       4
# nst2              :       6
# nstlbse           :       4       6
# nstsv             :      10
# evlmincut (H,eV)  :   -0.098372   -2.676840
# evlmaxcut (H,eV)  :    0.478363   13.016938
# evlmin (H,eV)     :   -0.244188   -6.644710
# evlmax (H,eV)     :    0.620580   16.886852
# evlhpo (H,eV)     :    4    0.188956    5.141752
# evllpu (H,eV)     :    5    0.213085    5.798351
# ksgap             :       T
# lmaxapw           :      10
# lmaxapwwf         :       2
# lmaxmat           :       5
# lmaxvr            :       7
# lmaxinr           :       2
# lolmax            :       2
# lmaxemat          :       2
# lmaxalda          :       3
# lradstp           :       4
# tevout            :       T
# fastpmat          :       T
# fastemat          :       T
# nosym             :       T
# dfoffdiag         :       F
 
