   0.000000000       0.000000000       0.000000000    
  0.4535233333E-01  0.1196491946E-03 -0.1871811557E-02
  0.9070466667E-01  0.2470145851E-03 -0.3800979863E-02
  0.1360570000      0.3826796677E-03 -0.5790274363E-02
  0.1814093333      0.5272820736E-03 -0.7842649545E-02
  0.2267616667      0.6815196352E-03 -0.9961260862E-02
  0.2721140000      0.8461572560E-03 -0.1214948234E-01
  0.3174663333      0.1022034710E-02 -0.1441092606E-01
  0.3628186667      0.1210075516E-02 -0.1674946384E-01
  0.4081710000      0.1411297057E-02 -0.1916925125E-01
  0.4535233333      0.1626822155E-02 -0.2167475445E-01
  0.4988756667      0.1857892335E-02 -0.2427078009E-01
  0.5442280000      0.2105883076E-02 -0.2696250876E-01
  0.5895803333      0.2372321387E-02 -0.2975553253E-01
  0.6349326667      0.2658906130E-02 -0.3265589702E-01
  0.6802850000      0.2967531585E-02 -0.3567014890E-01
  0.7256373333      0.3300314866E-02 -0.3880538938E-01
  0.7709896667      0.3659627914E-02 -0.4206933477E-01
  0.8163420000      0.4048134982E-02 -0.4547038516E-01
  0.8616943333      0.4468836683E-02 -0.4901770254E-01
  0.9070466667      0.4925121985E-02 -0.5272129984E-01
  0.9523990000      0.5420829795E-02 -0.5659214273E-01
  0.9977513333      0.5960322236E-02 -0.6064226637E-01
   1.043103667      0.6548572200E-02 -0.6488490971E-01
   1.088456000      0.7191268455E-02 -0.6933467033E-01
   1.133808333      0.7894942436E-02 -0.7400768371E-01
   1.179160667      0.8667121978E-02 -0.7892183126E-01
   1.224513000      0.9516518718E-02 -0.8409698269E-01
   1.269865333      0.1045325786E-01 -0.8955527915E-01
   1.315217667      0.1148916157E-01 -0.9532146521E-01
   1.360570000      0.1263810073E-01 -0.1014232793    
   1.405922333      0.1391643458E-01 -0.1078919146    
   1.451274667      0.1534356397E-01 -0.1147625641    
   1.496627000      0.1694263319E-01 -0.1220750679    
   1.541979333      0.1874142709E-01 -0.1298746826    
   1.587331667      0.2077352803E-01 -0.1382129983    
   1.632684000      0.2307982136E-01 -0.1471490306    
   1.678036333      0.2571047348E-01 -0.1567505202    
   1.723388667      0.2872755745E-01 -0.1670954722    
   1.768741000      0.3220857615E-01 -0.1782739633    
   1.814093333      0.3625124340E-01 -0.1903902287    
   1.859445667      0.4098004939E-01 -0.2035649966    
   1.904798000      0.4655538472E-01 -0.2179379462    
   1.950150333      0.5318637156E-01 -0.2336699629    
   1.995502667      0.6114910583E-01 -0.2509444532    
   2.040855000      0.7081281620E-01 -0.2699661393    
   2.086207333      0.8267750899E-01 -0.2909540489    
   2.131559667      0.9742777722E-01 -0.3141220228    
   2.176912000      0.1160075931     -0.3396335589    
   2.222264333      0.1397169007     -0.3675064772    
   2.267616667      0.1703153448     -0.3974273548    
   2.312969000      0.2100825526     -0.4284262698    
   2.358321333      0.2617358562     -0.4583762712    
   2.403673667      0.3280492710     -0.4832881845    
   2.449026000      0.4107577374     -0.4964022739    
   2.494378333      0.5078663627     -0.4878480966    
   2.539730667      0.6096720928     -0.4476511924    
   2.585083000      0.6992112128     -0.3740022539    
   2.630435333      0.7631261759     -0.2770037018    
   2.675787667      0.7976406162     -0.1678246013    
   2.721140000      0.7988456591     -0.5523843487E-01
   2.766492333      0.7655034806      0.4435011994E-01
   2.811844667      0.7117403939      0.1155498937    
   2.857197000      0.6568847848      0.1599195452    
   2.902549333      0.6082373972      0.1890623910    
   2.947901667      0.5629310851      0.2089613570    
   2.993254000      0.5202008908      0.2182703841    
   3.038606333      0.4843757753      0.2169240128    
   3.083958667      0.4594722599      0.2094137361    
   3.129311000      0.4454755648      0.2023719337    
   3.174663333      0.4376353452      0.2004027751    
   3.220015667      0.4304084147      0.2024299573    
   3.265368000      0.4230645815      0.2046391477    
   3.310720333      0.4180036962      0.2064596459    
   3.356072667      0.4157685507      0.2099781777    
   3.401425000      0.4145418798      0.2164027735    
   3.446777333      0.4133165401      0.2237879256    
   3.492129667      0.4169412096      0.2327557895    
   3.537482000      0.4262473382      0.2565934292    
   3.582834333      0.3999610185      0.3058467337    
   3.628186667      0.3624332019      0.2934985422    
   3.673539000      0.3562351099      0.2961929251    
   3.718891333      0.3424394834      0.3066777841    
   3.764243667      0.3225630565      0.3148585039    
   3.809596000      0.2990622368      0.3175228904    
   3.854948333      0.2751362713      0.3126394600    
   3.900300667      0.2547593269      0.3003964891    
   3.945653000      0.2409195315      0.2830000993    
   3.991005333      0.2351248364      0.2634002444    
   4.036357667      0.2377854752      0.2445621852    
   4.081710000      0.2488531692      0.2295019977    
   4.127062333      0.2674716376      0.2224393013    
   4.172414667      0.2892514888      0.2285017953    
   4.217767000      0.3048039677      0.2491234405    
   4.263119333      0.3050825315      0.2769583179    
   4.308471667      0.2902707875      0.2999388395    
   4.353824000      0.2685533860      0.3118084520    
   4.399176333      0.2471100852      0.3137042601    
   4.444528667      0.2293250358      0.3087570491    
   4.489881000      0.2165175389      0.3002644352    
   4.535233333      0.2074001296      0.2907702169    
   4.580585667      0.2008831493      0.2796978964    
   4.625938000      0.1980941150      0.2668046829    
   4.671290333      0.2002209509      0.2529615449    
   4.716642667      0.2082051130      0.2397118375    
   4.761995000      0.2224219310      0.2291345518    
   4.807347333      0.2426722874      0.2235528380    
   4.852699667      0.2683120901      0.2258971410    
   4.898052000      0.2969410360      0.2403850225    
   4.943404333      0.3219639661      0.2707085273    
   4.988756667      0.3328882233      0.3153694359    
   5.034109000      0.3207507753      0.3637331560    
   5.079461333      0.2876858365      0.3991661004    
   5.124813667      0.2488672104      0.4122492134    
   5.170166000      0.2211018421      0.4088973373    
   5.215518333      0.2087072854      0.4070219448    
   5.260870667      0.1962604163      0.4163667811    
   5.306223000      0.1738172632      0.4254585649    
   5.351575333      0.1478982545      0.4260535327    
   5.396927667      0.1247399633      0.4197703011    
   5.442280000      0.1059858195      0.4100260525    
   5.487632333      0.9123448625E-01  0.3990539408    
   5.532984667      0.7964720560E-01  0.3880006194    
   5.578337000      0.7044897768E-01  0.3773902769    
   5.623689333      0.6303143915E-01  0.3674232004    
   5.669041667      0.5694561416E-01  0.3581400271    
   5.714394000      0.5186822499E-01  0.3495073457    
   5.759746333      0.4757094810E-01  0.3414599664    
   5.805098667      0.4389843870E-01  0.3339251516    
   5.850451000      0.4074873792E-01  0.3268389737    
   5.895803333      0.3805661477E-01  0.3201545545    
   5.941155667      0.3577826263E-01  0.3138521930    
   5.986508000      0.3385974235E-01  0.3079391700    
   6.031860333      0.3222051220E-01  0.3024139271    
   6.077212667      0.3078230520E-01  0.2972417137    
   6.122565000      0.2949454250E-01  0.2923716164    
   6.167917333      0.2833038358E-01  0.2877580294    
   6.213269667      0.2727393532E-01  0.2833659009    
   6.258622000      0.2631353788E-01  0.2791674086    
   6.303974333      0.2544026710E-01  0.2751391439    
   6.349326667      0.2464739597E-01  0.2712610272    
   6.394679000      0.2392981399E-01  0.2675156016    
   6.440031333      0.2328363553E-01  0.2638873855    
   6.485383667      0.2270597154E-01  0.2603623067    
   6.530736000      0.2219488015E-01  0.2569271560    
   6.576088333      0.2174955185E-01  0.2535691620    
   6.621440667      0.2137057659E-01  0.2502757705    
   6.666793000      0.2106020292E-01  0.2470345010    
   6.712145333      0.2082267380E-01  0.2438327940    
   6.757497667      0.2066473770E-01  0.2406578717    
   6.802850000      0.2059641878E-01  0.2374966663    
   6.848202333      0.2063215727E-01  0.2343359017    
   6.893554667      0.2079248711E-01  0.2311624952    
   6.938907000      0.2110647884E-01  0.2279646259    
   6.984259333      0.2161519768E-01  0.2247341530    
   7.029611667      0.2237631608E-01  0.2214716978    
   7.074964000      0.2346948581E-01  0.2181969250    
   7.120316333      0.2499985644E-01  0.2149687704    
   7.165668667      0.2709011504E-01  0.2119224003    
   7.211021000      0.2983479150E-01  0.2093246626    
   7.256373333      0.3316670975E-01  0.2076135646    
   7.301725667      0.3661607924E-01  0.2072814052    
   7.347078000      0.3920628436E-01  0.2083986066    
   7.392430333      0.4005047671E-01  0.2100920164    
   7.437782667      0.3931513150E-01  0.2110634922    
   7.483135000      0.3787314748E-01  0.2107894178    
   7.528487333      0.3624819625E-01  0.2091510493    
   7.573839667      0.3527256579E-01  0.2060404643    
   7.619192000      0.3562026161E-01  0.2020619136    
   7.664544333      0.3744096789E-01  0.1977881352    
   7.709896667      0.4082955205E-01  0.1936250965    
   7.755249000      0.4592804893E-01  0.1900084665    
   7.800601333      0.5291808284E-01  0.1875407040    
   7.845953667      0.6190467624E-01  0.1872617271    
   7.891306000      0.7228516625E-01  0.1908506972    
   7.936658333      0.8175538877E-01  0.1998949686    
   7.982010667      0.8644112913E-01  0.2138338457    
   8.027363000      0.8368706194E-01  0.2287405800    
   8.072715333      0.7479373655E-01  0.2399327143    
   8.118067667      0.6354419153E-01  0.2455354095    
   8.163420000      0.5298229682E-01  0.2464902075    
   8.208772333      0.4440050803E-01  0.2445703005    
   8.254124667      0.3795893524E-01  0.2412459511    
   8.299477000      0.3331007715E-01  0.2374648652    
   8.344829333      0.2999026299E-01  0.2337059602    
   8.390181667      0.2761771225E-01  0.2301759085    
   8.435534000      0.2588299590E-01  0.2269590973    
   8.480886333      0.2451604422E-01  0.2240291694    
   8.526238667      0.2334732072E-01  0.2212379742    
   8.571591000      0.2238656236E-01  0.2184158662    
   8.616943333      0.2176270438E-01  0.2155165850    
   8.662295667      0.2157147070E-01  0.2126354155    
   8.707648000      0.2180824111E-01  0.2098954998    
   8.753000333      0.2244387002E-01  0.2074035538    
   8.798352667      0.2336007181E-01  0.2053404280    
   8.843705000      0.2418584577E-01  0.2036812343    
   8.889057333      0.2484266179E-01  0.2020335192    
   8.934409667      0.2555565507E-01  0.2002319473    
   8.979762000      0.2651251860E-01  0.1982572638    
   9.025114333      0.2791127944E-01  0.1961682142    
   9.070466667      0.2988912865E-01  0.1941244812    
   9.115819000      0.3249399380E-01  0.1922322115    
   9.161171333      0.3602840815E-01  0.1905008414    
   9.206523667      0.4112230616E-01  0.1896135572    
   9.251876000      0.4747956911E-01  0.1910555757    
   9.297228333      0.5352450195E-01  0.1957792788    
   9.342580667      0.5728795579E-01  0.2034059508    
   9.387933000      0.5744686907E-01  0.2124442722    
   9.433285333      0.5362226154E-01  0.2208930508    
   9.478637667      0.4681106259E-01  0.2267060846    
   9.523990000      0.3907701874E-01  0.2291770279    
   9.569342333      0.3193672246E-01  0.2289854258    
   9.614694667      0.2596918831E-01  0.2270403228    
   9.660047000      0.2134632711E-01  0.2239911457    
   9.705399333      0.1817512528E-01  0.2203951329    
   9.750751667      0.1634197529E-01  0.2168842287    
   9.796104000      0.1539851759E-01  0.2138633158    
   9.841456333      0.1491961388E-01  0.2113592723    
   9.886808667      0.1468157228E-01  0.2092691593    
   9.932161000      0.1457933422E-01  0.2075060317    
   9.977513333      0.1455216850E-01  0.2060189813    
   10.02286567      0.1453594244E-01  0.2047765867    
   10.06821800      0.1446235969E-01  0.2037149409    
   10.11357033      0.1432649097E-01  0.2027474787    
   10.15892267      0.1416190859E-01  0.2018528702    
   10.20427500      0.1394033601E-01  0.2010427842    
   10.24962733      0.1360378131E-01  0.2002485473    
   10.29497967      0.1320467366E-01  0.1993464307    
   10.34033200      0.1290095601E-01  0.1983293185    
   10.38568433      0.1277990646E-01  0.1973496251    
   10.43103667      0.1272190063E-01  0.1965909918    
   10.47638900      0.1244985053E-01  0.1959741674    
   10.52174133      0.1201689832E-01  0.1951995610    
   10.56709367      0.1163785731E-01  0.1942992999    
   10.61244600      0.1129486502E-01  0.1933770355    
   10.65779833      0.1093699096E-01  0.1924060159    
   10.70315067      0.1059173664E-01  0.1913278463    
   10.74850300      0.1033036543E-01  0.1901319331    
   10.79385533      0.1021264576E-01  0.1888589799    
   10.83920767      0.1026105837E-01  0.1875754147    
   10.88456000      0.1045596430E-01  0.1863452469    
   10.92991233      0.1074443641E-01  0.1852065562    
   10.97526467      0.1106285547E-01  0.1841483862    
   11.02061700      0.1138846210E-01  0.1831192686    
   11.06596933      0.1174196608E-01  0.1820916694    
   11.11132167      0.1212288045E-01  0.1810631265    
   11.15667400      0.1251601597E-01  0.1799892614    
   11.20202633      0.1296793945E-01  0.1787876417    
   11.24737867      0.1360378388E-01  0.1774113917    
   11.29273100      0.1459313375E-01  0.1758824375    
   11.33808333      0.1615765162E-01  0.1743190830    
   11.38343567      0.1853493255E-01  0.1730918637    
   11.42878800      0.2156043571E-01  0.1729119579    
   11.47414033      0.2437225686E-01  0.1741258900    
   11.51949267      0.2618107910E-01  0.1762800968    
   11.56484500      0.2679418575E-01  0.1785897093    
   11.61019733      0.2651940696E-01  0.1805284853    
   11.65554967      0.2569203377E-01  0.1818559033    
   11.70090200      0.2475974499E-01  0.1824449222    
   11.74625433      0.2416618764E-01  0.1826045259    
   11.79160667      0.2379707783E-01  0.1827283516    
   11.83695900      0.2352587744E-01  0.1827651718    
   11.88231133      0.2346277572E-01  0.1827409759    
   11.92766367      0.2368005539E-01  0.1828072728    
   11.97301600      0.2416239008E-01  0.1832486040    
   12.01836833      0.2456473480E-01  0.1843789844    
   12.06372067      0.2425242048E-01  0.1861122176    
   12.10907300      0.2283746843E-01  0.1877961101    
   12.15442533      0.2058840015E-01  0.1886952825    
   12.19977767      0.1817012253E-01  0.1885488613    
   12.24513000      0.1611521139E-01  0.1875936950    
   12.29048233      0.1460402369E-01  0.1862172015    
   12.33583467      0.1358875647E-01  0.1847048394    
   12.38118700      0.1294824934E-01  0.1832140628    
   12.42653933      0.1254966055E-01  0.1817987856    
   12.47189167      0.1230709652E-01  0.1804318067    
   12.51724400      0.1220716981E-01  0.1790825231    
   12.56259633      0.1224435749E-01  0.1777663082    
   12.60794867      0.1235772442E-01  0.1764901514    
   12.65330100      0.1248188501E-01  0.1751550437    
   12.69865333      0.1270405944E-01  0.1735870258    
   12.74400567      0.1328909131E-01  0.1717371335    
   12.78935800      0.1452352710E-01  0.1697812357    
   12.83471033      0.1659610682E-01  0.1681621048    
   12.88006267      0.1910550408E-01  0.1676041034    
   12.92541500      0.2089043233E-01  0.1677259312    
   12.97076733      0.2251186809E-01  0.1673088037    
   13.01611967      0.2504102611E-01  0.1669593992    
   13.06147200      0.2824414923E-01  0.1677357384    
   13.10682433      0.3120697542E-01  0.1701740470    
   13.15217667      0.3242622623E-01  0.1740418272    
   13.19752900      0.3123547581E-01  0.1771068701    
   13.24288133      0.2963348640E-01  0.1783438394    
   13.28823367      0.2827631495E-01  0.1787006800    
   13.33358600      0.2633302008E-01  0.1777589908    
   13.37893833      0.2452095702E-01  0.1713382520    
   13.42429067      0.3166922038E-01  0.1419313291    
   13.46964300      0.1330179547E-01  0.2336637986    
   13.51499533      0.1700912375E-01  0.2017256409    
   13.56034767      0.1638765175E-01  0.1960730617    
 
## Date (YYYY-MM-DD): 2009-07-16
## Time (hh:mm:ss)  : 11:37:09
# version           : 0.9.224
# version (xs)      : 0.091
# efermi (H,eV)     :    0.202574    5.512329
# vgqlmt            :    0.000000    0.000000    0.000000
# ivgmt             :       0       0       0
# vql               :    0.000000    0.000000    0.000000
# fxctype           :       8
# alphalrc          :    0.000000
# alphalrcdyn       :    0.000000
# betalrcdyn        :    0.000000
# intraband         :       F
# aresdf            :       F
# aresfxc           :       F
# torddf            :       F
# tordfxc           :       F
# acont             :       F
# nwacont           :     300
# broad (H,eV)      :    0.007000    0.190480
# scissor (H,eV)    :    0.000000    0.000000
# nwdos             :     300
# ngq               :     113
# gqmax             :    3.000000
# gmaxvr            :   12.000000
# rgkmax            :    6.000000
# gkmax             :    3.000000
# ngridk            :       2       2       2
# vkloff            :    0.033333    0.100000    0.166667
# reducek           :       F
# nmatmax           :     145
# ngkmax            :     125
# nlotot            :      20
# nlomax            :       4
# nst1              :       4
# nst2              :       6
# nstlbse           :       4       6
# nstsv             :      10
# evlmincut (H,eV)  :   -0.098372   -2.676840
# evlmaxcut (H,eV)  :    0.478363   13.016938
# evlmin (H,eV)     :   -0.244188   -6.644710
# evlmax (H,eV)     :    0.620580   16.886852
# evlhpo (H,eV)     :    4    0.188956    5.141752
# evllpu (H,eV)     :    5    0.213085    5.798351
# ksgap             :       T
# lmaxapw           :      10
# lmaxapwwf         :       2
# lmaxmat           :       5
# lmaxvr            :       7
# lmaxinr           :       2
# lolmax            :       2
# lmaxemat          :       2
# lmaxalda          :       3
# lradstp           :       4
# tevout            :       T
# fastpmat          :       T
# fastemat          :       T
# nosym             :       T
# dfoffdiag         :       F
 
