   0.000000000       0.000000000       0.000000000    
  0.4535233333E-01  0.2023203994E-03 -0.2838462014E-02
  0.9070466667E-01  0.4190825580E-03 -0.5773881394E-02
  0.1360570000      0.6514878269E-03 -0.8811433385E-02
  0.1814093333      0.9008595757E-03 -0.1195667285E-01
  0.2267616667      0.1168658103E-02 -0.1521556994E-01
  0.2721140000      0.1456497698E-02 -0.1859454979E-01
  0.3174663333      0.1766166216E-02 -0.2210053701E-01
  0.3628186667      0.2099647589E-02 -0.2574100531E-01
  0.4081710000      0.2459147793E-02 -0.2952403331E-01
  0.4535233333      0.2847124881E-02 -0.3345836724E-01
  0.4988756667      0.3266323827E-02 -0.3755349154E-01
  0.5442280000      0.3719817075E-02 -0.4181970867E-01
  0.5895803333      0.4211051878E-02 -0.4626822939E-01
  0.6349326667      0.4743905763E-02 -0.5091127533E-01
  0.6802850000      0.5322751721E-02 -0.5576219556E-01
  0.7256373333      0.5952535144E-02 -0.6083559973E-01
  0.7709896667      0.6638864953E-02 -0.6614751024E-01
  0.8163420000      0.7388121974E-02 -0.7171553697E-01
  0.8616943333      0.8207588388E-02 -0.7755907820E-01
  0.9070466667      0.9105603026E-02 -0.8369955261E-01
  0.9523990000      0.1009174856E-01 -0.9016066775E-01
  0.9977513333      0.1117707820E-01 -0.9696873190E-01
   1.043103667      0.1237439178E-01 -0.1041530174    
   1.088456000      0.1369857361E-01 -0.1117461854    
   1.133808333      0.1516700858E-01 -0.1197847838    
   1.179160667      0.1680009744E-01 -0.1283098336    
   1.224513000      0.1862189922E-01 -0.1373675208    
   1.269865333      0.2066093754E-01 -0.1470100155    
   1.315217667      0.2295121972E-01 -0.1572964460    
   1.360570000      0.2553353492E-01 -0.1682940577    
   1.405922333      0.2845712080E-01 -0.1800795970    
   1.451274667      0.3178182167E-01 -0.1927409659    
   1.496627000      0.3558090838E-01 -0.2063791990    
   1.541979333      0.3994479822E-01 -0.2211108257    
   1.587331667      0.4498601177E-01 -0.2370706762    
   1.632684000      0.5084584887E-01 -0.2544151893    
   1.678036333      0.5770348112E-01 -0.2733262462    
   1.723388667      0.6578848090E-01 -0.2940154851    
   1.768741000      0.7539829483E-01 -0.3167288815    
   1.814093333      0.8692291087E-01 -0.3417510391    
   1.859445667      0.1008800954     -0.3694079127    
   1.904798000      0.1179662742     -0.4000652342    
   1.950150333      0.1391306113     -0.4341169500    
   1.995502667      0.1656831943     -0.4719519579    
   2.040855000      0.1994518625     -0.5138752056    
   2.086207333      0.2430029309     -0.5599346594    
   2.131559667      0.2999274275     -0.6095582343    
   2.176912000      0.3751315018     -0.6608225805    
   2.222264333      0.4748668420     -0.7090752617    
   2.267616667      0.6057299621     -0.7446858107    
   2.312969000      0.7710589045     -0.7505342818    
   2.358321333      0.9633711956     -0.7023518965    
   2.403673667       1.155814695     -0.5773701536    
   2.449026000       1.302558767     -0.3725005404    
   2.494378333       1.359209267     -0.1208942291    
   2.539730667       1.316338746      0.1194269221    
   2.585083000       1.203493535      0.3046555913    
   2.630435333       1.060567760      0.4209794172    
   2.675787667      0.9206793467      0.4752400730    
   2.721140000      0.8042575101      0.4858508451    
   2.766492333      0.7180196379      0.4730443054    
   2.811844667      0.6598460307      0.4530401675    
   2.857197000      0.6223335588      0.4372463340    
   2.902549333      0.5945432397      0.4303031694    
   2.947901667      0.5678169346      0.4282384615    
   2.993254000      0.5421356862      0.4245680647    
   3.038606333      0.5222631826      0.4191460616    
   3.083958667      0.5087824875      0.4173646516    
   3.129311000      0.4958959787      0.4223072662    
   3.174663333      0.4777375245      0.4298285883    
   3.220015667      0.4554016619      0.4328532614    
   3.265368000      0.4353471961      0.4293340735    
   3.310720333      0.4220746037      0.4236951813    
   3.356072667      0.4140568955      0.4216149129    
   3.401425000      0.4059010211      0.4240758807    
   3.446777333      0.3962487250      0.4265176803    
   3.492129667      0.3894201049      0.4299203970    
   3.537482000      0.3812773801      0.4391572059    
   3.582834333      0.3655415275      0.4471735130    
   3.628186667      0.3557835623      0.4512157510    
   3.673539000      0.3417997538      0.4625473956    
   3.718891333      0.3219811924      0.4726847968    
   3.764243667      0.2965297790      0.4793852110    
   3.809596000      0.2673359230      0.4788814882    
   3.854948333      0.2388078732      0.4697624257    
   3.900300667      0.2147106062      0.4536563141    
   3.945653000      0.1967748921      0.4332101375    
   3.991005333      0.1854792219      0.4106555065    
   4.036357667      0.1809819686      0.3878506386    
   4.081710000      0.1833108868      0.3667778320    
   4.127062333      0.1920226329      0.3500316379    
   4.172414667      0.2049188480      0.3409212060    
   4.217767000      0.2164057769      0.3411970449    
   4.263119333      0.2201536455      0.3467099264    
   4.308471667      0.2161015138      0.3493151467    
   4.353824000      0.2103307110      0.3447565686    
   4.399176333      0.2088022003      0.3345834150    
   4.444528667      0.2142552419      0.3230750864    
   4.489881000      0.2261493759      0.3144545473    
   4.535233333      0.2421305841      0.3108543750    
   4.580585667      0.2608269401      0.3123748822    
   4.625938000      0.2833673109      0.3203634583    
   4.671290333      0.3085918571      0.3419154883    
   4.716642667      0.3232948411      0.3819975796    
   4.761995000      0.3139019526      0.4276435043    
   4.807347333      0.2854048700      0.4614483828    
   4.852699667      0.2507263822      0.4789681743    
   4.898052000      0.2176685492      0.4842223284    
   4.943404333      0.1881336450      0.4815547437    
   4.988756667      0.1621141655      0.4725495129    
   5.034109000      0.1407386373      0.4572871188    
   5.079461333      0.1265215443      0.4361864626    
   5.124813667      0.1238098519      0.4107629740    
   5.170166000      0.1397631744      0.3885609748    
   5.215518333      0.1705637947      0.3907996336    
   5.260870667      0.1835868236      0.4221054263    
   5.306223000      0.1673477166      0.4505235016    
   5.351575333      0.1412039811      0.4616783025    
   5.396927667      0.1175068089      0.4608120531    
   5.442280000      0.9885161077E-01  0.4542692847    
   5.487632333      0.8461424859E-01  0.4455261595    
   5.532984667      0.7372515268E-01  0.4362064361    
   5.578337000      0.6527180475E-01  0.4270365325    
   5.623689333      0.5857286675E-01  0.4182997098    
   5.669041667      0.5316206568E-01  0.4100680038    
   5.714394000      0.4873987059E-01  0.4023389335    
   5.759746333      0.4510362995E-01  0.3951067673    
   5.805098667      0.4208520142E-01  0.3883674673    
   5.850451000      0.3953762699E-01  0.3820956977    
   5.895803333      0.3734695402E-01  0.3762464576    
   5.941155667      0.3543122861E-01  0.3707693222    
   5.986508000      0.3373300019E-01  0.3656158777    
   6.031860333      0.3221298409E-01  0.3607431281    
   6.077212667      0.3084468416E-01  0.3561148905    
   6.122565000      0.2961052272E-01  0.3517018545    
   6.167917333      0.2849918752E-01  0.3474821003    
   6.213269667      0.2750115656E-01  0.3434420541    
   6.258622000      0.2660296628E-01  0.3395726043    
   6.303974333      0.2578820647E-01  0.3358618881    
   6.349326667      0.2504330045E-01  0.3322941225    
   6.394679000      0.2435964359E-01  0.3288531469    
   6.440031333      0.2373217711E-01  0.3255248120    
   6.485383667      0.2315748154E-01  0.3222972542    
   6.530736000      0.2263270684E-01  0.3191600360    
   6.576088333      0.2215553700E-01  0.3161032707    
   6.621440667      0.2172447665E-01  0.3131173185    
   6.666793000      0.2133893683E-01  0.3101926965    
   6.712145333      0.2099924463E-01  0.3073198459    
   6.757497667      0.2070679316E-01  0.3044886966    
   6.802850000      0.2046453432E-01  0.3016880028    
   6.848202333      0.2027825095E-01  0.2989044692    
   6.893554667      0.2015946285E-01  0.2961222371    
   6.938907000      0.2013049404E-01  0.2933249922    
   6.984259333      0.2022840117E-01  0.2905043114    
   7.029611667      0.2049915461E-01  0.2876709211    
   7.074964000      0.2098546281E-01  0.2848540069    
   7.120316333      0.2173052882E-01  0.2820937929    
   7.165668667      0.2279152293E-01  0.2794590925    
   7.211021000      0.2422083358E-01  0.2770947007    
   7.256373333      0.2597093822E-01  0.2752565836    
   7.301725667      0.2772692695E-01  0.2742139247    
   7.347078000      0.2889392670E-01  0.2739078413    
   7.392430333      0.2905956500E-01  0.2737062827    
   7.437782667      0.2850084189E-01  0.2728414107    
   7.483135000      0.2793741032E-01  0.2710623243    
   7.528487333      0.2792486314E-01  0.2686516873    
   7.573839667      0.2867304802E-01  0.2659968661    
   7.619192000      0.3028317030E-01  0.2634425949    
   7.664544333      0.3277729274E-01  0.2614266214    
   7.709896667      0.3593105715E-01  0.2605094201    
   7.755249000      0.3904218804E-01  0.2611629221    
   7.800601333      0.4100585194E-01  0.2632092630    
   7.845953667      0.4114588041E-01  0.2655269923    
   7.891306000      0.3995548909E-01  0.2669144069    
   7.936658333      0.3847940312E-01  0.2671157617    
   7.982010667      0.3728505922E-01  0.2665987904    
   8.027363000      0.3633871967E-01  0.2657297874    
   8.072715333      0.3559534267E-01  0.2644734234    
   8.118067667      0.3533035199E-01  0.2628299117    
   8.163420000      0.3579315736E-01  0.2611666439    
   8.208772333      0.3682337627E-01  0.2599877120    
   8.254124667      0.3788858143E-01  0.2594533997    
   8.299477000      0.3865094065E-01  0.2591722405    
   8.344829333      0.3940644503E-01  0.2587993702    
   8.390181667      0.4054619434E-01  0.2586542390    
   8.435534000      0.4179227552E-01  0.2593722959    
   8.480886333      0.4221121177E-01  0.2610136577    
   8.526238667      0.4115682652E-01  0.2626467173    
   8.571591000      0.3908041718E-01  0.2631824095    
   8.616943333      0.3698233500E-01  0.2623820051    
   8.662295667      0.3547871907E-01  0.2606700597    
   8.707648000      0.3471192488E-01  0.2584773037    
   8.753000333      0.3469518610E-01  0.2560485477    
   8.798352667      0.3547480617E-01  0.2535844108    
   8.843705000      0.3702748876E-01  0.2513323039    
   8.889057333      0.3926933595E-01  0.2494066471    
   8.934409667      0.4229681053E-01  0.2479413525    
   8.979762000      0.4615343061E-01  0.2472916430    
   9.025114333      0.5078207581E-01  0.2478672760    
   9.070466667      0.5605845678E-01  0.2505887967    
   9.115819000      0.6001736467E-01  0.2566034252    
   9.161171333      0.6026606467E-01  0.2637979152    
   9.206523667      0.5774011676E-01  0.2696538397    
   9.251876000      0.5401056756E-01  0.2736236150    
   9.297228333      0.5018709894E-01  0.2759945766    
   9.342580667      0.4679403081E-01  0.2774965664    
   9.387933000      0.4371993088E-01  0.2787612079    
   9.433285333      0.4057784393E-01  0.2801542062    
   9.478637667      0.3646195163E-01  0.2815545645    
   9.523990000      0.3131174364E-01  0.2813795827    
   9.569342333      0.2692427272E-01  0.2793986571    
   9.614694667      0.2381131007E-01  0.2768473527    
   9.660047000      0.2155031418E-01  0.2743580789    
   9.705399333      0.1971327019E-01  0.2720228303    
   9.750751667      0.1810899922E-01  0.2696568879    
   9.796104000      0.1686425826E-01  0.2671352149    
   9.841456333      0.1610630602E-01  0.2645967660    
   9.886808667      0.1578027399E-01  0.2622009682    
   9.932161000      0.1579557273E-01  0.2600086907    
   9.977513333      0.1609707103E-01  0.2580495284    
   10.02286567      0.1664067947E-01  0.2563637922    
   10.06821800      0.1737455524E-01  0.2549929588    
   10.11357033      0.1825009898E-01  0.2539919092    
   10.15892267      0.1916798533E-01  0.2534580866    
   10.20427500      0.1990393009E-01  0.2534504225    
   10.24962733      0.2015663392E-01  0.2538455118    
   10.29497967      0.1975440805E-01  0.2542669524    
   10.34033200      0.1889298861E-01  0.2543028977    
   10.38568433      0.1798838224E-01  0.2538713463    
   10.43103667      0.1729368263E-01  0.2532151187    
   10.47638900      0.1673714042E-01  0.2526135965    
   10.52174133      0.1605902433E-01  0.2520673493    
   10.56709367      0.1524867151E-01  0.2513358751    
   10.61244600      0.1448039871E-01  0.2503815827    
   10.65779833      0.1382543152E-01  0.2492630967    
   10.70315067      0.1332298780E-01  0.2480230715    
   10.74850300      0.1300268029E-01  0.2467154863    
   10.79385533      0.1286720632E-01  0.2454007706    
   10.83920767      0.1289597696E-01  0.2441260616    
   10.88456000      0.1306275730E-01  0.2429207601    
   10.92991233      0.1334042661E-01  0.2418078582    
   10.97526467      0.1369552777E-01  0.2408003916    
   11.02061700      0.1409832359E-01  0.2399053624    
   11.06596933      0.1449514778E-01  0.2391310659    
   11.11132167      0.1480491979E-01  0.2384171089    
   11.15667400      0.1503791022E-01  0.2376187726    
   11.20202633      0.1534455868E-01  0.2366555589    
   11.24737867      0.1587537587E-01  0.2355982557    
   11.29273100      0.1667324293E-01  0.2345653405    
   11.33808333      0.1774732514E-01  0.2336170171    
   11.38343567      0.1917684952E-01  0.2328264337    
   11.42878800      0.2104471917E-01  0.2324000983    
   11.47414033      0.2331332898E-01  0.2326723474    
   11.51949267      0.2573145561E-01  0.2340862002    
   11.56484500      0.2752076250E-01  0.2371505791    
   11.61019733      0.2691072329E-01  0.2414417817    
   11.65554967      0.2334153318E-01  0.2441659535    
   11.70090200      0.1952024567E-01  0.2437418381    
   11.74625433      0.1767515638E-01  0.2417740041    
   11.79160667      0.1732842780E-01  0.2403099472    
   11.83695900      0.1731935012E-01  0.2396303720    
   11.88231133      0.1713692330E-01  0.2393577061    
   11.92766367      0.1677223673E-01  0.2392107439    
   11.97301600      0.1620581002E-01  0.2391025586    
   12.01836833      0.1544484224E-01  0.2388952537    
   12.06372067      0.1456140307E-01  0.2385158017    
   12.10907300      0.1360506824E-01  0.2379128247    
   12.15442533      0.1267153193E-01  0.2370238403    
   12.19977767      0.1190992935E-01  0.2358658930    
   12.24513000      0.1141833702E-01  0.2345557066    
   12.29048233      0.1119781718E-01  0.2332201880    
   12.33583467      0.1119963875E-01  0.2319415179    
   12.38118700      0.1136212123E-01  0.2307589534    
   12.42653933      0.1163827646E-01  0.2296720021    
   12.47189167      0.1202607643E-01  0.2286834864    
   12.51724400      0.1251631049E-01  0.2278622492    
   12.56259633      0.1298346759E-01  0.2272995701    
   12.60794867      0.1317177123E-01  0.2269338039    
   12.65330100      0.1292855990E-01  0.2264065680    
   12.69865333      0.1252893695E-01  0.2252929533    
   12.74400567      0.1254661590E-01  0.2235827566    
   12.78935800      0.1332990548E-01  0.2217272299    
   12.83471033      0.1479563311E-01  0.2202276554    
   12.88006267      0.1662032140E-01  0.2194007489    
   12.92541500      0.1829915001E-01  0.2193747812    
   12.97076733      0.1916155738E-01  0.2197558567    
   13.01611967      0.1930361779E-01  0.2194099757    
   13.06147200      0.2010621618E-01  0.2181108340    
   13.10682433      0.2215900118E-01  0.2171905887    
   13.15217667      0.2437256314E-01  0.2177744801    
   13.19752900      0.2503480030E-01  0.2191285444    
   13.24288133      0.2415572511E-01  0.2193848940    
   13.28823367      0.2274576784E-01  0.2175457229    
   13.33358600      0.2139228039E-01  0.2128386514    
   13.37893833      0.1872318557E-01  0.2014770567    
   13.42429067      0.2249180203E-03  0.1405047680    
   13.46964300      0.1812602659E-01  0.3313145789    
   13.51499533      0.2055348214E-01  0.2671542366    
   13.56034767      0.1878375249E-01  0.2539815784    
 
## Date (YYYY-MM-DD): 2009-07-16
## Time (hh:mm:ss)  : 11:37:09
# version           : 0.9.224
# version (xs)      : 0.091
# efermi (H,eV)     :    0.202574    5.512329
# vgqlmt            :    0.000000    0.000000    0.000000
# ivgmt             :       0       0       0
# vql               :    0.000000    0.000000    0.000000
# fxctype           :       8
# alphalrc          :    0.000000
# alphalrcdyn       :    0.000000
# betalrcdyn        :    0.000000
# intraband         :       F
# aresdf            :       F
# aresfxc           :       F
# torddf            :       F
# tordfxc           :       F
# acont             :       F
# nwacont           :     300
# broad (H,eV)      :    0.007000    0.190480
# scissor (H,eV)    :    0.000000    0.000000
# nwdos             :     300
# ngq               :     113
# gqmax             :    3.000000
# gmaxvr            :   12.000000
# rgkmax            :    6.000000
# gkmax             :    3.000000
# ngridk            :       2       2       2
# vkloff            :    0.033333    0.100000    0.166667
# reducek           :       F
# nmatmax           :     145
# ngkmax            :     125
# nlotot            :      20
# nlomax            :       4
# nst1              :       4
# nst2              :       6
# nstlbse           :       4       6
# nstsv             :      10
# evlmincut (H,eV)  :   -0.098372   -2.676840
# evlmaxcut (H,eV)  :    0.478363   13.016938
# evlmin (H,eV)     :   -0.244188   -6.644710
# evlmax (H,eV)     :    0.620580   16.886852
# evlhpo (H,eV)     :    4    0.188956    5.141752
# evllpu (H,eV)     :    5    0.213085    5.798351
# ksgap             :       T
# lmaxapw           :      10
# lmaxapwwf         :       2
# lmaxmat           :       5
# lmaxvr            :       7
# lmaxinr           :       2
# lolmax            :       2
# lmaxemat          :       2
# lmaxalda          :       3
# lradstp           :       4
# tevout            :       T
# fastpmat          :       T
# fastemat          :       T
# nosym             :       T
# dfoffdiag         :       F
 
