 
 (symmetry group multiplication table below)
 01 02 03 04 05 06 07 08 09 10 11 12 13 14 15 16 17 18 19 20 21 22 23 24 25 26 27 28 29 30 31 32 33 34 35 36 37 38 39 40 41 42 43 44 45 46 47 48
 02 17 21 11 15 09 01 18 19 05 13 03 22 12 20 06 07 24 16 10 14 04 08 23 47 41 45 35 39 33 48 42 43 29 37 27 46 36 44 30 31 25 40 34 38 28 32 26
 03 16 01 10 18 12 20 14 23 04 17 06 19 08 21 02 11 05 13 07 15 24 09 22 46 40 48 34 42 36 44 38 47 28 41 30 43 32 45 26 35 29 37 31 39 25 33 27
 04 15 23 09 17 11 19 13 01 03 18 05 20 07 22 24 12 06 14 08 16 02 10 21 45 39 47 33 41 35 43 37 48 27 42 29 44 31 46 25 36 30 38 32 40 26 34 28
 05 14 19 08 13 07 22 16 21 02 15 24 01 10 23 04 09 03 18 12 17 06 11 20 44 38 43 32 37 31 46 40 45 26 39 25 48 34 47 28 33 27 42 36 41 30 35 29
 06 13 20 07 14 08 21 15 22 24 16 02 23 09 01 03 10 04 17 11 18 05 12 19 43 37 44 31 38 32 45 39 46 25 40 26 47 33 48 27 34 28 41 35 42 29 36 30
 07 01 12 22 10 16 17 23 06 20 04 14 11 21 05 19 02 08 09 15 03 13 24 18 42 48 36 46 34 40 41 47 30 44 28 38 35 45 29 43 26 32 33 39 27 37 25 31
 08 23 11 21 09 15 18 01 05 19 03 13 12 22 06 20 24 07 10 16 04 14 02 17 41 47 35 45 33 39 42 48 29 43 27 37 36 46 30 44 25 31 34 40 28 38 26 32
 09 22 10 01 12 18 14 20 04 23 06 17 08 19 02 21 05 11 07 13 24 15 03 16 40 46 34 48 36 42 38 44 28 47 30 41 32 43 26 45 29 35 31 37 25 39 27 33
 10 21 09 23 11 17 13 19 03 01 05 18 07 20 24 22 06 12 08 14 02 16 04 15 39 45 33 47 35 41 37 43 27 48 29 42 31 44 25 46 30 36 32 38 26 40 28 34
 11 20 08 19 07 13 16 22 02 21 24 15 10 01 04 23 03 09 12 18 06 17 05 14 38 44 32 43 31 37 40 46 26 45 25 39 34 48 28 47 27 33 36 42 30 41 29 35
 12 19 07 20 08 14 15 21 24 22 02 16 09 23 03 01 04 10 11 17 05 18 06 13 37 43 31 44 32 38 39 45 25 46 26 40 33 47 27 48 28 34 35 41 29 42 30 36
 13 10 18 16 01 22 06 04 17 14 23 20 05 02 11 08 21 19 03 24 09 07 15 12 36 34 42 40 48 46 30 28 41 38 47 44 29 26 35 32 45 43 27 25 33 31 39 37
 14 09 17 15 23 21 05 03 18 13 01 19 06 24 12 07 22 20 04 02 10 08 16 11 35 33 41 39 47 45 29 27 42 37 48 43 30 25 36 31 46 44 28 26 34 32 40 38
 15 12 16 18 22 01 04 06 14 17 20 23 02 05 08 11 19 21 24 03 07 09 13 10 34 36 40 42 46 48 28 30 38 41 44 47 26 29 32 35 43 45 25 27 31 33 37 39
 16 11 15 17 21 23 03 05 13 18 19 01 24 06 07 12 20 22 02 04 08 10 14 09 33 35 39 41 45 47 27 29 37 42 43 48 25 30 31 36 44 46 26 28 32 34 38 40
 17 07 14 13 20 19 02 24 16 15 22 21 04 03 10 09 01 23 06 05 12 11 18 08 32 31 38 37 44 43 26 25 40 39 46 45 28 27 34 33 48 47 30 29 36 35 42 41
 18 08 13 14 19 20 24 02 15 16 21 22 03 04 09 10 23 01 05 06 11 12 17 07 31 32 37 38 43 44 25 26 39 40 45 46 27 28 33 34 47 48 29 30 35 36 41 42
 19 04 05 02 03 24 12 10 11 08 09 07 18 16 17 14 15 13 01 22 23 20 21 06 30 28 29 26 27 25 36 34 35 32 33 31 42 40 41 38 39 37 48 46 47 44 45 43
 20 03 06 24 04 02 11 09 12 07 10 08 17 15 18 13 16 14 23 21 01 19 22 05 29 27 30 25 28 26 35 33 36 31 34 32 41 39 42 37 40 38 47 45 48 43 46 44
 21 06 02 05 24 03 10 12 08 11 07 09 16 18 14 17 13 15 22 01 20 23 19 04 28 30 26 29 25 27 34 36 32 35 31 33 40 42 38 41 37 39 46 48 44 47 43 45
 22 05 24 06 02 04 09 11 07 12 08 10 15 17 13 18 14 16 21 23 19 01 20 03 27 29 25 30 26 28 33 35 31 36 32 34 39 41 37 42 38 40 45 47 43 48 44 46
 23 24 04 03 06 05 08 07 10 09 12 11 14 13 16 15 18 17 20 19 22 21 01 02 26 25 28 27 30 29 32 31 34 33 36 35 38 37 40 39 42 41 44 43 46 45 48 47
 24 18 22 12 16 10 23 17 20 06 14 04 21 11 19 05 08 02 15 09 13 03 07 01 48 42 46 36 40 34 47 41 44 30 38 28 45 35 43 29 32 26 39 33 37 27 31 25
 25 47 46 45 44 43 42 41 40 39 38 37 36 35 34 33 32 31 30 29 28 27 26 48 01 23 22 21 20 19 18 17 16 15 14 13 12 11 10 09 08 07 06 05 04 03 02 24
 26 48 45 46 43 44 41 42 39 40 37 38 35 36 33 34 31 32 29 30 27 28 25 47 23 01 21 22 19 20 17 18 15 16 13 14 11 12 09 10 07 08 05 06 03 04 24 02
 27 44 48 43 47 45 40 38 42 37 41 39 34 32 36 31 35 33 28 26 30 25 29 46 22 20 01 19 23 21 16 14 18 13 17 15 10 08 12 07 11 09 04 02 06 24 05 03
 28 43 47 44 48 46 39 37 41 38 42 40 33 31 35 32 36 34 27 25 29 26 30 45 21 19 23 20 01 22 15 13 17 14 18 16 09 07 11 08 12 10 03 24 05 02 06 04
 29 46 43 48 45 47 38 40 37 42 39 41 32 34 31 36 33 35 26 28 25 30 27 44 20 22 19 01 21 23 14 16 13 18 15 17 08 10 07 12 09 11 02 04 24 06 03 05
 30 45 44 47 46 48 37 39 38 41 40 42 31 33 32 35 34 36 25 27 26 29 28 43 19 21 20 23 22 01 13 15 14 17 16 18 07 09 08 11 10 12 24 03 02 05 04 06
 31 41 36 35 30 29 48 47 34 33 28 27 46 45 40 39 26 25 44 43 38 37 32 42 18 17 12 11 06 05 01 23 10 09 04 03 22 21 16 15 02 24 20 19 14 13 08 07
 32 42 35 36 29 30 47 48 33 34 27 28 45 46 39 40 25 26 43 44 37 38 31 41 17 18 11 12 05 06 23 01 09 10 03 04 21 22 15 16 24 02 19 20 13 14 07 08
 33 38 34 32 28 26 46 44 36 31 30 25 48 43 42 37 29 27 47 45 41 39 35 40 16 14 10 08 04 02 22 20 12 07 06 24 01 19 18 13 05 03 23 21 17 15 11 09
 34 37 33 31 27 25 45 43 35 32 29 26 47 44 41 38 30 28 48 46 42 40 36 39 15 13 09 07 03 24 21 19 11 08 05 02 23 20 17 14 06 04 01 22 18 16 12 10
 35 40 32 34 26 28 44 46 31 36 25 30 43 48 37 42 27 29 45 47 39 41 33 38 14 16 08 10 02 04 20 22 07 12 24 06 19 01 13 18 03 05 21 23 15 17 09 11
 36 39 31 33 25 27 43 45 32 35 26 29 44 47 38 41 28 30 46 48 40 42 34 37 13 15 07 09 24 03 19 21 08 11 02 05 20 23 14 17 04 06 22 01 16 18 10 12
 37 30 42 29 41 35 34 28 48 27 47 33 40 26 46 25 45 39 38 32 44 31 43 36 12 06 18 05 17 11 10 04 01 03 23 09 16 02 22 24 21 15 14 08 20 07 19 13
 38 29 41 30 42 36 33 27 47 28 48 34 39 25 45 26 46 40 37 31 43 32 44 35 11 05 17 06 18 12 09 03 23 04 01 10 15 24 21 02 22 16 13 07 19 08 20 14
 39 28 40 26 38 32 36 30 46 25 44 31 42 29 48 27 43 37 41 35 47 33 45 34 10 04 16 02 14 08 12 06 22 24 20 07 18 05 01 03 19 13 17 11 23 09 21 15
 40 27 39 25 37 31 35 29 45 26 43 32 41 30 47 28 44 38 42 36 48 34 46 33 09 03 15 24 13 07 11 05 21 02 19 08 17 06 23 04 20 14 18 12 01 10 22 16
 41 26 38 28 40 34 31 25 44 30 46 36 37 27 43 29 48 42 39 33 45 35 47 32 08 02 14 04 16 10 07 24 20 06 22 12 13 03 19 05 01 18 15 09 21 11 23 17
 42 25 37 27 39 33 32 26 43 29 45 35 38 28 44 30 47 41 40 34 46 36 48 31 07 24 13 03 15 09 08 02 19 05 21 11 14 04 20 06 23 17 16 10 22 12 01 18
 43 36 29 42 35 41 28 34 27 48 33 47 26 40 25 46 39 45 32 38 31 44 37 30 06 12 05 18 11 17 04 10 03 01 09 23 02 16 24 22 15 21 08 14 07 20 13 19
 44 35 30 41 36 42 27 33 28 47 34 48 25 39 26 45 40 46 31 37 32 43 38 29 05 11 06 17 12 18 03 09 04 23 10 01 24 15 02 21 16 22 07 13 08 19 14 20
 45 34 26 40 32 38 30 36 25 46 31 44 29 42 27 48 37 43 35 41 33 47 39 28 04 10 02 16 08 14 06 12 24 22 07 20 05 18 03 01 13 19 11 17 09 23 15 21
 46 33 25 39 31 37 29 35 26 45 32 43 30 41 28 47 38 44 36 42 34 48 40 27 03 09 24 15 07 13 05 11 02 21 08 19 06 17 04 23 14 20 12 18 10 01 16 22
 47 32 28 38 34 40 25 31 30 44 36 46 27 37 29 43 42 48 33 39 35 45 41 26 02 08 04 14 10 16 24 07 06 20 12 22 03 13 05 19 18 01 09 15 11 21 17 23
 48 31 27 37 33 39 26 32 29 43 35 45 28 38 30 44 41 47 34 40 36 46 42 25 24 07 03 13 09 15 02 08 05 19 11 21 04 14 06 20 17 23 10 16 12 22 18 01
