# Loss function L(Q,w) and dynamical structure factor S(Q,w)
#
# L(Q,w)= -Im(1/eps_m(Q,w) [1]
# S(Q,w)= L(Q,w)*|Q|^2*/(4 pi^2 n_val) [Energy^-1]
#
# Momentum transfer Q=G+q in lattice coordinates
# G:   0   0   0
# q:   0.0000000   0.0000000   0.0000000
# Momentum transfer Q=G+q in Cartesian coordinates
# G:   0.0000000   0.0000000   0.0000000
# q:   0.0000000   0.0000000   0.0000000
# Norm2(G+q)   0.0000000
#
#   Frequency/(eV/hbar)                  L(Q,w)             S(Q,w)*1000
+0.6503520742539999E+03 +0.3893552589237021E-03 +0.0000000000000000E+00
+0.6503566094846433E+03 +0.3907574830345887E-03 +0.0000000000000000E+00
+0.6503611447152866E+03 +0.3921680027036001E-03 +0.0000000000000000E+00
+0.6503656799459300E+03 +0.3935868886769863E-03 +0.0000000000000000E+00
+0.6503702151765733E+03 +0.3950142125039041E-03 +0.0000000000000000E+00
+0.6503747504072167E+03 +0.3964500465476481E-03 +0.0000000000000000E+00
+0.6503792856378600E+03 +0.3978944639975678E-03 +0.0000000000000000E+00
+0.6503838208685033E+03 +0.3993475388806974E-03 +0.0000000000000000E+00
+0.6503883560991467E+03 +0.4008093460740848E-03 +0.0000000000000000E+00
+0.6503928913297900E+03 +0.4022799613168339E-03 +0.0000000000000000E+00
+0.6503974265604332E+03 +0.4037594612228344E-03 +0.0000000000000000E+00
+0.6504019617910767E+03 +0.4052479232933956E-03 +0.0000000000000000E+00
+0.6504064970217199E+03 +0.4067454259300989E-03 +0.0000000000000000E+00
+0.6504110322523634E+03 +0.4082520484482111E-03 +0.0000000000000000E+00
+0.6504155674830066E+03 +0.4097678710898337E-03 +0.0000000000000000E+00
+0.6504201027136501E+03 +0.4112929750378225E-03 +0.0000000000000000E+00
+0.6504246379442933E+03 +0.4128274424294195E-03 +0.0000000000000000E+00
+0.6504291731749368E+03 +0.4143713563706658E-03 +0.0000000000000000E+00
+0.6504337084055800E+03 +0.4159248009505348E-03 +0.0000000000000000E+00
+0.6504382436362233E+03 +0.4174878612558270E-03 +0.0000000000000000E+00
+0.6504427788668667E+03 +0.4190606233859922E-03 +0.0000000000000000E+00
+0.6504473140975100E+03 +0.4206431744682257E-03 +0.0000000000000000E+00
+0.6504518493281533E+03 +0.4222356026731750E-03 +0.0000000000000000E+00
+0.6504563845587967E+03 +0.4238379972304230E-03 +0.0000000000000000E+00
+0.6504609197894400E+03 +0.4254504484448017E-03 +0.0000000000000000E+00
+0.6504654550200834E+03 +0.4270730477124550E-03 +0.0000000000000000E+00
+0.6504699902507267E+03 +0.4287058875377524E-03 +0.0000000000000000E+00
+0.6504745254813701E+03 +0.4303490615499559E-03 +0.0000000000000000E+00
+0.6504790607120133E+03 +0.4320026645207206E-03 +0.0000000000000000E+00
+0.6504835959426567E+03 +0.4336667923815734E-03 +0.0000000000000000E+00
+0.6504881311733000E+03 +0.4353415422417106E-03 +0.0000000000000000E+00
+0.6504926664039433E+03 +0.4370270124064919E-03 +0.0000000000000000E+00
+0.6504972016345866E+03 +0.4387233023957378E-03 +0.0000000000000000E+00
+0.6505017368652300E+03 +0.4404305129629537E-03 +0.0000000000000000E+00
+0.6505062720958733E+03 +0.4421487461143303E-03 +0.0000000000000000E+00
+0.6505108073265167E+03 +0.4438781051287002E-03 +0.0000000000000000E+00
+0.6505153425571600E+03 +0.4456186945772705E-03 +0.0000000000000000E+00
+0.6505198777878032E+03 +0.4473706203442993E-03 +0.0000000000000000E+00
+0.6505244130184467E+03 +0.4491339896477898E-03 +0.0000000000000000E+00
+0.6505289482490899E+03 +0.4509089110605853E-03 +0.0000000000000000E+00
+0.6505334834797334E+03 +0.4526954945322440E-03 +0.0000000000000000E+00
+0.6505380187103766E+03 +0.4544938514107699E-03 +0.0000000000000000E+00
+0.6505425539410201E+03 +0.4563040944653779E-03 +0.0000000000000000E+00
+0.6505470891716633E+03 +0.4581263379090845E-03 +0.0000000000000000E+00
+0.6505516244023067E+03 +0.4599606974223585E-03 +0.0000000000000000E+00
+0.6505561596329500E+03 +0.4618072901766172E-03 +0.0000000000000000E+00
+0.6505606948635933E+03 +0.4636662348587641E-03 +0.0000000000000000E+00
+0.6505652300942367E+03 +0.4655376516958257E-03 +0.0000000000000000E+00
+0.6505697653248800E+03 +0.4674216624800706E-03 +0.0000000000000000E+00
+0.6505743005555233E+03 +0.4693183905950264E-03 +0.0000000000000000E+00
+0.6505788357861667E+03 +0.4712279610414174E-03 +0.0000000000000000E+00
+0.6505833710168100E+03 +0.4731505004642629E-03 +0.0000000000000000E+00
+0.6505879062474534E+03 +0.4750861371798733E-03 +0.0000000000000000E+00
+0.6505924414780966E+03 +0.4770350012039986E-03 +0.0000000000000000E+00
+0.6505969767087400E+03 +0.4789972242801448E-03 +0.0000000000000000E+00
+0.6506015119393833E+03 +0.4809729399084466E-03 +0.0000000000000000E+00
+0.6506060471700267E+03 +0.4829622833755659E-03 +0.0000000000000000E+00
+0.6506105824006700E+03 +0.4849653917845541E-03 +0.0000000000000000E+00
+0.6506151176313134E+03 +0.4869824040860166E-03 +0.0000000000000000E+00
+0.6506196528619566E+03 +0.4890134611092252E-03 +0.0000000000000000E+00
+0.6506241880926001E+03 +0.4910587055945703E-03 +0.0000000000000000E+00
+0.6506287233232433E+03 +0.4931182822259846E-03 +0.0000000000000000E+00
+0.6506332585538867E+03 +0.4951923376647011E-03 +0.0000000000000000E+00
+0.6506377937845300E+03 +0.4972810205832760E-03 +0.0000000000000000E+00
+0.6506423290151733E+03 +0.4993844817003184E-03 +0.0000000000000000E+00
+0.6506468642458167E+03 +0.5015028738164060E-03 +0.0000000000000000E+00
+0.6506513994764600E+03 +0.5036363518500723E-03 +0.0000000000000000E+00
+0.6506559347071034E+03 +0.5057850728752930E-03 +0.0000000000000000E+00
+0.6506604699377467E+03 +0.5079491961590289E-03 +0.0000000000000000E+00
+0.6506650051683901E+03 +0.5101288832003129E-03 +0.0000000000000000E+00
+0.6506695403990333E+03 +0.5123242977694254E-03 +0.0000000000000000E+00
+0.6506740756296766E+03 +0.5145356059486172E-03 +0.0000000000000000E+00
+0.6506786108603200E+03 +0.5167629761732415E-03 +0.0000000000000000E+00
+0.6506831460909633E+03 +0.5190065792737694E-03 +0.0000000000000000E+00
+0.6506876813216066E+03 +0.5212665885192002E-03 +0.0000000000000000E+00
+0.6506922165522500E+03 +0.5235431796606982E-03 +0.0000000000000000E+00
+0.6506967517828933E+03 +0.5258365309769588E-03 +0.0000000000000000E+00
+0.6507012870135367E+03 +0.5281468233197897E-03 +0.0000000000000000E+00
+0.6507058222441800E+03 +0.5304742401614807E-03 +0.0000000000000000E+00
+0.6507103574748234E+03 +0.5328189676424427E-03 +0.0000000000000000E+00
+0.6507148927054666E+03 +0.5351811946206332E-03 +0.0000000000000000E+00
+0.6507194279361100E+03 +0.5375611127216053E-03 +0.0000000000000000E+00
+0.6507239631667533E+03 +0.5399589163896565E-03 +0.0000000000000000E+00
+0.6507284983973967E+03 +0.5423748029406521E-03 +0.0000000000000000E+00
+0.6507330336280399E+03 +0.5448089726152606E-03 +0.0000000000000000E+00
+0.6507375688586834E+03 +0.5472616286342291E-03 +0.0000000000000000E+00
+0.6507421040893266E+03 +0.5497329772540772E-03 +0.0000000000000000E+00
+0.6507466393199701E+03 +0.5522232278249092E-03 +0.0000000000000000E+00
+0.6507511745506133E+03 +0.5547325928486925E-03 +0.0000000000000000E+00
+0.6507557097812567E+03 +0.5572612880396931E-03 +0.0000000000000000E+00
+0.6507602450119000E+03 +0.5598095323857532E-03 +0.0000000000000000E+00
+0.6507647802425433E+03 +0.5623775482110011E-03 +0.0000000000000000E+00
+0.6507693154731867E+03 +0.5649655612405627E-03 +0.0000000000000000E+00
+0.6507738507038300E+03 +0.5675738006659580E-03 +0.0000000000000000E+00
+0.6507783859344734E+03 +0.5702024992129239E-03 +0.0000000000000000E+00
+0.6507829211651167E+03 +0.5728518932099388E-03 +0.0000000000000000E+00
+0.6507874563957600E+03 +0.5755222226592636E-03 +0.0000000000000000E+00
+0.6507919916264034E+03 +0.5782137313087735E-03 +0.0000000000000000E+00
+0.6507965268570466E+03 +0.5809266667263450E-03 +0.0000000000000000E+00
+0.6508010620876901E+03 +0.5836612803754632E-03 +0.0000000000000000E+00
+0.6508055973183333E+03 +0.5864178276926320E-03 +0.0000000000000000E+00
+0.6508101325489766E+03 +0.5891965681672454E-03 +0.0000000000000000E+00
+0.6508146677796200E+03 +0.5919977654225089E-03 +0.0000000000000000E+00
+0.6508192030102633E+03 +0.5948216872992780E-03 +0.0000000000000000E+00
+0.6508237382409067E+03 +0.5976686059409866E-03 +0.0000000000000000E+00
+0.6508282734715500E+03 +0.6005387978816239E-03 +0.0000000000000000E+00
+0.6508328087021933E+03 +0.6034325441349082E-03 +0.0000000000000000E+00
+0.6508373439328366E+03 +0.6063501302865817E-03 +0.0000000000000000E+00
+0.6508418791634800E+03 +0.6092918465883798E-03 +0.0000000000000000E+00
+0.6508464143941233E+03 +0.6122579880543412E-03 +0.0000000000000000E+00
+0.6508509496247667E+03 +0.6152488545601653E-03 +0.0000000000000000E+00
+0.6508554848554099E+03 +0.6182647509441039E-03 +0.0000000000000000E+00
+0.6508600200860534E+03 +0.6213059871114392E-03 +0.0000000000000000E+00
+0.6508645553166966E+03 +0.6243728781405609E-03 +0.0000000000000000E+00
+0.6508690905473401E+03 +0.6274657443928009E-03 +0.0000000000000000E+00
+0.6508736257779833E+03 +0.6305849116240113E-03 +0.0000000000000000E+00
+0.6508781610086266E+03 +0.6337307111000156E-03 +0.0000000000000000E+00
+0.6508826962392700E+03 +0.6369034797143506E-03 +0.0000000000000000E+00
+0.6508872314699133E+03 +0.6401035601090713E-03 +0.0000000000000000E+00
+0.6508917667005567E+03 +0.6433313007993698E-03 +0.0000000000000000E+00
+0.6508963019312000E+03 +0.6465870563004180E-03 +0.0000000000000000E+00
+0.6509008371618434E+03 +0.6498711872586470E-03 +0.0000000000000000E+00
+0.6509053723924867E+03 +0.6531840605853636E-03 +0.0000000000000000E+00
+0.6509099076231300E+03 +0.6565260495950303E-03 +0.0000000000000000E+00
+0.6509144428537734E+03 +0.6598975341460774E-03 +0.0000000000000000E+00
+0.6509189780844166E+03 +0.6632989007865472E-03 +0.0000000000000000E+00
+0.6509235133150601E+03 +0.6667305429029205E-03 +0.0000000000000000E+00
+0.6509280485457033E+03 +0.6701928608729413E-03 +0.0000000000000000E+00
+0.6509325837763467E+03 +0.6736862622233051E-03 +0.0000000000000000E+00
+0.6509371190069900E+03 +0.6772111617905263E-03 +0.0000000000000000E+00
+0.6509416542376334E+03 +0.6807679818873643E-03 +0.0000000000000000E+00
+0.6509461894682767E+03 +0.6843571524726240E-03 +0.0000000000000000E+00
+0.6509507246989200E+03 +0.6879791113268184E-03 +0.0000000000000000E+00
+0.6509552599295633E+03 +0.6916343042314697E-03 +0.0000000000000000E+00
+0.6509597951602067E+03 +0.6953231851545305E-03 +0.0000000000000000E+00
+0.6509643303908500E+03 +0.6990462164402061E-03 +0.0000000000000000E+00
+0.6509688656214934E+03 +0.7028038690040648E-03 +0.0000000000000000E+00
+0.6509734008521367E+03 +0.7065966225344397E-03 +0.0000000000000000E+00
+0.6509779360827799E+03 +0.7104249656983076E-03 +0.0000000000000000E+00
+0.6509824713134234E+03 +0.7142893963542926E-03 +0.0000000000000000E+00
+0.6509870065440666E+03 +0.7181904217704303E-03 +0.0000000000000000E+00
+0.6509915417747101E+03 +0.7221285588494826E-03 +0.0000000000000000E+00
+0.6509960770053533E+03 +0.7261043343593733E-03 +0.0000000000000000E+00
+0.6510006122359966E+03 +0.7301182851715492E-03 +0.0000000000000000E+00
+0.6510051474666400E+03 +0.7341709585053876E-03 +0.0000000000000000E+00
+0.6510096826972833E+03 +0.7382629121797128E-03 +0.0000000000000000E+00
+0.6510142179279267E+03 +0.7423947148725335E-03 +0.0000000000000000E+00
+0.6510187531585700E+03 +0.7465669463870884E-03 +0.0000000000000000E+00
+0.6510232883892133E+03 +0.7507801979271451E-03 +0.0000000000000000E+00
+0.6510278236198567E+03 +0.7550350723790269E-03 +0.0000000000000000E+00
+0.6510323588504999E+03 +0.7593321846033761E-03 +0.0000000000000000E+00
+0.6510368940811434E+03 +0.7636721617347130E-03 +0.0000000000000000E+00
+0.6510414293117866E+03 +0.7680556434899932E-03 +0.0000000000000000E+00
+0.6510459645424301E+03 +0.7724832824873766E-03 +0.0000000000000000E+00
+0.6510504997730733E+03 +0.7769557445732377E-03 +0.0000000000000000E+00
+0.6510550350037167E+03 +0.7814737091606319E-03 +0.0000000000000000E+00
+0.6510595702343600E+03 +0.7860378695765506E-03 +0.0000000000000000E+00
+0.6510641054650034E+03 +0.7906489334213790E-03 +0.0000000000000000E+00
+0.6510686406956466E+03 +0.7953076229378338E-03 +0.0000000000000000E+00
+0.6510731759262900E+03 +0.8000146753928102E-03 +0.0000000000000000E+00
+0.6510777111569333E+03 +0.8047708434700668E-03 +0.0000000000000000E+00
+0.6510822463875767E+03 +0.8095768956751582E-03 +0.0000000000000000E+00
+0.6510867816182200E+03 +0.8144336167540530E-03 +0.0000000000000000E+00
+0.6510913168488634E+03 +0.8193418081233821E-03 +0.0000000000000000E+00
+0.6510958520795067E+03 +0.8243022883159274E-03 +0.0000000000000000E+00
+0.6511003873101500E+03 +0.8293158934385297E-03 +0.0000000000000000E+00
+0.6511049225407934E+03 +0.8343834776463072E-03 +0.0000000000000000E+00
+0.6511094577714367E+03 +0.8395059136302695E-03 +0.0000000000000000E+00
+0.6511139930020800E+03 +0.8446840931222365E-03 +0.0000000000000000E+00
+0.6511185282327234E+03 +0.8499189274149151E-03 +0.0000000000000000E+00
+0.6511230634633666E+03 +0.8552113478987812E-03 +0.0000000000000000E+00
+0.6511275986940100E+03 +0.8605623066175450E-03 +0.0000000000000000E+00
+0.6511321339246533E+03 +0.8659727768399932E-03 +0.0000000000000000E+00
+0.6511366691552967E+03 +0.8714437536523991E-03 +0.0000000000000000E+00
+0.6511412043859400E+03 +0.8769762545685165E-03 +0.0000000000000000E+00
+0.6511457396165833E+03 +0.8825713201615776E-03 +0.0000000000000000E+00
+0.6511502748472267E+03 +0.8882300147152946E-03 +0.0000000000000000E+00
+0.6511548100778699E+03 +0.8939534268982824E-03 +0.0000000000000000E+00
+0.6511593453085134E+03 +0.8997426704597557E-03 +0.0000000000000000E+00
+0.6511638805391566E+03 +0.9055988849484774E-03 +0.0000000000000000E+00
+0.6511684157698000E+03 +0.9115232364570931E-03 +0.0000000000000000E+00
+0.6511729510004433E+03 +0.9175169183896258E-03 +0.0000000000000000E+00
+0.6511774862310867E+03 +0.9235811522569585E-03 +0.0000000000000000E+00
+0.6511820214617300E+03 +0.9297171884971884E-03 +0.0000000000000000E+00
+0.6511865566923734E+03 +0.9359263073259749E-03 +0.0000000000000000E+00
+0.6511910919230166E+03 +0.9422098196137593E-03 +0.0000000000000000E+00
+0.6511956271536600E+03 +0.9485690677949886E-03 +0.0000000000000000E+00
+0.6512001623843033E+03 +0.9550054268071591E-03 +0.0000000000000000E+00
+0.6512046976149467E+03 +0.9615203050621515E-03 +0.0000000000000000E+00
+0.6512092328455900E+03 +0.9681151454524202E-03 +0.0000000000000000E+00
+0.6512137680762334E+03 +0.9747914263898512E-03 +0.0000000000000000E+00
+0.6512183033068767E+03 +0.9815506628828544E-03 +0.0000000000000000E+00
+0.6512228385375200E+03 +0.9883944076485383E-03 +0.0000000000000000E+00
+0.6512273737681634E+03 +0.9953242522658654E-03 +0.0000000000000000E+00
+0.6512319089988067E+03 +0.1002341828366620E-02 +0.0000000000000000E+00
+0.6512364442294499E+03 +0.1009448808870148E-02 +0.0000000000000000E+00
+0.6512409794600934E+03 +0.1016646909259708E-02 +0.0000000000000000E+00
+0.6512455146907366E+03 +0.1023937888903462E-02 +0.0000000000000000E+00
+0.6512500499213801E+03 +0.1031323552423218E-02 +0.0000000000000000E+00
+0.6512545851520233E+03 +0.1038805751108782E-02 +0.0000000000000000E+00
+0.6512591203826668E+03 +0.1046386384384383E-02 +0.0000000000000000E+00
+0.6512636556133100E+03 +0.1054067401323891E-02 +0.0000000000000000E+00
+0.6512681908439533E+03 +0.1061850802221744E-02 +0.0000000000000000E+00
+0.6512727260745967E+03 +0.1069738640216195E-02 +0.0000000000000000E+00
+0.6512772613052400E+03 +0.1077733022971860E-02 +0.0000000000000000E+00
+0.6512817965358834E+03 +0.1085836114419341E-02 +0.0000000000000000E+00
+0.6512863317665267E+03 +0.1094050136555512E-02 +0.0000000000000000E+00
+0.6512908669971700E+03 +0.1102377371308160E-02 +0.0000000000000000E+00
+0.6512954022278133E+03 +0.1110820162462721E-02 +0.0000000000000000E+00
+0.6512999374584567E+03 +0.1119380917658491E-02 +0.0000000000000000E+00
+0.6513044726891000E+03 +0.1128062110450738E-02 +0.0000000000000000E+00
+0.6513090079197434E+03 +0.1136866282446511E-02 +0.0000000000000000E+00
+0.6513135431503866E+03 +0.1145796045510331E-02 +0.0000000000000000E+00
+0.6513180783810300E+03 +0.1154854084047596E-02 +0.0000000000000000E+00
+0.6513226136116733E+03 +0.1164043157363021E-02 +0.0000000000000000E+00
+0.6513271488423167E+03 +0.1173366102097950E-02 +0.0000000000000000E+00
+0.6513316840729600E+03 +0.1182825834750483E-02 +0.0000000000000000E+00
+0.6513362193036033E+03 +0.1192425354275345E-02 +0.0000000000000000E+00
+0.6513407545342467E+03 +0.1202167744771456E-02 +0.0000000000000000E+00
+0.6513452897648900E+03 +0.1212056178252410E-02 +0.0000000000000000E+00
+0.6513498249955334E+03 +0.1222093917507929E-02 +0.0000000000000000E+00
+0.6513543602261767E+03 +0.1232284319051047E-02 +0.0000000000000000E+00
+0.6513588954568199E+03 +0.1242630836158652E-02 +0.0000000000000000E+00
+0.6513634306874634E+03 +0.1253137022001048E-02 +0.0000000000000000E+00
+0.6513679659181066E+03 +0.1263806532863219E-02 +0.0000000000000000E+00
+0.6513725011487501E+03 +0.1274643131460414E-02 +0.0000000000000000E+00
+0.6513770363793933E+03 +0.1285650690342299E-02 +0.0000000000000000E+00
+0.6513815716100368E+03 +0.1296833195392220E-02 +0.0000000000000000E+00
+0.6513861068406800E+03 +0.1308194749413110E-02 +0.0000000000000000E+00
+0.6513906420713234E+03 +0.1319739575805896E-02 +0.0000000000000000E+00
+0.6513951773019667E+03 +0.1331472022330446E-02 +0.0000000000000000E+00
+0.6513997125326100E+03 +0.1343396564953425E-02 +0.0000000000000000E+00
+0.6514042477632534E+03 +0.1355517811772960E-02 +0.0000000000000000E+00
+0.6514087829938967E+03 +0.1367840507017447E-02 +0.0000000000000000E+00
+0.6514133182245400E+03 +0.1380369535115037E-02 +0.0000000000000000E+00
+0.6514178534551834E+03 +0.1393109924819754E-02 +0.0000000000000000E+00
+0.6514223886858267E+03 +0.1406066853393517E-02 +0.0000000000000000E+00
+0.6514269239164701E+03 +0.1419245650824913E-02 +0.0000000000000000E+00
+0.6514314591471134E+03 +0.1432651804080962E-02 +0.0000000000000000E+00
+0.6514359943777566E+03 +0.1446290961368546E-02 +0.0000000000000000E+00
+0.6514405296084000E+03 +0.1460168936397302E-02 +0.0000000000000000E+00
+0.6514450648390433E+03 +0.1474291712617517E-02 +0.0000000000000000E+00
+0.6514496000696867E+03 +0.1488665447413324E-02 +0.0000000000000000E+00
+0.6514541353003300E+03 +0.1503296476228784E-02 +0.0000000000000000E+00
+0.6514586705309733E+03 +0.1518191316589969E-02 +0.0000000000000000E+00
+0.6514632057616167E+03 +0.1533356671999351E-02 +0.0000000000000000E+00
+0.6514677409922600E+03 +0.1548799435654879E-02 +0.0000000000000000E+00
+0.6514722762229034E+03 +0.1564526693961292E-02 +0.0000000000000000E+00
+0.6514768114535467E+03 +0.1580545729775329E-02 +0.0000000000000000E+00
+0.6514813466841899E+03 +0.1596864025341104E-02 +0.0000000000000000E+00
+0.6514858819148334E+03 +0.1613489264846790E-02 +0.0000000000000000E+00
+0.6514904171454766E+03 +0.1630429336538129E-02 +0.0000000000000000E+00
+0.6514949523761201E+03 +0.1647692334316911E-02 +0.0000000000000000E+00
+0.6514994876067633E+03 +0.1665286558731272E-02 +0.0000000000000000E+00
+0.6515040228374068E+03 +0.1683220517275616E-02 +0.0000000000000000E+00
+0.6515085580680500E+03 +0.1701502923884866E-02 +0.0000000000000000E+00
+0.6515130932986933E+03 +0.1720142697520207E-02 +0.0000000000000000E+00
+0.6515176285293367E+03 +0.1739148959710881E-02 +0.0000000000000000E+00
+0.6515221637599800E+03 +0.1758531030917091E-02 +0.0000000000000000E+00
+0.6515266989906233E+03 +0.1778298425566432E-02 +0.0000000000000000E+00
+0.6515312342212667E+03 +0.1798460845587836E-02 +0.0000000000000000E+00
+0.6515357694519100E+03 +0.1819028172275316E-02 +0.0000000000000000E+00
+0.6515403046825534E+03 +0.1840010456272326E-02 +0.0000000000000000E+00
+0.6515448399131967E+03 +0.1861417905479064E-02 +0.0000000000000000E+00
+0.6515493751438401E+03 +0.1883260870641304E-02 +0.0000000000000000E+00
+0.6515539103744833E+03 +0.1905549828391332E-02 +0.0000000000000000E+00
+0.6515584456051267E+03 +0.1928295361470809E-02 +0.0000000000000000E+00
+0.6515629808357700E+03 +0.1951508135866122E-02 +0.0000000000000000E+00
+0.6515675160664134E+03 +0.1975198874573800E-02 +0.0000000000000000E+00
+0.6515720512970566E+03 +0.1999378327684329E-02 +0.0000000000000000E+00
+0.6515765865277001E+03 +0.2024057238491004E-02 +0.0000000000000000E+00
+0.6515811217583433E+03 +0.2049246305292905E-02 +0.0000000000000000E+00
+0.6515856569889867E+03 +0.2074956138592112E-02 +0.0000000000000000E+00
+0.6515901922196300E+03 +0.2101197213355869E-02 +0.0000000000000000E+00
+0.6515947274502734E+03 +0.2127979816058570E-02 +0.0000000000000000E+00
+0.6515992626809167E+03 +0.2155313986207568E-02 +0.0000000000000000E+00
+0.6516037979115600E+03 +0.2183209452104603E-02 +0.0000000000000000E+00
+0.6516083331422034E+03 +0.2211675560636816E-02 +0.0000000000000000E+00
+0.6516128683728466E+03 +0.2240721200925416E-02 +0.0000000000000000E+00
+0.6516174036034901E+03 +0.2270354721764510E-02 +0.0000000000000000E+00
+0.6516219388341333E+03 +0.2300583842834108E-02 +0.0000000000000000E+00
+0.6516264740647767E+03 +0.2331415559820442E-02 +0.0000000000000000E+00
+0.6516310092954200E+03 +0.2362856043669142E-02 +0.0000000000000000E+00
+0.6516355445260633E+03 +0.2394910534394055E-02 +0.0000000000000000E+00
+0.6516400797567067E+03 +0.2427583230011205E-02 +0.0000000000000000E+00
+0.6516446149873500E+03 +0.2460877171399956E-02 +0.0000000000000000E+00
+0.6516491502179933E+03 +0.2494794124131661E-02 +0.0000000000000000E+00
+0.6516536854486367E+03 +0.2529334458544608E-02 +0.0000000000000000E+00
+0.6516582206792800E+03 +0.2564497029671673E-02 +0.0000000000000000E+00
+0.6516627559099234E+03 +0.2600279058889776E-02 +0.0000000000000000E+00
+0.6516672911405667E+03 +0.2636676019530070E-02 +0.0000000000000000E+00
+0.6516718263712100E+03 +0.2673681528969339E-02 +0.0000000000000000E+00
+0.6516763616018533E+03 +0.2711287250096938E-02 +0.0000000000000000E+00
+0.6516808968324967E+03 +0.2749482805317428E-02 +0.0000000000000000E+00
+0.6516854320631400E+03 +0.2788255706552569E-02 +0.0000000000000000E+00
+0.6516899672937834E+03 +0.2827591304932573E-02 +0.0000000000000000E+00
+0.6516945025244266E+03 +0.2867472763992161E-02 +0.0000000000000000E+00
+0.6516990377550701E+03 +0.2907881060293377E-02 +0.0000000000000000E+00
+0.6517035729857133E+03 +0.2948795015288931E-02 +0.0000000000000000E+00
+0.6517081082163568E+03 +0.2990191362098675E-02 +0.0000000000000000E+00
+0.6517126434470000E+03 +0.3032044850462829E-02 +0.0000000000000000E+00
+0.6517171786776433E+03 +0.3074328392659225E-02 +0.0000000000000000E+00
+0.6517217139082867E+03 +0.3117013252406074E-02 +0.0000000000000000E+00
+0.6517262491389300E+03 +0.3160069277895144E-02 +0.0000000000000000E+00
+0.6517307843695734E+03 +0.3203465179012366E-02 +0.0000000000000000E+00
+0.6517353196002167E+03 +0.3247168847518649E-02 +0.0000000000000000E+00
+0.6517398548308601E+03 +0.3291147717632887E-02 +0.0000000000000000E+00
+0.6517443900615034E+03 +0.3335369162933114E-02 +0.0000000000000000E+00
+0.6517489252921467E+03 +0.3379800924057363E-02 +0.0000000000000000E+00
+0.6517534605227900E+03 +0.3424411560174649E-02 +0.0000000000000000E+00
+0.6517579957534333E+03 +0.3469170915925028E-02 +0.0000000000000000E+00
+0.6517625309840766E+03 +0.3514050594345898E-02 +0.0000000000000000E+00
+0.6517670662147200E+03 +0.3559024425486479E-02 +0.0000000000000000E+00
+0.6517716014453633E+03 +0.3604068919916916E-02 +0.0000000000000000E+00
+0.6517761366760067E+03 +0.3649163696217933E-02 +0.0000000000000000E+00
+0.6517806719066500E+03 +0.3694291871949975E-02 +0.0000000000000000E+00
+0.6517852071372934E+03 +0.3739440408355745E-02 +0.0000000000000000E+00
+0.6517897423679367E+03 +0.3784600400366549E-02 +0.0000000000000000E+00
+0.6517942775985800E+03 +0.3829767305066892E-02 +0.0000000000000000E+00
+0.6517988128292233E+03 +0.3874941103792882E-02 +0.0000000000000000E+00
+0.6518033480598667E+03 +0.3920126395159778E-02 +0.0000000000000000E+00
+0.6518078832905099E+03 +0.3965332418615590E-02 +0.0000000000000000E+00
+0.6518124185211534E+03 +0.4010573010350378E-02 +0.0000000000000000E+00
+0.6518169537517966E+03 +0.4055866495426079E-02 +0.0000000000000000E+00
+0.6518214889824401E+03 +0.4101235521832169E-02 +0.0000000000000000E+00
+0.6518260242130833E+03 +0.4146706843517121E-02 +0.0000000000000000E+00
+0.6518305594437268E+03 +0.4192311060461251E-02 +0.0000000000000000E+00
+0.6518350946743700E+03 +0.4238082324260112E-02 +0.0000000000000000E+00
+0.6518396299050133E+03 +0.4284058017725485E-02 +0.0000000000000000E+00
+0.6518441651356567E+03 +0.4330278416481115E-02 +0.0000000000000000E+00
+0.6518487003663000E+03 +0.4376786339704446E-02 +0.0000000000000000E+00
+0.6518532355969434E+03 +0.4423626796017554E-02 +0.0000000000000000E+00
+0.6518577708275867E+03 +0.4470846629170227E-02 +0.0000000000000000E+00
+0.6518623060582300E+03 +0.4518494166832114E-02 +0.0000000000000000E+00
+0.6518668412888734E+03 +0.4566618874427057E-02 +0.0000000000000000E+00
+0.6518713765195167E+03 +0.4615271014852290E-02 +0.0000000000000000E+00
+0.6518759117501601E+03 +0.4664501313954799E-02 +0.0000000000000000E+00
+0.6518804469808033E+03 +0.4714360631103273E-02 +0.0000000000000000E+00
+0.6518849822114468E+03 +0.4764899633870053E-02 +0.0000000000000000E+00
+0.6518895174420900E+03 +0.4816168475934949E-02 +0.0000000000000000E+00
+0.6518940526727333E+03 +0.4868216477677321E-02 +0.0000000000000000E+00
+0.6518985879033767E+03 +0.4921091809471624E-02 +0.0000000000000000E+00
+0.6519031231340200E+03 +0.4974841178505239E-02 +0.0000000000000000E+00
+0.6519076583646633E+03 +0.5029509520678200E-02 +0.0000000000000000E+00
+0.6519121935953067E+03 +0.5085139700004003E-02 +0.0000000000000000E+00
+0.6519167288259500E+03 +0.5141772218538702E-02 +0.0000000000000000E+00
+0.6519212640565934E+03 +0.5199444940441099E-02 +0.0000000000000000E+00
+0.6519257992872367E+03 +0.5258192833972365E-02 +0.0000000000000000E+00
+0.6519303345178799E+03 +0.5318047735291057E-02 +0.0000000000000000E+00
+0.6519348697485234E+03 +0.5379038137636778E-02 +0.0000000000000000E+00
+0.6519394049791666E+03 +0.5441189008929538E-02 +0.0000000000000000E+00
+0.6519439402098101E+03 +0.5504521640140810E-02 +0.0000000000000000E+00
+0.6519484754404533E+03 +0.5569053525802226E-02 +0.0000000000000000E+00
+0.6519530106710966E+03 +0.5634798277091997E-02 +0.0000000000000000E+00
+0.6519575459017400E+03 +0.5701765566831926E-02 +0.0000000000000000E+00
+0.6519620811323833E+03 +0.5769961104795388E-02 +0.0000000000000000E+00
+0.6519666163630267E+03 +0.5839386640877452E-02 +0.0000000000000000E+00
+0.6519711515936700E+03 +0.5910039992971535E-02 +0.0000000000000000E+00
+0.6519756868243134E+03 +0.5981915096069238E-02 +0.0000000000000000E+00
+0.6519802220549567E+03 +0.6055002068884027E-02 +0.0000000000000000E+00
+0.6519847572856000E+03 +0.6129287294571741E-02 +0.0000000000000000E+00
+0.6519892925162434E+03 +0.6204753512499925E-02 +0.0000000000000000E+00
+0.6519938277468866E+03 +0.6281379918864126E-02 +0.0000000000000000E+00
+0.6519983629775301E+03 +0.6359142274842813E-02 +0.0000000000000000E+00
+0.6520028982081733E+03 +0.6438013022188046E-02 +0.0000000000000000E+00
+0.6520074334388167E+03 +0.6517961407400326E-02 +0.0000000000000000E+00
+0.6520119686694600E+03 +0.6598953616842046E-02 +0.0000000000000000E+00
+0.6520165039001034E+03 +0.6680952926432202E-02 +0.0000000000000000E+00
+0.6520210391307467E+03 +0.6763919870494555E-02 +0.0000000000000000E+00
+0.6520255743613901E+03 +0.6847812435235587E-02 +0.0000000000000000E+00
+0.6520301095920333E+03 +0.6932586282694971E-02 +0.0000000000000000E+00
+0.6520346448226767E+03 +0.7018195011215585E-02 +0.0000000000000000E+00
+0.6520391800533200E+03 +0.7104590458040022E-02 +0.0000000000000000E+00
+0.6520437152839634E+03 +0.7191723048890533E-02 +0.0000000000000000E+00
+0.6520482505146067E+03 +0.7279542198092195E-02 +0.0000000000000000E+00
+0.6520527857452500E+03 +0.7367996760955059E-02 +0.0000000000000000E+00
+0.6520573209758934E+03 +0.7457035538007280E-02 +0.0000000000000000E+00
+0.6520618562065367E+03 +0.7546607827938132E-02 +0.0000000000000000E+00
+0.6520663914371801E+03 +0.7636664023314884E-02 +0.0000000000000000E+00
+0.6520709266678233E+03 +0.7727156239923500E-02 +0.0000000000000000E+00
+0.6520754618984666E+03 +0.7818038967577989E-02 +0.0000000000000000E+00
+0.6520799971291100E+03 +0.7909269727151176E-02 +0.0000000000000000E+00
+0.6520845323597533E+03 +0.8000809715986913E-02 +0.0000000000000000E+00
+0.6520890675903967E+03 +0.8092624421709538E-02 +0.0000000000000000E+00
+0.6520936028210400E+03 +0.8184684182930342E-02 +0.0000000000000000E+00
+0.6520981380516833E+03 +0.8276964674865467E-02 +0.0000000000000000E+00
+0.6521026732823267E+03 +0.8369447298136226E-02 +0.0000000000000000E+00
+0.6521072085129700E+03 +0.8462119450570030E-02 +0.0000000000000000E+00
+0.6521117437436134E+03 +0.8554974664165476E-02 +0.0000000000000000E+00
+0.6521162789742566E+03 +0.8648012592972362E-02 +0.0000000000000000E+00
+0.6521208142049001E+03 +0.8741238841855906E-02 +0.0000000000000000E+00
+0.6521253494355433E+03 +0.8834664631193347E-02 +0.0000000000000000E+00
+0.6521298846661867E+03 +0.8928306298006398E-02 +0.0000000000000000E+00
+0.6521344198968300E+03 +0.9022184639594685E-02 +0.0000000000000000E+00
+0.6521389551274734E+03 +0.9116324111370890E-02 +0.0000000000000000E+00
+0.6521434903581167E+03 +0.9210751895610440E-02 +0.0000000000000000E+00
+0.6521480255887601E+03 +0.9305496862454743E-02 +0.0000000000000000E+00
+0.6521525608194033E+03 +0.9400588448028997E-02 +0.0000000000000000E+00
+0.6521570960500467E+03 +0.9496055477307683E-02 +0.0000000000000000E+00
+0.6521616312806900E+03 +0.9591924960803511E-02 +0.0000000000000000E+00
+0.6521661665113334E+03 +0.9688220894667119E-02 +0.0000000000000000E+00
+0.6521707017419767E+03 +0.9784963093157843E-02 +0.0000000000000000E+00
+0.6521752369726200E+03 +0.9882166080777407E-02 +0.0000000000000000E+00
+0.6521797722032634E+03 +0.9979838069051322E-02 +0.0000000000000000E+00
+0.6521843074339067E+03 +0.1007798003974066E-01 +0.0000000000000000E+00
+0.6521888426645501E+03 +0.1017658495286172E-01 +0.0000000000000000E+00
+0.6521933778951934E+03 +0.1027563709394014E-01 +0.0000000000000000E+00
+0.6521979131258366E+03 +0.1037511157112583E-01 +0.0000000000000000E+00
+0.6522024483564801E+03 +0.1047497396877287E-01 +0.0000000000000000E+00
+0.6522069835871233E+03 +0.1057518016039260E-01 +0.0000000000000000E+00
+0.6522115188177667E+03 +0.1067567628032463E-01 +0.0000000000000000E+00
+0.6522160540484100E+03 +0.1077639885008478E-01 +0.0000000000000000E+00
+0.6522205892790533E+03 +0.1087727505241995E-01 +0.0000000000000000E+00
+0.6522251245096967E+03 +0.1097822314318848E-01 +0.0000000000000000E+00
+0.6522296597403400E+03 +0.1107915298880726E-01 +0.0000000000000000E+00
+0.6522341949709834E+03 +0.1117996671462605E-01 +0.0000000000000000E+00
+0.6522387302016266E+03 +0.1128055944776333E-01 +0.0000000000000000E+00
+0.6522432654322701E+03 +0.1138082013617806E-01 +0.0000000000000000E+00
+0.6522478006629133E+03 +0.1148063242456053E-01 +0.0000000000000000E+00
+0.6522523358935567E+03 +0.1157987556680369E-01 +0.0000000000000000E+00
+0.6522568711242000E+03 +0.1167842535444318E-01 +0.0000000000000000E+00
+0.6522614063548434E+03 +0.1177615504087052E-01 +0.0000000000000000E+00
+0.6522659415854866E+03 +0.1187293624194420E-01 +0.0000000000000000E+00
+0.6522704768161301E+03 +0.1196863979539550E-01 +0.0000000000000000E+00
+0.6522750120467733E+03 +0.1206313656360365E-01 +0.0000000000000000E+00
+0.6522795472774167E+03 +0.1215629816737547E-01 +0.0000000000000000E+00
+0.6522840825080600E+03 +0.1224799764168629E-01 +0.0000000000000000E+00
+0.6522886177387034E+03 +0.1233811000820773E-01 +0.0000000000000000E+00
+0.6522931529693467E+03 +0.1242651276340496E-01 +0.0000000000000000E+00
+0.6522976881999900E+03 +0.1251308628482661E-01 +0.0000000000000000E+00
+0.6523022234306334E+03 +0.1259771416195029E-01 +0.0000000000000000E+00
+0.6523067586612767E+03 +0.1268028346096528E-01 +0.0000000000000000E+00
+0.6523112938919201E+03 +0.1276068493545587E-01 +0.0000000000000000E+00
+0.6523158291225634E+03 +0.1283881319647084E-01 +0.0000000000000000E+00
+0.6523203643532066E+03 +0.1291456685631269E-01 +0.0000000000000000E+00
+0.6523248995838501E+03 +0.1298784866008650E-01 +0.0000000000000000E+00
+0.6523294348144933E+03 +0.1305856561803404E-01 +0.0000000000000000E+00
+0.6523339700451368E+03 +0.1312662914982043E-01 +0.0000000000000000E+00
+0.6523385052757800E+03 +0.1319195524941622E-01 +0.0000000000000000E+00
+0.6523430405064234E+03 +0.1325446467641093E-01 +0.0000000000000000E+00
+0.6523475757370667E+03 +0.1331408317641229E-01 +0.0000000000000000E+00
+0.6523521109677100E+03 +0.1337074173021209E-01 +0.0000000000000000E+00
+0.6523566461983534E+03 +0.1342437682848945E-01 +0.0000000000000000E+00
+0.6523611814289967E+03 +0.1347493076650188E-01 +0.0000000000000000E+00
+0.6523657166596400E+03 +0.1352235195130292E-01 +0.0000000000000000E+00
+0.6523702518902834E+03 +0.1356659521288126E-01 +0.0000000000000000E+00
+0.6523747871209267E+03 +0.1360762211010418E-01 +0.0000000000000000E+00
+0.6523793223515700E+03 +0.1364540122247001E-01 +0.0000000000000000E+00
+0.6523838575822134E+03 +0.1367990841946656E-01 +0.0000000000000000E+00
+0.6523883928128566E+03 +0.1371112710048421E-01 +0.0000000000000000E+00
+0.6523929280435001E+03 +0.1373904839981406E-01 +0.0000000000000000E+00
+0.6523974632741433E+03 +0.1376367135289479E-01 +0.0000000000000000E+00
+0.6524019985047867E+03 +0.1378500302168519E-01 +0.0000000000000000E+00
+0.6524065337354300E+03 +0.1380305857849557E-01 +0.0000000000000000E+00
+0.6524110689660733E+03 +0.1381786134882323E-01 +0.0000000000000000E+00
+0.6524156041967167E+03 +0.1382944281450805E-01 +0.0000000000000000E+00
+0.6524201394273600E+03 +0.1383784257882371E-01 +0.0000000000000000E+00
+0.6524246746580034E+03 +0.1384310829496593E-01 +0.0000000000000000E+00
+0.6524292098886467E+03 +0.1384529555876132E-01 +0.0000000000000000E+00
+0.6524337451192899E+03 +0.1384446776544480E-01 +0.0000000000000000E+00
+0.6524382803499334E+03 +0.1384069592909993E-01 +0.0000000000000000E+00
+0.6524428155805766E+03 +0.1383405846201199E-01 +0.0000000000000000E+00
+0.6524473508112201E+03 +0.1382464090988322E-01 +0.0000000000000000E+00
+0.6524518860418633E+03 +0.1381253563779641E-01 +0.0000000000000000E+00
+0.6524564212725068E+03 +0.1379784146112284E-01 +0.0000000000000000E+00
+0.6524609565031500E+03 +0.1378066321542725E-01 +0.0000000000000000E+00
+0.6524654917337934E+03 +0.1376111125988541E-01 +0.0000000000000000E+00
+0.6524700269644367E+03 +0.1373930090991681E-01 +0.0000000000000000E+00
+0.6524745621950800E+03 +0.1371535179658445E-01 +0.0000000000000000E+00
+0.6524790974257234E+03 +0.1368938715285245E-01 +0.0000000000000000E+00
+0.6524836326563667E+03 +0.1366153302984277E-01 +0.0000000000000000E+00
+0.6524881678870100E+03 +0.1363191744967657E-01 +0.0000000000000000E+00
+0.6524927031176534E+03 +0.1360066950514077E-01 +0.0000000000000000E+00
+0.6524972383482967E+03 +0.1356791841997306E-01 +0.0000000000000000E+00
+0.6525017735789401E+03 +0.1353379258689809E-01 +0.0000000000000000E+00
+0.6525063088095834E+03 +0.1349841860327734E-01 +0.0000000000000000E+00
+0.6525108440402267E+03 +0.1346192032631193E-01 +0.0000000000000000E+00
+0.6525153792708700E+03 +0.1342441797081329E-01 +0.0000000000000000E+00
+0.6525199145015134E+03 +0.1338602727268993E-01 +0.0000000000000000E+00
+0.6525244497321567E+03 +0.1334685874028804E-01 +0.0000000000000000E+00
+0.6525289849628000E+03 +0.1330701701368307E-01 +0.0000000000000000E+00
+0.6525335201934433E+03 +0.1326660034904888E-01 +0.0000000000000000E+00
+0.6525380554240867E+03 +0.1322570024138152E-01 +0.0000000000000000E+00
+0.6525425906547300E+03 +0.1318440119451158E-01 +0.0000000000000000E+00
+0.6525471258853734E+03 +0.1314278064253998E-01 +0.0000000000000000E+00
+0.6525516611160167E+03 +0.1310090902205338E-01 +0.0000000000000000E+00
+0.6525561963466599E+03 +0.1305884998975350E-01 +0.0000000000000000E+00
+0.6525607315773034E+03 +0.1301666077591100E-01 +0.0000000000000000E+00
+0.6525652668079466E+03 +0.1297439266033599E-01 +0.0000000000000000E+00
+0.6525698020385901E+03 +0.1293209155458256E-01 +0.0000000000000000E+00
+0.6525743372692333E+03 +0.1288979867195386E-01 +0.0000000000000000E+00
+0.6525788724998768E+03 +0.1284755126543368E-01 +0.0000000000000000E+00
+0.6525834077305200E+03 +0.1280538341309047E-01 +0.0000000000000000E+00
+0.6525879429611634E+03 +0.1276332683045350E-01 +0.0000000000000000E+00
+0.6525924781918067E+03 +0.1272141168995721E-01 +0.0000000000000000E+00
+0.6525970134224500E+03 +0.1267966742840676E-01 +0.0000000000000000E+00
+0.6526015486530933E+03 +0.1263812352461728E-01 +0.0000000000000000E+00
+0.6526060838837367E+03 +0.1259681023060104E-01 +0.0000000000000000E+00
+0.6526106191143800E+03 +0.1255575924093969E-01 +0.0000000000000000E+00
+0.6526151543450234E+03 +0.1251500428622509E-01 +0.0000000000000000E+00
+0.6526196895756667E+03 +0.1247458163755578E-01 +0.0000000000000000E+00
+0.6526242248063101E+03 +0.1243453051025744E-01 +0.0000000000000000E+00
+0.6526287600369534E+03 +0.1239489335610139E-01 +0.0000000000000000E+00
+0.6526332952675967E+03 +0.1235571603464483E-01 +0.0000000000000000E+00
+0.6526378304982400E+03 +0.1231704785579182E-01 +0.0000000000000000E+00
+0.6526423657288834E+03 +0.1227894148758579E-01 +0.0000000000000000E+00
+0.6526469009595266E+03 +0.1224145272549284E-01 +0.0000000000000000E+00
+0.6526514361901701E+03 +0.1220464012216874E-01 +0.0000000000000000E+00
+0.6526559714208133E+03 +0.1216856447991703E-01 +0.0000000000000000E+00
+0.6526605066514568E+03 +0.1213328821158408E-01 +0.0000000000000000E+00
+0.6526650418821000E+03 +0.1209887457956049E-01 +0.0000000000000000E+00
+0.6526695771127434E+03 +0.1206538682652272E-01 +0.0000000000000000E+00
+0.6526741123433867E+03 +0.1203288721556264E-01 +0.0000000000000000E+00
+0.6526786475740300E+03 +0.1200143600102268E-01 +0.0000000000000000E+00
+0.6526831828046734E+03 +0.1197109035465281E-01 +0.0000000000000000E+00
+0.6526877180353167E+03 +0.1194190327429201E-01 +0.0000000000000000E+00
+0.6526922532659601E+03 +0.1191392250408717E-01 +0.0000000000000000E+00
+0.6526967884966033E+03 +0.1188718949617524E-01 +0.0000000000000000E+00
+0.6527013237272467E+03 +0.1186173844363445E-01 +0.0000000000000000E+00
+0.6527058589578900E+03 +0.1183759541347797E-01 +0.0000000000000000E+00
+0.6527103941885334E+03 +0.1181477760641992E-01 +0.0000000000000000E+00
+0.6527149294191767E+03 +0.1179329276732247E-01 +0.0000000000000000E+00
+0.6527194646498200E+03 +0.1177313876662252E-01 +0.0000000000000000E+00
+0.6527239998804633E+03 +0.1175430336890810E-01 +0.0000000000000000E+00
+0.6527285351111067E+03 +0.1173676420022316E-01 +0.0000000000000000E+00
+0.6527330703417500E+03 +0.1172048892083720E-01 +0.0000000000000000E+00
+0.6527376055723934E+03 +0.1170543560526508E-01 +0.0000000000000000E+00
+0.6527421408030367E+03 +0.1169155332633773E-01 +0.0000000000000000E+00
+0.6527466760336800E+03 +0.1167878293529384E-01 +0.0000000000000000E+00
+0.6527512112643234E+03 +0.1166705802518550E-01 +0.0000000000000000E+00
+0.6527557464949667E+03 +0.1165630606052632E-01 +0.0000000000000000E+00
+0.6527602817256100E+03 +0.1164644965204029E-01 +0.0000000000000000E+00
+0.6527648169562534E+03 +0.1163740795172611E-01 +0.0000000000000000E+00
+0.6527693521868966E+03 +0.1162909814023483E-01 +0.0000000000000000E+00
+0.6527738874175401E+03 +0.1162143697586911E-01 +0.0000000000000000E+00
+0.6527784226481833E+03 +0.1161434237241532E-01 +0.0000000000000000E+00
+0.6527829578788268E+03 +0.1160773497157032E-01 +0.0000000000000000E+00
+0.6527874931094700E+03 +0.1160153967503832E-01 +0.0000000000000000E+00
+0.6527920283401135E+03 +0.1159568710148125E-01 +0.0000000000000000E+00
+0.6527965635707567E+03 +0.1159011493451003E-01 +0.0000000000000000E+00
+0.6528010988014000E+03 +0.1158476912980759E-01 +0.0000000000000000E+00
+0.6528056340320434E+03 +0.1157960495232313E-01 +0.0000000000000000E+00
+0.6528101692626867E+03 +0.1157458781822057E-01 +0.0000000000000000E+00
+0.6528147044933301E+03 +0.1156969392085783E-01 +0.0000000000000000E+00
+0.6528192397239734E+03 +0.1156491062541266E-01 +0.0000000000000000E+00
+0.6528237749546167E+03 +0.1156023662270048E-01 +0.0000000000000000E+00
+0.6528283101852601E+03 +0.1155568183909726E-01 +0.0000000000000000E+00
+0.6528328454159034E+03 +0.1155126710605176E-01 +0.0000000000000000E+00
+0.6528373806465466E+03 +0.1154702359925315E-01 +0.0000000000000000E+00
+0.6528419158771900E+03 +0.1154299206384820E-01 +0.0000000000000000E+00
+0.6528464511078333E+03 +0.1153922184797463E-01 +0.0000000000000000E+00
+0.6528509863384767E+03 +0.1153576977204927E-01 +0.0000000000000000E+00
+0.6528555215691200E+03 +0.1153269886554296E-01 +0.0000000000000000E+00
+0.6528600567997634E+03 +0.1153007700621968E-01 +0.0000000000000000E+00
+0.6528645920304067E+03 +0.1152797549888515E-01 +0.0000000000000000E+00
+0.6528691272610500E+03 +0.1152646763151856E-01 +0.0000000000000000E+00
+0.6528736624916933E+03 +0.1152562724620600E-01 +0.0000000000000000E+00
+0.6528781977223367E+03 +0.1152552736059967E-01 +0.0000000000000000E+00
+0.6528827329529799E+03 +0.1152623887275542E-01 +0.0000000000000000E+00
+0.6528872681836234E+03 +0.1152782937829078E-01 +0.0000000000000000E+00
+0.6528918034142666E+03 +0.1153036212401726E-01 +0.0000000000000000E+00
+0.6528963386449101E+03 +0.1153389511674255E-01 +0.0000000000000000E+00
+0.6529008738755533E+03 +0.1153848040003457E-01 +0.0000000000000000E+00
+0.6529054091061968E+03 +0.1154416350563785E-01 +0.0000000000000000E+00
+0.6529099443368400E+03 +0.1155098308017044E-01 +0.0000000000000000E+00
+0.6529144795674833E+03 +0.1155897068195419E-01 +0.0000000000000000E+00
+0.6529190147981267E+03 +0.1156815073754377E-01 +0.0000000000000000E+00
+0.6529235500287700E+03 +0.1157854064292226E-01 +0.0000000000000000E+00
+0.6529280852594134E+03 +0.1159015099056806E-01 +0.0000000000000000E+00
+0.6529326204900567E+03 +0.1160298590076522E-01 +0.0000000000000000E+00
+0.6529371557207000E+03 +0.1161704343372220E-01 +0.0000000000000000E+00
+0.6529416909513434E+03 +0.1163231605824878E-01 +0.0000000000000000E+00
+0.6529462261819867E+03 +0.1164879115294903E-01 +0.0000000000000000E+00
+0.6529507614126301E+03 +0.1166645151698195E-01 +0.0000000000000000E+00
+0.6529552966432733E+03 +0.1168527586938771E-01 +0.0000000000000000E+00
+0.6529598318739168E+03 +0.1170523931856399E-01 +0.0000000000000000E+00
+0.6529643671045600E+03 +0.1172631378661641E-01 +0.0000000000000000E+00
+0.6529689023352034E+03 +0.1174846837678787E-01 +0.0000000000000000E+00
+0.6529734375658467E+03 +0.1177166967581358E-01 +0.0000000000000000E+00
+0.6529779727964901E+03 +0.1179588198673908E-01 +0.0000000000000000E+00
+0.6529825080271333E+03 +0.1182106749122555E-01 +0.0000000000000000E+00
+0.6529870432577767E+03 +0.1184718634362632E-01 +0.0000000000000000E+00
+0.6529915784884200E+03 +0.1187419670191484E-01 +0.0000000000000000E+00
+0.6529961137190634E+03 +0.1190205470292221E-01 +0.0000000000000000E+00
+0.6530006489497067E+03 +0.1193071439112591E-01 +0.0000000000000000E+00
+0.6530051841803501E+03 +0.1196012761151085E-01 +0.0000000000000000E+00
+0.6530097194109934E+03 +0.1199024387775238E-01 +0.0000000000000000E+00
+0.6530142546416366E+03 +0.1202101022718299E-01 +0.0000000000000000E+00
+0.6530187898722801E+03 +0.1205237107384493E-01 +0.0000000000000000E+00
+0.6530233251029233E+03 +0.1208426807035291E-01 +0.0000000000000000E+00
+0.6530278603335668E+03 +0.1211663998853643E-01 +0.0000000000000000E+00
+0.6530323955642100E+03 +0.1214942262782645E-01 +0.0000000000000000E+00
+0.6530369307948533E+03 +0.1218254875934391E-01 +0.0000000000000000E+00
+0.6530414660254967E+03 +0.1221594811253885E-01 +0.0000000000000000E+00
+0.6530460012561400E+03 +0.1224954741020779E-01 +0.0000000000000000E+00
+0.6530505364867834E+03 +0.1228327045672141E-01 +0.0000000000000000E+00
+0.6530550717174267E+03 +0.1231703828332482E-01 +0.0000000000000000E+00
+0.6530596069480700E+03 +0.1235076935350373E-01 +0.0000000000000000E+00
+0.6530641421787134E+03 +0.1238437983045899E-01 +0.0000000000000000E+00
+0.6530686774093567E+03 +0.1241778390784362E-01 +0.0000000000000000E+00
+0.6530732126400001E+03 +0.1245089420386654E-01 +0.0000000000000000E+00
+0.6530777478706433E+03 +0.1248362221781906E-01 +0.0000000000000000E+00
+0.6530822831012867E+03 +0.1251587884684203E-01 +0.0000000000000000E+00
+0.6530868183319300E+03 +0.1254757495948524E-01 +0.0000000000000000E+00
+0.6530913535625734E+03 +0.1257862202125466E-01 +0.0000000000000000E+00
+0.6530958887932167E+03 +0.1260893276594668E-01 +0.0000000000000000E+00
+0.6531004240238601E+03 +0.1263842190528161E-01 +0.0000000000000000E+00
+0.6531049592545033E+03 +0.1266700686809542E-01 +0.0000000000000000E+00
+0.6531094944851468E+03 +0.1269460855936349E-01 +0.0000000000000000E+00
+0.6531140297157900E+03 +0.1272115212849988E-01 +0.0000000000000000E+00
+0.6531185649464334E+03 +0.1274656773590328E-01 +0.0000000000000000E+00
+0.6531231001770767E+03 +0.1277079130646629E-01 +0.0000000000000000E+00
+0.6531276354077200E+03 +0.1279376525884598E-01 +0.0000000000000000E+00
+0.6531321706383634E+03 +0.1281543919959753E-01 +0.0000000000000000E+00
+0.6531367058690067E+03 +0.1283577057174983E-01 +0.0000000000000000E+00
+0.6531412410996501E+03 +0.1285472524805194E-01 +0.0000000000000000E+00
+0.6531457763302934E+03 +0.1287227805976839E-01 +0.0000000000000000E+00
+0.6531503115609368E+03 +0.1288841325261457E-01 +0.0000000000000000E+00
+0.6531548467915800E+03 +0.1290312486204690E-01 +0.0000000000000000E+00
+0.6531593820222233E+03 +0.1291641700075213E-01 +0.0000000000000000E+00
+0.6531639172528667E+03 +0.1292830405173881E-01 +0.0000000000000000E+00
+0.6531684524835100E+03 +0.1293881076104538E-01 +0.0000000000000000E+00
+0.6531729877141534E+03 +0.1294797222476125E-01 +0.0000000000000000E+00
+0.6531775229447967E+03 +0.1295583376590146E-01 +0.0000000000000000E+00
+0.6531820581754400E+03 +0.1296245069778478E-01 +0.0000000000000000E+00
+0.6531865934060834E+03 +0.1296788797196221E-01 +0.0000000000000000E+00
+0.6531911286367267E+03 +0.1297221971051548E-01 +0.0000000000000000E+00
+0.6531956638673701E+03 +0.1297552862465339E-01 +0.0000000000000000E+00
+0.6532001990980133E+03 +0.1297790532397845E-01 +0.0000000000000000E+00
+0.6532047343286567E+03 +0.1297944752346456E-01 +0.0000000000000000E+00
+0.6532092695593000E+03 +0.1298025915798644E-01 +0.0000000000000000E+00
+0.6532138047899434E+03 +0.1298044941700822E-01 +0.0000000000000000E+00
+0.6532183400205867E+03 +0.1298013171462115E-01 +0.0000000000000000E+00
+0.6532228752512301E+03 +0.1297942261235280E-01 +0.0000000000000000E+00
+0.6532274104818733E+03 +0.1297844071390504E-01 +0.0000000000000000E+00
+0.6532319457125168E+03 +0.1297730555209915E-01 +0.0000000000000000E+00
+0.6532364809431600E+03 +0.1297613648873219E-01 +0.0000000000000000E+00
+0.6532410161738034E+03 +0.1297505164774526E-01 +0.0000000000000000E+00
+0.6532455514044467E+03 +0.1297416690108502E-01 +0.0000000000000000E+00
+0.6532500866350900E+03 +0.1297359492495724E-01 +0.0000000000000000E+00
+0.6532546218657334E+03 +0.1297344434192317E-01 +0.0000000000000000E+00
+0.6532591570963767E+03 +0.1297381896159313E-01 +0.0000000000000000E+00
+0.6532636923270201E+03 +0.1297481712966891E-01 +0.0000000000000000E+00
+0.6532682275576634E+03 +0.1297653119192208E-01 +0.0000000000000000E+00
+0.6532727627883067E+03 +0.1297904707651133E-01 +0.0000000000000000E+00
+0.6532772980189501E+03 +0.1298244399497035E-01 +0.0000000000000000E+00
+0.6532818332495933E+03 +0.1298679425935069E-01 +0.0000000000000000E+00
+0.6532863684802368E+03 +0.1299216321046983E-01 +0.0000000000000000E+00
+0.6532909037108800E+03 +0.1299860925005905E-01 +0.0000000000000000E+00
+0.6532954389415233E+03 +0.1300618396787075E-01 +0.0000000000000000E+00
+0.6532999741721667E+03 +0.1301493235349221E-01 +0.0000000000000000E+00
+0.6533045094028100E+03 +0.1302489308173658E-01 +0.0000000000000000E+00
+0.6533090446334534E+03 +0.1303609885998397E-01 +0.0000000000000000E+00
+0.6533135798640967E+03 +0.1304857682571949E-01 +0.0000000000000000E+00
+0.6533181150947401E+03 +0.1306234898266300E-01 +0.0000000000000000E+00
+0.6533226503253834E+03 +0.1307743266429685E-01 +0.0000000000000000E+00
+0.6533271855560267E+03 +0.1309384101415354E-01 +0.0000000000000000E+00
+0.6533317207866700E+03 +0.1311158347291571E-01 +0.0000000000000000E+00
+0.6533362560173134E+03 +0.1313066626312221E-01 +0.0000000000000000E+00
+0.6533407912479566E+03 +0.1315109286301388E-01 +0.0000000000000000E+00
+0.6533453264786001E+03 +0.1317286446181075E-01 +0.0000000000000000E+00
+0.6533498617092433E+03 +0.1319598038939237E-01 +0.0000000000000000E+00
+0.6533543969398867E+03 +0.1322043851405373E-01 +0.0000000000000000E+00
+0.6533589321705300E+03 +0.1324623560264314E-01 +0.0000000000000000E+00
+0.6533634674011734E+03 +0.1327336763807213E-01 +0.0000000000000000E+00
+0.6533680026318167E+03 +0.1330183008990848E-01 +0.0000000000000000E+00
+0.6533725378624600E+03 +0.1333161813454465E-01 +0.0000000000000000E+00
+0.6533770730931034E+03 +0.1336272682239396E-01 +0.0000000000000000E+00
+0.6533816083237467E+03 +0.1339515119060768E-01 +0.0000000000000000E+00
+0.6533861435543901E+03 +0.1342888632109139E-01 +0.0000000000000000E+00
+0.6533906787850334E+03 +0.1346392734496863E-01 +0.0000000000000000E+00
+0.6533952140156766E+03 +0.1350026939623388E-01 +0.0000000000000000E+00
+0.6533997492463201E+03 +0.1353790751894679E-01 +0.0000000000000000E+00
+0.6534042844769633E+03 +0.1357683653402068E-01 +0.0000000000000000E+00
+0.6534088197076068E+03 +0.1361705087328558E-01 +0.0000000000000000E+00
+0.6534133549382500E+03 +0.1365854438994967E-01 +0.0000000000000000E+00
+0.6534178901688935E+03 +0.1370131015585079E-01 +0.0000000000000000E+00
+0.6534224253995367E+03 +0.1374534025670731E-01 +0.0000000000000000E+00
+0.6534269606301801E+03 +0.1379062559706623E-01 +0.0000000000000000E+00
+0.6534314958608234E+03 +0.1383715572651846E-01 +0.0000000000000000E+00
+0.6534360310914667E+03 +0.1388491869819887E-01 +0.0000000000000000E+00
+0.6534405663221100E+03 +0.1393390096938151E-01 +0.0000000000000000E+00
+0.6534451015527534E+03 +0.1398408735235004E-01 +0.0000000000000000E+00
+0.6534496367833967E+03 +0.1403546102162479E-01 +0.0000000000000000E+00
+0.6534541720140401E+03 +0.1408800358115796E-01 +0.0000000000000000E+00
+0.6534587072446834E+03 +0.1414169519253560E-01 +0.0000000000000000E+00
+0.6534632424753268E+03 +0.1419651476247390E-01 +0.0000000000000000E+00
+0.6534677777059701E+03 +0.1425244018538762E-01 +0.0000000000000000E+00
+0.6534723129366133E+03 +0.1430944863440985E-01 +0.0000000000000000E+00
+0.6534768481672567E+03 +0.1436751689236984E-01 +0.0000000000000000E+00
+0.6534813833979000E+03 +0.1442662171271063E-01 +0.0000000000000000E+00
+0.6534859186285433E+03 +0.1448674019946428E-01 +0.0000000000000000E+00
+0.6534904538591867E+03 +0.1454785019508057E-01 +0.0000000000000000E+00
+0.6534949890898300E+03 +0.1460993066511143E-01 +0.0000000000000000E+00
+0.6534995243204734E+03 +0.1467296206960379E-01 +0.0000000000000000E+00
+0.6535040595511167E+03 +0.1473692671220159E-01 +0.0000000000000000E+00
+0.6535085947817601E+03 +0.1480180905962477E-01 +0.0000000000000000E+00
+0.6535131300124034E+03 +0.1486759602592483E-01 +0.0000000000000000E+00
+0.6535176652430466E+03 +0.1493427721793486E-01 +0.0000000000000000E+00
+0.6535222004736901E+03 +0.1500184514017667E-01 +0.0000000000000000E+00
+0.6535267357043333E+03 +0.1507029535933217E-01 +0.0000000000000000E+00
+0.6535312709349768E+03 +0.1513962662995042E-01 +0.0000000000000000E+00
+0.6535358061656200E+03 +0.1520984098425284E-01 +0.0000000000000000E+00
+0.6535403413962634E+03 +0.1528094378982828E-01 +0.0000000000000000E+00
+0.6535448766269067E+03 +0.1535294377932350E-01 +0.0000000000000000E+00
+0.6535494118575501E+03 +0.1542585305626978E-01 +0.0000000000000000E+00
+0.6535539470881934E+03 +0.1549968708056634E-01 +0.0000000000000000E+00
+0.6535584823188367E+03 +0.1557446463628579E-01 +0.0000000000000000E+00
+0.6535630175494800E+03 +0.1565020778306132E-01 +0.0000000000000000E+00
+0.6535675527801234E+03 +0.1572694179077811E-01 +0.0000000000000000E+00
+0.6535720880107667E+03 +0.1580469505555100E-01 +0.0000000000000000E+00
+0.6535766232414101E+03 +0.1588349899316296E-01 +0.0000000000000000E+00
+0.6535811584720534E+03 +0.1596338790463449E-01 +0.0000000000000000E+00
+0.6535856937026967E+03 +0.1604439880720984E-01 +0.0000000000000000E+00
+0.6535902289333401E+03 +0.1612657122334848E-01 +0.0000000000000000E+00
+0.6535947641639834E+03 +0.1620994692001162E-01 +0.0000000000000000E+00
+0.6535992993946267E+03 +0.1629456959116890E-01 +0.0000000000000000E+00
+0.6536038346252701E+03 +0.1638048447766221E-01 +0.0000000000000000E+00
+0.6536083698559133E+03 +0.1646773792071381E-01 +0.0000000000000000E+00
+0.6536129050865567E+03 +0.1655637684818766E-01 +0.0000000000000000E+00
+0.6536174403172000E+03 +0.1664644819607448E-01 +0.0000000000000000E+00
+0.6536219755478434E+03 +0.1673799827163021E-01 +0.0000000000000000E+00
+0.6536265107784867E+03 +0.1683107206853584E-01 +0.0000000000000000E+00
+0.6536310460091300E+03 +0.1692571254855436E-01 +0.0000000000000000E+00
+0.6536355812397734E+03 +0.1702195990767295E-01 +0.0000000000000000E+00
+0.6536401164704166E+03 +0.1711985084784216E-01 +0.0000000000000000E+00
+0.6536446517010601E+03 +0.1721941787741842E-01 +0.0000000000000000E+00
+0.6536491869317033E+03 +0.1732068866448990E-01 +0.0000000000000000E+00
+0.6536537221623468E+03 +0.1742368546701875E-01 +0.0000000000000000E+00
+0.6536582573929900E+03 +0.1752842466209371E-01 +0.0000000000000000E+00
+0.6536627926236334E+03 +0.1763491639384409E-01 +0.0000000000000000E+00
+0.6536673278542767E+03 +0.1774316435537732E-01 +0.0000000000000000E+00
+0.6536718630849201E+03 +0.1785316571519190E-01 +0.0000000000000000E+00
+0.6536763983155633E+03 +0.1796491119257684E-01 +0.0000000000000000E+00
+0.6536809335462067E+03 +0.1807838528041925E-01 +0.0000000000000000E+00
+0.6536854687768500E+03 +0.1819356660737261E-01 +0.0000000000000000E+00
+0.6536900040074934E+03 +0.1831042842530639E-01 +0.0000000000000000E+00
+0.6536945392381367E+03 +0.1842893920239081E-01 +0.0000000000000000E+00
+0.6536990744687801E+03 +0.1854906329732401E-01 +0.0000000000000000E+00
+0.6537036096994234E+03 +0.1867076168662055E-01 +0.0000000000000000E+00
+0.6537081449300667E+03 +0.1879399271416927E-01 +0.0000000000000000E+00
+0.6537126801607101E+03 +0.1891871283114070E-01 +0.0000000000000000E+00
+0.6537172153913534E+03 +0.1904487729414438E-01 +0.0000000000000000E+00
+0.6537217506219966E+03 +0.1917244079091989E-01 +0.0000000000000000E+00
+0.6537262858526401E+03 +0.1930135796506581E-01 +0.0000000000000000E+00
+0.6537308210832833E+03 +0.1943158381479451E-01 +0.0000000000000000E+00
+0.6537353563139268E+03 +0.1956307394497706E-01 +0.0000000000000000E+00
+0.6537398915445700E+03 +0.1969578465663793E-01 +0.0000000000000000E+00
+0.6537444267752135E+03 +0.1982967286376804E-01 +0.0000000000000000E+00
+0.6537489620058567E+03 +0.1996469583308684E-01 +0.0000000000000000E+00
+0.6537534972365000E+03 +0.2010081074871557E-01 +0.0000000000000000E+00
+0.6537580324671434E+03 +0.2023797410976444E-01 +0.0000000000000000E+00
+0.6537625676977867E+03 +0.2037614097499454E-01 +0.0000000000000000E+00
+0.6537671029284301E+03 +0.2051526407446072E-01 +0.0000000000000000E+00
+0.6537716381590734E+03 +0.2065529281318213E-01 +0.0000000000000000E+00
+0.6537761733897167E+03 +0.2079617219661553E-01 +0.0000000000000000E+00
+0.6537807086203601E+03 +0.2093784171123767E-01 +0.0000000000000000E+00
+0.6537852438510034E+03 +0.2108023419645446E-01 +0.0000000000000000E+00
+0.6537897790816467E+03 +0.2122327474546618E-01 +0.0000000000000000E+00
+0.6537943143122900E+03 +0.2136687967331066E-01 +0.0000000000000000E+00
+0.6537988495429333E+03 +0.2151095558930009E-01 +0.0000000000000000E+00
+0.6538033847735767E+03 +0.2165539860910509E-01 +0.0000000000000000E+00
+0.6538079200042200E+03 +0.2180009373850266E-01 +0.0000000000000000E+00
+0.6538124552348634E+03 +0.2194491445639822E-01 +0.0000000000000000E+00
+0.6538169904655067E+03 +0.2208972251969769E-01 +0.0000000000000000E+00
+0.6538215256961500E+03 +0.2223436800648896E-01 +0.0000000000000000E+00
+0.6538260609267934E+03 +0.2237868960776940E-01 +0.0000000000000000E+00
+0.6538305961574367E+03 +0.2252251517107670E-01 +0.0000000000000000E+00
+0.6538351313880800E+03 +0.2266566249287455E-01 +0.0000000000000000E+00
+0.6538396666187234E+03 +0.2280794034988852E-01 +0.0000000000000000E+00
+0.6538442018493666E+03 +0.2294914975365218E-01 +0.0000000000000000E+00
+0.6538487370800101E+03 +0.2308908540710695E-01 +0.0000000000000000E+00
+0.6538532723106533E+03 +0.2322753733737159E-01 +0.0000000000000000E+00
+0.6538578075412968E+03 +0.2336429267524678E-01 +0.0000000000000000E+00
+0.6538623427719400E+03 +0.2349913754909323E-01 +0.0000000000000000E+00
+0.6538668780025835E+03 +0.2363185905917917E-01 +0.0000000000000000E+00
+0.6538714132332267E+03 +0.2376224729766006E-01 +0.0000000000000000E+00
+0.6538759484638700E+03 +0.2389009737972946E-01 +0.0000000000000000E+00
+0.6538804836945134E+03 +0.2401521145235994E-01 +0.0000000000000000E+00
+0.6538850189251567E+03 +0.2413740064893665E-01 +0.0000000000000000E+00
+0.6538895541558001E+03 +0.2425648696048308E-01 +0.0000000000000000E+00
+0.6538940893864434E+03 +0.2437230499696875E-01 +0.0000000000000000E+00
+0.6538986246170867E+03 +0.2448470361556829E-01 +0.0000000000000000E+00
+0.6539031598477301E+03 +0.2459354739602804E-01 +0.0000000000000000E+00
+0.6539076950783734E+03 +0.2469871794699346E-01 +0.0000000000000000E+00
+0.6539122303090168E+03 +0.2480011503050538E-01 +0.0000000000000000E+00
+0.6539167655396600E+03 +0.2489765749539169E-01 +0.0000000000000000E+00
+0.6539213007703034E+03 +0.2499128401329111E-01 +0.0000000000000000E+00
+0.6539258360009467E+03 +0.2508095361395518E-01 +0.0000000000000000E+00
+0.6539303712315900E+03 +0.2516664601892497E-01 +0.0000000000000000E+00
+0.6539349064622334E+03 +0.2524836177466835E-01 +0.0000000000000000E+00
+0.6539394416928767E+03 +0.2532612218801878E-01 +0.0000000000000000E+00
+0.6539439769235200E+03 +0.2539996906790983E-01 +0.0000000000000000E+00
+0.6539485121541634E+03 +0.2546996427846978E-01 +0.0000000000000000E+00
+0.6539530473848067E+03 +0.2553618910916654E-01 +0.0000000000000000E+00
+0.6539575826154500E+03 +0.2559874346843083E-01 +0.0000000000000000E+00
+0.6539621178460934E+03 +0.2565774490776736E-01 +0.0000000000000000E+00
+0.6539666530767366E+03 +0.2571332748426568E-01 +0.0000000000000000E+00
+0.6539711883073801E+03 +0.2576564047055661E-01 +0.0000000000000000E+00
+0.6539757235380233E+03 +0.2581484692275901E-01 +0.0000000000000000E+00
+0.6539802587686668E+03 +0.2586112211899957E-01 +0.0000000000000000E+00
+0.6539847939993100E+03 +0.2590465188342251E-01 +0.0000000000000000E+00
+0.6539893292299535E+03 +0.2594563081342581E-01 +0.0000000000000000E+00
+0.6539938644605967E+03 +0.2598426043074911E-01 +0.0000000000000000E+00
+0.6539983996912400E+03 +0.2602074728005243E-01 +0.0000000000000000E+00
+0.6540029349218834E+03 +0.2605530100127020E-01 +0.0000000000000000E+00
+0.6540074701525267E+03 +0.2608813240423323E-01 +0.0000000000000000E+00
+0.6540120053831700E+03 +0.2611945157542912E-01 +0.0000000000000000E+00
+0.6540165406138134E+03 +0.2614946604710398E-01 +0.0000000000000000E+00
+0.6540210758444567E+03 +0.2617837905810279E-01 +0.0000000000000000E+00
+0.6540256110751001E+03 +0.2620638793366926E-01 +0.0000000000000000E+00
+0.6540301463057434E+03 +0.2623368260804847E-01 +0.0000000000000000E+00
+0.6540346815363868E+03 +0.2626044430910836E-01 +0.0000000000000000E+00
+0.6540392167670300E+03 +0.2628684441868414E-01 +0.0000000000000000E+00
+0.6540437519976734E+03 +0.2631304351610660E-01 +0.0000000000000000E+00
+0.6540482872283167E+03 +0.2633919060588111E-01 +0.0000000000000000E+00
+0.6540528224589601E+03 +0.2636542252406022E-01 +0.0000000000000000E+00
+0.6540573576896034E+03 +0.2639186351189129E-01 +0.0000000000000000E+00
+0.6540618929202468E+03 +0.2641862494026112E-01 +0.0000000000000000E+00
+0.6540664281508900E+03 +0.2644580516447588E-01 +0.0000000000000000E+00
+0.6540709633815334E+03 +0.2647348948637401E-01 +0.0000000000000000E+00
+0.6540754986121767E+03 +0.2650175019963393E-01 +0.0000000000000000E+00
+0.6540800338428201E+03 +0.2653064669456588E-01 +0.0000000000000000E+00
+0.6540845690734634E+03 +0.2656022560042464E-01 +0.0000000000000000E+00
+0.6540891043041067E+03 +0.2659052094627080E-01 +0.0000000000000000E+00
+0.6540936395347501E+03 +0.2662155432529971E-01 +0.0000000000000000E+00
+0.6540981747653933E+03 +0.2665333505201387E-01 +0.0000000000000000E+00
+0.6541027099960368E+03 +0.2668586030636846E-01 +0.0000000000000000E+00
+0.6541072452266800E+03 +0.2671911526358857E-01 +0.0000000000000000E+00
+0.6541117804573234E+03 +0.2675307321259167E-01 +0.0000000000000000E+00
+0.6541163156879667E+03 +0.2678769566942572E-01 +0.0000000000000000E+00
+0.6541208509186100E+03 +0.2682293249486111E-01 +0.0000000000000000E+00
+0.6541253861492534E+03 +0.2685872202698787E-01 +0.0000000000000000E+00
+0.6541299213798967E+03 +0.2689499124053893E-01 +0.0000000000000000E+00
+0.6541344566105400E+03 +0.2693165594466815E-01 +0.0000000000000000E+00
+0.6541389918411834E+03 +0.2696862103022135E-01 +0.0000000000000000E+00
+0.6541435270718267E+03 +0.2700578077642864E-01 +0.0000000000000000E+00
+0.6541480623024701E+03 +0.2704301922546521E-01 +0.0000000000000000E+00
+0.6541525975331134E+03 +0.2708021063185217E-01 +0.0000000000000000E+00
+0.6541571327637567E+03 +0.2711721999214853E-01 +0.0000000000000000E+00
+0.6541616679944000E+03 +0.2715390365911311E-01 +0.0000000000000000E+00
+0.6541662032250434E+03 +0.2719011004331969E-01 +0.0000000000000000E+00
+0.6541707384556867E+03 +0.2722568040421280E-01 +0.0000000000000000E+00
+0.6541752736863301E+03 +0.2726044973159826E-01 +0.0000000000000000E+00
+0.6541798089169733E+03 +0.2729424771743593E-01 +0.0000000000000000E+00
+0.6541843441476168E+03 +0.2732689981648700E-01 +0.0000000000000000E+00
+0.6541888793782600E+03 +0.2735822839257413E-01 +0.0000000000000000E+00
+0.6541934146089035E+03 +0.2738805394501902E-01 +0.0000000000000000E+00
+0.6541979498395467E+03 +0.2741619640701497E-01 +0.0000000000000000E+00
+0.6542024850701901E+03 +0.2744247650447966E-01 +0.0000000000000000E+00
+0.6542070203008334E+03 +0.2746671716027096E-01 +0.0000000000000000E+00
+0.6542115555314767E+03 +0.2748874492485873E-01 +0.0000000000000000E+00
+0.6542160907621201E+03 +0.2750839141079536E-01 +0.0000000000000000E+00
+0.6542206259927634E+03 +0.2752549470490894E-01 +0.0000000000000000E+00
+0.6542251612234068E+03 +0.2753990072941589E-01 +0.0000000000000000E+00
+0.6542296964540501E+03 +0.2755146452129045E-01 +0.0000000000000000E+00
+0.6542342316846933E+03 +0.2756005139858329E-01 +0.0000000000000000E+00
+0.6542387669153368E+03 +0.2756553798301599E-01 +0.0000000000000000E+00
+0.6542433021459800E+03 +0.2756781305025621E-01 +0.0000000000000000E+00
+0.6542478373766234E+03 +0.2756677818272989E-01 +0.0000000000000000E+00
+0.6542523726072667E+03 +0.2756234820456920E-01 +0.0000000000000000E+00
+0.6542569078379100E+03 +0.2755445138412568E-01 +0.0000000000000000E+00
+0.6542614430685534E+03 +0.2754302939612280E-01 +0.0000000000000000E+00
+0.6542659782991967E+03 +0.2752803704264776E-01 +0.0000000000000000E+00
+0.6542705135298401E+03 +0.2750944173945789E-01 +0.0000000000000000E+00
+0.6542750487604833E+03 +0.2748722278110402E-01 +0.0000000000000000E+00
+0.6542795839911267E+03 +0.2746137040486751E-01 +0.0000000000000000E+00
+0.6542841192217700E+03 +0.2743188467913164E-01 +0.0000000000000000E+00
+0.6542886544524134E+03 +0.2739877424635269E-01 +0.0000000000000000E+00
+0.6542931896830567E+03 +0.2736205495414532E-01 +0.0000000000000000E+00
+0.6542977249137001E+03 +0.2732174840998674E-01 +0.0000000000000000E+00
+0.6543022601443433E+03 +0.2727788049582861E-01 +0.0000000000000000E+00
+0.6543067953749868E+03 +0.2723047987839470E-01 +0.0000000000000000E+00
+0.6543113306056300E+03 +0.2717957654947831E-01 +0.0000000000000000E+00
+0.6543158658362734E+03 +0.2712520042810804E-01 +0.0000000000000000E+00
+0.6543204010669167E+03 +0.2706738005345535E-01 +0.0000000000000000E+00
+0.6543249362975600E+03 +0.2700614139382895E-01 +0.0000000000000000E+00
+0.6543294715282034E+03 +0.2694150679334159E-01 +0.0000000000000000E+00
+0.6543340067588467E+03 +0.2687349407403226E-01 +0.0000000000000000E+00
+0.6543385419894901E+03 +0.2680211580732456E-01 +0.0000000000000000E+00
+0.6543430772201334E+03 +0.2672737876504187E-01 +0.0000000000000000E+00
+0.6543476124507768E+03 +0.2664928355647285E-01 +0.0000000000000000E+00
+0.6543521476814201E+03 +0.2656782445453022E-01 +0.0000000000000000E+00
+0.6543566829120633E+03 +0.2648298941045851E-01 +0.0000000000000000E+00
+0.6543612181427068E+03 +0.2639476025316001E-01 +0.0000000000000000E+00
+0.6543657533733500E+03 +0.2630311306566344E-01 +0.0000000000000000E+00
+0.6543702886039935E+03 +0.2620801872775656E-01 +0.0000000000000000E+00
+0.6543748238346367E+03 +0.2610944361040428E-01 +0.0000000000000000E+00
+0.6543793590652801E+03 +0.2600735040412268E-01 +0.0000000000000000E+00
+0.6543838942959234E+03 +0.2590169906051116E-01 +0.0000000000000000E+00
+0.6543884295265667E+03 +0.2579244782333661E-01 +0.0000000000000000E+00
+0.6543929647572101E+03 +0.2567955432361087E-01 +0.0000000000000000E+00
+0.6543974999878534E+03 +0.2556297671163638E-01 +0.0000000000000000E+00
+0.6544020352184967E+03 +0.2544267479868947E-01 +0.0000000000000000E+00
+0.6544065704491401E+03 +0.2531861118149228E-01 +0.0000000000000000E+00
+0.6544111056797834E+03 +0.2519075232418985E-01 +0.0000000000000000E+00
+0.6544156409104266E+03 +0.2505906957517855E-01 +0.0000000000000000E+00
+0.6544201761410701E+03 +0.2492354009936363E-01 +0.0000000000000000E+00
+0.6544247113717133E+03 +0.2478414771061601E-01 +0.0000000000000000E+00
+0.6544292466023568E+03 +0.2464088359345137E-01 +0.0000000000000000E+00
+0.6544337818330000E+03 +0.2449374690768344E-01 +0.0000000000000000E+00
+0.6544383170636434E+03 +0.2434274527400219E-01 +0.0000000000000000E+00
+0.6544428522942867E+03 +0.2418789514252634E-01 +0.0000000000000000E+00
+0.6544473875249300E+03 +0.2402922204952718E-01 +0.0000000000000000E+00
+0.6544519227555734E+03 +0.2386676076989318E-01 +0.0000000000000000E+00
+0.6544564579862167E+03 +0.2370055537442343E-01 +0.0000000000000000E+00
+0.6544609932168601E+03 +0.2353065920123424E-01 +0.0000000000000000E+00
+0.6544655284475034E+03 +0.2335713475020540E-01 +0.0000000000000000E+00
+0.6544700636781467E+03 +0.2318005350776228E-01 +0.0000000000000000E+00
+0.6544745989087901E+03 +0.2299949570748572E-01 +0.0000000000000000E+00
+0.6544791341394333E+03 +0.2281555002940029E-01 +0.0000000000000000E+00
+0.6544836693700768E+03 +0.2262831323850291E-01 +0.0000000000000000E+00
+0.6544882046007200E+03 +0.2243788976068539E-01 +0.0000000000000000E+00
+0.6544927398313635E+03 +0.2224439119241973E-01 +0.0000000000000000E+00
+0.6544972750620067E+03 +0.2204793573970023E-01 +0.0000000000000000E+00
+0.6545018102926501E+03 +0.2184864758143917E-01 +0.0000000000000000E+00
+0.6545063455232934E+03 +0.2164665615377312E-01 +0.0000000000000000E+00
+0.6545108807539368E+03 +0.2144209535356870E-01 +0.0000000000000000E+00
+0.6545154159845800E+03 +0.2123510266281794E-01 +0.0000000000000000E+00
+0.6545199512152234E+03 +0.2102581819934548E-01 +0.0000000000000000E+00
+0.6545244864458667E+03 +0.2081438370412005E-01 +0.0000000000000000E+00
+0.6545290216765101E+03 +0.2060094148025540E-01 +0.0000000000000000E+00
+0.6545335569071534E+03 +0.2038563330368320E-01 +0.0000000000000000E+00
+0.6545380921377968E+03 +0.2016859933012169E-01 +0.0000000000000000E+00
+0.6545426273684401E+03 +0.1994997702640906E-01 +0.0000000000000000E+00
+0.6545471625990834E+03 +0.1972990015714649E-01 +0.0000000000000000E+00
+0.6545516978297268E+03 +0.1950849785851868E-01 +0.0000000000000000E+00
+0.6545562330603700E+03 +0.1928589383112284E-01 +0.0000000000000000E+00
+0.6545607682910133E+03 +0.1906220568137975E-01 +0.0000000000000000E+00
+0.6545653035216567E+03 +0.1883754443779544E-01 +0.0000000000000000E+00
+0.6545698387523000E+03 +0.1861201426313178E-01 +0.0000000000000000E+00
+0.6545743739829434E+03 +0.1838571237723915E-01 +0.0000000000000000E+00
+0.6545789092135867E+03 +0.1815872919821127E-01 +0.0000000000000000E+00
+0.6545834444442301E+03 +0.1793114870138798E-01 +0.0000000000000000E+00
+0.6545879796748734E+03 +0.1770304898795813E-01 +0.0000000000000000E+00
+0.6545925149055167E+03 +0.1747450304671351E-01 +0.0000000000000000E+00
+0.6545970501361601E+03 +0.1724557968549204E-01 +0.0000000000000000E+00
+0.6546015853668033E+03 +0.1701634460213363E-01 +0.0000000000000000E+00
+0.6546061205974468E+03 +0.1678686155983909E-01 +0.0000000000000000E+00
+0.6546106558280900E+03 +0.1655719362786761E-01 +0.0000000000000000E+00
+0.6546151910587334E+03 +0.1632740444628301E-01 +0.0000000000000000E+00
+0.6546197262893767E+03 +0.1609755947302231E-01 +0.0000000000000000E+00
+0.6546242615200201E+03 +0.1586772717226859E-01 +0.0000000000000000E+00
+0.6546287967506634E+03 +0.1563798010589631E-01 +0.0000000000000000E+00
+0.6546333319813068E+03 +0.1540839589325399E-01 +0.0000000000000000E+00
+0.6546378672119500E+03 +0.1517905800979735E-01 +0.0000000000000000E+00
+0.6546424024425934E+03 +0.1495005640059162E-01 +0.0000000000000000E+00
+0.6546469376732367E+03 +0.1472148789140750E-01 +0.0000000000000000E+00
+0.6546514729038801E+03 +0.1449345638674105E-01 +0.0000000000000000E+00
+0.6546560081345234E+03 +0.1426607285095163E-01 +0.0000000000000000E+00
+0.6546605433651667E+03 +0.1403945507558219E-01 +0.0000000000000000E+00
+0.6546650785958101E+03 +0.1381372724196795E-01 +0.0000000000000000E+00
+0.6546696138264534E+03 +0.1358901929427780E-01 +0.0000000000000000E+00
+0.6546741490570967E+03 +0.1336546614281675E-01 +0.0000000000000000E+00
+0.6546786842877401E+03 +0.1314320672180375E-01 +0.0000000000000000E+00
+0.6546832195183833E+03 +0.1292238292882101E-01 +0.0000000000000000E+00
+0.6546877547490268E+03 +0.1270313847526448E-01 +0.0000000000000000E+00
+0.6546922899796700E+03 +0.1248561767838347E-01 +0.0000000000000000E+00
+0.6546968252103135E+03 +0.1226996422531182E-01 +0.0000000000000000E+00
+0.6547013604409567E+03 +0.1205631993890442E-01 +0.0000000000000000E+00
+0.6547058956716000E+03 +0.1184482357314077E-01 +0.0000000000000000E+00
+0.6547104309022434E+03 +0.1163560966364413E-01 +0.0000000000000000E+00
+0.6547149661328867E+03 +0.1142880745545801E-01 +0.0000000000000000E+00
+0.6547195013635301E+03 +0.1122453992690180E-01 +0.0000000000000000E+00
+0.6547240365941734E+03 +0.1102292292430490E-01 +0.0000000000000000E+00
+0.6547285718248168E+03 +0.1082406441843498E-01 +0.0000000000000000E+00
+0.6547331070554600E+03 +0.1062806388963004E-01 +0.0000000000000000E+00
+0.6547376422861034E+03 +0.1043501184461725E-01 +0.0000000000000000E+00
+0.6547421775167467E+03 +0.1024498946477636E-01 +0.0000000000000000E+00
+0.6547467127473901E+03 +0.1005806838222405E-01 +0.0000000000000000E+00
+0.6547512479780333E+03 +0.9874310577699129E-02 +0.0000000000000000E+00
+0.6547557832086767E+03 +0.9693768391797534E-02 +0.0000000000000000E+00
+0.6547603184393200E+03 +0.9516484639660362E-02 +0.0000000000000000E+00
+0.6547648536699634E+03 +0.9342492817894427E-02 +0.0000000000000000E+00
+0.6547693889006067E+03 +0.9171817391793232E-02 +0.0000000000000000E+00
+0.6547739241312501E+03 +0.9004474150756711E-02 +0.0000000000000000E+00
+0.6547784593618934E+03 +0.8840470619669066E-02 +0.0000000000000000E+00
+0.6547829945925367E+03 +0.8679806514600926E-02 +0.0000000000000000E+00
+0.6547875298231801E+03 +0.8522474231594298E-02 +0.0000000000000000E+00
+0.6547920650538234E+03 +0.8368459358324132E-02 +0.0000000000000000E+00
+0.6547966002844666E+03 +0.8217741199152515E-02 +0.0000000000000000E+00
+0.6548011355151101E+03 +0.8070293305302952E-02 +0.0000000000000000E+00
+0.6548056707457533E+03 +0.7926084002818471E-02 +0.0000000000000000E+00
+0.6548102059763968E+03 +0.7785076912028352E-02 +0.0000000000000000E+00
+0.6548147412070400E+03 +0.7647231453380286E-02 +0.0000000000000000E+00
+0.6548192764376835E+03 +0.7512503335293717E-02 +0.0000000000000000E+00
+0.6548238116683267E+03 +0.7380845020783497E-02 +0.0000000000000000E+00
+0.6548283468989702E+03 +0.7252206170233443E-02 +0.0000000000000000E+00
+0.6548328821296134E+03 +0.7126534058619755E-02 +0.0000000000000000E+00
+0.6548374173602567E+03 +0.7003773965950397E-02 +0.0000000000000000E+00
+0.6548419525909001E+03 +0.6883869540400928E-02 +0.0000000000000000E+00
+0.6548464878215434E+03 +0.6766763134001801E-02 +0.0000000000000000E+00
+0.6548510230521867E+03 +0.6652396111130469E-02 +0.0000000000000000E+00
+0.6548555582828301E+03 +0.6540709130469809E-02 +0.0000000000000000E+00
+0.6548600935134734E+03 +0.6431642401208450E-02 +0.0000000000000000E+00
+0.6548646287441168E+03 +0.6325135914610425E-02 +0.0000000000000000E+00
+0.6548691639747601E+03 +0.6221129652071361E-02 +0.0000000000000000E+00
+0.6548736992054033E+03 +0.6119563771029523E-02 +0.0000000000000000E+00
+0.6548782344360467E+03 +0.6020378770017262E-02 +0.0000000000000000E+00
+0.6548827696666900E+03 +0.5923515634295967E-02 +0.0000000000000000E+00
+0.6548873048973334E+03 +0.5828915963442599E-02 +0.0000000000000000E+00
+0.6548918401279767E+03 +0.5736522082243522E-02 +0.0000000000000000E+00
+0.6548963753586200E+03 +0.5646277136288215E-02 +0.0000000000000000E+00
+0.6549009105892634E+03 +0.5558125173496683E-02 +0.0000000000000000E+00
+0.6549054458199067E+03 +0.5472011212884017E-02 +0.0000000000000000E+00
+0.6549099810505501E+03 +0.5387881301678861E-02 +0.0000000000000000E+00
+0.6549145162811934E+03 +0.5305682561967626E-02 +0.0000000000000000E+00
+0.6549190515118366E+03 +0.5225363227849666E-02 +0.0000000000000000E+00
+0.6549235867424801E+03 +0.5146872674121516E-02 +0.0000000000000000E+00
+0.6549281219731233E+03 +0.5070161437373755E-02 +0.0000000000000000E+00
+0.6549326572037668E+03 +0.4995181230318920E-02 +0.0000000000000000E+00
+0.6549371924344100E+03 +0.4921884950159484E-02 +0.0000000000000000E+00
+0.6549417276650535E+03 +0.4850226681649344E-02 +0.0000000000000000E+00
+0.6549462628956967E+03 +0.4780161695543388E-02 +0.0000000000000000E+00
+0.6549507981263401E+03 +0.4711646442971113E-02 +0.0000000000000000E+00
+0.6549553333569834E+03 +0.4644638546315229E-02 +0.0000000000000000E+00
+0.6549598685876267E+03 +0.4579096787030439E-02 +0.0000000000000000E+00
+0.6549644038182701E+03 +0.4514981090874243E-02 +0.0000000000000000E+00
+0.6549689390489134E+03 +0.4452252510925604E-02 +0.0000000000000000E+00
+0.6549734742795567E+03 +0.4390873208729808E-02 +0.0000000000000000E+00
+0.6549780095102001E+03 +0.4330806433917487E-02 +0.0000000000000000E+00
+0.6549825447408434E+03 +0.4272016502536991E-02 +0.0000000000000000E+00
+0.6549870799714868E+03 +0.4214468774391715E-02 +0.0000000000000000E+00
+0.6549916152021301E+03 +0.4158129629562878E-02 +0.0000000000000000E+00
+0.6549961504327734E+03 +0.4102966444353965E-02 +0.0000000000000000E+00
+0.6550006856634167E+03 +0.4048947566791451E-02 +0.0000000000000000E+00
+0.6550052208940601E+03 +0.3996042291864109E-02 +0.0000000000000000E+00
+0.6550097561247034E+03 +0.3944220836621286E-02 +0.0000000000000000E+00
+0.6550142913553467E+03 +0.3893454315235256E-02 +0.0000000000000000E+00
+0.6550188265859900E+03 +0.3843714714156038E-02 +0.0000000000000000E+00
+0.6550233618166334E+03 +0.3794974867411297E-02 +0.0000000000000000E+00
+0.6550278970472767E+03 +0.3747208432160464E-02 +0.0000000000000000E+00
+0.6550324322779201E+03 +0.3700389864532645E-02 +0.0000000000000000E+00
+0.6550369675085634E+03 +0.3654494395835288E-02 +0.0000000000000000E+00
+0.6550415027392067E+03 +0.3609498009146956E-02 +0.0000000000000000E+00
+0.6550460379698501E+03 +0.3565377416356721E-02 +0.0000000000000000E+00
+0.6550505732004933E+03 +0.3522110035670133E-02 +0.0000000000000000E+00
+0.6550551084311368E+03 +0.3479673969597166E-02 +0.0000000000000000E+00
+0.6550596436617800E+03 +0.3438047983464285E-02 +0.0000000000000000E+00
+0.6550641788924235E+03 +0.3397211484436410E-02 +0.0000000000000000E+00
+0.6550687141230667E+03 +0.3357144501087900E-02 +0.0000000000000000E+00
+0.6550732493537101E+03 +0.3317827663500717E-02 +0.0000000000000000E+00
+0.6550777845843534E+03 +0.3279242183921060E-02 +0.0000000000000000E+00
+0.6550823198149967E+03 +0.3241369837948715E-02 +0.0000000000000000E+00
+0.6550868550456400E+03 +0.3204192946278621E-02 +0.0000000000000000E+00
+0.6550913902762834E+03 +0.3167694356982344E-02 +0.0000000000000000E+00
+0.6550959255069267E+03 +0.3131857428316507E-02 +0.0000000000000000E+00
+0.6551004607375701E+03 +0.3096666012070904E-02 +0.0000000000000000E+00
+0.6551049959682134E+03 +0.3062104437424185E-02 +0.0000000000000000E+00
+0.6551095311988568E+03 +0.3028157495322514E-02 +0.0000000000000000E+00
+0.6551140664295001E+03 +0.2994810423347190E-02 +0.0000000000000000E+00
+0.6551186016601434E+03 +0.2962048891084318E-02 +0.0000000000000000E+00
+0.6551231368907867E+03 +0.2929858985962801E-02 +0.0000000000000000E+00
+0.6551276721214301E+03 +0.2898227199567163E-02 +0.0000000000000000E+00
+0.6551322073520734E+03 +0.2867140414405837E-02 +0.0000000000000000E+00
+0.6551367425827168E+03 +0.2836585891116497E-02 +0.0000000000000000E+00
+0.6551412778133600E+03 +0.2806551256112701E-02 +0.0000000000000000E+00
+0.6551458130440035E+03 +0.2777024489639192E-02 +0.0000000000000000E+00
+0.6551503482746467E+03 +0.2747993914244358E-02 +0.0000000000000000E+00
+0.6551548835052901E+03 +0.2719448183637679E-02 +0.0000000000000000E+00
+0.6551594187359334E+03 +0.2691376271935993E-02 +0.0000000000000000E+00
+0.6551639539665767E+03 +0.2663767463280025E-02 +0.0000000000000000E+00
+0.6551684891972201E+03 +0.2636611341803514E-02 +0.0000000000000000E+00
+0.6551730244278634E+03 +0.2609897781958213E-02 +0.0000000000000000E+00
+0.6551775596585068E+03 +0.2583616939164985E-02 +0.0000000000000000E+00
+0.6551820948891501E+03 +0.2557759240798397E-02 +0.0000000000000000E+00
+0.6551866301197934E+03 +0.2532315377475619E-02 +0.0000000000000000E+00
+0.6551911653504367E+03 +0.2507276294656873E-02 +0.0000000000000000E+00
+0.6551957005810800E+03 +0.2482633184529865E-02 +0.0000000000000000E+00
+0.6552002358117234E+03 +0.2458377478181829E-02 +0.0000000000000000E+00
+0.6552047710423667E+03 +0.2434500838043608E-02 +0.0000000000000000E+00
+0.6552093062730100E+03 +0.2410995150591313E-02 +0.0000000000000000E+00
+0.6552138415036534E+03 +0.2387852519308989E-02 +0.0000000000000000E+00
+0.6552183767342967E+03 +0.2365065257887554E-02 +0.0000000000000000E+00
+0.6552229119649401E+03 +0.2342625883667285E-02 +0.0000000000000000E+00
+0.6552274471955834E+03 +0.2320527111299697E-02 +0.0000000000000000E+00
+0.6552319824262268E+03 +0.2298761846636045E-02 +0.0000000000000000E+00
+0.6552365176568700E+03 +0.2277323180819832E-02 +0.0000000000000000E+00
+0.6552410528875134E+03 +0.2256204384587482E-02 +0.0000000000000000E+00
+0.6552455881181567E+03 +0.2235398902764990E-02 +0.0000000000000000E+00
+0.6552501233488001E+03 +0.2214900348949024E-02 +0.0000000000000000E+00
+0.6552546585794433E+03 +0.2194702500376816E-02 +0.0000000000000000E+00
+0.6552591938100868E+03 +0.2174799292964442E-02 +0.0000000000000000E+00
+0.6552637290407300E+03 +0.2155184816521075E-02 +0.0000000000000000E+00
+0.6552682642713735E+03 +0.2135853310119301E-02 +0.0000000000000000E+00
+0.6552727995020167E+03 +0.2116799157629110E-02 +0.0000000000000000E+00
+0.6552773347326601E+03 +0.2098016883396863E-02 +0.0000000000000000E+00
+0.6552818699633034E+03 +0.2079501148074110E-02 +0.0000000000000000E+00
+0.6552864051939467E+03 +0.2061246744586734E-02 +0.0000000000000000E+00
+0.6552909404245901E+03 +0.2043248594235417E-02 +0.0000000000000000E+00
+0.6552954756552334E+03 +0.2025501742932367E-02 +0.0000000000000000E+00
+0.6553000108858768E+03 +0.2008001357557444E-02 +0.0000000000000000E+00
+0.6553045461165201E+03 +0.1990742722441463E-02 +0.0000000000000000E+00
+0.6553090813471634E+03 +0.1973721235960105E-02 +0.0000000000000000E+00
+0.6553136165778068E+03 +0.1956932407246235E-02 +0.0000000000000000E+00
+0.6553181518084500E+03 +0.1940371853005064E-02 +0.0000000000000000E+00
+0.6553226870390935E+03 +0.1924035294437417E-02 +0.0000000000000000E+00
+0.6553272222697367E+03 +0.1907918554263642E-02 +0.0000000000000000E+00
+0.6553317575003800E+03 +0.1892017553841079E-02 +0.0000000000000000E+00
+0.6553362927310234E+03 +0.1876328310380338E-02 +0.0000000000000000E+00
+0.6553408279616667E+03 +0.1860846934246309E-02 +0.0000000000000000E+00
+0.6553453631923101E+03 +0.1845569626351568E-02 +0.0000000000000000E+00
+0.6553498984229534E+03 +0.1830492675628370E-02 +0.0000000000000000E+00
+0.6553544336535967E+03 +0.1815612456586786E-02 +0.0000000000000000E+00
+0.6553589688842400E+03 +0.1800925426946035E-02 +0.0000000000000000E+00
+0.6553635041148834E+03 +0.1786428125344306E-02 +0.0000000000000000E+00
+0.6553680393455267E+03 +0.1772117169121143E-02 +0.0000000000000000E+00
+0.6553725745761701E+03 +0.1757989252166811E-02 +0.0000000000000000E+00
+0.6553771098068133E+03 +0.1744041142843871E-02 +0.0000000000000000E+00
+0.6553816450374568E+03 +0.1730269681969099E-02 +0.0000000000000000E+00
+0.6553861802681000E+03 +0.1716671780863182E-02 +0.0000000000000000E+00
+0.6553907154987435E+03 +0.1703244419456406E-02 +0.0000000000000000E+00
+0.6553952507293867E+03 +0.1689984644457676E-02 +0.0000000000000000E+00
+0.6553997859600300E+03 +0.1676889567575814E-02 +0.0000000000000000E+00
+0.6554043211906734E+03 +0.1663956363798388E-02 +0.0000000000000000E+00
+0.6554088564213167E+03 +0.1651182269723272E-02 +0.0000000000000000E+00
+0.6554133916519601E+03 +0.1638564581938426E-02 +0.0000000000000000E+00
+0.6554179268826034E+03 +0.1626100655454996E-02 +0.0000000000000000E+00
+0.6554224621132468E+03 +0.1613787902183628E-02 +0.0000000000000000E+00
+0.6554269973438901E+03 +0.1601623789460975E-02 +0.0000000000000000E+00
+0.6554315325745334E+03 +0.1589605838616363E-02 +0.0000000000000000E+00
+0.6554360678051768E+03 +0.1577731623585475E-02 +0.0000000000000000E+00
+0.6554406030358200E+03 +0.1565998769561610E-02 +0.0000000000000000E+00
+0.6554451382664635E+03 +0.1554404951689528E-02 +0.0000000000000000E+00
+0.6554496734971067E+03 +0.1542947893797975E-02 +0.0000000000000000E+00
+0.6554542087277501E+03 +0.1531625367167117E-02 +0.0000000000000000E+00
+0.6554587439583934E+03 +0.1520435189335848E-02 +0.0000000000000000E+00
+0.6554632791890368E+03 +0.1509375222940148E-02 +0.0000000000000000E+00
+0.6554678144196801E+03 +0.1498443374589114E-02 +0.0000000000000000E+00
+0.6554723496503234E+03 +0.1487637593769873E-02 +0.0000000000000000E+00
+0.6554768848809667E+03 +0.1476955871787869E-02 +0.0000000000000000E+00
+0.6554814201116101E+03 +0.1466396240734284E-02 +0.0000000000000000E+00
+0.6554859553422534E+03 +0.1455956772485333E-02 +0.0000000000000000E+00
+0.6554904905728968E+03 +0.1445635577730181E-02 +0.0000000000000000E+00
+0.6554950258035401E+03 +0.1435430805024342E-02 +0.0000000000000000E+00
+0.6554995610341834E+03 +0.1425340639873215E-02 +0.0000000000000000E+00
+0.6555040962648268E+03 +0.1415363303838053E-02 +0.0000000000000000E+00
+0.6555086314954700E+03 +0.1405497053670548E-02 +0.0000000000000000E+00
+0.6555131667261135E+03 +0.1395740180468285E-02 +0.0000000000000000E+00
+0.6555177019567567E+03 +0.1386091008857131E-02 +0.0000000000000000E+00
+0.6555222371874000E+03 +0.1376547896193310E-02 +0.0000000000000000E+00
+0.6555267724180434E+03 +0.1367109231789621E-02 +0.0000000000000000E+00
+0.6555313076486867E+03 +0.1357773436163022E-02 +0.0000000000000000E+00
+0.6555358428793301E+03 +0.1348538960300933E-02 +0.0000000000000000E+00
+0.6555403781099734E+03 +0.1339404284950603E-02 +0.0000000000000000E+00
+0.6555449133406167E+03 +0.1330367919924747E-02 +0.0000000000000000E+00
+0.6555494485712601E+03 +0.1321428403429182E-02 +0.0000000000000000E+00
+0.6555539838019034E+03 +0.1312584301405595E-02 +0.0000000000000000E+00
+0.6555585190325468E+03 +0.1303834206895097E-02 +0.0000000000000000E+00
+0.6555630542631900E+03 +0.1295176739416071E-02 +0.0000000000000000E+00
+0.6555675894938335E+03 +0.1286610544360554E-02 +0.0000000000000000E+00
+0.6555721247244767E+03 +0.1278134292406705E-02 +0.0000000000000000E+00
+0.6555766599551201E+03 +0.1269746678945095E-02 +0.0000000000000000E+00
+0.6555811951857634E+03 +0.1261446423522880E-02 +0.0000000000000000E+00
+0.6555857304164068E+03 +0.1253232269299799E-02 +0.0000000000000000E+00
+0.6555902656470500E+03 +0.1245102982521277E-02 +0.0000000000000000E+00
+0.6555948008776934E+03 +0.1237057352002724E-02 +0.0000000000000000E+00
+0.6555993361083367E+03 +0.1229094188629013E-02 +0.0000000000000000E+00
+0.6556038713389801E+03 +0.1221212324866963E-02 +0.0000000000000000E+00
+0.6556084065696234E+03 +0.1213410614288752E-02 +0.0000000000000000E+00
+0.6556129418002668E+03 +0.1205687931110145E-02 +0.0000000000000000E+00
+0.6556174770309101E+03 +0.1198043169737933E-02 +0.0000000000000000E+00
+0.6556220122615534E+03 +0.1190475244331593E-02 +0.0000000000000000E+00
+0.6556265474921968E+03 +0.1182983088373525E-02 +0.0000000000000000E+00
+0.6556310827228401E+03 +0.1175565654252790E-02 +0.0000000000000000E+00
+0.6556356179534833E+03 +0.1168221912857003E-02 +0.0000000000000000E+00
+0.6556401531841268E+03 +0.1160950853176101E-02 +0.0000000000000000E+00
+0.6556446884147700E+03 +0.1153751481916067E-02 +0.0000000000000000E+00
+0.6556492236454134E+03 +0.1146622823120791E-02 +0.0000000000000000E+00
+0.6556537588760567E+03 +0.1139563917805652E-02 +0.0000000000000000E+00
+0.6556582941067001E+03 +0.1132573823597808E-02 +0.0000000000000000E+00
+0.6556628293373434E+03 +0.1125651614387777E-02 +0.0000000000000000E+00
+0.6556673645679867E+03 +0.1118796379987257E-02 +0.0000000000000000E+00
+0.6556718997986301E+03 +0.1112007225797706E-02 +0.0000000000000000E+00
+0.6556764350292733E+03 +0.1105283272484867E-02 +0.0000000000000000E+00
+0.6556809702599168E+03 +0.1098623655662692E-02 +0.0000000000000000E+00
+0.6556855054905600E+03 +0.1092027525584931E-02 +0.0000000000000000E+00
+0.6556900407212034E+03 +0.1085494046842812E-02 +0.0000000000000000E+00
+0.6556945759518467E+03 +0.1079022398072110E-02 +0.0000000000000000E+00
+0.6556991111824901E+03 +0.1072611771665053E-02 +0.0000000000000000E+00
+0.6557036464131334E+03 +0.1066261373491342E-02 +0.0000000000000000E+00
+0.6557081816437768E+03 +0.1059970422623657E-02 +0.0000000000000000E+00
+0.6557127168744200E+03 +0.1053738151071852E-02 +0.0000000000000000E+00
+0.6557172521050634E+03 +0.1047563803521476E-02 +0.0000000000000000E+00
+0.6557217873357067E+03 +0.1041446637079780E-02 +0.0000000000000000E+00
+0.6557263225663501E+03 +0.1035385921027724E-02 +0.0000000000000000E+00
+0.6557308577969934E+03 +0.1029380936576502E-02 +0.0000000000000000E+00
+0.6557353930276367E+03 +0.1023430976631703E-02 +0.0000000000000000E+00
+0.6557399282582801E+03 +0.1017535345560925E-02 +0.0000000000000000E+00
+0.6557444634889234E+03 +0.1011693358968824E-02 +0.0000000000000000E+00
+0.6557489987195668E+03 +0.1005904343475355E-02 +0.0000000000000000E+00
+0.6557535339502101E+03 +0.1000167636501127E-02 +0.0000000000000000E+00
+0.6557580691808533E+03 +0.9944825860558515E-03 +0.0000000000000000E+00
+0.6557626044114968E+03 +0.9888485505328585E-03 +0.0000000000000000E+00
+0.6557671396421400E+03 +0.9832648985083005E-03 +0.0000000000000000E+00
+0.6557716748727835E+03 +0.9777310085437424E-03 +0.0000000000000000E+00
+0.6557762101034267E+03 +0.9722462689950016E-03 +0.0000000000000000E+00
+0.6557807453340702E+03 +0.9668100778234359E-03 +0.0000000000000000E+00
+0.6557852805647134E+03 +0.9614218424133470E-03 +0.0000000000000000E+00
+0.6557898157953567E+03 +0.9560809793916340E-03 +0.0000000000000000E+00
