 open ../../species//Mg.xml
 open ../../species//B.xml
 
Info(writegeom):
 EXCITING lattice vectors and atomic positions written to geometry.xml
Info(fermisurf):      1 of    484 k-points
Info(fermisurf):      2 of    484 k-points
Info(fermisurf):      3 of    484 k-points
Info(fermisurf):      4 of    484 k-points
Info(fermisurf):      5 of    484 k-points
Info(fermisurf):      6 of    484 k-points
Info(fermisurf):      7 of    484 k-points
Info(fermisurf):      8 of    484 k-points
Info(fermisurf):      9 of    484 k-points
Info(fermisurf):     10 of    484 k-points
Info(fermisurf):     11 of    484 k-points
Info(fermisurf):     12 of    484 k-points
Info(fermisurf):     13 of    484 k-points
Info(fermisurf):     14 of    484 k-points
Info(fermisurf):     15 of    484 k-points
Info(fermisurf):     16 of    484 k-points
Info(fermisurf):     17 of    484 k-points
Info(fermisurf):     18 of    484 k-points
Info(fermisurf):     19 of    484 k-points
Info(fermisurf):     20 of    484 k-points
Info(fermisurf):     21 of    484 k-points
Info(fermisurf):     22 of    484 k-points
Info(fermisurf):     23 of    484 k-points
Info(fermisurf):     24 of    484 k-points
Info(fermisurf):     25 of    484 k-points
Info(fermisurf):     26 of    484 k-points
Info(fermisurf):     27 of    484 k-points
Info(fermisurf):     28 of    484 k-points
Info(fermisurf):     29 of    484 k-points
Info(fermisurf):     30 of    484 k-points
Info(fermisurf):     31 of    484 k-points
Info(fermisurf):     32 of    484 k-points
Info(fermisurf):     33 of    484 k-points
Info(fermisurf):     34 of    484 k-points
Info(fermisurf):     35 of    484 k-points
Info(fermisurf):     36 of    484 k-points
Info(fermisurf):     37 of    484 k-points
Info(fermisurf):     38 of    484 k-points
Info(fermisurf):     39 of    484 k-points
Info(fermisurf):     40 of    484 k-points
Info(fermisurf):     41 of    484 k-points
Info(fermisurf):     42 of    484 k-points
Info(fermisurf):     43 of    484 k-points
Info(fermisurf):     44 of    484 k-points
Info(fermisurf):     45 of    484 k-points
Info(fermisurf):     46 of    484 k-points
Info(fermisurf):     47 of    484 k-points
Info(fermisurf):     48 of    484 k-points
Info(fermisurf):     49 of    484 k-points
Info(fermisurf):     50 of    484 k-points
Info(fermisurf):     51 of    484 k-points
Info(fermisurf):     52 of    484 k-points
Info(fermisurf):     53 of    484 k-points
Info(fermisurf):     54 of    484 k-points
Info(fermisurf):     55 of    484 k-points
Info(fermisurf):     56 of    484 k-points
Info(fermisurf):     57 of    484 k-points
Info(fermisurf):     58 of    484 k-points
Info(fermisurf):     59 of    484 k-points
Info(fermisurf):     60 of    484 k-points
Info(fermisurf):     61 of    484 k-points
Info(fermisurf):     62 of    484 k-points
Info(fermisurf):     63 of    484 k-points
Info(fermisurf):     64 of    484 k-points
Info(fermisurf):     65 of    484 k-points
Info(fermisurf):     66 of    484 k-points
Info(fermisurf):     67 of    484 k-points
Info(fermisurf):     68 of    484 k-points
Info(fermisurf):     69 of    484 k-points
Info(fermisurf):     70 of    484 k-points
Info(fermisurf):     71 of    484 k-points
Info(fermisurf):     72 of    484 k-points
Info(fermisurf):     73 of    484 k-points
Info(fermisurf):     74 of    484 k-points
Info(fermisurf):     75 of    484 k-points
Info(fermisurf):     76 of    484 k-points
Info(fermisurf):     77 of    484 k-points
Info(fermisurf):     78 of    484 k-points
Info(fermisurf):     79 of    484 k-points
Info(fermisurf):     80 of    484 k-points
Info(fermisurf):     81 of    484 k-points
Info(fermisurf):     82 of    484 k-points
Info(fermisurf):     83 of    484 k-points
Info(fermisurf):     84 of    484 k-points
Info(fermisurf):     85 of    484 k-points
Info(fermisurf):     86 of    484 k-points
Info(fermisurf):     87 of    484 k-points
Info(fermisurf):     88 of    484 k-points
Info(fermisurf):     89 of    484 k-points
Info(fermisurf):     90 of    484 k-points
Info(fermisurf):     91 of    484 k-points
Info(fermisurf):     92 of    484 k-points
Info(fermisurf):     93 of    484 k-points
Info(fermisurf):     94 of    484 k-points
Info(fermisurf):     95 of    484 k-points
Info(fermisurf):     96 of    484 k-points
Info(fermisurf):     97 of    484 k-points
Info(fermisurf):     98 of    484 k-points
Info(fermisurf):     99 of    484 k-points
Info(fermisurf):    100 of    484 k-points
Info(fermisurf):    101 of    484 k-points
Info(fermisurf):    102 of    484 k-points
Info(fermisurf):    103 of    484 k-points
Info(fermisurf):    104 of    484 k-points
Info(fermisurf):    105 of    484 k-points
Info(fermisurf):    106 of    484 k-points
Info(fermisurf):    107 of    484 k-points
Info(fermisurf):    108 of    484 k-points
Info(fermisurf):    109 of    484 k-points
Info(fermisurf):    110 of    484 k-points
Info(fermisurf):    111 of    484 k-points
Info(fermisurf):    112 of    484 k-points
Info(fermisurf):    113 of    484 k-points
Info(fermisurf):    114 of    484 k-points
Info(fermisurf):    115 of    484 k-points
Info(fermisurf):    116 of    484 k-points
Info(fermisurf):    117 of    484 k-points
Info(fermisurf):    118 of    484 k-points
Info(fermisurf):    119 of    484 k-points
Info(fermisurf):    120 of    484 k-points
Info(fermisurf):    121 of    484 k-points
Info(fermisurf):    122 of    484 k-points
Info(fermisurf):    123 of    484 k-points
Info(fermisurf):    124 of    484 k-points
Info(fermisurf):    125 of    484 k-points
Info(fermisurf):    126 of    484 k-points
Info(fermisurf):    127 of    484 k-points
Info(fermisurf):    128 of    484 k-points
Info(fermisurf):    129 of    484 k-points
Info(fermisurf):    130 of    484 k-points
Info(fermisurf):    131 of    484 k-points
Info(fermisurf):    132 of    484 k-points
Info(fermisurf):    133 of    484 k-points
Info(fermisurf):    134 of    484 k-points
Info(fermisurf):    135 of    484 k-points
Info(fermisurf):    136 of    484 k-points
Info(fermisurf):    137 of    484 k-points
Info(fermisurf):    138 of    484 k-points
Info(fermisurf):    139 of    484 k-points
Info(fermisurf):    140 of    484 k-points
Info(fermisurf):    141 of    484 k-points
Info(fermisurf):    142 of    484 k-points
Info(fermisurf):    143 of    484 k-points
Info(fermisurf):    144 of    484 k-points
Info(fermisurf):    145 of    484 k-points
Info(fermisurf):    146 of    484 k-points
Info(fermisurf):    147 of    484 k-points
Info(fermisurf):    148 of    484 k-points
Info(fermisurf):    149 of    484 k-points
Info(fermisurf):    150 of    484 k-points
Info(fermisurf):    151 of    484 k-points
Info(fermisurf):    152 of    484 k-points
Info(fermisurf):    153 of    484 k-points
Info(fermisurf):    154 of    484 k-points
Info(fermisurf):    155 of    484 k-points
Info(fermisurf):    156 of    484 k-points
Info(fermisurf):    157 of    484 k-points
Info(fermisurf):    158 of    484 k-points
Info(fermisurf):    159 of    484 k-points
Info(fermisurf):    160 of    484 k-points
Info(fermisurf):    161 of    484 k-points
Info(fermisurf):    162 of    484 k-points
Info(fermisurf):    163 of    484 k-points
Info(fermisurf):    164 of    484 k-points
Info(fermisurf):    165 of    484 k-points
Info(fermisurf):    166 of    484 k-points
Info(fermisurf):    167 of    484 k-points
Info(fermisurf):    168 of    484 k-points
Info(fermisurf):    169 of    484 k-points
Info(fermisurf):    170 of    484 k-points
Info(fermisurf):    171 of    484 k-points
Info(fermisurf):    172 of    484 k-points
Info(fermisurf):    173 of    484 k-points
Info(fermisurf):    174 of    484 k-points
Info(fermisurf):    175 of    484 k-points
Info(fermisurf):    176 of    484 k-points
Info(fermisurf):    177 of    484 k-points
Info(fermisurf):    178 of    484 k-points
Info(fermisurf):    179 of    484 k-points
Info(fermisurf):    180 of    484 k-points
Info(fermisurf):    181 of    484 k-points
Info(fermisurf):    182 of    484 k-points
Info(fermisurf):    183 of    484 k-points
Info(fermisurf):    184 of    484 k-points
Info(fermisurf):    185 of    484 k-points
Info(fermisurf):    186 of    484 k-points
Info(fermisurf):    187 of    484 k-points
Info(fermisurf):    188 of    484 k-points
Info(fermisurf):    189 of    484 k-points
Info(fermisurf):    190 of    484 k-points
Info(fermisurf):    191 of    484 k-points
Info(fermisurf):    192 of    484 k-points
Info(fermisurf):    193 of    484 k-points
Info(fermisurf):    194 of    484 k-points
Info(fermisurf):    195 of    484 k-points
Info(fermisurf):    196 of    484 k-points
Info(fermisurf):    197 of    484 k-points
Info(fermisurf):    198 of    484 k-points
Info(fermisurf):    199 of    484 k-points
Info(fermisurf):    200 of    484 k-points
Info(fermisurf):    201 of    484 k-points
Info(fermisurf):    202 of    484 k-points
Info(fermisurf):    203 of    484 k-points
Info(fermisurf):    204 of    484 k-points
Info(fermisurf):    205 of    484 k-points
Info(fermisurf):    206 of    484 k-points
Info(fermisurf):    207 of    484 k-points
Info(fermisurf):    208 of    484 k-points
Info(fermisurf):    209 of    484 k-points
Info(fermisurf):    210 of    484 k-points
Info(fermisurf):    211 of    484 k-points
Info(fermisurf):    212 of    484 k-points
Info(fermisurf):    213 of    484 k-points
Info(fermisurf):    214 of    484 k-points
Info(fermisurf):    215 of    484 k-points
Info(fermisurf):    216 of    484 k-points
Info(fermisurf):    217 of    484 k-points
Info(fermisurf):    218 of    484 k-points
Info(fermisurf):    219 of    484 k-points
Info(fermisurf):    220 of    484 k-points
Info(fermisurf):    221 of    484 k-points
Info(fermisurf):    222 of    484 k-points
Info(fermisurf):    223 of    484 k-points
Info(fermisurf):    224 of    484 k-points
Info(fermisurf):    225 of    484 k-points
Info(fermisurf):    226 of    484 k-points
Info(fermisurf):    227 of    484 k-points
Info(fermisurf):    228 of    484 k-points
Info(fermisurf):    229 of    484 k-points
Info(fermisurf):    230 of    484 k-points
Info(fermisurf):    231 of    484 k-points
Info(fermisurf):    232 of    484 k-points
Info(fermisurf):    233 of    484 k-points
Info(fermisurf):    234 of    484 k-points
Info(fermisurf):    235 of    484 k-points
Info(fermisurf):    236 of    484 k-points
Info(fermisurf):    237 of    484 k-points
Info(fermisurf):    238 of    484 k-points
Info(fermisurf):    239 of    484 k-points
Info(fermisurf):    240 of    484 k-points
Info(fermisurf):    241 of    484 k-points
Info(fermisurf):    242 of    484 k-points
Info(fermisurf):    243 of    484 k-points
Info(fermisurf):    244 of    484 k-points
Info(fermisurf):    245 of    484 k-points
Info(fermisurf):    246 of    484 k-points
Info(fermisurf):    247 of    484 k-points
Info(fermisurf):    248 of    484 k-points
Info(fermisurf):    249 of    484 k-points
Info(fermisurf):    250 of    484 k-points
Info(fermisurf):    251 of    484 k-points
Info(fermisurf):    252 of    484 k-points
Info(fermisurf):    253 of    484 k-points
Info(fermisurf):    254 of    484 k-points
Info(fermisurf):    255 of    484 k-points
Info(fermisurf):    256 of    484 k-points
Info(fermisurf):    257 of    484 k-points
Info(fermisurf):    258 of    484 k-points
Info(fermisurf):    259 of    484 k-points
Info(fermisurf):    260 of    484 k-points
Info(fermisurf):    261 of    484 k-points
Info(fermisurf):    262 of    484 k-points
Info(fermisurf):    263 of    484 k-points
Info(fermisurf):    264 of    484 k-points
Info(fermisurf):    265 of    484 k-points
Info(fermisurf):    266 of    484 k-points
Info(fermisurf):    267 of    484 k-points
Info(fermisurf):    268 of    484 k-points
Info(fermisurf):    269 of    484 k-points
Info(fermisurf):    270 of    484 k-points
Info(fermisurf):    271 of    484 k-points
Info(fermisurf):    272 of    484 k-points
Info(fermisurf):    273 of    484 k-points
Info(fermisurf):    274 of    484 k-points
Info(fermisurf):    275 of    484 k-points
Info(fermisurf):    276 of    484 k-points
Info(fermisurf):    277 of    484 k-points
Info(fermisurf):    278 of    484 k-points
Info(fermisurf):    279 of    484 k-points
Info(fermisurf):    280 of    484 k-points
Info(fermisurf):    281 of    484 k-points
Info(fermisurf):    282 of    484 k-points
Info(fermisurf):    283 of    484 k-points
Info(fermisurf):    284 of    484 k-points
Info(fermisurf):    285 of    484 k-points
Info(fermisurf):    286 of    484 k-points
Info(fermisurf):    287 of    484 k-points
Info(fermisurf):    288 of    484 k-points
Info(fermisurf):    289 of    484 k-points
Info(fermisurf):    290 of    484 k-points
Info(fermisurf):    291 of    484 k-points
Info(fermisurf):    292 of    484 k-points
Info(fermisurf):    293 of    484 k-points
Info(fermisurf):    294 of    484 k-points
Info(fermisurf):    295 of    484 k-points
Info(fermisurf):    296 of    484 k-points
Info(fermisurf):    297 of    484 k-points
Info(fermisurf):    298 of    484 k-points
Info(fermisurf):    299 of    484 k-points
Info(fermisurf):    300 of    484 k-points
Info(fermisurf):    301 of    484 k-points
Info(fermisurf):    302 of    484 k-points
Info(fermisurf):    303 of    484 k-points
Info(fermisurf):    304 of    484 k-points
Info(fermisurf):    305 of    484 k-points
Info(fermisurf):    306 of    484 k-points
Info(fermisurf):    307 of    484 k-points
Info(fermisurf):    308 of    484 k-points
Info(fermisurf):    309 of    484 k-points
Info(fermisurf):    310 of    484 k-points
Info(fermisurf):    311 of    484 k-points
Info(fermisurf):    312 of    484 k-points
Info(fermisurf):    313 of    484 k-points
Info(fermisurf):    314 of    484 k-points
Info(fermisurf):    315 of    484 k-points
Info(fermisurf):    316 of    484 k-points
Info(fermisurf):    317 of    484 k-points
Info(fermisurf):    318 of    484 k-points
Info(fermisurf):    319 of    484 k-points
Info(fermisurf):    320 of    484 k-points
Info(fermisurf):    321 of    484 k-points
Info(fermisurf):    322 of    484 k-points
Info(fermisurf):    323 of    484 k-points
Info(fermisurf):    324 of    484 k-points
Info(fermisurf):    325 of    484 k-points
Info(fermisurf):    326 of    484 k-points
Info(fermisurf):    327 of    484 k-points
Info(fermisurf):    328 of    484 k-points
Info(fermisurf):    329 of    484 k-points
Info(fermisurf):    330 of    484 k-points
Info(fermisurf):    331 of    484 k-points
Info(fermisurf):    332 of    484 k-points
Info(fermisurf):    333 of    484 k-points
Info(fermisurf):    334 of    484 k-points
Info(fermisurf):    335 of    484 k-points
Info(fermisurf):    336 of    484 k-points
Info(fermisurf):    337 of    484 k-points
Info(fermisurf):    338 of    484 k-points
Info(fermisurf):    339 of    484 k-points
Info(fermisurf):    340 of    484 k-points
Info(fermisurf):    341 of    484 k-points
Info(fermisurf):    342 of    484 k-points
Info(fermisurf):    343 of    484 k-points
Info(fermisurf):    344 of    484 k-points
Info(fermisurf):    345 of    484 k-points
Info(fermisurf):    346 of    484 k-points
Info(fermisurf):    347 of    484 k-points
Info(fermisurf):    348 of    484 k-points
Info(fermisurf):    349 of    484 k-points
Info(fermisurf):    350 of    484 k-points
Info(fermisurf):    351 of    484 k-points
Info(fermisurf):    352 of    484 k-points
Info(fermisurf):    353 of    484 k-points
Info(fermisurf):    354 of    484 k-points
Info(fermisurf):    355 of    484 k-points
Info(fermisurf):    356 of    484 k-points
Info(fermisurf):    357 of    484 k-points
Info(fermisurf):    358 of    484 k-points
Info(fermisurf):    359 of    484 k-points
Info(fermisurf):    360 of    484 k-points
Info(fermisurf):    361 of    484 k-points
Info(fermisurf):    362 of    484 k-points
Info(fermisurf):    363 of    484 k-points
Info(fermisurf):    364 of    484 k-points
Info(fermisurf):    365 of    484 k-points
Info(fermisurf):    366 of    484 k-points
Info(fermisurf):    367 of    484 k-points
Info(fermisurf):    368 of    484 k-points
Info(fermisurf):    369 of    484 k-points
Info(fermisurf):    370 of    484 k-points
Info(fermisurf):    371 of    484 k-points
Info(fermisurf):    372 of    484 k-points
Info(fermisurf):    373 of    484 k-points
Info(fermisurf):    374 of    484 k-points
Info(fermisurf):    375 of    484 k-points
Info(fermisurf):    376 of    484 k-points
Info(fermisurf):    377 of    484 k-points
Info(fermisurf):    378 of    484 k-points
Info(fermisurf):    379 of    484 k-points
Info(fermisurf):    380 of    484 k-points
Info(fermisurf):    381 of    484 k-points
Info(fermisurf):    382 of    484 k-points
Info(fermisurf):    383 of    484 k-points
Info(fermisurf):    384 of    484 k-points
Info(fermisurf):    385 of    484 k-points
Info(fermisurf):    386 of    484 k-points
Info(fermisurf):    387 of    484 k-points
Info(fermisurf):    388 of    484 k-points
Info(fermisurf):    389 of    484 k-points
Info(fermisurf):    390 of    484 k-points
Info(fermisurf):    391 of    484 k-points
Info(fermisurf):    392 of    484 k-points
Info(fermisurf):    393 of    484 k-points
Info(fermisurf):    394 of    484 k-points
Info(fermisurf):    395 of    484 k-points
Info(fermisurf):    396 of    484 k-points
Info(fermisurf):    397 of    484 k-points
Info(fermisurf):    398 of    484 k-points
Info(fermisurf):    399 of    484 k-points
Info(fermisurf):    400 of    484 k-points
Info(fermisurf):    401 of    484 k-points
Info(fermisurf):    402 of    484 k-points
Info(fermisurf):    403 of    484 k-points
Info(fermisurf):    404 of    484 k-points
Info(fermisurf):    405 of    484 k-points
Info(fermisurf):    406 of    484 k-points
Info(fermisurf):    407 of    484 k-points
Info(fermisurf):    408 of    484 k-points
Info(fermisurf):    409 of    484 k-points
Info(fermisurf):    410 of    484 k-points
Info(fermisurf):    411 of    484 k-points
Info(fermisurf):    412 of    484 k-points
Info(fermisurf):    413 of    484 k-points
Info(fermisurf):    414 of    484 k-points
Info(fermisurf):    415 of    484 k-points
Info(fermisurf):    416 of    484 k-points
Info(fermisurf):    417 of    484 k-points
Info(fermisurf):    418 of    484 k-points
Info(fermisurf):    419 of    484 k-points
Info(fermisurf):    420 of    484 k-points
Info(fermisurf):    421 of    484 k-points
Info(fermisurf):    422 of    484 k-points
Info(fermisurf):    423 of    484 k-points
Info(fermisurf):    424 of    484 k-points
Info(fermisurf):    425 of    484 k-points
Info(fermisurf):    426 of    484 k-points
Info(fermisurf):    427 of    484 k-points
Info(fermisurf):    428 of    484 k-points
Info(fermisurf):    429 of    484 k-points
Info(fermisurf):    430 of    484 k-points
Info(fermisurf):    431 of    484 k-points
Info(fermisurf):    432 of    484 k-points
Info(fermisurf):    433 of    484 k-points
Info(fermisurf):    434 of    484 k-points
Info(fermisurf):    435 of    484 k-points
Info(fermisurf):    436 of    484 k-points
Info(fermisurf):    437 of    484 k-points
Info(fermisurf):    438 of    484 k-points
Info(fermisurf):    439 of    484 k-points
Info(fermisurf):    440 of    484 k-points
Info(fermisurf):    441 of    484 k-points
Info(fermisurf):    442 of    484 k-points
Info(fermisurf):    443 of    484 k-points
Info(fermisurf):    444 of    484 k-points
Info(fermisurf):    445 of    484 k-points
Info(fermisurf):    446 of    484 k-points
Info(fermisurf):    447 of    484 k-points
Info(fermisurf):    448 of    484 k-points
Info(fermisurf):    449 of    484 k-points
Info(fermisurf):    450 of    484 k-points
Info(fermisurf):    451 of    484 k-points
Info(fermisurf):    452 of    484 k-points
Info(fermisurf):    453 of    484 k-points
Info(fermisurf):    454 of    484 k-points
Info(fermisurf):    455 of    484 k-points
Info(fermisurf):    456 of    484 k-points
Info(fermisurf):    457 of    484 k-points
Info(fermisurf):    458 of    484 k-points
Info(fermisurf):    459 of    484 k-points
Info(fermisurf):    460 of    484 k-points
Info(fermisurf):    461 of    484 k-points
Info(fermisurf):    462 of    484 k-points
Info(fermisurf):    463 of    484 k-points
Info(fermisurf):    464 of    484 k-points
Info(fermisurf):    465 of    484 k-points
Info(fermisurf):    466 of    484 k-points
Info(fermisurf):    467 of    484 k-points
Info(fermisurf):    468 of    484 k-points
Info(fermisurf):    469 of    484 k-points
Info(fermisurf):    470 of    484 k-points
Info(fermisurf):    471 of    484 k-points
Info(fermisurf):    472 of    484 k-points
Info(fermisurf):    473 of    484 k-points
Info(fermisurf):    474 of    484 k-points
Info(fermisurf):    475 of    484 k-points
Info(fermisurf):    476 of    484 k-points
Info(fermisurf):    477 of    484 k-points
Info(fermisurf):    478 of    484 k-points
Info(fermisurf):    479 of    484 k-points
Info(fermisurf):    480 of    484 k-points
Info(fermisurf):    481 of    484 k-points
Info(fermisurf):    482 of    484 k-points
Info(fermisurf):    483 of    484 k-points
Info(fermisurf):    484 of    484 k-points
 
Info(fermisurf):
 3D Fermi surface data written to FERMISURF.OUT
 in terms of separate eigenvalues minus the Fermi energy
 
