 open ../../species//Si.xml
 
Info(writegeom):
 EXCITING lattice vectors and atomic positions written to geometry.xml
:INFO :  Reduction   0.0000 Expected   1.0000 Next   0.2053 All      INF
:INFO :  Bounds         0.000D+00  0.200D+00  0.487D+00  0.000D+00
:DIRM :  MEMORY 1/8 RESCALE  1.000 RED  0.000 PRED  1.000 NEXT  0.205
 DMIX IN MSEC1: 0.100000001490116119
:INFO :  Reduction   0.0000 Expected   1.0000 Next   0.1058 All      INF
:INFO :  Bounds         0.000D+00  0.200D+00  0.945D+00  0.000D+00
:DIRM :  MEMORY 2/8 RESCALE  1.000 RED  0.000 PRED  1.000 NEXT  0.106
 DMIX IN MSEC1: 0.100000001490116119
:INFO :  Reduction   0.0000 Expected   1.0000 Next   0.1756 All      INF
:INFO :  Bounds         0.000D+00  0.200D+00  0.570D+00  0.000D+00
:DIRM :  MEMORY 3/8 RESCALE  1.000 RED  0.000 PRED  1.000 NEXT  0.176
 DMIX IN MSEC1: 0.100000001490116119
:INFO :  Reduction   0.0000 Expected   1.0000 Next   0.0323 All      INF
:INFO :  Bounds         0.000D+00  0.200D+00  0.310D+01  0.000D+00
:DIRM :  MEMORY 4/8 RESCALE  1.000 RED  0.000 PRED  1.000 NEXT  0.032
 DMIX IN MSEC1: 0.100000001490116119
:INFO :  Reduction   0.0000 Expected   1.0000 Next   0.0441 All      INF
:INFO :  Bounds         0.000D+00  0.200D+00  0.227D+01  0.000D+00
:DIRM :  MEMORY 5/8 RESCALE  1.000 RED  0.000 PRED  1.000 NEXT  0.044
 DMIX IN MSEC1: 0.100000001490116119
:INFO :  Reduction   0.0000 Expected   1.0000 Next   0.0339 All      INF
:INFO :  Bounds         0.000D+00  0.200D+00  0.295D+01  0.000D+00
:DIRM :  MEMORY 6/8 RESCALE  1.000 RED  0.000 PRED  1.000 NEXT  0.034
 DMIX IN MSEC1: 0.100000001490116119
